---------------------------------------------------------------
[ 2018-10-08T10:34:50+08:00 ] ::1 ::1 GET /feichangcelue/admin.php/admin/attachment/upload/dir/images/from/ueditor/module/admin.html?action=&start=0&noCache=1538966089225
[ info ] [ CACHE ] INIT File
[ sql ] [ DB ] CONNECT:[ UseTime:0.043980s ] mysql:dbname=peizi;host=rm-wz9l3z92630ora5wjwo.mysql.rds.aliyuncs.com;port=3306;charset=utf8
[ sql ] [ SQL ] SHOW COLUMNS FROM `xh_admin_config` [ RunTime:0.019949s ]
[ sql ] [ SQL ] SELECT `name`,`value`,`type` FROM `xh_admin_config` [ RunTime:0.024067s ]
[ sql ] [ SQL ] SHOW COLUMNS FROM `xh_admin_module` [ RunTime:0.026493s ]
[ sql ] [ SQL ] SELECT `name`,`config` FROM `xh_admin_module` WHERE  `config` <> '' [ RunTime:0.018219s ]
[ sql ] [ SQL ] SHOW COLUMNS FROM `xh_admin_hook` [ RunTime:0.017867s ]
[ sql ] [ SQL ] SELECT `name`,`status` FROM `xh_admin_hook` WHERE  `status` = 1 [ RunTime:0.021315s ]
[ sql ] [ SQL ] SHOW COLUMNS FROM `xh_admin_plugin` [ RunTime:0.022316s ]
[ sql ] [ SQL ] SELECT `name`,`status` FROM `xh_admin_plugin` WHERE  `status` = 1 [ RunTime:0.015526s ]
[ sql ] [ SQL ] SHOW COLUMNS FROM `xh_admin_hook_plugin` [ RunTime:0.021045s ]
[ sql ] [ SQL ] SELECT * FROM `xh_admin_hook_plugin` WHERE  `status` = 1 ORDER BY hook,sort [ RunTime:0.026702s ]
[ sql ] [ SQL ] SHOW COLUMNS FROM `xh_admin_menu` [ RunTime:0.022053s ]
[ sql ] [ SQL ] SELECT `id`,`pid`,`module`,`title`,`url_value`,`url_type`,`url_target`,`icon` FROM `xh_admin_menu` WHERE  `online_hide` = 0  AND `status` = 1  AND `pid` = 0 ORDER BY sort,id LIMIT 10 [ RunTime:0.022338s ]
[ sql ] [ SQL ] SELECT `id`,`pid`,`module`,`title`,`url_value`,`url_type`,`url_target`,`icon` FROM `xh_admin_menu` WHERE  `online_hide` = 0  AND `status` = 1  AND `pid` = 0 ORDER BY sort,id [ RunTime:0.022557s ]
[ sql ] [ SQL ] SELECT `id` FROM `xh_admin_menu` WHERE  `pid` <> 0  AND `url_value` = 'admin/attachment/upload' LIMIT 1 [ RunTime:0.017894s ]
[ sql ] [ SQL ] SELECT `id`,`pid`,`title`,`url_value` FROM `xh_admin_menu` [ RunTime:0.022147s ]
[ sql ] [ SQL ] SELECT `id`,`pid`,`module`,`title`,`url_value`,`url_type`,`url_target`,`icon` FROM `xh_admin_menu` WHERE  `status` = 1  AND `module` = 'admin'  AND `online_hide` = 0 ORDER BY sort,id [ RunTime:0.027612s ]
[ sql ] [ SQL ] SELECT `value` FROM `xh_admin_config` WHERE  `id` = 1 LIMIT 1 [ RunTime:0.017734s ]
[ error ] [2]file_get_contents(./feichangcelue/public/static/libs/ueditor/php/config.json): failed to open stream: No such file or directory
---------------------------------------------------------------
[ 2018-10-08T10:37:33+08:00 ] ::1 ::1 GET /feichangcelue/admin.php/admin/attachment/upload/dir/images/from/ueditor/module/admin.html?action=&start=0&noCache=1538966252999
[ info ] [ CACHE ] INIT File
[ sql ] [ DB ] CONNECT:[ UseTime:0.037563s ] mysql:dbname=peizi;host=rm-wz9l3z92630ora5wjwo.mysql.rds.aliyuncs.com;port=3306;charset=utf8
[ sql ] [ SQL ] SHOW COLUMNS FROM `xh_admin_config` [ RunTime:0.019235s ]
[ sql ] [ SQL ] SELECT `value` FROM `xh_admin_config` WHERE  `id` = 1 LIMIT 1 [ RunTime:0.016982s ]
[ error ] [2]file_get_contents(./feichangcelue/public/static/libs/ueditor/php/config.json): failed to open stream: No such file or directory
---------------------------------------------------------------
[ 2018-10-08T11:22:35+08:00 ] ::1 ::1 GET /feichangcelue/admin.php/admin/article/article_edit.html
[ info ] [ CACHE ] INIT File
[ sql ] [ DB ] CONNECT:[ UseTime:0.047660s ] mysql:dbname=peizi;host=rm-wz9l3z92630ora5wjwo.mysql.rds.aliyuncs.com;port=3306;charset=utf8
[ sql ] [ SQL ] SHOW COLUMNS FROM `xh_admin_menu` [ RunTime:0.017691s ]
[ sql ] [ SQL ] SELECT `id` FROM `xh_admin_menu` WHERE  `pid` <> 0  AND `url_value` = 'admin/article/article_edit' LIMIT 1 [ RunTime:0.014271s ]
[ sql ] [ SQL ] SELECT `id`,`pid`,`title`,`url_value` FROM `xh_admin_menu` [ RunTime:0.016854s ]
[ sql ] [ SQL ] SELECT `id`,`pid`,`module`,`title`,`url_value`,`url_type`,`url_target`,`icon` FROM `xh_admin_menu` WHERE  `status` = 1  AND `module` = 'admin'  AND `online_hide` = 0 ORDER BY sort,id [ RunTime:0.016566s ]
[ sql ] [ SQL ] SHOW COLUMNS FROM `xh_admin_config` [ RunTime:0.015363s ]
[ sql ] [ SQL ] SELECT `value` FROM `xh_admin_config` WHERE  `id` = 1 LIMIT 1 [ RunTime:0.014522s ]
[ sql ] [ SQL ] SHOW COLUMNS FROM `xh_admin_attachment` [ RunTime:0.014502s ]
[ sql ] [ SQL ] SELECT `path` FROM `xh_admin_attachment` WHERE  `id` = 14 LIMIT 1 [ RunTime:0.013646s ]
[ sql ] [ SQL ] SHOW COLUMNS FROM `xh_admin_user` [ RunTime:0.021280s ]
[ sql ] [ SQL ] SELECT `avatar` FROM `xh_admin_user` WHERE  `id` = 1 LIMIT 1 [ RunTime:0.012896s ]
[ sql ] [ SQL ] SELECT `path` FROM `xh_admin_attachment` WHERE  `id` = 0 LIMIT 1 [ RunTime:0.011461s ]
[ error ] [8]未定义变量: info
---------------------------------------------------------------
[ 2018-10-08T11:22:37+08:00 ] ::1 ::1 GET /feichangcelue/admin.php/admin/attachment/upload/dir/images/from/ueditor/module/admin.html?action=config&&noCache=1538968956563
[ info ] [ CACHE ] INIT File
[ sql ] [ DB ] CONNECT:[ UseTime:0.073633s ] mysql:dbname=peizi;host=rm-wz9l3z92630ora5wjwo.mysql.rds.aliyuncs.com;port=3306;charset=utf8
[ sql ] [ SQL ] SHOW COLUMNS FROM `xh_admin_config` [ RunTime:0.017012s ]
[ sql ] [ SQL ] SELECT `value` FROM `xh_admin_config` WHERE  `id` = 1 LIMIT 1 [ RunTime:0.015606s ]
[ error ] [2]file_get_contents(./feichangcelue/public/static/libs/ueditor/php/config.json): failed to open stream: No such file or directory
---------------------------------------------------------------
[ 2018-10-08T13:02:28+08:00 ] ::1 ::1 GET /feichangcelue/admin.php/admin/article/imageslist.html
[ info ] [ CACHE ] INIT File
[ sql ] [ DB ] CONNECT:[ UseTime:0.048672s ] mysql:dbname=peizi;host=rm-wz9l3z92630ora5wjwo.mysql.rds.aliyuncs.com;port=3306;charset=utf8
[ sql ] [ SQL ] SHOW COLUMNS FROM `xh_admin_menu` [ RunTime:0.017091s ]
[ sql ] [ SQL ] SELECT `id` FROM `xh_admin_menu` WHERE  `pid` <> 0  AND `url_value` = 'admin/article/imageslist' LIMIT 1 [ RunTime:0.014136s ]
[ sql ] [ SQL ] SELECT `id`,`pid`,`title`,`url_value` FROM `xh_admin_menu` [ RunTime:0.016623s ]
[ sql ] [ SQL ] SHOW COLUMNS FROM `xh_admin_config` [ RunTime:0.015850s ]
[ sql ] [ SQL ] SELECT `value` FROM `xh_admin_config` WHERE  `id` = 1 LIMIT 1 [ RunTime:0.013180s ]
[ sql ] [ SQL ] SHOW COLUMNS FROM `xh_images` [ RunTime:0.019020s ]
[ sql ] [ SQL ] SELECT COUNT(*) AS tp_count FROM `xh_images` LIMIT 1 [ RunTime:0.014707s ]
[ sql ] [ SQL ] SELECT * FROM `xh_images` ORDER BY id desc LIMIT 0,20 [ RunTime:0.015245s ]
[ sql ] [ SQL ] SHOW COLUMNS FROM `xh_admin_attachment` [ RunTime:0.016497s ]
[ sql ] [ SQL ] SELECT `path` FROM `xh_admin_attachment` WHERE  `id` = 14 LIMIT 1 [ RunTime:0.014047s ]
[ sql ] [ SQL ] SHOW COLUMNS FROM `xh_admin_user` [ RunTime:0.015790s ]
[ sql ] [ SQL ] SELECT `avatar` FROM `xh_admin_user` WHERE  `id` = 1 LIMIT 1 [ RunTime:0.014412s ]
[ sql ] [ SQL ] SELECT `path` FROM `xh_admin_attachment` WHERE  `id` = 0 LIMIT 1 [ RunTime:0.014686s ]
---------------------------------------------------------------
[ 2018-10-08T13:02:31+08:00 ] ::1 ::1 GET /feichangcelue/admin.php/admin/article/images_edit.html
[ info ] [ CACHE ] INIT File
[ sql ] [ DB ] CONNECT:[ UseTime:0.030836s ] mysql:dbname=peizi;host=rm-wz9l3z92630ora5wjwo.mysql.rds.aliyuncs.com;port=3306;charset=utf8
[ sql ] [ SQL ] SHOW COLUMNS FROM `xh_admin_menu` [ RunTime:0.012064s ]
[ sql ] [ SQL ] SELECT `id` FROM `xh_admin_menu` WHERE  `pid` <> 0  AND `url_value` = 'admin/article/images_edit' LIMIT 1 [ RunTime:0.008972s ]
[ sql ] [ SQL ] SELECT `id`,`pid`,`title`,`url_value` FROM `xh_admin_menu` [ RunTime:0.012341s ]
[ sql ] [ SQL ] SHOW COLUMNS FROM `xh_admin_config` [ RunTime:0.010911s ]
[ sql ] [ SQL ] SELECT `value` FROM `xh_admin_config` WHERE  `id` = 1 LIMIT 1 [ RunTime:0.008655s ]
[ sql ] [ SQL ] SHOW COLUMNS FROM `xh_admin_attachment` [ RunTime:0.012108s ]
[ sql ] [ SQL ] SELECT `path` FROM `xh_admin_attachment` WHERE  `id` = 14 LIMIT 1 [ RunTime:0.008656s ]
[ sql ] [ SQL ] SHOW COLUMNS FROM `xh_admin_user` [ RunTime:0.010728s ]
[ sql ] [ SQL ] SELECT `avatar` FROM `xh_admin_user` WHERE  `id` = 1 LIMIT 1 [ RunTime:0.008873s ]
[ sql ] [ SQL ] SELECT `path` FROM `xh_admin_attachment` WHERE  `id` = 0 LIMIT 1 [ RunTime:0.010067s ]
[ error ] [8]未定义变量: info
---------------------------------------------------------------
[ 2018-10-08T13:50:31+08:00 ] ::1 ::1 GET /feichangcelue/admin.php/admin/article/images_edit.html
[ info ] [ CACHE ] INIT File
[ sql ] [ DB ] CONNECT:[ UseTime:0.049089s ] mysql:dbname=peizi;host=rm-wz9l3z92630ora5wjwo.mysql.rds.aliyuncs.com;port=3306;charset=utf8
[ sql ] [ SQL ] SHOW COLUMNS FROM `xh_admin_config` [ RunTime:0.019988s ]
[ sql ] [ SQL ] SELECT `value` FROM `xh_admin_config` WHERE  `id` = 1 LIMIT 1 [ RunTime:0.016102s ]
[ sql ] [ SQL ] SHOW COLUMNS FROM `xh_admin_attachment` [ RunTime:0.019383s ]
[ sql ] [ SQL ] SELECT `path` FROM `xh_admin_attachment` WHERE  `id` = 14 LIMIT 1 [ RunTime:0.016175s ]
[ sql ] [ SQL ] SHOW COLUMNS FROM `xh_admin_user` [ RunTime:0.018463s ]
[ sql ] [ SQL ] SELECT `avatar` FROM `xh_admin_user` WHERE  `id` = 1 LIMIT 1 [ RunTime:0.017169s ]
[ sql ] [ SQL ] SELECT `path` FROM `xh_admin_attachment` WHERE  `id` = 0 LIMIT 1 [ RunTime:0.017296s ]
[ error ] [8]未定义变量: info
---------------------------------------------------------------
[ 2018-10-08T13:53:02+08:00 ] ::1 ::1 GET /feichangcelue/admin.php/admin/article/images_edit.html
[ info ] [ CACHE ] INIT File
[ sql ] [ DB ] CONNECT:[ UseTime:0.036529s ] mysql:dbname=peizi;host=rm-wz9l3z92630ora5wjwo.mysql.rds.aliyuncs.com;port=3306;charset=utf8
[ sql ] [ SQL ] SHOW COLUMNS FROM `xh_admin_config` [ RunTime:0.015867s ]
[ sql ] [ SQL ] SELECT `value` FROM `xh_admin_config` WHERE  `id` = 1 LIMIT 1 [ RunTime:0.014759s ]
[ sql ] [ SQL ] SHOW COLUMNS FROM `xh_admin_attachment` [ RunTime:0.016440s ]
[ sql ] [ SQL ] SELECT `path` FROM `xh_admin_attachment` WHERE  `id` = 14 LIMIT 1 [ RunTime:0.013498s ]
[ sql ] [ SQL ] SHOW COLUMNS FROM `xh_admin_user` [ RunTime:0.015282s ]
[ sql ] [ SQL ] SELECT `avatar` FROM `xh_admin_user` WHERE  `id` = 1 LIMIT 1 [ RunTime:0.013807s ]
[ sql ] [ SQL ] SELECT `path` FROM `xh_admin_attachment` WHERE  `id` = 0 LIMIT 1 [ RunTime:0.014348s ]
[ error ] [8]未定义变量: info
---------------------------------------------------------------
[ 2018-10-08T13:53:27+08:00 ] ::1 ::1 POST /feichangcelue/admin.php/admin/attachment/check.html
[ info ] [ CACHE ] INIT File
[ sql ] [ DB ] CONNECT:[ UseTime:0.031303s ] mysql:dbname=peizi;host=rm-wz9l3z92630ora5wjwo.mysql.rds.aliyuncs.com;port=3306;charset=utf8
[ sql ] [ SQL ] SHOW COLUMNS FROM `xh_admin_attachment` [ RunTime:0.012295s ]
[ sql ] [ SQL ] SELECT * FROM `xh_admin_attachment` WHERE  `md5` = '6ea583848a37a3514c2a19503d5c985f' LIMIT 1 [ RunTime:0.009401s ]
---------------------------------------------------------------
[ 2018-10-08T13:53:28+08:00 ] ::1 ::1 POST /feichangcelue/admin.php/admin/attachment/upload/dir/images/module/admin.html
[ info ] [ CACHE ] INIT File
[ sql ] [ DB ] CONNECT:[ UseTime:0.042531s ] mysql:dbname=peizi;host=rm-wz9l3z92630ora5wjwo.mysql.rds.aliyuncs.com;port=3306;charset=utf8
[ sql ] [ SQL ] SHOW COLUMNS FROM `xh_admin_config` [ RunTime:0.019446s ]
[ sql ] [ SQL ] SELECT `value` FROM `xh_admin_config` WHERE  `id` = 1 LIMIT 1 [ RunTime:0.016209s ]
[ sql ] [ SQL ] SHOW COLUMNS FROM `xh_admin_attachment` [ RunTime:0.019576s ]
[ sql ] [ SQL ] SELECT * FROM `xh_admin_attachment` WHERE  `md5` = '6ea583848a37a3514c2a19503d5c985f' LIMIT 1 [ RunTime:0.016854s ]
[ sql ] [ SQL ] INSERT INTO `xh_admin_attachment` (`uid` , `name` , `mime` , `path` , `ext` , `size` , `md5` , `sha1` , `thumb` , `module` , `create_time` , `update_time`) VALUES (1 , '我配资你炒股01.jpg' , 'image/jpeg' , 'uploads/images/20181008/af091a66b5aed698011654051ee9e6a8.jpg' , 'jpg' , 232201 , '6ea583848a37a3514c2a19503d5c985f' , 'a74b4748dd64828097e98226efaf1a90800a8dc5' , '' , 'admin' , 1538978008 , 1538978008) [ RunTime:0.033106s ]
---------------------------------------------------------------
[ 2018-10-08T13:53:31+08:00 ] ::1 ::1 POST /feichangcelue/admin.php/admin/article/images_edit.html
[ info ] [ CACHE ] INIT File
[ sql ] [ DB ] CONNECT:[ UseTime:0.035810s ] mysql:dbname=peizi;host=rm-wz9l3z92630ora5wjwo.mysql.rds.aliyuncs.com;port=3306;charset=utf8
[ sql ] [ SQL ] SHOW COLUMNS FROM `xh_admin_attachment` [ RunTime:0.017979s ]
[ sql ] [ SQL ] SELECT `path` FROM `xh_admin_attachment` WHERE  `id` = 28 LIMIT 1 [ RunTime:0.016520s ]
[ sql ] [ SQL ] SHOW COLUMNS FROM `xh_images` [ RunTime:0.017758s ]
[ sql ] [ SQL ] INSERT INTO `xh_images` (`type` , `href` , `src`) VALUES (2 , '' , '/feichangcelue/public/uploads/images/20181008/af091a66b5aed698011654051ee9e6a8.jpg') [ RunTime:0.022984s ]
[ sql ] [ SQL ] SHOW COLUMNS FROM `xh_admin_action` [ RunTime:0.018115s ]
[ sql ] [ SQL ] SELECT * FROM `xh_admin_action` WHERE  `module` = 'admin'  AND `name` = 'images_edit' LIMIT 1 [ RunTime:0.016277s ]
[ error ] [8]未定义数组索引: name
---------------------------------------------------------------
[ 2018-10-08T13:53:33+08:00 ] ::1 ::1 GET /feichangcelue/admin.php/admin/article/imageslist.html
[ info ] [ CACHE ] INIT File
[ sql ] [ DB ] CONNECT:[ UseTime:0.031203s ] mysql:dbname=peizi;host=rm-wz9l3z92630ora5wjwo.mysql.rds.aliyuncs.com;port=3306;charset=utf8
[ sql ] [ SQL ] SHOW COLUMNS FROM `xh_admin_config` [ RunTime:0.013898s ]
[ sql ] [ SQL ] SELECT `value` FROM `xh_admin_config` WHERE  `id` = 1 LIMIT 1 [ RunTime:0.010903s ]
[ sql ] [ SQL ] SHOW COLUMNS FROM `xh_images` [ RunTime:0.013386s ]
[ sql ] [ SQL ] SELECT COUNT(*) AS tp_count FROM `xh_images` LIMIT 1 [ RunTime:0.012656s ]
[ sql ] [ SQL ] SELECT * FROM `xh_images` ORDER BY id desc LIMIT 0,20 [ RunTime:0.013351s ]
[ sql ] [ SQL ] SHOW COLUMNS FROM `xh_admin_attachment` [ RunTime:0.013605s ]
[ sql ] [ SQL ] SELECT `path` FROM `xh_admin_attachment` WHERE  `id` = 14 LIMIT 1 [ RunTime:0.011432s ]
[ sql ] [ SQL ] SHOW COLUMNS FROM `xh_admin_user` [ RunTime:0.013919s ]
[ sql ] [ SQL ] SELECT `avatar` FROM `xh_admin_user` WHERE  `id` = 1 LIMIT 1 [ RunTime:0.011339s ]
[ sql ] [ SQL ] SELECT `path` FROM `xh_admin_attachment` WHERE  `id` = 0 LIMIT 1 [ RunTime:0.012904s ]
---------------------------------------------------------------
[ 2018-10-08T13:54:08+08:00 ] ::1 ::1 GET /feichangcelue/
[ info ] [ CACHE ] INIT File
[ sql ] [ DB ] CONNECT:[ UseTime:0.033933s ] mysql:dbname=peizi;host=rm-wz9l3z92630ora5wjwo.mysql.rds.aliyuncs.com;port=3306;charset=utf8
[ sql ] [ SQL ] select a.stockCode, c.`name` as stockName,  a.createTime, b.username,b.mobile
			from xh_stock_order as a, xh_member as b, xh_shares as c
			 WHERE isFreetrial=0 and a.memberId = b.id and a.stockCode=c.`code`
			order by a.id desc limit 7 [ RunTime:0.022451s ]
[ error ] [8]未定义数组索引: member
[ error ] [8]未定义数组索引: member
[ error ] [8]未定义数组索引: member
[ error ] [8]未定义数组索引: member
[ error ] [8]未定义变量: usableSum
[ error ] [8]未定义数组索引: member
[ error ] [8]未定义变量: count
[ error ] [8]未定义变量: earnSum
[ error ] [8]未定义变量: buyList
[ error ] [8]未定义变量: buyList
[ error ] [8]未定义变量: buyList
---------------------------------------------------------------
[ 2018-10-08T13:54:10+08:00 ] ::1 ::1 POST /feichangcelue/pc_broadcast.html
[ info ] [ CACHE ] INIT File
[ sql ] [ DB ] CONNECT:[ UseTime:0.036153s ] mysql:dbname=peizi;host=rm-wz9l3z92630ora5wjwo.mysql.rds.aliyuncs.com;port=3306;charset=utf8
[ sql ] [ SQL ] SHOW COLUMNS FROM `xh_images` [ RunTime:0.018560s ]
[ sql ] [ SQL ] SELECT `src` FROM `xh_images` WHERE  `type` = 1 ORDER BY `id`  desc LIMIT 0,3 [ RunTime:0.017116s ]
---------------------------------------------------------------
[ 2018-10-08T13:54:10+08:00 ] ::1 ::1 GET /feichangcelue/index_information.html
[ info ] [ CACHE ] INIT File
---------------------------------------------------------------
[ 2018-10-08T13:54:14+08:00 ] ::1 ::1 GET /feichangcelue/
[ info ] [ CACHE ] INIT File
[ sql ] [ DB ] CONNECT:[ UseTime:0.025643s ] mysql:dbname=peizi;host=rm-wz9l3z92630ora5wjwo.mysql.rds.aliyuncs.com;port=3306;charset=utf8
[ sql ] [ SQL ] select a.stockCode, c.`name` as stockName,  a.createTime, b.username,b.mobile
			from xh_stock_order as a, xh_member as b, xh_shares as c
			 WHERE isFreetrial=0 and a.memberId = b.id and a.stockCode=c.`code`
			order by a.id desc limit 7 [ RunTime:0.008969s ]
[ error ] [8]未定义数组索引: member
[ error ] [8]Trying to get property of non-object
[ error ] [8]未定义变量: balance
[ error ] [8]未定义变量: ablePrice
[ error ] [8]未定义变量: real_disk_sum
[ error ] [8]未定义变量: guaranteeFee
---------------------------------------------------------------
[ 2018-10-08T13:54:15+08:00 ] ::1 ::1 GET /feichangcelue/public/stock/js/maps/swiper.jquery.min.js.map
[ info ] [ CACHE ] INIT File
---------------------------------------------------------------
[ 2018-10-08T13:54:15+08:00 ] ::1 ::1 POST /feichangcelue/app_broadcast.html
[ info ] [ CACHE ] INIT File
[ sql ] [ DB ] CONNECT:[ UseTime:0.044667s ] mysql:dbname=peizi;host=rm-wz9l3z92630ora5wjwo.mysql.rds.aliyuncs.com;port=3306;charset=utf8
[ sql ] [ SQL ] SHOW COLUMNS FROM `xh_images` [ RunTime:0.018369s ]
[ sql ] [ SQL ] SELECT `src` FROM `xh_images` WHERE  `type` = 2 ORDER BY `id`  desc LIMIT 0,3 [ RunTime:0.016382s ]
---------------------------------------------------------------
[ 2018-10-08T13:54:15+08:00 ] ::1 ::1 POST /feichangcelue/stock_exponential_sh.html
[ info ] [ CACHE ] INIT File
---------------------------------------------------------------
[ 2018-10-08T13:54:16+08:00 ] ::1 ::1 POST /feichangcelue/stock_exponential_sz.html
[ info ] [ CACHE ] INIT File
---------------------------------------------------------------
[ 2018-10-08T13:54:29+08:00 ] ::1 ::1 GET /feichangcelue/admin.php/admin/article/images_edit.html
[ info ] [ CACHE ] INIT File
[ sql ] [ DB ] CONNECT:[ UseTime:0.038165s ] mysql:dbname=peizi;host=rm-wz9l3z92630ora5wjwo.mysql.rds.aliyuncs.com;port=3306;charset=utf8
[ sql ] [ SQL ] SHOW COLUMNS FROM `xh_admin_config` [ RunTime:0.019582s ]
[ sql ] [ SQL ] SELECT `value` FROM `xh_admin_config` WHERE  `id` = 1 LIMIT 1 [ RunTime:0.018045s ]
[ sql ] [ SQL ] SHOW COLUMNS FROM `xh_admin_attachment` [ RunTime:0.019934s ]
[ sql ] [ SQL ] SELECT `path` FROM `xh_admin_attachment` WHERE  `id` = 14 LIMIT 1 [ RunTime:0.018119s ]
[ sql ] [ SQL ] SHOW COLUMNS FROM `xh_admin_user` [ RunTime:0.020052s ]
[ sql ] [ SQL ] SELECT `avatar` FROM `xh_admin_user` WHERE  `id` = 1 LIMIT 1 [ RunTime:0.017658s ]
[ sql ] [ SQL ] SELECT `path` FROM `xh_admin_attachment` WHERE  `id` = 0 LIMIT 1 [ RunTime:0.018687s ]
[ error ] [8]未定义变量: info
---------------------------------------------------------------
[ 2018-10-08T13:54:35+08:00 ] ::1 ::1 POST /feichangcelue/admin.php/admin/attachment/check.html
[ info ] [ CACHE ] INIT File
[ sql ] [ DB ] CONNECT:[ UseTime:0.029655s ] mysql:dbname=peizi;host=rm-wz9l3z92630ora5wjwo.mysql.rds.aliyuncs.com;port=3306;charset=utf8
[ sql ] [ SQL ] SHOW COLUMNS FROM `xh_admin_attachment` [ RunTime:0.012409s ]
[ sql ] [ SQL ] SELECT * FROM `xh_admin_attachment` WHERE  `md5` = '87ff55b5cd6823fbb4e68746189238a2' LIMIT 1 [ RunTime:0.011229s ]
---------------------------------------------------------------
[ 2018-10-08T13:54:36+08:00 ] ::1 ::1 POST /feichangcelue/admin.php/admin/attachment/upload/dir/images/module/admin.html
[ info ] [ CACHE ] INIT File
[ sql ] [ DB ] CONNECT:[ UseTime:0.044493s ] mysql:dbname=peizi;host=rm-wz9l3z92630ora5wjwo.mysql.rds.aliyuncs.com;port=3306;charset=utf8
[ sql ] [ SQL ] SHOW COLUMNS FROM `xh_admin_config` [ RunTime:0.018631s ]
[ sql ] [ SQL ] SELECT `value` FROM `xh_admin_config` WHERE  `id` = 1 LIMIT 1 [ RunTime:0.017211s ]
[ sql ] [ SQL ] SHOW COLUMNS FROM `xh_admin_attachment` [ RunTime:0.018842s ]
[ sql ] [ SQL ] SELECT * FROM `xh_admin_attachment` WHERE  `md5` = '87ff55b5cd6823fbb4e68746189238a2' LIMIT 1 [ RunTime:0.017412s ]
[ sql ] [ SQL ] INSERT INTO `xh_admin_attachment` (`uid` , `name` , `mime` , `path` , `ext` , `size` , `md5` , `sha1` , `thumb` , `module` , `create_time` , `update_time`) VALUES (1 , '我出钱你炒股003.png' , 'image/png' , 'uploads/images/20181008/d0b723afcfaf4ab4340373b59ae3584a.png' , 'png' , 251925 , '87ff55b5cd6823fbb4e68746189238a2' , '44925c080480e83741a058c2615a2385eca82752' , '' , 'admin' , 1538978076 , 1538978076) [ RunTime:0.022450s ]
---------------------------------------------------------------
[ 2018-10-08T13:54:40+08:00 ] ::1 ::1 POST /feichangcelue/admin.php/admin/article/images_edit.html
[ info ] [ CACHE ] INIT File
[ sql ] [ DB ] CONNECT:[ UseTime:0.026255s ] mysql:dbname=peizi;host=rm-wz9l3z92630ora5wjwo.mysql.rds.aliyuncs.com;port=3306;charset=utf8
[ sql ] [ SQL ] SHOW COLUMNS FROM `xh_admin_attachment` [ RunTime:0.011033s ]
[ sql ] [ SQL ] SELECT `path` FROM `xh_admin_attachment` WHERE  `id` = 29 LIMIT 1 [ RunTime:0.009467s ]
[ sql ] [ SQL ] SHOW COLUMNS FROM `xh_images` [ RunTime:0.010929s ]
[ sql ] [ SQL ] INSERT INTO `xh_images` (`type` , `href` , `src`) VALUES (2 , '' , '/feichangcelue/public/uploads/images/20181008/d0b723afcfaf4ab4340373b59ae3584a.png') [ RunTime:0.037353s ]
[ sql ] [ SQL ] SHOW COLUMNS FROM `xh_admin_action` [ RunTime:0.011430s ]
[ sql ] [ SQL ] SELECT * FROM `xh_admin_action` WHERE  `module` = 'admin'  AND `name` = 'images_edit' LIMIT 1 [ RunTime:0.010148s ]
[ error ] [8]未定义数组索引: name
---------------------------------------------------------------
[ 2018-10-08T13:54:42+08:00 ] ::1 ::1 GET /feichangcelue/admin.php/admin/article/imageslist.html
[ info ] [ CACHE ] INIT File
[ sql ] [ DB ] CONNECT:[ UseTime:0.035191s ] mysql:dbname=peizi;host=rm-wz9l3z92630ora5wjwo.mysql.rds.aliyuncs.com;port=3306;charset=utf8
[ sql ] [ SQL ] SHOW COLUMNS FROM `xh_admin_config` [ RunTime:0.018424s ]
[ sql ] [ SQL ] SELECT `value` FROM `xh_admin_config` WHERE  `id` = 1 LIMIT 1 [ RunTime:0.015562s ]
[ sql ] [ SQL ] SHOW COLUMNS FROM `xh_images` [ RunTime:0.016744s ]
[ sql ] [ SQL ] SELECT COUNT(*) AS tp_count FROM `xh_images` LIMIT 1 [ RunTime:0.016850s ]
[ sql ] [ SQL ] SELECT * FROM `xh_images` ORDER BY id desc LIMIT 0,20 [ RunTime:0.017800s ]
[ sql ] [ SQL ] SHOW COLUMNS FROM `xh_admin_attachment` [ RunTime:0.018069s ]
[ sql ] [ SQL ] SELECT `path` FROM `xh_admin_attachment` WHERE  `id` = 14 LIMIT 1 [ RunTime:0.016108s ]
[ sql ] [ SQL ] SHOW COLUMNS FROM `xh_admin_user` [ RunTime:0.017999s ]
[ sql ] [ SQL ] SELECT `avatar` FROM `xh_admin_user` WHERE  `id` = 1 LIMIT 1 [ RunTime:0.015129s ]
[ sql ] [ SQL ] SELECT `path` FROM `xh_admin_attachment` WHERE  `id` = 0 LIMIT 1 [ RunTime:0.016820s ]
---------------------------------------------------------------
[ 2018-10-08T13:54:44+08:00 ] ::1 ::1 GET /feichangcelue/admin.php/admin/article/images_edit.html
[ info ] [ CACHE ] INIT File
[ sql ] [ DB ] CONNECT:[ UseTime:0.035573s ] mysql:dbname=peizi;host=rm-wz9l3z92630ora5wjwo.mysql.rds.aliyuncs.com;port=3306;charset=utf8
[ sql ] [ SQL ] SHOW COLUMNS FROM `xh_admin_config` [ RunTime:0.017338s ]
[ sql ] [ SQL ] SELECT `value` FROM `xh_admin_config` WHERE  `id` = 1 LIMIT 1 [ RunTime:0.015000s ]
[ sql ] [ SQL ] SHOW COLUMNS FROM `xh_admin_attachment` [ RunTime:0.018445s ]
[ sql ] [ SQL ] SELECT `path` FROM `xh_admin_attachment` WHERE  `id` = 14 LIMIT 1 [ RunTime:0.016228s ]
[ sql ] [ SQL ] SHOW COLUMNS FROM `xh_admin_user` [ RunTime:0.017803s ]
[ sql ] [ SQL ] SELECT `avatar` FROM `xh_admin_user` WHERE  `id` = 1 LIMIT 1 [ RunTime:0.016192s ]
[ sql ] [ SQL ] SELECT `path` FROM `xh_admin_attachment` WHERE  `id` = 0 LIMIT 1 [ RunTime:0.017395s ]
[ error ] [8]未定义变量: info
---------------------------------------------------------------
[ 2018-10-08T13:54:54+08:00 ] ::1 ::1 POST /feichangcelue/admin.php/admin/attachment/check.html
[ info ] [ CACHE ] INIT File
[ sql ] [ DB ] CONNECT:[ UseTime:0.028415s ] mysql:dbname=peizi;host=rm-wz9l3z92630ora5wjwo.mysql.rds.aliyuncs.com;port=3306;charset=utf8
[ sql ] [ SQL ] SHOW COLUMNS FROM `xh_admin_attachment` [ RunTime:0.012484s ]
[ sql ] [ SQL ] SELECT * FROM `xh_admin_attachment` WHERE  `md5` = '84c1550b607087a1954a1d5bce27965d' LIMIT 1 [ RunTime:0.010946s ]
---------------------------------------------------------------
[ 2018-10-08T13:54:55+08:00 ] ::1 ::1 POST /feichangcelue/admin.php/admin/attachment/upload/dir/images/module/admin.html
[ info ] [ CACHE ] INIT File
[ sql ] [ DB ] CONNECT:[ UseTime:0.030010s ] mysql:dbname=peizi;host=rm-wz9l3z92630ora5wjwo.mysql.rds.aliyuncs.com;port=3306;charset=utf8
[ sql ] [ SQL ] SHOW COLUMNS FROM `xh_admin_config` [ RunTime:0.012886s ]
[ sql ] [ SQL ] SELECT `value` FROM `xh_admin_config` WHERE  `id` = 1 LIMIT 1 [ RunTime:0.010660s ]
[ sql ] [ SQL ] SHOW COLUMNS FROM `xh_admin_attachment` [ RunTime:0.012323s ]
[ sql ] [ SQL ] SELECT * FROM `xh_admin_attachment` WHERE  `md5` = '84c1550b607087a1954a1d5bce27965d' LIMIT 1 [ RunTime:0.012104s ]
[ sql ] [ SQL ] INSERT INTO `xh_admin_attachment` (`uid` , `name` , `mime` , `path` , `ext` , `size` , `md5` , `sha1` , `thumb` , `module` , `create_time` , `update_time`) VALUES (1 , '股票投资001.jpg' , 'image/jpeg' , 'uploads/images/20181008/63bba2b06536f9c5cef8ae6953ba89a6.jpg' , 'jpg' , 221739 , '84c1550b607087a1954a1d5bce27965d' , '5976c966c40176c076c76bf1a89f9087e94ea44b' , '' , 'admin' , 1538978095 , 1538978095) [ RunTime:0.015824s ]
---------------------------------------------------------------
[ 2018-10-08T13:54:56+08:00 ] ::1 ::1 POST /feichangcelue/admin.php/admin/article/images_edit.html
[ info ] [ CACHE ] INIT File
[ sql ] [ DB ] CONNECT:[ UseTime:0.025956s ] mysql:dbname=peizi;host=rm-wz9l3z92630ora5wjwo.mysql.rds.aliyuncs.com;port=3306;charset=utf8
[ sql ] [ SQL ] SHOW COLUMNS FROM `xh_admin_attachment` [ RunTime:0.011862s ]
[ sql ] [ SQL ] SELECT `path` FROM `xh_admin_attachment` WHERE  `id` = 30 LIMIT 1 [ RunTime:0.009380s ]
[ sql ] [ SQL ] SHOW COLUMNS FROM `xh_images` [ RunTime:0.010726s ]
[ sql ] [ SQL ] INSERT INTO `xh_images` (`type` , `href` , `src`) VALUES (2 , '' , '/feichangcelue/public/uploads/images/20181008/63bba2b06536f9c5cef8ae6953ba89a6.jpg') [ RunTime:0.013933s ]
[ sql ] [ SQL ] SHOW COLUMNS FROM `xh_admin_action` [ RunTime:0.011879s ]
[ sql ] [ SQL ] SELECT * FROM `xh_admin_action` WHERE  `module` = 'admin'  AND `name` = 'images_edit' LIMIT 1 [ RunTime:0.010031s ]
[ error ] [8]未定义数组索引: name
---------------------------------------------------------------
[ 2018-10-08T13:54:58+08:00 ] ::1 ::1 GET /feichangcelue/admin.php/admin/article/imageslist.html
[ info ] [ CACHE ] INIT File
[ sql ] [ DB ] CONNECT:[ UseTime:0.041445s ] mysql:dbname=peizi;host=rm-wz9l3z92630ora5wjwo.mysql.rds.aliyuncs.com;port=3306;charset=utf8
[ sql ] [ SQL ] SHOW COLUMNS FROM `xh_admin_config` [ RunTime:0.017358s ]
[ sql ] [ SQL ] SELECT `value` FROM `xh_admin_config` WHERE  `id` = 1 LIMIT 1 [ RunTime:0.016145s ]
[ sql ] [ SQL ] SHOW COLUMNS FROM `xh_images` [ RunTime:0.023783s ]
[ sql ] [ SQL ] SELECT COUNT(*) AS tp_count FROM `xh_images` LIMIT 1 [ RunTime:0.017185s ]
[ sql ] [ SQL ] SELECT * FROM `xh_images` ORDER BY id desc LIMIT 0,20 [ RunTime:0.025110s ]
[ sql ] [ SQL ] SHOW COLUMNS FROM `xh_admin_attachment` [ RunTime:0.018550s ]
[ sql ] [ SQL ] SELECT `path` FROM `xh_admin_attachment` WHERE  `id` = 14 LIMIT 1 [ RunTime:0.020116s ]
[ sql ] [ SQL ] SHOW COLUMNS FROM `xh_admin_user` [ RunTime:0.020211s ]
[ sql ] [ SQL ] SELECT `avatar` FROM `xh_admin_user` WHERE  `id` = 1 LIMIT 1 [ RunTime:0.016667s ]
[ sql ] [ SQL ] SELECT `path` FROM `xh_admin_attachment` WHERE  `id` = 0 LIMIT 1 [ RunTime:0.017406s ]
---------------------------------------------------------------
[ 2018-10-08T13:55:01+08:00 ] ::1 ::1 GET /feichangcelue/
[ info ] [ CACHE ] INIT File
[ sql ] [ DB ] CONNECT:[ UseTime:0.025969s ] mysql:dbname=peizi;host=rm-wz9l3z92630ora5wjwo.mysql.rds.aliyuncs.com;port=3306;charset=utf8
[ sql ] [ SQL ] select a.stockCode, c.`name` as stockName,  a.createTime, b.username,b.mobile
			from xh_stock_order as a, xh_member as b, xh_shares as c
			 WHERE isFreetrial=0 and a.memberId = b.id and a.stockCode=c.`code`
			order by a.id desc limit 7 [ RunTime:0.011583s ]
[ error ] [8]未定义数组索引: member
[ error ] [8]Trying to get property of non-object
[ error ] [8]未定义变量: balance
[ error ] [8]未定义变量: ablePrice
[ error ] [8]未定义变量: real_disk_sum
[ error ] [8]未定义变量: guaranteeFee
---------------------------------------------------------------
[ 2018-10-08T13:55:02+08:00 ] ::1 ::1 GET /feichangcelue/public/stock/js/maps/swiper.jquery.min.js.map
[ info ] [ CACHE ] INIT File
---------------------------------------------------------------
[ 2018-10-08T13:55:02+08:00 ] ::1 ::1 POST /feichangcelue/app_broadcast.html
[ info ] [ CACHE ] INIT File
[ sql ] [ DB ] CONNECT:[ UseTime:0.032076s ] mysql:dbname=peizi;host=rm-wz9l3z92630ora5wjwo.mysql.rds.aliyuncs.com;port=3306;charset=utf8
[ sql ] [ SQL ] SHOW COLUMNS FROM `xh_images` [ RunTime:0.011135s ]
[ sql ] [ SQL ] SELECT `src` FROM `xh_images` WHERE  `type` = 2 ORDER BY `id`  desc LIMIT 0,3 [ RunTime:0.010704s ]
---------------------------------------------------------------
[ 2018-10-08T13:55:02+08:00 ] ::1 ::1 POST /feichangcelue/stock_exponential_sz.html
[ info ] [ CACHE ] INIT File
---------------------------------------------------------------
[ 2018-10-08T13:55:03+08:00 ] ::1 ::1 POST /feichangcelue/stock_exponential_sh.html
[ info ] [ CACHE ] INIT File
---------------------------------------------------------------
[ 2018-10-08T13:55:08+08:00 ] ::1 ::1 GET /feichangcelue/
[ info ] [ CACHE ] INIT File
[ sql ] [ DB ] CONNECT:[ UseTime:0.031683s ] mysql:dbname=peizi;host=rm-wz9l3z92630ora5wjwo.mysql.rds.aliyuncs.com;port=3306;charset=utf8
[ sql ] [ SQL ] select a.stockCode, c.`name` as stockName,  a.createTime, b.username,b.mobile
			from xh_stock_order as a, xh_member as b, xh_shares as c
			 WHERE isFreetrial=0 and a.memberId = b.id and a.stockCode=c.`code`
			order by a.id desc limit 7 [ RunTime:0.010967s ]
[ error ] [8]未定义数组索引: member
[ error ] [8]Trying to get property of non-object
[ error ] [8]未定义变量: balance
[ error ] [8]未定义变量: ablePrice
[ error ] [8]未定义变量: real_disk_sum
[ error ] [8]未定义变量: guaranteeFee
---------------------------------------------------------------
[ 2018-10-08T13:55:09+08:00 ] ::1 ::1 GET /feichangcelue/public/stock/js/maps/swiper.jquery.min.js.map
[ info ] [ CACHE ] INIT File
---------------------------------------------------------------
[ 2018-10-08T13:55:09+08:00 ] ::1 ::1 POST /feichangcelue/app_broadcast.html
[ info ] [ CACHE ] INIT File
[ sql ] [ DB ] CONNECT:[ UseTime:0.040038s ] mysql:dbname=peizi;host=rm-wz9l3z92630ora5wjwo.mysql.rds.aliyuncs.com;port=3306;charset=utf8
[ sql ] [ SQL ] SHOW COLUMNS FROM `xh_images` [ RunTime:0.011266s ]
[ sql ] [ SQL ] SELECT `src` FROM `xh_images` WHERE  `type` = 2 ORDER BY `id`  desc LIMIT 0,3 [ RunTime:0.012595s ]
---------------------------------------------------------------
[ 2018-10-08T13:55:09+08:00 ] ::1 ::1 POST /feichangcelue/stock_exponential_sz.html
[ info ] [ CACHE ] INIT File
---------------------------------------------------------------
[ 2018-10-08T13:55:10+08:00 ] ::1 ::1 POST /feichangcelue/stock_exponential_sh.html
[ info ] [ CACHE ] INIT File
---------------------------------------------------------------
[ 2018-10-08T13:55:17+08:00 ] ::1 ::1 GET /feichangcelue/
[ info ] [ CACHE ] INIT File
[ sql ] [ DB ] CONNECT:[ UseTime:0.027797s ] mysql:dbname=peizi;host=rm-wz9l3z92630ora5wjwo.mysql.rds.aliyuncs.com;port=3306;charset=utf8
[ sql ] [ SQL ] select a.stockCode, c.`name` as stockName,  a.createTime, b.username,b.mobile
			from xh_stock_order as a, xh_member as b, xh_shares as c
			 WHERE isFreetrial=0 and a.memberId = b.id and a.stockCode=c.`code`
			order by a.id desc limit 7 [ RunTime:0.012201s ]
[ error ] [8]未定义数组索引: member
[ error ] [8]Trying to get property of non-object
[ error ] [8]未定义变量: balance
[ error ] [8]未定义变量: ablePrice
[ error ] [8]未定义变量: real_disk_sum
[ error ] [8]未定义变量: guaranteeFee
---------------------------------------------------------------
[ 2018-10-08T13:55:19+08:00 ] ::1 ::1 GET /feichangcelue/public/stock/js/maps/swiper.jquery.min.js.map
[ info ] [ CACHE ] INIT File
---------------------------------------------------------------
[ 2018-10-08T13:55:19+08:00 ] ::1 ::1 POST /feichangcelue/app_broadcast.html
[ info ] [ CACHE ] INIT File
[ sql ] [ DB ] CONNECT:[ UseTime:0.031562s ] mysql:dbname=peizi;host=rm-wz9l3z92630ora5wjwo.mysql.rds.aliyuncs.com;port=3306;charset=utf8
[ sql ] [ SQL ] SHOW COLUMNS FROM `xh_images` [ RunTime:0.012050s ]
[ sql ] [ SQL ] SELECT `src` FROM `xh_images` WHERE  `type` = 2 ORDER BY `id`  desc LIMIT 0,3 [ RunTime:0.010355s ]
---------------------------------------------------------------
[ 2018-10-08T13:55:19+08:00 ] ::1 ::1 POST /feichangcelue/stock_exponential_sh.html
[ info ] [ CACHE ] INIT File
---------------------------------------------------------------
[ 2018-10-08T13:55:19+08:00 ] ::1 ::1 POST /feichangcelue/stock_exponential_sz.html
[ info ] [ CACHE ] INIT File
---------------------------------------------------------------
[ 2018-10-08T13:55:33+08:00 ] ::1 ::1 GET /feichangcelue/
[ info ] [ CACHE ] INIT File
[ sql ] [ DB ] CONNECT:[ UseTime:0.041597s ] mysql:dbname=peizi;host=rm-wz9l3z92630ora5wjwo.mysql.rds.aliyuncs.com;port=3306;charset=utf8
[ sql ] [ SQL ] select a.stockCode, c.`name` as stockName,  a.createTime, b.username,b.mobile
			from xh_stock_order as a, xh_member as b, xh_shares as c
			 WHERE isFreetrial=0 and a.memberId = b.id and a.stockCode=c.`code`
			order by a.id desc limit 7 [ RunTime:0.017752s ]
[ error ] [8]未定义数组索引: member
[ error ] [8]未定义数组索引: member
[ error ] [8]未定义数组索引: member
[ error ] [8]未定义数组索引: member
[ error ] [8]未定义变量: usableSum
[ error ] [8]未定义数组索引: member
[ error ] [8]未定义变量: count
[ error ] [8]未定义变量: earnSum
[ error ] [8]未定义变量: buyList
[ error ] [8]未定义变量: buyList
[ error ] [8]未定义变量: buyList
---------------------------------------------------------------
[ 2018-10-08T13:55:35+08:00 ] ::1 ::1 POST /feichangcelue/pc_broadcast.html
[ info ] [ CACHE ] INIT File
[ sql ] [ DB ] CONNECT:[ UseTime:0.027183s ] mysql:dbname=peizi;host=rm-wz9l3z92630ora5wjwo.mysql.rds.aliyuncs.com;port=3306;charset=utf8
[ sql ] [ SQL ] SHOW COLUMNS FROM `xh_images` [ RunTime:0.011788s ]
[ sql ] [ SQL ] SELECT `src` FROM `xh_images` WHERE  `type` = 1 ORDER BY `id`  desc LIMIT 0,3 [ RunTime:0.010389s ]
---------------------------------------------------------------
[ 2018-10-08T13:55:36+08:00 ] ::1 ::1 GET /feichangcelue/index_information.html
[ info ] [ CACHE ] INIT File
---------------------------------------------------------------
[ 2018-10-08T13:55:39+08:00 ] ::1 ::1 GET /feichangcelue/
[ info ] [ CACHE ] INIT File
[ sql ] [ DB ] CONNECT:[ UseTime:0.034023s ] mysql:dbname=peizi;host=rm-wz9l3z92630ora5wjwo.mysql.rds.aliyuncs.com;port=3306;charset=utf8
[ sql ] [ SQL ] select a.stockCode, c.`name` as stockName,  a.createTime, b.username,b.mobile
			from xh_stock_order as a, xh_member as b, xh_shares as c
			 WHERE isFreetrial=0 and a.memberId = b.id and a.stockCode=c.`code`
			order by a.id desc limit 7 [ RunTime:0.017120s ]
[ error ] [8]未定义数组索引: member
[ error ] [8]未定义数组索引: member
[ error ] [8]未定义数组索引: member
[ error ] [8]未定义数组索引: member
[ error ] [8]未定义变量: usableSum
[ error ] [8]未定义数组索引: member
[ error ] [8]未定义变量: count
[ error ] [8]未定义变量: earnSum
[ error ] [8]未定义变量: buyList
[ error ] [8]未定义变量: buyList
[ error ] [8]未定义变量: buyList
---------------------------------------------------------------
[ 2018-10-08T13:55:42+08:00 ] ::1 ::1 POST /feichangcelue/pc_broadcast.html
[ info ] [ CACHE ] INIT File
[ sql ] [ DB ] CONNECT:[ UseTime:0.033861s ] mysql:dbname=peizi;host=rm-wz9l3z92630ora5wjwo.mysql.rds.aliyuncs.com;port=3306;charset=utf8
[ sql ] [ SQL ] SHOW COLUMNS FROM `xh_images` [ RunTime:0.015672s ]
[ sql ] [ SQL ] SELECT `src` FROM `xh_images` WHERE  `type` = 1 ORDER BY `id`  desc LIMIT 0,3 [ RunTime:0.014376s ]
---------------------------------------------------------------
[ 2018-10-08T13:55:42+08:00 ] ::1 ::1 GET /feichangcelue/index_information.html
[ info ] [ CACHE ] INIT File
---------------------------------------------------------------
[ 2018-10-08T13:55:54+08:00 ] ::1 ::1 GET /feichangcelue/admin.php/admin/article/images_edit.html
[ info ] [ CACHE ] INIT File
[ sql ] [ DB ] CONNECT:[ UseTime:0.035115s ] mysql:dbname=peizi;host=rm-wz9l3z92630ora5wjwo.mysql.rds.aliyuncs.com;port=3306;charset=utf8
[ sql ] [ SQL ] SHOW COLUMNS FROM `xh_admin_config` [ RunTime:0.012338s ]
[ sql ] [ SQL ] SELECT `value` FROM `xh_admin_config` WHERE  `id` = 1 LIMIT 1 [ RunTime:0.010200s ]
[ sql ] [ SQL ] SHOW COLUMNS FROM `xh_admin_attachment` [ RunTime:0.012804s ]
[ sql ] [ SQL ] SELECT `path` FROM `xh_admin_attachment` WHERE  `id` = 14 LIMIT 1 [ RunTime:0.010117s ]
[ sql ] [ SQL ] SHOW COLUMNS FROM `xh_admin_user` [ RunTime:0.012469s ]
[ sql ] [ SQL ] SELECT `avatar` FROM `xh_admin_user` WHERE  `id` = 1 LIMIT 1 [ RunTime:0.010551s ]
[ sql ] [ SQL ] SELECT `path` FROM `xh_admin_attachment` WHERE  `id` = 0 LIMIT 1 [ RunTime:0.011550s ]
[ error ] [8]未定义变量: info
---------------------------------------------------------------
[ 2018-10-08T13:56:03+08:00 ] ::1 ::1 POST /feichangcelue/admin.php/admin/attachment/check.html
[ info ] [ CACHE ] INIT File
[ sql ] [ DB ] CONNECT:[ UseTime:0.030049s ] mysql:dbname=peizi;host=rm-wz9l3z92630ora5wjwo.mysql.rds.aliyuncs.com;port=3306;charset=utf8
[ sql ] [ SQL ] SHOW COLUMNS FROM `xh_admin_attachment` [ RunTime:0.011818s ]
[ sql ] [ SQL ] SELECT * FROM `xh_admin_attachment` WHERE  `md5` = '6ea583848a37a3514c2a19503d5c985f' LIMIT 1 [ RunTime:0.009953s ]
---------------------------------------------------------------
[ 2018-10-08T13:56:05+08:00 ] ::1 ::1 POST /feichangcelue/admin.php/admin/article/images_edit.html
[ info ] [ CACHE ] INIT File
[ sql ] [ DB ] CONNECT:[ UseTime:0.033397s ] mysql:dbname=peizi;host=rm-wz9l3z92630ora5wjwo.mysql.rds.aliyuncs.com;port=3306;charset=utf8
[ sql ] [ SQL ] SHOW COLUMNS FROM `xh_admin_attachment` [ RunTime:0.016016s ]
[ sql ] [ SQL ] SELECT `path` FROM `xh_admin_attachment` WHERE  `id` = 28 LIMIT 1 [ RunTime:0.015800s ]
[ sql ] [ SQL ] SHOW COLUMNS FROM `xh_images` [ RunTime:0.016092s ]
[ sql ] [ SQL ] INSERT INTO `xh_images` (`type` , `href` , `src`) VALUES (1 , '' , '/feichangcelue/public/uploads/images/20181008/af091a66b5aed698011654051ee9e6a8.jpg') [ RunTime:0.020591s ]
[ sql ] [ SQL ] SHOW COLUMNS FROM `xh_admin_action` [ RunTime:0.016045s ]
[ sql ] [ SQL ] SELECT * FROM `xh_admin_action` WHERE  `module` = 'admin'  AND `name` = 'images_edit' LIMIT 1 [ RunTime:0.012826s ]
[ error ] [8]未定义数组索引: name
---------------------------------------------------------------
[ 2018-10-08T13:56:07+08:00 ] ::1 ::1 GET /feichangcelue/admin.php/admin/article/imageslist.html
[ info ] [ CACHE ] INIT File
[ sql ] [ DB ] CONNECT:[ UseTime:0.038320s ] mysql:dbname=peizi;host=rm-wz9l3z92630ora5wjwo.mysql.rds.aliyuncs.com;port=3306;charset=utf8
[ sql ] [ SQL ] SHOW COLUMNS FROM `xh_admin_config` [ RunTime:0.017388s ]
[ sql ] [ SQL ] SELECT `value` FROM `xh_admin_config` WHERE  `id` = 1 LIMIT 1 [ RunTime:0.015093s ]
[ sql ] [ SQL ] SHOW COLUMNS FROM `xh_images` [ RunTime:0.016608s ]
[ sql ] [ SQL ] SELECT COUNT(*) AS tp_count FROM `xh_images` LIMIT 1 [ RunTime:0.015405s ]
[ sql ] [ SQL ] SELECT * FROM `xh_images` ORDER BY id desc LIMIT 0,20 [ RunTime:0.016946s ]
[ sql ] [ SQL ] SHOW COLUMNS FROM `xh_admin_attachment` [ RunTime:0.017651s ]
[ sql ] [ SQL ] SELECT `path` FROM `xh_admin_attachment` WHERE  `id` = 14 LIMIT 1 [ RunTime:0.014691s ]
[ sql ] [ SQL ] SHOW COLUMNS FROM `xh_admin_user` [ RunTime:0.016773s ]
[ sql ] [ SQL ] SELECT `avatar` FROM `xh_admin_user` WHERE  `id` = 1 LIMIT 1 [ RunTime:0.015392s ]
[ sql ] [ SQL ] SELECT `path` FROM `xh_admin_attachment` WHERE  `id` = 0 LIMIT 1 [ RunTime:0.015814s ]
---------------------------------------------------------------
[ 2018-10-08T13:56:09+08:00 ] ::1 ::1 GET /feichangcelue/admin.php/admin/article/images_edit.html
[ info ] [ CACHE ] INIT File
[ sql ] [ DB ] CONNECT:[ UseTime:0.037234s ] mysql:dbname=peizi;host=rm-wz9l3z92630ora5wjwo.mysql.rds.aliyuncs.com;port=3306;charset=utf8
[ sql ] [ SQL ] SHOW COLUMNS FROM `xh_admin_config` [ RunTime:0.019666s ]
[ sql ] [ SQL ] SELECT `value` FROM `xh_admin_config` WHERE  `id` = 1 LIMIT 1 [ RunTime:0.016874s ]
[ sql ] [ SQL ] SHOW COLUMNS FROM `xh_admin_attachment` [ RunTime:0.019182s ]
[ sql ] [ SQL ] SELECT `path` FROM `xh_admin_attachment` WHERE  `id` = 14 LIMIT 1 [ RunTime:0.016874s ]
[ sql ] [ SQL ] SHOW COLUMNS FROM `xh_admin_user` [ RunTime:0.018739s ]
[ sql ] [ SQL ] SELECT `avatar` FROM `xh_admin_user` WHERE  `id` = 1 LIMIT 1 [ RunTime:0.017054s ]
[ sql ] [ SQL ] SELECT `path` FROM `xh_admin_attachment` WHERE  `id` = 0 LIMIT 1 [ RunTime:0.018525s ]
[ error ] [8]未定义变量: info
---------------------------------------------------------------
[ 2018-10-08T13:56:17+08:00 ] ::1 ::1 POST /feichangcelue/admin.php/admin/attachment/check.html
[ info ] [ CACHE ] INIT File
[ sql ] [ DB ] CONNECT:[ UseTime:0.030714s ] mysql:dbname=peizi;host=rm-wz9l3z92630ora5wjwo.mysql.rds.aliyuncs.com;port=3306;charset=utf8
[ sql ] [ SQL ] SHOW COLUMNS FROM `xh_admin_attachment` [ RunTime:0.012883s ]
[ sql ] [ SQL ] SELECT * FROM `xh_admin_attachment` WHERE  `md5` = '87ff55b5cd6823fbb4e68746189238a2' LIMIT 1 [ RunTime:0.010756s ]
---------------------------------------------------------------
[ 2018-10-08T13:56:18+08:00 ] ::1 ::1 POST /feichangcelue/admin.php/admin/article/images_edit.html
[ info ] [ CACHE ] INIT File
[ sql ] [ DB ] CONNECT:[ UseTime:0.034535s ] mysql:dbname=peizi;host=rm-wz9l3z92630ora5wjwo.mysql.rds.aliyuncs.com;port=3306;charset=utf8
[ sql ] [ SQL ] SHOW COLUMNS FROM `xh_admin_attachment` [ RunTime:0.014178s ]
[ sql ] [ SQL ] SELECT `path` FROM `xh_admin_attachment` WHERE  `id` = 29 LIMIT 1 [ RunTime:0.013120s ]
[ sql ] [ SQL ] SHOW COLUMNS FROM `xh_images` [ RunTime:0.014024s ]
[ sql ] [ SQL ] INSERT INTO `xh_images` (`type` , `href` , `src`) VALUES (1 , '' , '/feichangcelue/public/uploads/images/20181008/d0b723afcfaf4ab4340373b59ae3584a.png') [ RunTime:0.018109s ]
[ sql ] [ SQL ] SHOW COLUMNS FROM `xh_admin_action` [ RunTime:0.012453s ]
[ sql ] [ SQL ] SELECT * FROM `xh_admin_action` WHERE  `module` = 'admin'  AND `name` = 'images_edit' LIMIT 1 [ RunTime:0.012993s ]
[ error ] [8]未定义数组索引: name
---------------------------------------------------------------
[ 2018-10-08T13:56:20+08:00 ] ::1 ::1 GET /feichangcelue/admin.php/admin/article/imageslist.html
[ info ] [ CACHE ] INIT File
[ sql ] [ DB ] CONNECT:[ UseTime:0.038262s ] mysql:dbname=peizi;host=rm-wz9l3z92630ora5wjwo.mysql.rds.aliyuncs.com;port=3306;charset=utf8
[ sql ] [ SQL ] SHOW COLUMNS FROM `xh_admin_config` [ RunTime:0.018577s ]
[ sql ] [ SQL ] SELECT `value` FROM `xh_admin_config` WHERE  `id` = 1 LIMIT 1 [ RunTime:0.016918s ]
[ sql ] [ SQL ] SHOW COLUMNS FROM `xh_images` [ RunTime:0.017450s ]
[ sql ] [ SQL ] SELECT COUNT(*) AS tp_count FROM `xh_images` LIMIT 1 [ RunTime:0.016780s ]
[ sql ] [ SQL ] SELECT * FROM `xh_images` ORDER BY id desc LIMIT 0,20 [ RunTime:0.018279s ]
[ sql ] [ SQL ] SHOW COLUMNS FROM `xh_admin_attachment` [ RunTime:0.018800s ]
[ sql ] [ SQL ] SELECT `path` FROM `xh_admin_attachment` WHERE  `id` = 14 LIMIT 1 [ RunTime:0.016297s ]
[ sql ] [ SQL ] SHOW COLUMNS FROM `xh_admin_user` [ RunTime:0.019665s ]
[ sql ] [ SQL ] SELECT `avatar` FROM `xh_admin_user` WHERE  `id` = 1 LIMIT 1 [ RunTime:0.017305s ]
[ sql ] [ SQL ] SELECT `path` FROM `xh_admin_attachment` WHERE  `id` = 0 LIMIT 1 [ RunTime:0.017411s ]
---------------------------------------------------------------
[ 2018-10-08T13:56:23+08:00 ] ::1 ::1 GET /feichangcelue/admin.php/admin/article/images_edit.html
[ info ] [ CACHE ] INIT File
[ sql ] [ DB ] CONNECT:[ UseTime:0.033330s ] mysql:dbname=peizi;host=rm-wz9l3z92630ora5wjwo.mysql.rds.aliyuncs.com;port=3306;charset=utf8
[ sql ] [ SQL ] SHOW COLUMNS FROM `xh_admin_config` [ RunTime:0.012422s ]
[ sql ] [ SQL ] SELECT `value` FROM `xh_admin_config` WHERE  `id` = 1 LIMIT 1 [ RunTime:0.010010s ]
[ sql ] [ SQL ] SHOW COLUMNS FROM `xh_admin_attachment` [ RunTime:0.012347s ]
[ sql ] [ SQL ] SELECT `path` FROM `xh_admin_attachment` WHERE  `id` = 14 LIMIT 1 [ RunTime:0.012134s ]
[ sql ] [ SQL ] SHOW COLUMNS FROM `xh_admin_user` [ RunTime:0.012902s ]
[ sql ] [ SQL ] SELECT `avatar` FROM `xh_admin_user` WHERE  `id` = 1 LIMIT 1 [ RunTime:0.009837s ]
[ sql ] [ SQL ] SELECT `path` FROM `xh_admin_attachment` WHERE  `id` = 0 LIMIT 1 [ RunTime:0.012296s ]
[ error ] [8]未定义变量: info
---------------------------------------------------------------
[ 2018-10-08T13:56:29+08:00 ] ::1 ::1 POST /feichangcelue/admin.php/admin/attachment/check.html
[ info ] [ CACHE ] INIT File
[ sql ] [ DB ] CONNECT:[ UseTime:0.034213s ] mysql:dbname=peizi;host=rm-wz9l3z92630ora5wjwo.mysql.rds.aliyuncs.com;port=3306;charset=utf8
[ sql ] [ SQL ] SHOW COLUMNS FROM `xh_admin_attachment` [ RunTime:0.018013s ]
[ sql ] [ SQL ] SELECT * FROM `xh_admin_attachment` WHERE  `md5` = '84c1550b607087a1954a1d5bce27965d' LIMIT 1 [ RunTime:0.015666s ]
---------------------------------------------------------------
[ 2018-10-08T13:56:34+08:00 ] ::1 ::1 POST /feichangcelue/admin.php/admin/article/images_edit.html
[ info ] [ CACHE ] INIT File
[ sql ] [ DB ] CONNECT:[ UseTime:0.026058s ] mysql:dbname=peizi;host=rm-wz9l3z92630ora5wjwo.mysql.rds.aliyuncs.com;port=3306;charset=utf8
[ sql ] [ SQL ] SHOW COLUMNS FROM `xh_admin_attachment` [ RunTime:0.010021s ]
[ sql ] [ SQL ] SELECT `path` FROM `xh_admin_attachment` WHERE  `id` = 30 LIMIT 1 [ RunTime:0.009958s ]
[ sql ] [ SQL ] SHOW COLUMNS FROM `xh_images` [ RunTime:0.011066s ]
[ sql ] [ SQL ] INSERT INTO `xh_images` (`type` , `href` , `src`) VALUES (1 , '' , '/feichangcelue/public/uploads/images/20181008/63bba2b06536f9c5cef8ae6953ba89a6.jpg') [ RunTime:0.015591s ]
[ sql ] [ SQL ] SHOW COLUMNS FROM `xh_admin_action` [ RunTime:0.011780s ]
[ sql ] [ SQL ] SELECT * FROM `xh_admin_action` WHERE  `module` = 'admin'  AND `name` = 'images_edit' LIMIT 1 [ RunTime:0.010833s ]
[ error ] [8]未定义数组索引: name
---------------------------------------------------------------
[ 2018-10-08T13:56:36+08:00 ] ::1 ::1 GET /feichangcelue/admin.php/admin/article/imageslist.html
[ info ] [ CACHE ] INIT File
[ sql ] [ DB ] CONNECT:[ UseTime:0.035542s ] mysql:dbname=peizi;host=rm-wz9l3z92630ora5wjwo.mysql.rds.aliyuncs.com;port=3306;charset=utf8
[ sql ] [ SQL ] SHOW COLUMNS FROM `xh_admin_config` [ RunTime:0.013051s ]
[ sql ] [ SQL ] SELECT `value` FROM `xh_admin_config` WHERE  `id` = 1 LIMIT 1 [ RunTime:0.010370s ]
[ sql ] [ SQL ] SHOW COLUMNS FROM `xh_images` [ RunTime:0.013456s ]
[ sql ] [ SQL ] SELECT COUNT(*) AS tp_count FROM `xh_images` LIMIT 1 [ RunTime:0.010622s ]
[ sql ] [ SQL ] SELECT * FROM `xh_images` ORDER BY id desc LIMIT 0,20 [ RunTime:0.012325s ]
[ sql ] [ SQL ] SHOW COLUMNS FROM `xh_admin_attachment` [ RunTime:0.012261s ]
[ sql ] [ SQL ] SELECT `path` FROM `xh_admin_attachment` WHERE  `id` = 14 LIMIT 1 [ RunTime:0.010909s ]
[ sql ] [ SQL ] SHOW COLUMNS FROM `xh_admin_user` [ RunTime:0.012469s ]
[ sql ] [ SQL ] SELECT `avatar` FROM `xh_admin_user` WHERE  `id` = 1 LIMIT 1 [ RunTime:0.011107s ]
[ sql ] [ SQL ] SELECT `path` FROM `xh_admin_attachment` WHERE  `id` = 0 LIMIT 1 [ RunTime:0.011310s ]
---------------------------------------------------------------
[ 2018-10-08T13:56:43+08:00 ] ::1 ::1 GET /feichangcelue/
[ info ] [ CACHE ] INIT File
[ sql ] [ DB ] CONNECT:[ UseTime:0.038428s ] mysql:dbname=peizi;host=rm-wz9l3z92630ora5wjwo.mysql.rds.aliyuncs.com;port=3306;charset=utf8
[ sql ] [ SQL ] select a.stockCode, c.`name` as stockName,  a.createTime, b.username,b.mobile
			from xh_stock_order as a, xh_member as b, xh_shares as c
			 WHERE isFreetrial=0 and a.memberId = b.id and a.stockCode=c.`code`
			order by a.id desc limit 7 [ RunTime:0.013749s ]
[ error ] [8]未定义数组索引: member
[ error ] [8]未定义数组索引: member
[ error ] [8]未定义数组索引: member
[ error ] [8]未定义数组索引: member
[ error ] [8]未定义变量: usableSum
[ error ] [8]未定义数组索引: member
[ error ] [8]未定义变量: count
[ error ] [8]未定义变量: earnSum
[ error ] [8]未定义变量: buyList
[ error ] [8]未定义变量: buyList
[ error ] [8]未定义变量: buyList
---------------------------------------------------------------
[ 2018-10-08T13:56:43+08:00 ] ::1 ::1 GET /feichangcelue/index_information.html
[ info ] [ CACHE ] INIT File
---------------------------------------------------------------
[ 2018-10-08T13:56:43+08:00 ] ::1 ::1 POST /feichangcelue/pc_broadcast.html
[ info ] [ CACHE ] INIT File
[ sql ] [ DB ] CONNECT:[ UseTime:0.030906s ] mysql:dbname=peizi;host=rm-wz9l3z92630ora5wjwo.mysql.rds.aliyuncs.com;port=3306;charset=utf8
[ sql ] [ SQL ] SHOW COLUMNS FROM `xh_images` [ RunTime:0.013914s ]
[ sql ] [ SQL ] SELECT `src` FROM `xh_images` WHERE  `type` = 1 ORDER BY `id`  desc LIMIT 0,3 [ RunTime:0.012389s ]
---------------------------------------------------------------
[ 2018-10-08T13:56:52+08:00 ] ::1 ::1 GET /feichangcelue/
[ info ] [ CACHE ] INIT File
[ sql ] [ DB ] CONNECT:[ UseTime:0.026948s ] mysql:dbname=peizi;host=rm-wz9l3z92630ora5wjwo.mysql.rds.aliyuncs.com;port=3306;charset=utf8
[ sql ] [ SQL ] select a.stockCode, c.`name` as stockName,  a.createTime, b.username,b.mobile
			from xh_stock_order as a, xh_member as b, xh_shares as c
			 WHERE isFreetrial=0 and a.memberId = b.id and a.stockCode=c.`code`
			order by a.id desc limit 7 [ RunTime:0.012269s ]
[ error ] [8]未定义数组索引: member
[ error ] [8]未定义数组索引: member
[ error ] [8]未定义数组索引: member
[ error ] [8]未定义数组索引: member
[ error ] [8]未定义变量: usableSum
[ error ] [8]未定义数组索引: member
[ error ] [8]未定义变量: count
[ error ] [8]未定义变量: earnSum
[ error ] [8]未定义变量: buyList
[ error ] [8]未定义变量: buyList
[ error ] [8]未定义变量: buyList
---------------------------------------------------------------
[ 2018-10-08T13:56:53+08:00 ] ::1 ::1 POST /feichangcelue/pc_broadcast.html
[ info ] [ CACHE ] INIT File
[ sql ] [ DB ] CONNECT:[ UseTime:0.039062s ] mysql:dbname=peizi;host=rm-wz9l3z92630ora5wjwo.mysql.rds.aliyuncs.com;port=3306;charset=utf8
[ sql ] [ SQL ] SHOW COLUMNS FROM `xh_images` [ RunTime:0.017900s ]
[ sql ] [ SQL ] SELECT `src` FROM `xh_images` WHERE  `type` = 1 ORDER BY `id`  desc LIMIT 0,3 [ RunTime:0.016550s ]
---------------------------------------------------------------
[ 2018-10-08T13:56:53+08:00 ] ::1 ::1 GET /feichangcelue/index_information.html
[ info ] [ CACHE ] INIT File
---------------------------------------------------------------
[ 2018-10-08T13:57:01+08:00 ] ::1 ::1 GET /feichangcelue/
[ info ] [ CACHE ] INIT File
[ sql ] [ DB ] CONNECT:[ UseTime:0.029429s ] mysql:dbname=peizi;host=rm-wz9l3z92630ora5wjwo.mysql.rds.aliyuncs.com;port=3306;charset=utf8
[ sql ] [ SQL ] select a.stockCode, c.`name` as stockName,  a.createTime, b.username,b.mobile
			from xh_stock_order as a, xh_member as b, xh_shares as c
			 WHERE isFreetrial=0 and a.memberId = b.id and a.stockCode=c.`code`
			order by a.id desc limit 7 [ RunTime:0.012270s ]
[ error ] [8]未定义数组索引: member
[ error ] [8]未定义数组索引: member
[ error ] [8]未定义数组索引: member
[ error ] [8]未定义数组索引: member
[ error ] [8]未定义变量: usableSum
[ error ] [8]未定义数组索引: member
[ error ] [8]未定义变量: count
[ error ] [8]未定义变量: earnSum
[ error ] [8]未定义变量: buyList
[ error ] [8]未定义变量: buyList
[ error ] [8]未定义变量: buyList
---------------------------------------------------------------
[ 2018-10-08T13:57:02+08:00 ] ::1 ::1 GET /feichangcelue/index_information.html
[ info ] [ CACHE ] INIT File
---------------------------------------------------------------
[ 2018-10-08T13:57:02+08:00 ] ::1 ::1 POST /feichangcelue/pc_broadcast.html
[ info ] [ CACHE ] INIT File
[ sql ] [ DB ] CONNECT:[ UseTime:0.031586s ] mysql:dbname=peizi;host=rm-wz9l3z92630ora5wjwo.mysql.rds.aliyuncs.com;port=3306;charset=utf8
[ sql ] [ SQL ] SHOW COLUMNS FROM `xh_images` [ RunTime:0.013539s ]
[ sql ] [ SQL ] SELECT `src` FROM `xh_images` WHERE  `type` = 1 ORDER BY `id`  desc LIMIT 0,3 [ RunTime:0.012201s ]
---------------------------------------------------------------
[ 2018-10-08T13:57:18+08:00 ] ::1 ::1 GET /feichangcelue/admin.php/admin/article/images_edit/id/31.html
[ info ] [ CACHE ] INIT File
[ sql ] [ DB ] CONNECT:[ UseTime:0.031628s ] mysql:dbname=peizi;host=rm-wz9l3z92630ora5wjwo.mysql.rds.aliyuncs.com;port=3306;charset=utf8
[ sql ] [ SQL ] SHOW COLUMNS FROM `xh_admin_config` [ RunTime:0.012807s ]
[ sql ] [ SQL ] SELECT `value` FROM `xh_admin_config` WHERE  `id` = 1 LIMIT 1 [ RunTime:0.010747s ]
[ sql ] [ SQL ] SHOW COLUMNS FROM `xh_images` [ RunTime:0.013088s ]
[ sql ] [ SQL ] SELECT * FROM `xh_images` WHERE  (  id=31 ) LIMIT 1 [ RunTime:0.011158s ]
[ sql ] [ SQL ] SHOW COLUMNS FROM `xh_admin_attachment` [ RunTime:0.012507s ]
[ sql ] [ SQL ] SELECT `path` FROM `xh_admin_attachment` WHERE  `id` = 14 LIMIT 1 [ RunTime:0.012370s ]
[ sql ] [ SQL ] SHOW COLUMNS FROM `xh_admin_user` [ RunTime:0.013062s ]
[ sql ] [ SQL ] SELECT `avatar` FROM `xh_admin_user` WHERE  `id` = 1 LIMIT 1 [ RunTime:0.010579s ]
[ sql ] [ SQL ] SELECT `path` FROM `xh_admin_attachment` WHERE  `id` = 0 LIMIT 1 [ RunTime:0.011768s ]
---------------------------------------------------------------
[ 2018-10-08T13:57:32+08:00 ] ::1 ::1 GET /feichangcelue/guild.html
[ info ] [ CACHE ] INIT File
[ error ] [8]未定义数组索引: member
[ error ] [8]未定义数组索引: member
[ error ] [8]未定义数组索引: member
[ error ] [8]未定义变量: usableSum
---------------------------------------------------------------
[ 2018-10-08T13:57:44+08:00 ] ::1 ::1 POST /feichangcelue/admin.php/admin/article/images_edit/id/31.html
[ info ] [ CACHE ] INIT File
[ sql ] [ DB ] CONNECT:[ UseTime:0.039151s ] mysql:dbname=peizi;host=rm-wz9l3z92630ora5wjwo.mysql.rds.aliyuncs.com;port=3306;charset=utf8
[ sql ] [ SQL ] SHOW COLUMNS FROM `xh_admin_attachment` [ RunTime:0.019351s ]
[ sql ] [ SQL ] SELECT `path` FROM `xh_admin_attachment` WHERE  `id` = 0 LIMIT 1 [ RunTime:0.017871s ]
[ sql ] [ SQL ] SHOW COLUMNS FROM `xh_images` [ RunTime:0.018806s ]
[ sql ] [ SQL ] UPDATE `xh_images`  SET `type`=1,`href`='http://localhost/feichangcelue/guild.html',`src`='/feichangcelue/public/static/admin/img/none.png'  WHERE  (  id=31 ) [ RunTime:0.021237s ]
[ sql ] [ SQL ] SHOW COLUMNS FROM `xh_admin_action` [ RunTime:0.022145s ]
[ sql ] [ SQL ] SELECT * FROM `xh_admin_action` WHERE  `module` = 'admin'  AND `name` = 'images_edit' LIMIT 1 [ RunTime:0.018297s ]
[ error ] [8]未定义数组索引: name
---------------------------------------------------------------
[ 2018-10-08T13:57:46+08:00 ] ::1 ::1 GET /feichangcelue/admin.php/admin/article/imageslist.html
[ info ] [ CACHE ] INIT File
[ sql ] [ DB ] CONNECT:[ UseTime:0.032877s ] mysql:dbname=peizi;host=rm-wz9l3z92630ora5wjwo.mysql.rds.aliyuncs.com;port=3306;charset=utf8
[ sql ] [ SQL ] SHOW COLUMNS FROM `xh_admin_config` [ RunTime:0.012871s ]
[ sql ] [ SQL ] SELECT `value` FROM `xh_admin_config` WHERE  `id` = 1 LIMIT 1 [ RunTime:0.010708s ]
[ sql ] [ SQL ] SHOW COLUMNS FROM `xh_images` [ RunTime:0.011874s ]
[ sql ] [ SQL ] SELECT COUNT(*) AS tp_count FROM `xh_images` LIMIT 1 [ RunTime:0.010440s ]
[ sql ] [ SQL ] SELECT * FROM `xh_images` ORDER BY id desc LIMIT 0,20 [ RunTime:0.011772s ]
[ sql ] [ SQL ] SHOW COLUMNS FROM `xh_admin_attachment` [ RunTime:0.011949s ]
[ sql ] [ SQL ] SELECT `path` FROM `xh_admin_attachment` WHERE  `id` = 14 LIMIT 1 [ RunTime:0.009613s ]
[ sql ] [ SQL ] SHOW COLUMNS FROM `xh_admin_user` [ RunTime:0.013048s ]
[ sql ] [ SQL ] SELECT `avatar` FROM `xh_admin_user` WHERE  `id` = 1 LIMIT 1 [ RunTime:0.010359s ]
[ sql ] [ SQL ] SELECT `path` FROM `xh_admin_attachment` WHERE  `id` = 0 LIMIT 1 [ RunTime:0.010833s ]
---------------------------------------------------------------
[ 2018-10-08T13:57:50+08:00 ] ::1 ::1 GET /feichangcelue/admin.php/admin/article/images_edit/id/31.html
[ info ] [ CACHE ] INIT File
[ sql ] [ DB ] CONNECT:[ UseTime:0.031525s ] mysql:dbname=peizi;host=rm-wz9l3z92630ora5wjwo.mysql.rds.aliyuncs.com;port=3306;charset=utf8
[ sql ] [ SQL ] SHOW COLUMNS FROM `xh_admin_config` [ RunTime:0.015839s ]
[ sql ] [ SQL ] SELECT `value` FROM `xh_admin_config` WHERE  `id` = 1 LIMIT 1 [ RunTime:0.012804s ]
[ sql ] [ SQL ] SHOW COLUMNS FROM `xh_images` [ RunTime:0.014793s ]
[ sql ] [ SQL ] SELECT * FROM `xh_images` WHERE  (  id=31 ) LIMIT 1 [ RunTime:0.014232s ]
[ sql ] [ SQL ] SHOW COLUMNS FROM `xh_admin_attachment` [ RunTime:0.015059s ]
[ sql ] [ SQL ] SELECT `path` FROM `xh_admin_attachment` WHERE  `id` = 14 LIMIT 1 [ RunTime:0.013276s ]
[ sql ] [ SQL ] SHOW COLUMNS FROM `xh_admin_user` [ RunTime:0.015607s ]
[ sql ] [ SQL ] SELECT `avatar` FROM `xh_admin_user` WHERE  `id` = 1 LIMIT 1 [ RunTime:0.013354s ]
[ sql ] [ SQL ] SELECT `path` FROM `xh_admin_attachment` WHERE  `id` = 0 LIMIT 1 [ RunTime:0.014231s ]
---------------------------------------------------------------
[ 2018-10-08T13:57:56+08:00 ] ::1 ::1 POST /feichangcelue/admin.php/admin/attachment/check.html
[ info ] [ CACHE ] INIT File
[ sql ] [ DB ] CONNECT:[ UseTime:0.039014s ] mysql:dbname=peizi;host=rm-wz9l3z92630ora5wjwo.mysql.rds.aliyuncs.com;port=3306;charset=utf8
[ sql ] [ SQL ] SHOW COLUMNS FROM `xh_admin_attachment` [ RunTime:0.019604s ]
[ sql ] [ SQL ] SELECT * FROM `xh_admin_attachment` WHERE  `md5` = '84c1550b607087a1954a1d5bce27965d' LIMIT 1 [ RunTime:0.017504s ]
---------------------------------------------------------------
[ 2018-10-08T13:57:58+08:00 ] ::1 ::1 POST /feichangcelue/admin.php/admin/article/images_edit/id/31.html
[ info ] [ CACHE ] INIT File
[ sql ] [ DB ] CONNECT:[ UseTime:0.037235s ] mysql:dbname=peizi;host=rm-wz9l3z92630ora5wjwo.mysql.rds.aliyuncs.com;port=3306;charset=utf8
[ sql ] [ SQL ] SHOW COLUMNS FROM `xh_admin_attachment` [ RunTime:0.018356s ]
[ sql ] [ SQL ] SELECT `path` FROM `xh_admin_attachment` WHERE  `id` = 30 LIMIT 1 [ RunTime:0.015362s ]
[ sql ] [ SQL ] SHOW COLUMNS FROM `xh_images` [ RunTime:0.017261s ]
[ sql ] [ SQL ] UPDATE `xh_images`  SET `type`=1,`href`='http://localhost/feichangcelue/guild.html',`src`='/feichangcelue/public/uploads/images/20181008/63bba2b06536f9c5cef8ae6953ba89a6.jpg'  WHERE  (  id=31 ) [ RunTime:0.019645s ]
[ sql ] [ SQL ] SHOW COLUMNS FROM `xh_admin_action` [ RunTime:0.017342s ]
[ sql ] [ SQL ] SELECT * FROM `xh_admin_action` WHERE  `module` = 'admin'  AND `name` = 'images_edit' LIMIT 1 [ RunTime:0.016675s ]
[ error ] [8]未定义数组索引: name
---------------------------------------------------------------
[ 2018-10-08T13:58:00+08:00 ] ::1 ::1 GET /feichangcelue/admin.php/admin/article/imageslist.html
[ info ] [ CACHE ] INIT File
[ sql ] [ DB ] CONNECT:[ UseTime:0.037734s ] mysql:dbname=peizi;host=rm-wz9l3z92630ora5wjwo.mysql.rds.aliyuncs.com;port=3306;charset=utf8
[ sql ] [ SQL ] SHOW COLUMNS FROM `xh_admin_config` [ RunTime:0.019625s ]
[ sql ] [ SQL ] SELECT `value` FROM `xh_admin_config` WHERE  `id` = 1 LIMIT 1 [ RunTime:0.017320s ]
[ sql ] [ SQL ] SHOW COLUMNS FROM `xh_images` [ RunTime:0.018170s ]
[ sql ] [ SQL ] SELECT COUNT(*) AS tp_count FROM `xh_images` LIMIT 1 [ RunTime:0.017179s ]
[ sql ] [ SQL ] SELECT * FROM `xh_images` ORDER BY id desc LIMIT 0,20 [ RunTime:0.019955s ]
[ sql ] [ SQL ] SHOW COLUMNS FROM `xh_admin_attachment` [ RunTime:0.018530s ]
[ sql ] [ SQL ] SELECT `path` FROM `xh_admin_attachment` WHERE  `id` = 14 LIMIT 1 [ RunTime:0.017828s ]
[ sql ] [ SQL ] SHOW COLUMNS FROM `xh_admin_user` [ RunTime:0.018743s ]
[ sql ] [ SQL ] SELECT `avatar` FROM `xh_admin_user` WHERE  `id` = 1 LIMIT 1 [ RunTime:0.017832s ]
[ sql ] [ SQL ] SELECT `path` FROM `xh_admin_attachment` WHERE  `id` = 0 LIMIT 1 [ RunTime:0.017973s ]
---------------------------------------------------------------
[ 2018-10-08T13:58:03+08:00 ] ::1 ::1 GET /feichangcelue/admin.php/admin/article/images_edit/id/30.html
[ info ] [ CACHE ] INIT File
[ sql ] [ DB ] CONNECT:[ UseTime:0.036399s ] mysql:dbname=peizi;host=rm-wz9l3z92630ora5wjwo.mysql.rds.aliyuncs.com;port=3306;charset=utf8
[ sql ] [ SQL ] SHOW COLUMNS FROM `xh_admin_config` [ RunTime:0.019665s ]
[ sql ] [ SQL ] SELECT `value` FROM `xh_admin_config` WHERE  `id` = 1 LIMIT 1 [ RunTime:0.016644s ]
[ sql ] [ SQL ] SHOW COLUMNS FROM `xh_images` [ RunTime:0.018381s ]
[ sql ] [ SQL ] SELECT * FROM `xh_images` WHERE  (  id=30 ) LIMIT 1 [ RunTime:0.016630s ]
[ sql ] [ SQL ] SHOW COLUMNS FROM `xh_admin_attachment` [ RunTime:0.018517s ]
[ sql ] [ SQL ] SELECT `path` FROM `xh_admin_attachment` WHERE  `id` = 14 LIMIT 1 [ RunTime:0.017262s ]
[ sql ] [ SQL ] SHOW COLUMNS FROM `xh_admin_user` [ RunTime:0.018853s ]
[ sql ] [ SQL ] SELECT `avatar` FROM `xh_admin_user` WHERE  `id` = 1 LIMIT 1 [ RunTime:0.017230s ]
[ sql ] [ SQL ] SELECT `path` FROM `xh_admin_attachment` WHERE  `id` = 0 LIMIT 1 [ RunTime:0.018177s ]
---------------------------------------------------------------
[ 2018-10-08T13:58:06+08:00 ] ::1 ::1 GET /feichangcelue/safeensure.html
[ info ] [ CACHE ] INIT File
[ error ] [8]未定义数组索引: member
[ error ] [8]未定义数组索引: member
[ error ] [8]未定义数组索引: member
[ error ] [8]未定义变量: usableSum
---------------------------------------------------------------
[ 2018-10-08T13:58:23+08:00 ] ::1 ::1 POST /feichangcelue/admin.php/admin/attachment/check.html
[ info ] [ CACHE ] INIT File
[ sql ] [ DB ] CONNECT:[ UseTime:0.039321s ] mysql:dbname=peizi;host=rm-wz9l3z92630ora5wjwo.mysql.rds.aliyuncs.com;port=3306;charset=utf8
[ sql ] [ SQL ] SHOW COLUMNS FROM `xh_admin_attachment` [ RunTime:0.018457s ]
[ sql ] [ SQL ] SELECT * FROM `xh_admin_attachment` WHERE  `md5` = '6ea583848a37a3514c2a19503d5c985f' LIMIT 1 [ RunTime:0.015852s ]
---------------------------------------------------------------
[ 2018-10-08T13:58:24+08:00 ] ::1 ::1 POST /feichangcelue/admin.php/admin/article/images_edit/id/30.html
[ info ] [ CACHE ] INIT File
[ sql ] [ DB ] CONNECT:[ UseTime:0.033887s ] mysql:dbname=peizi;host=rm-wz9l3z92630ora5wjwo.mysql.rds.aliyuncs.com;port=3306;charset=utf8
[ sql ] [ SQL ] SHOW COLUMNS FROM `xh_admin_attachment` [ RunTime:0.014365s ]
[ sql ] [ SQL ] SELECT `path` FROM `xh_admin_attachment` WHERE  `id` = 28 LIMIT 1 [ RunTime:0.012078s ]
[ sql ] [ SQL ] SHOW COLUMNS FROM `xh_images` [ RunTime:0.013899s ]
[ sql ] [ SQL ] UPDATE `xh_images`  SET `type`=1,`href`='http://localhost/feichangcelue/safeensure.html',`src`='/feichangcelue/public/uploads/images/20181008/af091a66b5aed698011654051ee9e6a8.jpg'  WHERE  (  id=30 ) [ RunTime:0.016527s ]
[ sql ] [ SQL ] SHOW COLUMNS FROM `xh_admin_action` [ RunTime:0.014678s ]
[ sql ] [ SQL ] SELECT * FROM `xh_admin_action` WHERE  `module` = 'admin'  AND `name` = 'images_edit' LIMIT 1 [ RunTime:0.012481s ]
[ error ] [8]未定义数组索引: name
---------------------------------------------------------------
[ 2018-10-08T13:58:27+08:00 ] ::1 ::1 GET /feichangcelue/admin.php/admin/article/imageslist.html
[ info ] [ CACHE ] INIT File
[ sql ] [ DB ] CONNECT:[ UseTime:0.036264s ] mysql:dbname=peizi;host=rm-wz9l3z92630ora5wjwo.mysql.rds.aliyuncs.com;port=3306;charset=utf8
[ sql ] [ SQL ] SHOW COLUMNS FROM `xh_admin_config` [ RunTime:0.017967s ]
[ sql ] [ SQL ] SELECT `value` FROM `xh_admin_config` WHERE  `id` = 1 LIMIT 1 [ RunTime:0.016271s ]
[ sql ] [ SQL ] SHOW COLUMNS FROM `xh_images` [ RunTime:0.018247s ]
[ sql ] [ SQL ] SELECT COUNT(*) AS tp_count FROM `xh_images` LIMIT 1 [ RunTime:0.017738s ]
[ sql ] [ SQL ] SELECT * FROM `xh_images` ORDER BY id desc LIMIT 0,20 [ RunTime:0.017588s ]
[ sql ] [ SQL ] SHOW COLUMNS FROM `xh_admin_attachment` [ RunTime:0.017880s ]
[ sql ] [ SQL ] SELECT `path` FROM `xh_admin_attachment` WHERE  `id` = 14 LIMIT 1 [ RunTime:0.016769s ]
[ sql ] [ SQL ] SHOW COLUMNS FROM `xh_admin_user` [ RunTime:0.018202s ]
[ sql ] [ SQL ] SELECT `avatar` FROM `xh_admin_user` WHERE  `id` = 1 LIMIT 1 [ RunTime:0.014915s ]
[ sql ] [ SQL ] SELECT `path` FROM `xh_admin_attachment` WHERE  `id` = 0 LIMIT 1 [ RunTime:0.016019s ]
---------------------------------------------------------------
[ 2018-10-08T13:58:29+08:00 ] ::1 ::1 GET /feichangcelue/admin.php/admin/article/images_edit/id/29.html
[ info ] [ CACHE ] INIT File
[ sql ] [ DB ] CONNECT:[ UseTime:0.036309s ] mysql:dbname=peizi;host=rm-wz9l3z92630ora5wjwo.mysql.rds.aliyuncs.com;port=3306;charset=utf8
[ sql ] [ SQL ] SHOW COLUMNS FROM `xh_admin_config` [ RunTime:0.018049s ]
[ sql ] [ SQL ] SELECT `value` FROM `xh_admin_config` WHERE  `id` = 1 LIMIT 1 [ RunTime:0.014959s ]
[ sql ] [ SQL ] SHOW COLUMNS FROM `xh_images` [ RunTime:0.016606s ]
[ sql ] [ SQL ] SELECT * FROM `xh_images` WHERE  (  id=29 ) LIMIT 1 [ RunTime:0.014312s ]
[ sql ] [ SQL ] SHOW COLUMNS FROM `xh_admin_attachment` [ RunTime:0.017893s ]
[ sql ] [ SQL ] SELECT `path` FROM `xh_admin_attachment` WHERE  `id` = 14 LIMIT 1 [ RunTime:0.015402s ]
[ sql ] [ SQL ] SHOW COLUMNS FROM `xh_admin_user` [ RunTime:0.017024s ]
[ sql ] [ SQL ] SELECT `avatar` FROM `xh_admin_user` WHERE  `id` = 1 LIMIT 1 [ RunTime:0.015503s ]
[ sql ] [ SQL ] SELECT `path` FROM `xh_admin_attachment` WHERE  `id` = 0 LIMIT 1 [ RunTime:0.016338s ]
---------------------------------------------------------------
[ 2018-10-08T13:58:46+08:00 ] ::1 ::1 POST /feichangcelue/admin.php/admin/article/images_edit/id/29.html
[ info ] [ CACHE ] INIT File
[ sql ] [ DB ] CONNECT:[ UseTime:0.033762s ] mysql:dbname=peizi;host=rm-wz9l3z92630ora5wjwo.mysql.rds.aliyuncs.com;port=3306;charset=utf8
[ sql ] [ SQL ] SHOW COLUMNS FROM `xh_admin_attachment` [ RunTime:0.013649s ]
[ sql ] [ SQL ] SELECT `path` FROM `xh_admin_attachment` WHERE  `id` = 0 LIMIT 1 [ RunTime:0.010920s ]
[ sql ] [ SQL ] SHOW COLUMNS FROM `xh_images` [ RunTime:0.011595s ]
[ sql ] [ SQL ] UPDATE `xh_images`  SET `type`=1,`href`='https://www.west.cn/Manager/',`src`='/feichangcelue/public/static/admin/img/none.png'  WHERE  (  id=29 ) [ RunTime:0.016139s ]
[ sql ] [ SQL ] SHOW COLUMNS FROM `xh_admin_action` [ RunTime:0.013137s ]
[ sql ] [ SQL ] SELECT * FROM `xh_admin_action` WHERE  `module` = 'admin'  AND `name` = 'images_edit' LIMIT 1 [ RunTime:0.012259s ]
[ error ] [8]未定义数组索引: name
---------------------------------------------------------------
[ 2018-10-08T13:58:48+08:00 ] ::1 ::1 GET /feichangcelue/admin.php/admin/article/imageslist.html
[ info ] [ CACHE ] INIT File
[ sql ] [ DB ] CONNECT:[ UseTime:0.035019s ] mysql:dbname=peizi;host=rm-wz9l3z92630ora5wjwo.mysql.rds.aliyuncs.com;port=3306;charset=utf8
[ sql ] [ SQL ] SHOW COLUMNS FROM `xh_admin_config` [ RunTime:0.018696s ]
[ sql ] [ SQL ] SELECT `value` FROM `xh_admin_config` WHERE  `id` = 1 LIMIT 1 [ RunTime:0.014962s ]
[ sql ] [ SQL ] SHOW COLUMNS FROM `xh_images` [ RunTime:0.017269s ]
[ sql ] [ SQL ] SELECT COUNT(*) AS tp_count FROM `xh_images` LIMIT 1 [ RunTime:0.016890s ]
[ sql ] [ SQL ] SELECT * FROM `xh_images` ORDER BY id desc LIMIT 0,20 [ RunTime:0.016811s ]
[ sql ] [ SQL ] SHOW COLUMNS FROM `xh_admin_attachment` [ RunTime:0.016787s ]
[ sql ] [ SQL ] SELECT `path` FROM `xh_admin_attachment` WHERE  `id` = 14 LIMIT 1 [ RunTime:0.015292s ]
[ sql ] [ SQL ] SHOW COLUMNS FROM `xh_admin_user` [ RunTime:0.018616s ]
[ sql ] [ SQL ] SELECT `avatar` FROM `xh_admin_user` WHERE  `id` = 1 LIMIT 1 [ RunTime:0.015695s ]
[ sql ] [ SQL ] SELECT `path` FROM `xh_admin_attachment` WHERE  `id` = 0 LIMIT 1 [ RunTime:0.017247s ]
---------------------------------------------------------------
[ 2018-10-08T13:58:51+08:00 ] ::1 ::1 GET /feichangcelue/admin.php/admin/article/images_edit/id/29.html
[ info ] [ CACHE ] INIT File
[ sql ] [ DB ] CONNECT:[ UseTime:0.036034s ] mysql:dbname=peizi;host=rm-wz9l3z92630ora5wjwo.mysql.rds.aliyuncs.com;port=3306;charset=utf8
[ sql ] [ SQL ] SHOW COLUMNS FROM `xh_admin_config` [ RunTime:0.018308s ]
[ sql ] [ SQL ] SELECT `value` FROM `xh_admin_config` WHERE  `id` = 1 LIMIT 1 [ RunTime:0.015975s ]
[ sql ] [ SQL ] SHOW COLUMNS FROM `xh_images` [ RunTime:0.018015s ]
[ sql ] [ SQL ] SELECT * FROM `xh_images` WHERE  (  id=29 ) LIMIT 1 [ RunTime:0.016420s ]
[ sql ] [ SQL ] SHOW COLUMNS FROM `xh_admin_attachment` [ RunTime:0.018424s ]
[ sql ] [ SQL ] SELECT `path` FROM `xh_admin_attachment` WHERE  `id` = 14 LIMIT 1 [ RunTime:0.018429s ]
[ sql ] [ SQL ] SHOW COLUMNS FROM `xh_admin_user` [ RunTime:0.018393s ]
[ sql ] [ SQL ] SELECT `avatar` FROM `xh_admin_user` WHERE  `id` = 1 LIMIT 1 [ RunTime:0.016081s ]
[ sql ] [ SQL ] SELECT `path` FROM `xh_admin_attachment` WHERE  `id` = 0 LIMIT 1 [ RunTime:0.017346s ]
---------------------------------------------------------------
[ 2018-10-08T13:58:58+08:00 ] ::1 ::1 POST /feichangcelue/admin.php/admin/attachment/check.html
[ info ] [ CACHE ] INIT File
[ sql ] [ DB ] CONNECT:[ UseTime:0.032172s ] mysql:dbname=peizi;host=rm-wz9l3z92630ora5wjwo.mysql.rds.aliyuncs.com;port=3306;charset=utf8
[ sql ] [ SQL ] SHOW COLUMNS FROM `xh_admin_attachment` [ RunTime:0.016546s ]
[ sql ] [ SQL ] SELECT * FROM `xh_admin_attachment` WHERE  `md5` = '87ff55b5cd6823fbb4e68746189238a2' LIMIT 1 [ RunTime:0.016743s ]
---------------------------------------------------------------
[ 2018-10-08T13:58:59+08:00 ] ::1 ::1 POST /feichangcelue/admin.php/admin/article/images_edit/id/29.html
[ info ] [ CACHE ] INIT File
[ sql ] [ DB ] CONNECT:[ UseTime:0.036749s ] mysql:dbname=peizi;host=rm-wz9l3z92630ora5wjwo.mysql.rds.aliyuncs.com;port=3306;charset=utf8
[ sql ] [ SQL ] SHOW COLUMNS FROM `xh_admin_attachment` [ RunTime:0.016813s ]
[ sql ] [ SQL ] SELECT `path` FROM `xh_admin_attachment` WHERE  `id` = 29 LIMIT 1 [ RunTime:0.013913s ]
[ sql ] [ SQL ] SHOW COLUMNS FROM `xh_images` [ RunTime:0.016703s ]
[ sql ] [ SQL ] UPDATE `xh_images`  SET `type`=1,`href`='https://www.west.cn/Manager/',`src`='/feichangcelue/public/uploads/images/20181008/d0b723afcfaf4ab4340373b59ae3584a.png'  WHERE  (  id=29 ) [ RunTime:0.020465s ]
[ sql ] [ SQL ] SHOW COLUMNS FROM `xh_admin_action` [ RunTime:0.017135s ]
[ sql ] [ SQL ] SELECT * FROM `xh_admin_action` WHERE  `module` = 'admin'  AND `name` = 'images_edit' LIMIT 1 [ RunTime:0.014492s ]
[ error ] [8]未定义数组索引: name
---------------------------------------------------------------
[ 2018-10-08T13:59:01+08:00 ] ::1 ::1 GET /feichangcelue/admin.php/admin/article/imageslist.html
[ info ] [ CACHE ] INIT File
[ sql ] [ DB ] CONNECT:[ UseTime:0.032248s ] mysql:dbname=peizi;host=rm-wz9l3z92630ora5wjwo.mysql.rds.aliyuncs.com;port=3306;charset=utf8
[ sql ] [ SQL ] SHOW COLUMNS FROM `xh_admin_config` [ RunTime:0.012981s ]
[ sql ] [ SQL ] SELECT `value` FROM `xh_admin_config` WHERE  `id` = 1 LIMIT 1 [ RunTime:0.011231s ]
[ sql ] [ SQL ] SHOW COLUMNS FROM `xh_images` [ RunTime:0.011963s ]
[ sql ] [ SQL ] SELECT COUNT(*) AS tp_count FROM `xh_images` LIMIT 1 [ RunTime:0.010852s ]
[ sql ] [ SQL ] SELECT * FROM `xh_images` ORDER BY id desc LIMIT 0,20 [ RunTime:0.013169s ]
[ sql ] [ SQL ] SHOW COLUMNS FROM `xh_admin_attachment` [ RunTime:0.014076s ]
[ sql ] [ SQL ] SELECT `path` FROM `xh_admin_attachment` WHERE  `id` = 14 LIMIT 1 [ RunTime:0.011591s ]
[ sql ] [ SQL ] SHOW COLUMNS FROM `xh_admin_user` [ RunTime:0.013901s ]
[ sql ] [ SQL ] SELECT `avatar` FROM `xh_admin_user` WHERE  `id` = 1 LIMIT 1 [ RunTime:0.011518s ]
[ sql ] [ SQL ] SELECT `path` FROM `xh_admin_attachment` WHERE  `id` = 0 LIMIT 1 [ RunTime:0.012414s ]
---------------------------------------------------------------
[ 2018-10-08T13:59:05+08:00 ] ::1 ::1 GET /feichangcelue/safeensure.html
[ info ] [ CACHE ] INIT File
[ error ] [8]未定义数组索引: member
[ error ] [8]未定义数组索引: member
[ error ] [8]未定义数组索引: member
[ error ] [8]未定义变量: usableSum
---------------------------------------------------------------
[ 2018-10-08T13:59:08+08:00 ] ::1 ::1 GET /feichangcelue/
[ info ] [ CACHE ] INIT File
[ sql ] [ DB ] CONNECT:[ UseTime:0.035989s ] mysql:dbname=peizi;host=rm-wz9l3z92630ora5wjwo.mysql.rds.aliyuncs.com;port=3306;charset=utf8
[ sql ] [ SQL ] select a.stockCode, c.`name` as stockName,  a.createTime, b.username,b.mobile
			from xh_stock_order as a, xh_member as b, xh_shares as c
			 WHERE isFreetrial=0 and a.memberId = b.id and a.stockCode=c.`code`
			order by a.id desc limit 7 [ RunTime:0.019699s ]
[ error ] [8]未定义数组索引: member
[ error ] [8]未定义数组索引: member
[ error ] [8]未定义数组索引: member
[ error ] [8]未定义数组索引: member
[ error ] [8]未定义变量: usableSum
[ error ] [8]未定义数组索引: member
[ error ] [8]未定义变量: count
[ error ] [8]未定义变量: earnSum
[ error ] [8]未定义变量: buyList
[ error ] [8]未定义变量: buyList
[ error ] [8]未定义变量: buyList
---------------------------------------------------------------
[ 2018-10-08T13:59:09+08:00 ] ::1 ::1 POST /feichangcelue/pc_broadcast.html
[ info ] [ CACHE ] INIT File
[ sql ] [ DB ] CONNECT:[ UseTime:0.036206s ] mysql:dbname=peizi;host=rm-wz9l3z92630ora5wjwo.mysql.rds.aliyuncs.com;port=3306;charset=utf8
[ sql ] [ SQL ] SHOW COLUMNS FROM `xh_images` [ RunTime:0.018453s ]
[ sql ] [ SQL ] SELECT `src` FROM `xh_images` WHERE  `type` = 1 ORDER BY `id`  desc LIMIT 0,3 [ RunTime:0.017040s ]
---------------------------------------------------------------
[ 2018-10-08T13:59:09+08:00 ] ::1 ::1 GET /feichangcelue/index_information.html
[ info ] [ CACHE ] INIT File
---------------------------------------------------------------
[ 2018-10-08T13:59:20+08:00 ] ::1 ::1 GET /feichangcelue/admin.php/admin/article/images_edit/id/28.html
[ info ] [ CACHE ] INIT File
[ sql ] [ DB ] CONNECT:[ UseTime:0.036425s ] mysql:dbname=peizi;host=rm-wz9l3z92630ora5wjwo.mysql.rds.aliyuncs.com;port=3306;charset=utf8
[ sql ] [ SQL ] SHOW COLUMNS FROM `xh_admin_config` [ RunTime:0.017639s ]
[ sql ] [ SQL ] SELECT `value` FROM `xh_admin_config` WHERE  `id` = 1 LIMIT 1 [ RunTime:0.014863s ]
[ sql ] [ SQL ] SHOW COLUMNS FROM `xh_images` [ RunTime:0.017285s ]
[ sql ] [ SQL ] SELECT * FROM `xh_images` WHERE  (  id=28 ) LIMIT 1 [ RunTime:0.014163s ]
[ sql ] [ SQL ] SHOW COLUMNS FROM `xh_admin_attachment` [ RunTime:0.017131s ]
[ sql ] [ SQL ] SELECT `path` FROM `xh_admin_attachment` WHERE  `id` = 14 LIMIT 1 [ RunTime:0.014792s ]
[ sql ] [ SQL ] SHOW COLUMNS FROM `xh_admin_user` [ RunTime:0.016728s ]
[ sql ] [ SQL ] SELECT `avatar` FROM `xh_admin_user` WHERE  `id` = 1 LIMIT 1 [ RunTime:0.015313s ]
[ sql ] [ SQL ] SELECT `path` FROM `xh_admin_attachment` WHERE  `id` = 0 LIMIT 1 [ RunTime:0.015868s ]
---------------------------------------------------------------
[ 2018-10-08T13:59:27+08:00 ] ::1 ::1 POST /feichangcelue/admin.php/admin/attachment/check.html
[ info ] [ CACHE ] INIT File
[ sql ] [ DB ] CONNECT:[ UseTime:0.032245s ] mysql:dbname=peizi;host=rm-wz9l3z92630ora5wjwo.mysql.rds.aliyuncs.com;port=3306;charset=utf8
[ sql ] [ SQL ] SHOW COLUMNS FROM `xh_admin_attachment` [ RunTime:0.014638s ]
[ sql ] [ SQL ] SELECT * FROM `xh_admin_attachment` WHERE  `md5` = '6ea583848a37a3514c2a19503d5c985f' LIMIT 1 [ RunTime:0.012675s ]
---------------------------------------------------------------
[ 2018-10-08T13:59:35+08:00 ] ::1 ::1 POST /feichangcelue/admin.php/admin/article/images_edit/id/28.html
[ info ] [ CACHE ] INIT File
[ sql ] [ DB ] CONNECT:[ UseTime:0.030179s ] mysql:dbname=peizi;host=rm-wz9l3z92630ora5wjwo.mysql.rds.aliyuncs.com;port=3306;charset=utf8
[ sql ] [ SQL ] SHOW COLUMNS FROM `xh_admin_attachment` [ RunTime:0.012818s ]
[ sql ] [ SQL ] SELECT `path` FROM `xh_admin_attachment` WHERE  `id` = 28 LIMIT 1 [ RunTime:0.011501s ]
[ sql ] [ SQL ] SHOW COLUMNS FROM `xh_images` [ RunTime:0.013531s ]
[ sql ] [ SQL ] UPDATE `xh_images`  SET `type`=2,`href`='www.baidu.com',`src`='/feichangcelue/public/uploads/images/20181008/af091a66b5aed698011654051ee9e6a8.jpg'  WHERE  (  id=28 ) [ RunTime:0.016289s ]
[ sql ] [ SQL ] SHOW COLUMNS FROM `xh_admin_action` [ RunTime:0.013485s ]
[ sql ] [ SQL ] SELECT * FROM `xh_admin_action` WHERE  `module` = 'admin'  AND `name` = 'images_edit' LIMIT 1 [ RunTime:0.012278s ]
[ error ] [8]未定义数组索引: name
---------------------------------------------------------------
[ 2018-10-08T13:59:37+08:00 ] ::1 ::1 GET /feichangcelue/admin.php/admin/article/imageslist.html
[ info ] [ CACHE ] INIT File
[ sql ] [ DB ] CONNECT:[ UseTime:0.032379s ] mysql:dbname=peizi;host=rm-wz9l3z92630ora5wjwo.mysql.rds.aliyuncs.com;port=3306;charset=utf8
[ sql ] [ SQL ] SHOW COLUMNS FROM `xh_admin_config` [ RunTime:0.020750s ]
[ sql ] [ SQL ] SELECT `value` FROM `xh_admin_config` WHERE  `id` = 1 LIMIT 1 [ RunTime:0.014081s ]
[ sql ] [ SQL ] SHOW COLUMNS FROM `xh_images` [ RunTime:0.015501s ]
[ sql ] [ SQL ] SELECT COUNT(*) AS tp_count FROM `xh_images` LIMIT 1 [ RunTime:0.014061s ]
[ sql ] [ SQL ] SELECT * FROM `xh_images` ORDER BY id desc LIMIT 0,20 [ RunTime:0.016229s ]
[ sql ] [ SQL ] SHOW COLUMNS FROM `xh_admin_attachment` [ RunTime:0.016311s ]
[ sql ] [ SQL ] SELECT `path` FROM `xh_admin_attachment` WHERE  `id` = 14 LIMIT 1 [ RunTime:0.013868s ]
[ sql ] [ SQL ] SHOW COLUMNS FROM `xh_admin_user` [ RunTime:0.015877s ]
[ sql ] [ SQL ] SELECT `avatar` FROM `xh_admin_user` WHERE  `id` = 1 LIMIT 1 [ RunTime:0.012697s ]
[ sql ] [ SQL ] SELECT `path` FROM `xh_admin_attachment` WHERE  `id` = 0 LIMIT 1 [ RunTime:0.016469s ]
---------------------------------------------------------------
[ 2018-10-08T13:59:48+08:00 ] ::1 ::1 GET /feichangcelue/admin.php/admin/article/images_edit/id/27.html
[ info ] [ CACHE ] INIT File
[ sql ] [ DB ] CONNECT:[ UseTime:0.034980s ] mysql:dbname=peizi;host=rm-wz9l3z92630ora5wjwo.mysql.rds.aliyuncs.com;port=3306;charset=utf8
[ sql ] [ SQL ] SHOW COLUMNS FROM `xh_admin_config` [ RunTime:0.016605s ]
[ sql ] [ SQL ] SELECT `value` FROM `xh_admin_config` WHERE  `id` = 1 LIMIT 1 [ RunTime:0.014626s ]
[ sql ] [ SQL ] SHOW COLUMNS FROM `xh_images` [ RunTime:0.015955s ]
[ sql ] [ SQL ] SELECT * FROM `xh_images` WHERE  (  id=27 ) LIMIT 1 [ RunTime:0.015176s ]
[ sql ] [ SQL ] SHOW COLUMNS FROM `xh_admin_attachment` [ RunTime:0.016307s ]
[ sql ] [ SQL ] SELECT `path` FROM `xh_admin_attachment` WHERE  `id` = 14 LIMIT 1 [ RunTime:0.014508s ]
[ sql ] [ SQL ] SHOW COLUMNS FROM `xh_admin_user` [ RunTime:0.016804s ]
[ sql ] [ SQL ] SELECT `avatar` FROM `xh_admin_user` WHERE  `id` = 1 LIMIT 1 [ RunTime:0.014488s ]
[ sql ] [ SQL ] SELECT `path` FROM `xh_admin_attachment` WHERE  `id` = 0 LIMIT 1 [ RunTime:0.015454s ]
---------------------------------------------------------------
[ 2018-10-08T13:59:54+08:00 ] ::1 ::1 POST /feichangcelue/admin.php/admin/attachment/check.html
[ info ] [ CACHE ] INIT File
[ sql ] [ DB ] CONNECT:[ UseTime:0.026710s ] mysql:dbname=peizi;host=rm-wz9l3z92630ora5wjwo.mysql.rds.aliyuncs.com;port=3306;charset=utf8
[ sql ] [ SQL ] SHOW COLUMNS FROM `xh_admin_attachment` [ RunTime:0.012173s ]
[ sql ] [ SQL ] SELECT * FROM `xh_admin_attachment` WHERE  `md5` = '87ff55b5cd6823fbb4e68746189238a2' LIMIT 1 [ RunTime:0.009746s ]
---------------------------------------------------------------
[ 2018-10-08T13:59:56+08:00 ] ::1 ::1 POST /feichangcelue/admin.php/admin/article/images_edit/id/27.html
[ info ] [ CACHE ] INIT File
[ sql ] [ DB ] CONNECT:[ UseTime:0.031158s ] mysql:dbname=peizi;host=rm-wz9l3z92630ora5wjwo.mysql.rds.aliyuncs.com;port=3306;charset=utf8
[ sql ] [ SQL ] SHOW COLUMNS FROM `xh_admin_attachment` [ RunTime:0.012077s ]
[ sql ] [ SQL ] SELECT `path` FROM `xh_admin_attachment` WHERE  `id` = 29 LIMIT 1 [ RunTime:0.011048s ]
[ sql ] [ SQL ] SHOW COLUMNS FROM `xh_images` [ RunTime:0.013113s ]
[ sql ] [ SQL ] UPDATE `xh_images`  SET `type`=2,`href`='http//www.baidu.com',`src`='/feichangcelue/public/uploads/images/20181008/d0b723afcfaf4ab4340373b59ae3584a.png'  WHERE  (  id=27 ) [ RunTime:0.016729s ]
[ sql ] [ SQL ] SHOW COLUMNS FROM `xh_admin_action` [ RunTime:0.013251s ]
[ sql ] [ SQL ] SELECT * FROM `xh_admin_action` WHERE  `module` = 'admin'  AND `name` = 'images_edit' LIMIT 1 [ RunTime:0.011658s ]
[ error ] [8]未定义数组索引: name
---------------------------------------------------------------
[ 2018-10-08T13:59:58+08:00 ] ::1 ::1 GET /feichangcelue/admin.php/admin/article/imageslist.html
[ info ] [ CACHE ] INIT File
[ sql ] [ DB ] CONNECT:[ UseTime:0.039586s ] mysql:dbname=peizi;host=rm-wz9l3z92630ora5wjwo.mysql.rds.aliyuncs.com;port=3306;charset=utf8
[ sql ] [ SQL ] SHOW COLUMNS FROM `xh_admin_config` [ RunTime:0.016876s ]
[ sql ] [ SQL ] SELECT `value` FROM `xh_admin_config` WHERE  `id` = 1 LIMIT 1 [ RunTime:0.013643s ]
[ sql ] [ SQL ] SHOW COLUMNS FROM `xh_images` [ RunTime:0.016542s ]
[ sql ] [ SQL ] SELECT COUNT(*) AS tp_count FROM `xh_images` LIMIT 1 [ RunTime:0.015138s ]
[ sql ] [ SQL ] SELECT * FROM `xh_images` ORDER BY id desc LIMIT 0,20 [ RunTime:0.014628s ]
[ sql ] [ SQL ] SHOW COLUMNS FROM `xh_admin_attachment` [ RunTime:0.015240s ]
[ sql ] [ SQL ] SELECT `path` FROM `xh_admin_attachment` WHERE  `id` = 14 LIMIT 1 [ RunTime:0.014720s ]
[ sql ] [ SQL ] SHOW COLUMNS FROM `xh_admin_user` [ RunTime:0.016504s ]
[ sql ] [ SQL ] SELECT `avatar` FROM `xh_admin_user` WHERE  `id` = 1 LIMIT 1 [ RunTime:0.014661s ]
[ sql ] [ SQL ] SELECT `path` FROM `xh_admin_attachment` WHERE  `id` = 0 LIMIT 1 [ RunTime:0.015777s ]
---------------------------------------------------------------
[ 2018-10-08T14:00:02+08:00 ] ::1 ::1 GET /feichangcelue/admin.php/admin/article/images_edit/id/26.html
[ info ] [ CACHE ] INIT File
[ sql ] [ DB ] CONNECT:[ UseTime:0.032300s ] mysql:dbname=peizi;host=rm-wz9l3z92630ora5wjwo.mysql.rds.aliyuncs.com;port=3306;charset=utf8
[ sql ] [ SQL ] SHOW COLUMNS FROM `xh_admin_config` [ RunTime:0.016426s ]
[ sql ] [ SQL ] SELECT `value` FROM `xh_admin_config` WHERE  `id` = 1 LIMIT 1 [ RunTime:0.014459s ]
[ sql ] [ SQL ] SHOW COLUMNS FROM `xh_images` [ RunTime:0.016342s ]
[ sql ] [ SQL ] SELECT * FROM `xh_images` WHERE  (  id=26 ) LIMIT 1 [ RunTime:0.015427s ]
[ sql ] [ SQL ] SHOW COLUMNS FROM `xh_admin_attachment` [ RunTime:0.016384s ]
[ sql ] [ SQL ] SELECT `path` FROM `xh_admin_attachment` WHERE  `id` = 14 LIMIT 1 [ RunTime:0.015081s ]
[ sql ] [ SQL ] SHOW COLUMNS FROM `xh_admin_user` [ RunTime:0.016829s ]
[ sql ] [ SQL ] SELECT `avatar` FROM `xh_admin_user` WHERE  `id` = 1 LIMIT 1 [ RunTime:0.014998s ]
[ sql ] [ SQL ] SELECT `path` FROM `xh_admin_attachment` WHERE  `id` = 0 LIMIT 1 [ RunTime:0.015613s ]
---------------------------------------------------------------
[ 2018-10-08T14:00:10+08:00 ] ::1 ::1 POST /feichangcelue/admin.php/admin/attachment/check.html
[ info ] [ CACHE ] INIT File
[ sql ] [ DB ] CONNECT:[ UseTime:0.029781s ] mysql:dbname=peizi;host=rm-wz9l3z92630ora5wjwo.mysql.rds.aliyuncs.com;port=3306;charset=utf8
[ sql ] [ SQL ] SHOW COLUMNS FROM `xh_admin_attachment` [ RunTime:0.012426s ]
[ sql ] [ SQL ] SELECT * FROM `xh_admin_attachment` WHERE  `md5` = '84c1550b607087a1954a1d5bce27965d' LIMIT 1 [ RunTime:0.011550s ]
---------------------------------------------------------------
[ 2018-10-08T14:00:12+08:00 ] ::1 ::1 POST /feichangcelue/admin.php/admin/article/images_edit/id/26.html
[ info ] [ CACHE ] INIT File
[ sql ] [ DB ] CONNECT:[ UseTime:0.036970s ] mysql:dbname=peizi;host=rm-wz9l3z92630ora5wjwo.mysql.rds.aliyuncs.com;port=3306;charset=utf8
[ sql ] [ SQL ] SHOW COLUMNS FROM `xh_admin_attachment` [ RunTime:0.016963s ]
[ sql ] [ SQL ] SELECT `path` FROM `xh_admin_attachment` WHERE  `id` = 30 LIMIT 1 [ RunTime:0.014084s ]
[ sql ] [ SQL ] SHOW COLUMNS FROM `xh_images` [ RunTime:0.016629s ]
[ sql ] [ SQL ] UPDATE `xh_images`  SET `type`=2,`href`='http//www.baidu.com',`src`='/feichangcelue/public/uploads/images/20181008/63bba2b06536f9c5cef8ae6953ba89a6.jpg'  WHERE  (  id=26 ) [ RunTime:0.018880s ]
[ sql ] [ SQL ] SHOW COLUMNS FROM `xh_admin_action` [ RunTime:0.016377s ]
[ sql ] [ SQL ] SELECT * FROM `xh_admin_action` WHERE  `module` = 'admin'  AND `name` = 'images_edit' LIMIT 1 [ RunTime:0.016011s ]
[ error ] [8]未定义数组索引: name
---------------------------------------------------------------
[ 2018-10-08T14:00:15+08:00 ] ::1 ::1 GET /feichangcelue/admin.php/admin/article/imageslist.html
[ info ] [ CACHE ] INIT File
[ sql ] [ DB ] CONNECT:[ UseTime:0.045271s ] mysql:dbname=peizi;host=rm-wz9l3z92630ora5wjwo.mysql.rds.aliyuncs.com;port=3306;charset=utf8
[ sql ] [ SQL ] SHOW COLUMNS FROM `xh_admin_config` [ RunTime:0.015657s ]
[ sql ] [ SQL ] SELECT `value` FROM `xh_admin_config` WHERE  `id` = 1 LIMIT 1 [ RunTime:0.018878s ]
[ sql ] [ SQL ] SHOW COLUMNS FROM `xh_images` [ RunTime:0.016858s ]
[ sql ] [ SQL ] SELECT COUNT(*) AS tp_count FROM `xh_images` LIMIT 1 [ RunTime:0.022325s ]
[ sql ] [ SQL ] SELECT * FROM `xh_images` ORDER BY id desc LIMIT 0,20 [ RunTime:0.016686s ]
[ sql ] [ SQL ] SHOW COLUMNS FROM `xh_admin_attachment` [ RunTime:0.017330s ]
[ sql ] [ SQL ] SELECT `path` FROM `xh_admin_attachment` WHERE  `id` = 14 LIMIT 1 [ RunTime:0.014324s ]
[ sql ] [ SQL ] SHOW COLUMNS FROM `xh_admin_user` [ RunTime:0.017081s ]
[ sql ] [ SQL ] SELECT `avatar` FROM `xh_admin_user` WHERE  `id` = 1 LIMIT 1 [ RunTime:0.015052s ]
[ sql ] [ SQL ] SELECT `path` FROM `xh_admin_attachment` WHERE  `id` = 0 LIMIT 1 [ RunTime:0.016107s ]
---------------------------------------------------------------
[ 2018-10-08T14:00:16+08:00 ] ::1 ::1 GET /feichangcelue/
[ info ] [ CACHE ] INIT File
[ sql ] [ DB ] CONNECT:[ UseTime:0.036976s ] mysql:dbname=peizi;host=rm-wz9l3z92630ora5wjwo.mysql.rds.aliyuncs.com;port=3306;charset=utf8
[ sql ] [ SQL ] select a.stockCode, c.`name` as stockName,  a.createTime, b.username,b.mobile
			from xh_stock_order as a, xh_member as b, xh_shares as c
			 WHERE isFreetrial=0 and a.memberId = b.id and a.stockCode=c.`code`
			order by a.id desc limit 7 [ RunTime:0.019720s ]
[ error ] [8]未定义数组索引: member
[ error ] [8]未定义数组索引: member
[ error ] [8]未定义数组索引: member
[ error ] [8]未定义数组索引: member
[ error ] [8]未定义变量: usableSum
[ error ] [8]未定义数组索引: member
[ error ] [8]未定义变量: count
[ error ] [8]未定义变量: earnSum
[ error ] [8]未定义变量: buyList
[ error ] [8]未定义变量: buyList
[ error ] [8]未定义变量: buyList
---------------------------------------------------------------
[ 2018-10-08T14:00:17+08:00 ] ::1 ::1 POST /feichangcelue/pc_broadcast.html
[ info ] [ CACHE ] INIT File
[ sql ] [ DB ] CONNECT:[ UseTime:0.029888s ] mysql:dbname=peizi;host=rm-wz9l3z92630ora5wjwo.mysql.rds.aliyuncs.com;port=3306;charset=utf8
[ sql ] [ SQL ] SHOW COLUMNS FROM `xh_images` [ RunTime:0.012313s ]
[ sql ] [ SQL ] SELECT `src` FROM `xh_images` WHERE  `type` = 1 ORDER BY `id`  desc LIMIT 0,3 [ RunTime:0.010970s ]
---------------------------------------------------------------
[ 2018-10-08T14:00:17+08:00 ] ::1 ::1 GET /feichangcelue/index_information.html
[ info ] [ CACHE ] INIT File
---------------------------------------------------------------
[ 2018-10-08T14:00:23+08:00 ] ::1 ::1 GET /feichangcelue/
[ info ] [ CACHE ] INIT File
[ sql ] [ DB ] CONNECT:[ UseTime:0.037434s ] mysql:dbname=peizi;host=rm-wz9l3z92630ora5wjwo.mysql.rds.aliyuncs.com;port=3306;charset=utf8
[ sql ] [ SQL ] select a.stockCode, c.`name` as stockName,  a.createTime, b.username,b.mobile
			from xh_stock_order as a, xh_member as b, xh_shares as c
			 WHERE isFreetrial=0 and a.memberId = b.id and a.stockCode=c.`code`
			order by a.id desc limit 7 [ RunTime:0.011905s ]
[ error ] [8]未定义数组索引: member
[ error ] [8]未定义数组索引: member
[ error ] [8]未定义数组索引: member
[ error ] [8]未定义数组索引: member
[ error ] [8]未定义变量: usableSum
[ error ] [8]未定义数组索引: member
[ error ] [8]未定义变量: count
[ error ] [8]未定义变量: earnSum
[ error ] [8]未定义变量: buyList
[ error ] [8]未定义变量: buyList
[ error ] [8]未定义变量: buyList
---------------------------------------------------------------
[ 2018-10-08T14:00:25+08:00 ] ::1 ::1 POST /feichangcelue/pc_broadcast.html
[ info ] [ CACHE ] INIT File
[ sql ] [ DB ] CONNECT:[ UseTime:0.032526s ] mysql:dbname=peizi;host=rm-wz9l3z92630ora5wjwo.mysql.rds.aliyuncs.com;port=3306;charset=utf8
[ sql ] [ SQL ] SHOW COLUMNS FROM `xh_images` [ RunTime:0.011764s ]
[ sql ] [ SQL ] SELECT `src` FROM `xh_images` WHERE  `type` = 1 ORDER BY `id`  desc LIMIT 0,3 [ RunTime:0.011032s ]
---------------------------------------------------------------
[ 2018-10-08T14:00:26+08:00 ] ::1 ::1 GET /feichangcelue/index_information.html
[ info ] [ CACHE ] INIT File
---------------------------------------------------------------
[ 2018-10-08T14:02:15+08:00 ] ::1 ::1 GET /feichangcelue/
[ info ] [ CACHE ] INIT File
[ sql ] [ DB ] CONNECT:[ UseTime:0.030867s ] mysql:dbname=peizi;host=rm-wz9l3z92630ora5wjwo.mysql.rds.aliyuncs.com;port=3306;charset=utf8
[ sql ] [ SQL ] select a.stockCode, c.`name` as stockName,  a.createTime, b.username,b.mobile
			from xh_stock_order as a, xh_member as b, xh_shares as c
			 WHERE isFreetrial=0 and a.memberId = b.id and a.stockCode=c.`code`
			order by a.id desc limit 7 [ RunTime:0.011568s ]
[ error ] [8]未定义数组索引: member
[ error ] [8]未定义数组索引: member
[ error ] [8]未定义数组索引: member
[ error ] [8]未定义数组索引: member
[ error ] [8]未定义变量: usableSum
[ error ] [8]未定义数组索引: member
[ error ] [8]未定义变量: count
[ error ] [8]未定义变量: earnSum
[ error ] [8]未定义变量: buyList
[ error ] [8]未定义变量: buyList
[ error ] [8]未定义变量: buyList
---------------------------------------------------------------
[ 2018-10-08T14:02:16+08:00 ] ::1 ::1 POST /feichangcelue/pc_broadcast.html
[ info ] [ CACHE ] INIT File
[ sql ] [ DB ] CONNECT:[ UseTime:0.043180s ] mysql:dbname=peizi;host=rm-wz9l3z92630ora5wjwo.mysql.rds.aliyuncs.com;port=3306;charset=utf8
[ sql ] [ SQL ] SHOW COLUMNS FROM `xh_images` [ RunTime:0.020199s ]
[ sql ] [ SQL ] SELECT `src` FROM `xh_images` WHERE  `type` = 1 ORDER BY `id`  desc LIMIT 0,3 [ RunTime:0.018923s ]
---------------------------------------------------------------
[ 2018-10-08T14:02:16+08:00 ] ::1 ::1 GET /feichangcelue/index_information.html
[ info ] [ CACHE ] INIT File
---------------------------------------------------------------
[ 2018-10-08T14:04:08+08:00 ] ::1 ::1 GET /feichangcelue/
[ info ] [ CACHE ] INIT File
[ sql ] [ DB ] CONNECT:[ UseTime:0.032118s ] mysql:dbname=peizi;host=rm-wz9l3z92630ora5wjwo.mysql.rds.aliyuncs.com;port=3306;charset=utf8
[ sql ] [ SQL ] select a.stockCode, c.`name` as stockName,  a.createTime, b.username,b.mobile
			from xh_stock_order as a, xh_member as b, xh_shares as c
			 WHERE isFreetrial=0 and a.memberId = b.id and a.stockCode=c.`code`
			order by a.id desc limit 7 [ RunTime:0.016288s ]
[ error ] [8]未定义数组索引: member
[ error ] [8]未定义数组索引: member
[ error ] [8]未定义数组索引: member
[ error ] [8]未定义数组索引: member
[ error ] [8]未定义变量: usableSum
[ error ] [8]未定义数组索引: member
[ error ] [8]未定义变量: count
[ error ] [8]未定义变量: earnSum
[ error ] [8]未定义变量: buyList
[ error ] [8]未定义变量: buyList
[ error ] [8]未定义变量: buyList
---------------------------------------------------------------
[ 2018-10-08T14:04:10+08:00 ] ::1 ::1 GET /feichangcelue/index_information.html
[ info ] [ CACHE ] INIT File
---------------------------------------------------------------
[ 2018-10-08T14:04:10+08:00 ] ::1 ::1 POST /feichangcelue/pc_broadcast.html
[ info ] [ CACHE ] INIT File
[ sql ] [ DB ] CONNECT:[ UseTime:0.036554s ] mysql:dbname=peizi;host=rm-wz9l3z92630ora5wjwo.mysql.rds.aliyuncs.com;port=3306;charset=utf8
[ sql ] [ SQL ] SHOW COLUMNS FROM `xh_images` [ RunTime:0.016487s ]
[ sql ] [ SQL ] SELECT `src`,`href` FROM `xh_images` WHERE  `type` = 1 ORDER BY `id`  desc LIMIT 0,3 [ RunTime:0.012766s ]
---------------------------------------------------------------
[ 2018-10-08T14:04:27+08:00 ] ::1 ::1 GET /feichangcelue/
[ info ] [ CACHE ] INIT File
[ sql ] [ DB ] CONNECT:[ UseTime:0.026317s ] mysql:dbname=peizi;host=rm-wz9l3z92630ora5wjwo.mysql.rds.aliyuncs.com;port=3306;charset=utf8
[ sql ] [ SQL ] select a.stockCode, c.`name` as stockName,  a.createTime, b.username,b.mobile
			from xh_stock_order as a, xh_member as b, xh_shares as c
			 WHERE isFreetrial=0 and a.memberId = b.id and a.stockCode=c.`code`
			order by a.id desc limit 7 [ RunTime:0.012080s ]
[ error ] [8]未定义数组索引: member
[ error ] [8]Trying to get property of non-object
[ error ] [8]未定义变量: balance
[ error ] [8]未定义变量: ablePrice
[ error ] [8]未定义变量: real_disk_sum
[ error ] [8]未定义变量: guaranteeFee
---------------------------------------------------------------
[ 2018-10-08T14:04:28+08:00 ] ::1 ::1 GET /feichangcelue/public/stock/js/maps/swiper.jquery.min.js.map
[ info ] [ CACHE ] INIT File
---------------------------------------------------------------
[ 2018-10-08T14:04:29+08:00 ] ::1 ::1 POST /feichangcelue/app_broadcast.html
[ info ] [ CACHE ] INIT File
[ sql ] [ DB ] CONNECT:[ UseTime:0.056583s ] mysql:dbname=peizi;host=rm-wz9l3z92630ora5wjwo.mysql.rds.aliyuncs.com;port=3306;charset=utf8
[ sql ] [ SQL ] SHOW COLUMNS FROM `xh_images` [ RunTime:0.011983s ]
[ sql ] [ SQL ] SELECT `src` FROM `xh_images` WHERE  `type` = 2 ORDER BY `id`  desc LIMIT 0,3 [ RunTime:0.008877s ]
---------------------------------------------------------------
[ 2018-10-08T14:04:29+08:00 ] ::1 ::1 POST /feichangcelue/stock_exponential_sz.html
[ info ] [ CACHE ] INIT File
---------------------------------------------------------------
[ 2018-10-08T14:04:29+08:00 ] ::1 ::1 POST /feichangcelue/stock_exponential_sh.html
[ info ] [ CACHE ] INIT File
---------------------------------------------------------------
[ 2018-10-08T14:05:07+08:00 ] ::1 ::1 GET /feichangcelue/
[ info ] [ CACHE ] INIT File
[ sql ] [ DB ] CONNECT:[ UseTime:0.035032s ] mysql:dbname=peizi;host=rm-wz9l3z92630ora5wjwo.mysql.rds.aliyuncs.com;port=3306;charset=utf8
[ sql ] [ SQL ] select a.stockCode, c.`name` as stockName,  a.createTime, b.username,b.mobile
			from xh_stock_order as a, xh_member as b, xh_shares as c
			 WHERE isFreetrial=0 and a.memberId = b.id and a.stockCode=c.`code`
			order by a.id desc limit 7 [ RunTime:0.017851s ]
[ error ] [8]未定义数组索引: member
[ error ] [8]Trying to get property of non-object
[ error ] [8]未定义变量: balance
[ error ] [8]未定义变量: ablePrice
[ error ] [8]未定义变量: real_disk_sum
[ error ] [8]未定义变量: guaranteeFee
---------------------------------------------------------------
[ 2018-10-08T14:05:08+08:00 ] ::1 ::1 POST /feichangcelue/app_broadcast.html
[ info ] [ CACHE ] INIT File
[ sql ] [ DB ] CONNECT:[ UseTime:0.030671s ] mysql:dbname=peizi;host=rm-wz9l3z92630ora5wjwo.mysql.rds.aliyuncs.com;port=3306;charset=utf8
[ sql ] [ SQL ] SHOW COLUMNS FROM `xh_images` [ RunTime:0.013476s ]
[ sql ] [ SQL ] SELECT `src` FROM `xh_images` WHERE  `type` = 2 ORDER BY `id`  desc LIMIT 0,3 [ RunTime:0.012458s ]
---------------------------------------------------------------
[ 2018-10-08T14:05:08+08:00 ] ::1 ::1 POST /feichangcelue/stock_exponential_sh.html
[ info ] [ CACHE ] INIT File
---------------------------------------------------------------
[ 2018-10-08T14:05:08+08:00 ] ::1 ::1 GET /feichangcelue/public/stock/js/maps/swiper.jquery.min.js.map
[ info ] [ CACHE ] INIT File
---------------------------------------------------------------
[ 2018-10-08T14:05:09+08:00 ] ::1 ::1 POST /feichangcelue/stock_exponential_sz.html
[ info ] [ CACHE ] INIT File
---------------------------------------------------------------
[ 2018-10-08T14:05:45+08:00 ] ::1 ::1 GET /feichangcelue/
[ info ] [ CACHE ] INIT File
[ sql ] [ DB ] CONNECT:[ UseTime:0.042480s ] mysql:dbname=peizi;host=rm-wz9l3z92630ora5wjwo.mysql.rds.aliyuncs.com;port=3306;charset=utf8
[ sql ] [ SQL ] select a.stockCode, c.`name` as stockName,  a.createTime, b.username,b.mobile
			from xh_stock_order as a, xh_member as b, xh_shares as c
			 WHERE isFreetrial=0 and a.memberId = b.id and a.stockCode=c.`code`
			order by a.id desc limit 7 [ RunTime:0.015816s ]
[ error ] [8]未定义数组索引: member
[ error ] [8]Trying to get property of non-object
[ error ] [8]未定义变量: balance
[ error ] [8]未定义变量: ablePrice
[ error ] [8]未定义变量: real_disk_sum
[ error ] [8]未定义变量: guaranteeFee
---------------------------------------------------------------
[ 2018-10-08T14:05:46+08:00 ] ::1 ::1 GET /feichangcelue/public/stock/js/maps/swiper.jquery.min.js.map
[ info ] [ CACHE ] INIT File
---------------------------------------------------------------
[ 2018-10-08T14:05:46+08:00 ] ::1 ::1 POST /feichangcelue/app_broadcast.html
[ info ] [ CACHE ] INIT File
[ sql ] [ DB ] CONNECT:[ UseTime:0.040484s ] mysql:dbname=peizi;host=rm-wz9l3z92630ora5wjwo.mysql.rds.aliyuncs.com;port=3306;charset=utf8
[ sql ] [ SQL ] SHOW COLUMNS FROM `xh_images` [ RunTime:0.016175s ]
[ sql ] [ SQL ] SELECT `src`,`href` FROM `xh_images` WHERE  `type` = 2 ORDER BY `id`  desc LIMIT 0,3 [ RunTime:0.015832s ]
---------------------------------------------------------------
[ 2018-10-08T14:05:47+08:00 ] ::1 ::1 POST /feichangcelue/stock_exponential_sh.html
[ info ] [ CACHE ] INIT File
---------------------------------------------------------------
[ 2018-10-08T14:05:47+08:00 ] ::1 ::1 POST /feichangcelue/stock_exponential_sz.html
[ info ] [ CACHE ] INIT File
