---------------------------------------------------------------
[ 2018-10-09T14:22:06+08:00 ] 127.0.0.1 121.69.48.130 POST /index/Alistock/getStockInfo
[ info ] [ CACHE ] INIT File
[ sql ] [ DB ] CONNECT:[ UseTime:0.000439s ] mysql:dbname=peizi;host=127.0.0.1;port=3306;charset=utf8
[ sql ] [ SQL ] SHOW COLUMNS FROM `xh_member` [ RunTime:0.001043s ]
[ sql ] [ SQL ] SELECT `usableSum` FROM `xh_member` WHERE  (  id=1324 ) LIMIT 1 [ RunTime:0.000330s ]
[ sql ] [ SQL ] SHOW COLUMNS FROM `xh_stock_visit_record` [ RunTime:0.000806s ]
[ sql ] [ SQL ] INSERT INTO `xh_stock_visit_record` (`code` , `createTime` , `createTimeStamp`) VALUES ('000001' , '2018-10-09 14:22:06' , 1539066126) [ RunTime:0.000545s ]
[ sql ] [ SQL ] SHOW COLUMNS FROM `xh_online_stock_detail` [ RunTime:0.000697s ]
[ sql ] [ SQL ] SELECT * FROM `xh_online_stock_detail` WHERE  (  code='000001' and createTimeStamp >= 1539066111  ) ORDER BY id desc LIMIT 1 [ RunTime:0.000491s ]
[ sql ] [ SQL ] SHOW COLUMNS FROM `xh_shares` [ RunTime:0.000723s ]
[ sql ] [ SQL ] SELECT `market` FROM `xh_shares` WHERE  `code` = '000001' LIMIT 1 [ RunTime:0.000207s ]
---------------------------------------------------------------
[ 2018-10-09T14:22:07+08:00 ] 127.0.0.1 121.69.48.130 POST /index/Alistock/getStockInfo
[ info ] [ CACHE ] INIT File
[ sql ] [ DB ] CONNECT:[ UseTime:0.000468s ] mysql:dbname=peizi;host=127.0.0.1;port=3306;charset=utf8
[ sql ] [ SQL ] SHOW COLUMNS FROM `xh_admin_config` [ RunTime:0.001163s ]
[ sql ] [ SQL ] SELECT `name`,`value`,`type` FROM `xh_admin_config` [ RunTime:0.000329s ]
[ sql ] [ SQL ] SHOW COLUMNS FROM `xh_admin_module` [ RunTime:0.000854s ]
[ sql ] [ SQL ] SELECT `name`,`config` FROM `xh_admin_module` WHERE  `config` <> '' [ RunTime:0.000224s ]
[ sql ] [ SQL ] SHOW COLUMNS FROM `xh_admin_hook` [ RunTime:0.000702s ]
[ sql ] [ SQL ] SELECT `name`,`status` FROM `xh_admin_hook` WHERE  `status` = 1 [ RunTime:0.000208s ]
[ sql ] [ SQL ] SHOW COLUMNS FROM `xh_admin_plugin` [ RunTime:0.000768s ]
[ sql ] [ SQL ] SELECT `name`,`status` FROM `xh_admin_plugin` WHERE  `status` = 1 [ RunTime:0.000258s ]
[ sql ] [ SQL ] SHOW COLUMNS FROM `xh_admin_hook_plugin` [ RunTime:0.000751s ]
[ sql ] [ SQL ] SELECT * FROM `xh_admin_hook_plugin` WHERE  `status` = 1 ORDER BY hook,sort [ RunTime:0.000247s ]
[ sql ] [ SQL ] SHOW COLUMNS FROM `xh_member` [ RunTime:0.000755s ]
[ sql ] [ SQL ] SELECT `usableSum` FROM `xh_member` WHERE  (  id=1324 ) LIMIT 1 [ RunTime:0.000185s ]
[ sql ] [ SQL ] SHOW COLUMNS FROM `xh_stock_visit_record` [ RunTime:0.000601s ]
[ sql ] [ SQL ] INSERT INTO `xh_stock_visit_record` (`code` , `createTime` , `createTimeStamp`) VALUES ('000001' , '2018-10-09 14:22:07' , 1539066127) [ RunTime:0.000499s ]
[ sql ] [ SQL ] SHOW COLUMNS FROM `xh_online_stock_detail` [ RunTime:0.000714s ]
[ sql ] [ SQL ] SELECT * FROM `xh_online_stock_detail` WHERE  (  code='000001' and createTimeStamp >= 1539066112  ) ORDER BY id desc LIMIT 1 [ RunTime:0.000464s ]
[ sql ] [ SQL ] SHOW COLUMNS FROM `xh_shares` [ RunTime:0.000696s ]
[ sql ] [ SQL ] SELECT `market` FROM `xh_shares` WHERE  `code` = '000001' LIMIT 1 [ RunTime:0.000227s ]
---------------------------------------------------------------
[ 2018-10-09T14:22:08+08:00 ] 127.0.0.1 121.69.48.130 GET /freetrial.html
[ info ] [ CACHE ] INIT File
[ sql ] [ DB ] CONNECT:[ UseTime:0.000687s ] mysql:dbname=peizi;host=127.0.0.1;port=3306;charset=utf8
[ sql ] [ SQL ] SHOW COLUMNS FROM `xh_member` [ RunTime:0.000938s ]
[ sql ] [ SQL ] SELECT `usableSum` FROM `xh_member` WHERE  (  id=1324 ) LIMIT 1 [ RunTime:0.000238s ]
[ sql ] [ SQL ] SHOW COLUMNS FROM `xh_stock_order` [ RunTime:0.000884s ]
[ sql ] [ SQL ] SELECT COUNT(*) AS tp_count FROM `xh_stock_order` WHERE  (  memberId=1324 and isFreetrial=1 and left(createTime,10)='2018-10-09' ) LIMIT 1 [ RunTime:0.000370s ]
[ sql ] [ SQL ] SHOW COLUMNS FROM `xh_shares` [ RunTime:0.000727s ]
[ sql ] [ SQL ] SELECT `market` FROM `xh_shares` WHERE  `code` = '' LIMIT 1 [ RunTime:0.000206s ]
[ sql ] [ SQL ] SHOW COLUMNS FROM `xh_sys_params` [ RunTime:0.001034s ]
[ sql ] [ SQL ] SELECT `value` FROM `xh_sys_params` WHERE  (  `key` = 'dealPoundage' ) LIMIT 1 [ RunTime:0.000253s ]
[ sql ] [ SQL ] SELECT `value` FROM `xh_sys_params` WHERE  (  `key` = 'delayFee' ) LIMIT 1 [ RunTime:0.000231s ]
[ sql ] [ SQL ] SELECT `value` FROM `xh_sys_params` WHERE  (  `key` = 'dealFee' ) LIMIT 1 [ RunTime:0.000224s ]
[ sql ] [ SQL ] SELECT `value` FROM `xh_sys_params` WHERE  (  `key` = 'lossLine' ) LIMIT 1 [ RunTime:0.000222s ]
[ sql ] [ SQL ] SELECT `value` FROM `xh_sys_params` WHERE  (  `key` = 'delayLineRate' ) LIMIT 1 [ RunTime:0.000204s ]
[ sql ] [ SQL ] SELECT `value` FROM `xh_sys_params` WHERE  (  `key` = 'stopLossRate' ) LIMIT 1 [ RunTime:0.000194s ]
[ sql ] [ SQL ] SHOW COLUMNS FROM `xh_stock_interest_lever` [ RunTime:0.000640s ]
[ sql ] [ SQL ] SELECT `interest` FROM `xh_stock_interest_lever` WHERE  (  `levers`='1' ) LIMIT 1 [ RunTime:0.000215s ]
[ sql ] [ SQL ] SELECT `interest` FROM `xh_stock_interest_lever` WHERE  (  `levers`='2' ) LIMIT 1 [ RunTime:0.000198s ]
[ sql ] [ SQL ] SELECT `interest` FROM `xh_stock_interest_lever` WHERE  (  `levers`='3' ) LIMIT 1 [ RunTime:0.000190s ]
[ sql ] [ SQL ] SELECT `interest` FROM `xh_stock_interest_lever` WHERE  (  `levers`='4' ) LIMIT 1 [ RunTime:0.000195s ]
[ sql ] [ SQL ] SELECT `interest` FROM `xh_stock_interest_lever` WHERE  (  `levers`='5' ) LIMIT 1 [ RunTime:0.000191s ]
[ sql ] [ SQL ] SELECT `interest` FROM `xh_stock_interest_lever` WHERE  (  `levers`='6' ) LIMIT 1 [ RunTime:0.000229s ]
[ sql ] [ SQL ] SELECT `interest` FROM `xh_stock_interest_lever` WHERE  (  `levers`='7' ) LIMIT 1 [ RunTime:0.000199s ]
[ sql ] [ SQL ] SELECT `interest` FROM `xh_stock_interest_lever` WHERE  (  `levers`='8' ) LIMIT 1 [ RunTime:0.000202s ]
[ sql ] [ SQL ] SELECT `interest` FROM `xh_stock_interest_lever` WHERE  (  `levers`='9' ) LIMIT 1 [ RunTime:0.000203s ]
[ sql ] [ SQL ] SELECT `interest` FROM `xh_stock_interest_lever` WHERE  (  `levers`='10' ) LIMIT 1 [ RunTime:0.000189s ]
[ sql ] [ SQL ] SHOW COLUMNS FROM `xh_stock_interest_lever_month` [ RunTime:0.000621s ]
[ sql ] [ SQL ] SELECT `interest` FROM `xh_stock_interest_lever_month` WHERE  (  `levers`='1' ) LIMIT 1 [ RunTime:0.000214s ]
[ sql ] [ SQL ] SELECT `interest` FROM `xh_stock_interest_lever_month` WHERE  (  `levers`='2' ) LIMIT 1 [ RunTime:0.000209s ]
[ sql ] [ SQL ] SELECT `interest` FROM `xh_stock_interest_lever_month` WHERE  (  `levers`='3' ) LIMIT 1 [ RunTime:0.000194s ]
[ sql ] [ SQL ] SELECT `interest` FROM `xh_stock_interest_lever_month` WHERE  (  `levers`='4' ) LIMIT 1 [ RunTime:0.000192s ]
[ sql ] [ SQL ] SELECT `interest` FROM `xh_stock_interest_lever_month` WHERE  (  `levers`='5' ) LIMIT 1 [ RunTime:0.000179s ]
[ sql ] [ SQL ] SELECT `interest` FROM `xh_stock_interest_lever_month` WHERE  (  `levers`='6' ) LIMIT 1 [ RunTime:0.000201s ]
[ sql ] [ SQL ] SELECT `interest` FROM `xh_stock_interest_lever_month` WHERE  (  `levers`='7' ) LIMIT 1 [ RunTime:0.000178s ]
[ sql ] [ SQL ] SELECT `interest` FROM `xh_stock_interest_lever_month` WHERE  (  `levers`='8' ) LIMIT 1 [ RunTime:0.000178s ]
[ sql ] [ SQL ] SELECT `interest` FROM `xh_stock_interest_lever_month` WHERE  (  `levers`='9' ) LIMIT 1 [ RunTime:0.000180s ]
[ sql ] [ SQL ] SELECT `interest` FROM `xh_stock_interest_lever_month` WHERE  (  `levers`='10' ) LIMIT 1 [ RunTime:0.000178s ]
[ sql ] [ SQL ] SELECT `freebleSum` FROM `xh_member` WHERE  `id` = 1324 LIMIT 1 [ RunTime:0.000356s ]
[ sql ] [ SQL ] SELECT `market` FROM `xh_shares` WHERE  `code` = '000001' LIMIT 1 [ RunTime:0.000197s ]
---------------------------------------------------------------
[ 2018-10-09T14:22:09+08:00 ] 127.0.0.1 121.69.48.130 POST /index/Alistock/getStockInfo
[ info ] [ CACHE ] INIT File
[ sql ] [ DB ] CONNECT:[ UseTime:0.000427s ] mysql:dbname=peizi;host=127.0.0.1;port=3306;charset=utf8
[ sql ] [ SQL ] SHOW COLUMNS FROM `xh_member` [ RunTime:0.000972s ]
[ sql ] [ SQL ] SELECT `usableSum` FROM `xh_member` WHERE  (  id=1324 ) LIMIT 1 [ RunTime:0.000278s ]
[ sql ] [ SQL ] SHOW COLUMNS FROM `xh_stock_visit_record` [ RunTime:0.000704s ]
[ sql ] [ SQL ] INSERT INTO `xh_stock_visit_record` (`code` , `createTime` , `createTimeStamp`) VALUES ('000001' , '2018-10-09 14:22:08' , 1539066128) [ RunTime:0.000488s ]
[ sql ] [ SQL ] SHOW COLUMNS FROM `xh_online_stock_detail` [ RunTime:0.000681s ]
[ sql ] [ SQL ] SELECT * FROM `xh_online_stock_detail` WHERE  (  code='000001' and createTimeStamp >= 1539066113  ) ORDER BY id desc LIMIT 1 [ RunTime:0.000491s ]
[ sql ] [ SQL ] SHOW COLUMNS FROM `xh_shares` [ RunTime:0.000730s ]
[ sql ] [ SQL ] SELECT `market` FROM `xh_shares` WHERE  `code` = '000001' LIMIT 1 [ RunTime:0.000245s ]
---------------------------------------------------------------
[ 2018-10-09T14:22:10+08:00 ] 127.0.0.1 121.69.48.130 GET /freetrial.html
[ info ] [ CACHE ] INIT File
[ sql ] [ DB ] CONNECT:[ UseTime:0.000485s ] mysql:dbname=peizi;host=127.0.0.1;port=3306;charset=utf8
[ sql ] [ SQL ] SHOW COLUMNS FROM `xh_member` [ RunTime:0.000943s ]
[ sql ] [ SQL ] SELECT `usableSum` FROM `xh_member` WHERE  (  id=1324 ) LIMIT 1 [ RunTime:0.000261s ]
[ sql ] [ SQL ] SHOW COLUMNS FROM `xh_stock_order` [ RunTime:0.000886s ]
[ sql ] [ SQL ] SELECT COUNT(*) AS tp_count FROM `xh_stock_order` WHERE  (  memberId=1324 and isFreetrial=1 and left(createTime,10)='2018-10-09' ) LIMIT 1 [ RunTime:0.000260s ]
[ sql ] [ SQL ] SHOW COLUMNS FROM `xh_shares` [ RunTime:0.000666s ]
[ sql ] [ SQL ] SELECT `market` FROM `xh_shares` WHERE  `code` = '' LIMIT 1 [ RunTime:0.000239s ]
[ sql ] [ SQL ] SHOW COLUMNS FROM `xh_sys_params` [ RunTime:0.001023s ]
[ sql ] [ SQL ] SELECT `value` FROM `xh_sys_params` WHERE  (  `key` = 'dealPoundage' ) LIMIT 1 [ RunTime:0.000291s ]
[ sql ] [ SQL ] SELECT `value` FROM `xh_sys_params` WHERE  (  `key` = 'delayFee' ) LIMIT 1 [ RunTime:0.000224s ]
[ sql ] [ SQL ] SELECT `value` FROM `xh_sys_params` WHERE  (  `key` = 'dealFee' ) LIMIT 1 [ RunTime:0.000235s ]
[ sql ] [ SQL ] SELECT `value` FROM `xh_sys_params` WHERE  (  `key` = 'lossLine' ) LIMIT 1 [ RunTime:0.000204s ]
[ sql ] [ SQL ] SELECT `value` FROM `xh_sys_params` WHERE  (  `key` = 'delayLineRate' ) LIMIT 1 [ RunTime:0.000212s ]
[ sql ] [ SQL ] SELECT `value` FROM `xh_sys_params` WHERE  (  `key` = 'stopLossRate' ) LIMIT 1 [ RunTime:0.000206s ]
[ sql ] [ SQL ] SHOW COLUMNS FROM `xh_stock_interest_lever` [ RunTime:0.000665s ]
[ sql ] [ SQL ] SELECT `interest` FROM `xh_stock_interest_lever` WHERE  (  `levers`='1' ) LIMIT 1 [ RunTime:0.000213s ]
[ sql ] [ SQL ] SELECT `interest` FROM `xh_stock_interest_lever` WHERE  (  `levers`='2' ) LIMIT 1 [ RunTime:0.000233s ]
[ sql ] [ SQL ] SELECT `interest` FROM `xh_stock_interest_lever` WHERE  (  `levers`='3' ) LIMIT 1 [ RunTime:0.000194s ]
[ sql ] [ SQL ] SELECT `interest` FROM `xh_stock_interest_lever` WHERE  (  `levers`='4' ) LIMIT 1 [ RunTime:0.000212s ]
[ sql ] [ SQL ] SELECT `interest` FROM `xh_stock_interest_lever` WHERE  (  `levers`='5' ) LIMIT 1 [ RunTime:0.000183s ]
[ sql ] [ SQL ] SELECT `interest` FROM `xh_stock_interest_lever` WHERE  (  `levers`='6' ) LIMIT 1 [ RunTime:0.000195s ]
[ sql ] [ SQL ] SELECT `interest` FROM `xh_stock_interest_lever` WHERE  (  `levers`='7' ) LIMIT 1 [ RunTime:0.000192s ]
[ sql ] [ SQL ] SELECT `interest` FROM `xh_stock_interest_lever` WHERE  (  `levers`='8' ) LIMIT 1 [ RunTime:0.000187s ]
[ sql ] [ SQL ] SELECT `interest` FROM `xh_stock_interest_lever` WHERE  (  `levers`='9' ) LIMIT 1 [ RunTime:0.000210s ]
[ sql ] [ SQL ] SELECT `interest` FROM `xh_stock_interest_lever` WHERE  (  `levers`='10' ) LIMIT 1 [ RunTime:0.000180s ]
[ sql ] [ SQL ] SHOW COLUMNS FROM `xh_stock_interest_lever_month` [ RunTime:0.000658s ]
[ sql ] [ SQL ] SELECT `interest` FROM `xh_stock_interest_lever_month` WHERE  (  `levers`='1' ) LIMIT 1 [ RunTime:0.000267s ]
[ sql ] [ SQL ] SELECT `interest` FROM `xh_stock_interest_lever_month` WHERE  (  `levers`='2' ) LIMIT 1 [ RunTime:0.000200s ]
[ sql ] [ SQL ] SELECT `interest` FROM `xh_stock_interest_lever_month` WHERE  (  `levers`='3' ) LIMIT 1 [ RunTime:0.000193s ]
[ sql ] [ SQL ] SELECT `interest` FROM `xh_stock_interest_lever_month` WHERE  (  `levers`='4' ) LIMIT 1 [ RunTime:0.000213s ]
[ sql ] [ SQL ] SELECT `interest` FROM `xh_stock_interest_lever_month` WHERE  (  `levers`='5' ) LIMIT 1 [ RunTime:0.000181s ]
[ sql ] [ SQL ] SELECT `interest` FROM `xh_stock_interest_lever_month` WHERE  (  `levers`='6' ) LIMIT 1 [ RunTime:0.000204s ]
[ sql ] [ SQL ] SELECT `interest` FROM `xh_stock_interest_lever_month` WHERE  (  `levers`='7' ) LIMIT 1 [ RunTime:0.000180s ]
[ sql ] [ SQL ] SELECT `interest` FROM `xh_stock_interest_lever_month` WHERE  (  `levers`='8' ) LIMIT 1 [ RunTime:0.000194s ]
[ sql ] [ SQL ] SELECT `interest` FROM `xh_stock_interest_lever_month` WHERE  (  `levers`='9' ) LIMIT 1 [ RunTime:0.000183s ]
[ sql ] [ SQL ] SELECT `interest` FROM `xh_stock_interest_lever_month` WHERE  (  `levers`='10' ) LIMIT 1 [ RunTime:0.000206s ]
[ sql ] [ SQL ] SELECT `freebleSum` FROM `xh_member` WHERE  `id` = 1324 LIMIT 1 [ RunTime:0.000205s ]
[ sql ] [ SQL ] SELECT `market` FROM `xh_shares` WHERE  `code` = '000001' LIMIT 1 [ RunTime:0.000208s ]
---------------------------------------------------------------
[ 2018-10-09T14:22:11+08:00 ] 127.0.0.1 121.69.48.130 POST /index/Alistock/getStockInfo
[ info ] [ CACHE ] INIT File
[ sql ] [ DB ] CONNECT:[ UseTime:0.000533s ] mysql:dbname=peizi;host=127.0.0.1;port=3306;charset=utf8
[ sql ] [ SQL ] SHOW COLUMNS FROM `xh_member` [ RunTime:0.001151s ]
[ sql ] [ SQL ] SELECT `usableSum` FROM `xh_member` WHERE  (  id=1324 ) LIMIT 1 [ RunTime:0.000271s ]
[ sql ] [ SQL ] SHOW COLUMNS FROM `xh_stock_visit_record` [ RunTime:0.000859s ]
[ sql ] [ SQL ] INSERT INTO `xh_stock_visit_record` (`code` , `createTime` , `createTimeStamp`) VALUES ('000001' , '2018-10-09 14:22:10' , 1539066130) [ RunTime:0.000572s ]
[ sql ] [ SQL ] SHOW COLUMNS FROM `xh_online_stock_detail` [ RunTime:0.000890s ]
[ sql ] [ SQL ] SELECT * FROM `xh_online_stock_detail` WHERE  (  code='000001' and createTimeStamp >= 1539066115  ) ORDER BY id desc LIMIT 1 [ RunTime:0.000548s ]
[ sql ] [ SQL ] SHOW COLUMNS FROM `xh_shares` [ RunTime:0.000945s ]
[ sql ] [ SQL ] SELECT `market` FROM `xh_shares` WHERE  `code` = '000001' LIMIT 1 [ RunTime:0.000288s ]
