---------------------------------------------------------------
[ 2018-10-12T17:16:04+08:00 ] ::1 ::1 GET /feichangcelue/
[ info ] [ CACHE ] INIT File
[ sql ] [ DB ] CONNECT:[ UseTime:0.023438s ] mysql:dbname=peizi;host=rm-wz9l3z92630ora5wjwo.mysql.rds.aliyuncs.com;port=3306;charset=utf8
[ sql ] [ SQL ] SHOW COLUMNS FROM `xh_admin_config` [ RunTime:0.016601s ]
[ sql ] [ SQL ] SELECT `name`,`value`,`type` FROM `xh_admin_config` [ RunTime:0.016601s ]
[ sql ] [ SQL ] SHOW COLUMNS FROM `xh_admin_module` [ RunTime:0.015625s ]
[ sql ] [ SQL ] SELECT `name`,`config` FROM `xh_admin_module` WHERE  `config` <> '' [ RunTime:0.014648s ]
[ sql ] [ SQL ] SHOW COLUMNS FROM `xh_admin_hook` [ RunTime:0.013671s ]
[ sql ] [ SQL ] SELECT `name`,`status` FROM `xh_admin_hook` WHERE  `status` = 1 [ RunTime:0.015625s ]
[ sql ] [ SQL ] SHOW COLUMNS FROM `xh_admin_plugin` [ RunTime:0.014648s ]
[ sql ] [ SQL ] SELECT `name`,`status` FROM `xh_admin_plugin` WHERE  `status` = 1 [ RunTime:0.015625s ]
[ sql ] [ SQL ] SHOW COLUMNS FROM `xh_admin_hook_plugin` [ RunTime:0.015625s ]
[ sql ] [ SQL ] SELECT * FROM `xh_admin_hook_plugin` WHERE  `status` = 1 ORDER BY hook,sort [ RunTime:0.015625s ]
[ sql ] [ SQL ] select a.stockCode, c.`name` as stockName,  a.createTime, b.username,b.mobile
			from xh_stock_order as a, xh_member as b, xh_shares as c
			 WHERE isFreetrial=0 and a.memberId = b.id and a.stockCode=c.`code`
			order by a.id desc limit 7 [ RunTime:0.015625s ]
[ error ] [8]未定义数组索引: member
[ error ] [8]未定义数组索引: member
[ error ] [8]未定义数组索引: member
[ error ] [8]未定义数组索引: member
[ error ] [8]未定义变量: usableSum
[ error ] [8]未定义数组索引: member
[ error ] [8]未定义变量: count
[ error ] [8]未定义变量: earnSum
[ error ] [8]未定义变量: buyList
[ error ] [8]未定义变量: buyList
[ error ] [8]未定义变量: buyList
---------------------------------------------------------------
[ 2018-10-12T17:16:05+08:00 ] ::1 ::1 GET /feichangcelue/index_information_first.html
[ info ] [ CACHE ] INIT File
---------------------------------------------------------------
[ 2018-10-12T17:16:05+08:00 ] ::1 ::1 POST /feichangcelue/pc_broadcast.html
[ info ] [ CACHE ] INIT File
[ sql ] [ DB ] CONNECT:[ UseTime:0.018555s ] mysql:dbname=peizi;host=rm-wz9l3z92630ora5wjwo.mysql.rds.aliyuncs.com;port=3306;charset=utf8
[ sql ] [ SQL ] SHOW COLUMNS FROM `xh_images` [ RunTime:0.012695s ]
[ sql ] [ SQL ] SELECT `src`,`href` FROM `xh_images` WHERE  `type` = 1 ORDER BY `id`  desc LIMIT 0,3 [ RunTime:0.011719s ]
---------------------------------------------------------------
[ 2018-10-12T17:16:17+08:00 ] ::1 ::1 GET /feichangcelue/
[ info ] [ CACHE ] INIT File
[ sql ] [ DB ] CONNECT:[ UseTime:0.025390s ] mysql:dbname=peizi;host=rm-wz9l3z92630ora5wjwo.mysql.rds.aliyuncs.com;port=3306;charset=utf8
[ sql ] [ SQL ] select a.stockCode, c.`name` as stockName,  a.createTime, b.username,b.mobile
			from xh_stock_order as a, xh_member as b, xh_shares as c
			 WHERE isFreetrial=0 and a.memberId = b.id and a.stockCode=c.`code`
			order by a.id desc limit 7 [ RunTime:0.016602s ]
[ error ] [8]未定义数组索引: member
[ error ] [8]未定义数组索引: member
[ error ] [8]未定义数组索引: member
[ error ] [8]未定义数组索引: member
[ error ] [8]未定义变量: usableSum
[ error ] [8]未定义数组索引: member
[ error ] [8]未定义变量: count
[ error ] [8]未定义变量: earnSum
[ error ] [8]未定义变量: buyList
[ error ] [8]未定义变量: buyList
[ error ] [8]未定义变量: buyList
---------------------------------------------------------------
[ 2018-10-12T17:16:17+08:00 ] ::1 ::1 POST /feichangcelue/pc_broadcast.html
[ info ] [ CACHE ] INIT File
[ sql ] [ DB ] CONNECT:[ UseTime:0.020508s ] mysql:dbname=peizi;host=rm-wz9l3z92630ora5wjwo.mysql.rds.aliyuncs.com;port=3306;charset=utf8
[ sql ] [ SQL ] SHOW COLUMNS FROM `xh_images` [ RunTime:0.010742s ]
[ sql ] [ SQL ] SELECT `src`,`href` FROM `xh_images` WHERE  `type` = 1 ORDER BY `id`  desc LIMIT 0,3 [ RunTime:0.012696s ]
---------------------------------------------------------------
[ 2018-10-12T17:16:17+08:00 ] ::1 ::1 GET /feichangcelue/index_information_first.html
[ info ] [ CACHE ] INIT File
---------------------------------------------------------------
[ 2018-10-12T17:16:20+08:00 ] ::1 ::1 GET /feichangcelue/index_information_first.html
[ info ] [ CACHE ] INIT File
---------------------------------------------------------------
[ 2018-10-12T17:16:21+08:00 ] ::1 ::1 GET /feichangcelue/index_information_second.html
[ info ] [ CACHE ] INIT File
---------------------------------------------------------------
[ 2018-10-12T17:16:23+08:00 ] ::1 ::1 GET /feichangcelue/index_information_first.html
[ info ] [ CACHE ] INIT File
---------------------------------------------------------------
[ 2018-10-12T17:16:24+08:00 ] ::1 ::1 GET /feichangcelue/index_information.html
[ info ] [ CACHE ] INIT File
---------------------------------------------------------------
[ 2018-10-12T17:17:09+08:00 ] ::1 ::1 GET /feichangcelue/
[ info ] [ CACHE ] INIT File
[ sql ] [ DB ] CONNECT:[ UseTime:0.025390s ] mysql:dbname=peizi;host=rm-wz9l3z92630ora5wjwo.mysql.rds.aliyuncs.com;port=3306;charset=utf8
[ sql ] [ SQL ] select a.stockCode, c.`name` as stockName,  a.createTime, b.username,b.mobile
			from xh_stock_order as a, xh_member as b, xh_shares as c
			 WHERE isFreetrial=0 and a.memberId = b.id and a.stockCode=c.`code`
			order by a.id desc limit 7 [ RunTime:0.016602s ]
[ error ] [8]未定义数组索引: member
[ error ] [8]未定义数组索引: member
[ error ] [8]未定义数组索引: member
[ error ] [8]未定义数组索引: member
[ error ] [8]未定义变量: usableSum
[ error ] [8]未定义数组索引: member
[ error ] [8]未定义变量: count
[ error ] [8]未定义变量: earnSum
[ error ] [8]未定义变量: buyList
[ error ] [8]未定义变量: buyList
[ error ] [8]未定义变量: buyList
---------------------------------------------------------------
[ 2018-10-12T17:17:10+08:00 ] ::1 ::1 POST /feichangcelue/pc_broadcast.html
[ info ] [ CACHE ] INIT File
[ sql ] [ DB ] CONNECT:[ UseTime:0.022461s ] mysql:dbname=peizi;host=rm-wz9l3z92630ora5wjwo.mysql.rds.aliyuncs.com;port=3306;charset=utf8
[ sql ] [ SQL ] SHOW COLUMNS FROM `xh_images` [ RunTime:0.014649s ]
[ sql ] [ SQL ] SELECT `src`,`href` FROM `xh_images` WHERE  `type` = 1 ORDER BY `id`  desc LIMIT 0,3 [ RunTime:0.014648s ]
---------------------------------------------------------------
[ 2018-10-12T17:17:10+08:00 ] ::1 ::1 GET /feichangcelue/index_information.html
[ info ] [ CACHE ] INIT File
---------------------------------------------------------------
[ 2018-10-12T17:18:05+08:00 ] ::1 ::1 GET /feichangcelue/index_information_first.html
[ info ] [ CACHE ] INIT File
---------------------------------------------------------------
[ 2018-10-12T17:18:22+08:00 ] ::1 ::1 GET /feichangcelue/index_information.html
[ info ] [ CACHE ] INIT File
---------------------------------------------------------------
[ 2018-10-12T17:18:35+08:00 ] ::1 ::1 GET /feichangcelue/index_information_first.html
[ info ] [ CACHE ] INIT File
---------------------------------------------------------------
[ 2018-10-12T17:37:45+08:00 ] ::1 ::1 GET /feichangcelue/index_information.html
[ info ] [ CACHE ] INIT File
---------------------------------------------------------------
[ 2018-10-12T17:37:46+08:00 ] ::1 ::1 GET /feichangcelue/index_information_first.html
[ info ] [ CACHE ] INIT File
---------------------------------------------------------------
[ 2018-10-12T17:37:48+08:00 ] ::1 ::1 GET /feichangcelue/index_information_second.html
[ info ] [ CACHE ] INIT File
---------------------------------------------------------------
[ 2018-10-12T17:37:48+08:00 ] ::1 ::1 GET /feichangcelue/index_information_first.html
[ info ] [ CACHE ] INIT File
---------------------------------------------------------------
[ 2018-10-12T17:37:49+08:00 ] ::1 ::1 GET /feichangcelue/index_information.html
[ info ] [ CACHE ] INIT File
