---------------------------------------------------------------
[ 2018-10-15T19:23:41+08:00 ] ::1 ::1 GET /feichangcelue/reg.html
[ info ] [ CACHE ] INIT File
[ sql ] [ DB ] CONNECT:[ UseTime:0.036179s ] mysql:dbname=peizi;host=rm-wz9l3z92630ora5wjwo.mysql.rds.aliyuncs.com;port=3306;charset=utf8
[ sql ] [ SQL ] SHOW COLUMNS FROM `xh_admin_config` [ RunTime:0.019591s ]
[ sql ] [ SQL ] SELECT `name`,`value`,`type` FROM `xh_admin_config` [ RunTime:0.017349s ]
[ sql ] [ SQL ] SHOW COLUMNS FROM `xh_admin_module` [ RunTime:0.018301s ]
[ sql ] [ SQL ] SELECT `name`,`config` FROM `xh_admin_module` WHERE  `config` <> '' [ RunTime:0.030255s ]
[ sql ] [ SQL ] SHOW COLUMNS FROM `xh_admin_hook` [ RunTime:0.018329s ]
[ sql ] [ SQL ] SELECT `name`,`status` FROM `xh_admin_hook` WHERE  `status` = 1 [ RunTime:0.017042s ]
[ sql ] [ SQL ] SHOW COLUMNS FROM `xh_admin_plugin` [ RunTime:0.018810s ]
[ sql ] [ SQL ] SELECT `name`,`status` FROM `xh_admin_plugin` WHERE  `status` = 1 [ RunTime:0.016833s ]
[ sql ] [ SQL ] SHOW COLUMNS FROM `xh_admin_hook_plugin` [ RunTime:0.020313s ]
[ sql ] [ SQL ] SELECT * FROM `xh_admin_hook_plugin` WHERE  `status` = 1 ORDER BY hook,sort [ RunTime:0.016964s ]
[ error ] [8]未定义数组索引: member
[ error ] [8]未定义数组索引: member
[ error ] [8]未定义数组索引: member
[ error ] [8]未定义变量: usableSum
---------------------------------------------------------------
[ 2018-10-15T19:23:42+08:00 ] ::1 ::1 GET /feichangcelue/public/static/static/home/js/moblie/reg.js
[ info ] [ CACHE ] INIT File
---------------------------------------------------------------
[ 2018-10-15T19:23:42+08:00 ] ::1 ::1 GET /feichangcelue/index_captcha.html
[ info ] [ CACHE ] INIT File
---------------------------------------------------------------
[ 2018-10-15T19:23:42+08:00 ] ::1 ::1 GET /feichangcelue/index/index/captcha.html
[ info ] [ CACHE ] INIT File
---------------------------------------------------------------
[ 2018-10-15T19:23:42+08:00 ] ::1 ::1 GET /feichangcelue/public/static/static/home/js/moblie/mui.min.js
[ info ] [ CACHE ] INIT File
---------------------------------------------------------------
[ 2018-10-15T19:23:43+08:00 ] ::1 ::1 GET /feichangcelue/public/static/static/home/js/moblie/mui.min.js
[ info ] [ CACHE ] INIT File
---------------------------------------------------------------
[ 2018-10-15T19:23:43+08:00 ] ::1 ::1 GET /feichangcelue/public/static/static/home/js/moblie/reg.js
[ info ] [ CACHE ] INIT File
---------------------------------------------------------------
[ 2018-10-15T19:23:47+08:00 ] ::1 ::1 GET /feichangcelue/index_captcha.html
[ info ] [ CACHE ] INIT File
---------------------------------------------------------------
[ 2018-10-15T19:23:56+08:00 ] ::1 ::1 GET /feichangcelue/index_captcha
[ info ] [ CACHE ] INIT File
---------------------------------------------------------------
[ 2018-10-15T19:24:59+08:00 ] ::1 ::1 GET /feichangcelue/index_captcha
[ info ] [ CACHE ] INIT File
---------------------------------------------------------------
[ 2018-10-15T19:25:38+08:00 ] ::1 ::1 GET /feichangcelue/index_captcha
[ info ] [ CACHE ] INIT File
---------------------------------------------------------------
[ 2018-10-15T19:25:39+08:00 ] ::1 ::1 GET /feichangcelue/index_captcha
[ info ] [ CACHE ] INIT File
---------------------------------------------------------------
[ 2018-10-15T19:27:14+08:00 ] ::1 ::1 GET /feichangcelue/index_captcha
[ info ] [ CACHE ] INIT File
---------------------------------------------------------------
[ 2018-10-15T19:27:27+08:00 ] ::1 ::1 GET /feichangcelue/index_captcha
[ info ] [ CACHE ] INIT File
---------------------------------------------------------------
[ 2018-10-15T19:27:43+08:00 ] ::1 ::1 GET /feichangcelue/index_captcha
[ info ] [ CACHE ] INIT File
---------------------------------------------------------------
[ 2018-10-15T19:29:59+08:00 ] ::1 ::1 GET /feichangcelue/reg.html
[ info ] [ CACHE ] INIT File
[ error ] [8]未定义数组索引: member
[ error ] [8]未定义数组索引: member
[ error ] [8]未定义数组索引: member
[ error ] [8]未定义变量: usableSum
---------------------------------------------------------------
[ 2018-10-15T19:30:00+08:00 ] ::1 ::1 GET /feichangcelue/public/static/static/home/js/moblie/mui.min.js
[ info ] [ CACHE ] INIT File
---------------------------------------------------------------
[ 2018-10-15T19:30:00+08:00 ] ::1 ::1 GET /feichangcelue/public/static/static/home/js/moblie/reg.js
[ info ] [ CACHE ] INIT File
---------------------------------------------------------------
[ 2018-10-15T19:30:00+08:00 ] ::1 ::1 GET /feichangcelue/index/index/captcha.html
[ info ] [ CACHE ] INIT File
---------------------------------------------------------------
[ 2018-10-15T19:30:00+08:00 ] ::1 ::1 GET /feichangcelue/index_captcha.html
[ info ] [ CACHE ] INIT File
---------------------------------------------------------------
[ 2018-10-15T19:30:01+08:00 ] ::1 ::1 GET /feichangcelue/public/static/static/home/js/moblie/mui.min.js
[ info ] [ CACHE ] INIT File
---------------------------------------------------------------
[ 2018-10-15T19:30:01+08:00 ] ::1 ::1 GET /feichangcelue/public/static/static/home/js/moblie/reg.js
[ info ] [ CACHE ] INIT File
---------------------------------------------------------------
[ 2018-10-15T19:30:02+08:00 ] ::1 ::1 GET /feichangcelue/reg.html
[ info ] [ CACHE ] INIT File
[ error ] [8]未定义数组索引: member
[ error ] [8]未定义数组索引: member
[ error ] [8]未定义数组索引: member
[ error ] [8]未定义变量: usableSum
---------------------------------------------------------------
[ 2018-10-15T19:30:03+08:00 ] ::1 ::1 GET /feichangcelue/public/static/static/home/js/moblie/mui.min.js
[ info ] [ CACHE ] INIT File
---------------------------------------------------------------
[ 2018-10-15T19:30:03+08:00 ] ::1 ::1 GET /feichangcelue/public/static/static/home/js/moblie/reg.js
[ info ] [ CACHE ] INIT File
---------------------------------------------------------------
[ 2018-10-15T19:30:03+08:00 ] ::1 ::1 GET /feichangcelue/index_captcha.html
[ info ] [ CACHE ] INIT File
---------------------------------------------------------------
[ 2018-10-15T19:30:03+08:00 ] ::1 ::1 GET /feichangcelue/index/index/captcha.html
[ info ] [ CACHE ] INIT File
---------------------------------------------------------------
[ 2018-10-15T19:30:03+08:00 ] ::1 ::1 GET /feichangcelue/public/static/static/home/js/moblie/mui.min.js
[ info ] [ CACHE ] INIT File
---------------------------------------------------------------
[ 2018-10-15T19:30:03+08:00 ] ::1 ::1 GET /feichangcelue/public/static/static/home/js/moblie/reg.js
[ info ] [ CACHE ] INIT File
---------------------------------------------------------------
[ 2018-10-15T19:30:51+08:00 ] ::1 ::1 GET /feichangcelue/reg.html
[ info ] [ CACHE ] INIT File
[ error ] [8]未定义数组索引: member
[ error ] [8]未定义数组索引: member
[ error ] [8]未定义数组索引: member
[ error ] [8]未定义变量: usableSum
---------------------------------------------------------------
[ 2018-10-15T19:30:52+08:00 ] ::1 ::1 GET /feichangcelue/public/static/static/home/js/moblie/mui.min.js
[ info ] [ CACHE ] INIT File
---------------------------------------------------------------
[ 2018-10-15T19:30:52+08:00 ] ::1 ::1 GET /feichangcelue/public/static/static/home/js/moblie/reg.js
[ info ] [ CACHE ] INIT File
---------------------------------------------------------------
[ 2018-10-15T19:30:52+08:00 ] ::1 ::1 GET /feichangcelue/index_captcha.html
[ info ] [ CACHE ] INIT File
---------------------------------------------------------------
[ 2018-10-15T19:30:53+08:00 ] ::1 ::1 GET /feichangcelue/public/static/static/home/js/moblie/mui.min.js
[ info ] [ CACHE ] INIT File
---------------------------------------------------------------
[ 2018-10-15T19:30:53+08:00 ] ::1 ::1 GET /feichangcelue/public/static/static/home/js/moblie/reg.js
[ info ] [ CACHE ] INIT File
---------------------------------------------------------------
[ 2018-10-15T19:32:23+08:00 ] ::1 ::1 GET /feichangcelue/reg.html
[ info ] [ CACHE ] INIT File
[ error ] [8]未定义数组索引: member
[ error ] [8]未定义数组索引: member
[ error ] [8]未定义数组索引: member
[ error ] [8]未定义变量: usableSum
---------------------------------------------------------------
[ 2018-10-15T19:32:24+08:00 ] ::1 ::1 GET /feichangcelue/public/static/static/home/js/moblie/mui.min.js
[ info ] [ CACHE ] INIT File
---------------------------------------------------------------
[ 2018-10-15T19:32:24+08:00 ] ::1 ::1 GET /feichangcelue/public/static/static/home/js/moblie/reg.js
[ info ] [ CACHE ] INIT File
---------------------------------------------------------------
[ 2018-10-15T19:32:24+08:00 ] ::1 ::1 GET /feichangcelue/index_captcha.html
[ info ] [ CACHE ] INIT File
---------------------------------------------------------------
[ 2018-10-15T19:32:25+08:00 ] ::1 ::1 GET /feichangcelue/public/static/static/home/js/moblie/mui.min.js
[ info ] [ CACHE ] INIT File
---------------------------------------------------------------
[ 2018-10-15T19:32:25+08:00 ] ::1 ::1 GET /feichangcelue/public/static/static/home/js/moblie/reg.js
[ info ] [ CACHE ] INIT File
---------------------------------------------------------------
[ 2018-10-15T19:33:08+08:00 ] ::1 ::1 GET /feichangcelue/reg.html
[ error ] [8]未定义数组索引: member
[ error ] [8]未定义数组索引: member
[ error ] [8]未定义数组索引: member
[ error ] [8]未定义变量: usableSum
---------------------------------------------------------------
[ 2018-10-15T19:33:11+08:00 ] ::1 ::1 GET /feichangcelue/reg.html
[ error ] [8]未定义数组索引: member
[ error ] [8]未定义数组索引: member
[ error ] [8]未定义数组索引: member
[ error ] [8]未定义变量: usableSum
---------------------------------------------------------------
[ 2018-10-15T19:33:14+08:00 ] ::1 ::1 GET /feichangcelue/reg.html
[ error ] [8]未定义数组索引: member
[ error ] [8]未定义数组索引: member
[ error ] [8]未定义数组索引: member
[ error ] [8]未定义变量: usableSum
---------------------------------------------------------------
[ 2018-10-15T19:37:16+08:00 ] ::1 ::1 GET /feichangcelue/reg.html
[ error ] [8]未定义数组索引: member
[ error ] [8]未定义数组索引: member
[ error ] [8]未定义数组索引: member
[ error ] [8]未定义变量: usableSum
[ error ] [4096]Object of class think\Response could not be converted to string
---------------------------------------------------------------
[ 2018-10-15T19:37:44+08:00 ] ::1 ::1 GET /feichangcelue/reg.html
[ error ] [8]未定义数组索引: member
[ error ] [8]未定义数组索引: member
[ error ] [8]未定义数组索引: member
[ error ] [8]未定义变量: usableSum
[ error ] [4096]Object of class think\Response could not be converted to string
---------------------------------------------------------------
[ 2018-10-15T19:38:59+08:00 ] ::1 ::1 GET /feichangcelue/reg.html
[ error ] [8]未定义数组索引: member
[ error ] [8]未定义数组索引: member
[ error ] [8]未定义数组索引: member
[ error ] [8]未定义变量: usableSum
[ error ] [1]Call to undefined function captchas()
---------------------------------------------------------------
[ 2018-10-15T19:43:28+08:00 ] ::1 ::1 GET /feichangcelue/reg.html
[ error ] [8]未定义数组索引: member
[ error ] [8]未定义数组索引: member
[ error ] [8]未定义数组索引: member
[ error ] [8]未定义变量: usableSum
---------------------------------------------------------------
[ 2018-10-15T19:55:31+08:00 ] ::1 ::1 GET /feichangcelue/
[ sql ] [ DB ] CONNECT:[ UseTime:0.052057s ] mysql:dbname=peizi;host=rm-wz9l3z92630ora5wjwo.mysql.rds.aliyuncs.com;port=3306;charset=utf8
[ sql ] [ SQL ] select a.stockCode, c.`name` as stockName,  a.createTime, b.username,b.mobile
			from xh_stock_order as a, xh_member as b, xh_shares as c
			 WHERE isFreetrial=0 and a.memberId = b.id and a.stockCode=c.`code`
			order by a.id desc limit 7 [ RunTime:0.017817s ]
[ error ] [8]未定义数组索引: member
[ error ] [8]未定义数组索引: member
[ error ] [8]未定义数组索引: member
[ error ] [8]未定义数组索引: member
[ error ] [8]未定义变量: usableSum
[ error ] [8]未定义数组索引: member
[ error ] [8]未定义变量: count
[ error ] [8]未定义变量: earnSum
[ error ] [8]未定义变量: buyList
[ error ] [8]未定义变量: buyList
[ error ] [8]未定义变量: buyList
---------------------------------------------------------------
[ 2018-10-15T19:55:33+08:00 ] ::1 ::1 GET /feichangcelue/reg.html
[ error ] [8]未定义数组索引: member
[ error ] [8]未定义数组索引: member
[ error ] [8]未定义数组索引: member
[ error ] [8]未定义变量: usableSum
---------------------------------------------------------------
[ 2018-10-15T19:55:36+08:00 ] ::1 ::1 GET /feichangcelue/reg.html
[ error ] [8]未定义数组索引: member
[ error ] [8]未定义数组索引: member
[ error ] [8]未定义数组索引: member
[ error ] [8]未定义变量: usableSum
---------------------------------------------------------------
[ 2018-10-15T19:56:06+08:00 ] ::1 ::1 GET /feichangcelue/reg.html
[ error ] [8]未定义数组索引: member
[ error ] [8]未定义数组索引: member
[ error ] [8]未定义数组索引: member
[ error ] [8]未定义变量: usableSum
---------------------------------------------------------------
[ 2018-10-15T19:56:28+08:00 ] ::1 ::1 GET /feichangcelue/reg.html
[ error ] [8]未定义数组索引: member
[ error ] [8]未定义数组索引: member
[ error ] [8]未定义数组索引: member
[ error ] [8]未定义变量: usableSum
[ error ] [1]Call to undefined function captchas()
---------------------------------------------------------------
[ 2018-10-15T19:57:06+08:00 ] ::1 ::1 GET /feichangcelue/reg.html
[ error ] [8]未定义数组索引: member
[ error ] [8]未定义数组索引: member
[ error ] [8]未定义数组索引: member
[ error ] [8]未定义变量: usableSum
---------------------------------------------------------------
[ 2018-10-15T19:57:30+08:00 ] ::1 ::1 GET /feichangcelue/reg.html
[ error ] [8]未定义数组索引: member
[ error ] [8]未定义数组索引: member
[ error ] [8]未定义数组索引: member
[ error ] [8]未定义变量: usableSum
---------------------------------------------------------------
[ 2018-10-15T19:57:39+08:00 ] ::1 ::1 GET /feichangcelue/reg.html
[ error ] [8]未定义数组索引: member
[ error ] [8]未定义数组索引: member
[ error ] [8]未定义数组索引: member
[ error ] [8]未定义变量: usableSum
---------------------------------------------------------------
[ 2018-10-15T19:57:55+08:00 ] ::1 ::1 GET /feichangcelue/reg.html
[ error ] [8]未定义数组索引: member
[ error ] [8]未定义数组索引: member
[ error ] [8]未定义数组索引: member
[ error ] [8]未定义变量: usableSum
---------------------------------------------------------------
[ 2018-10-15T19:59:47+08:00 ] ::1 ::1 GET /feichangcelue/reg.html
[ error ] [8]未定义数组索引: member
[ error ] [8]未定义数组索引: member
[ error ] [8]未定义数组索引: member
[ error ] [8]未定义变量: usableSum
---------------------------------------------------------------
[ 2018-10-15T20:00:31+08:00 ] ::1 ::1 GET /feichangcelue/reg.html
[ error ] [8]未定义数组索引: member
[ error ] [8]未定义数组索引: member
[ error ] [8]未定义数组索引: member
[ error ] [8]未定义变量: usableSum
---------------------------------------------------------------
[ 2018-10-15T20:00:46+08:00 ] ::1 ::1 GET /feichangcelue/reg.html
[ error ] [8]未定义数组索引: member
[ error ] [8]未定义数组索引: member
[ error ] [8]未定义数组索引: member
[ error ] [8]未定义变量: usableSum
---------------------------------------------------------------
[ 2018-10-15T20:01:48+08:00 ] ::1 ::1 GET /feichangcelue/reg.html
[ error ] [8]未定义数组索引: member
[ error ] [8]未定义数组索引: member
[ error ] [8]未定义数组索引: member
[ error ] [8]未定义变量: usableSum
---------------------------------------------------------------
[ 2018-10-15T20:03:59+08:00 ] ::1 ::1 GET /feichangcelue/reg.html
[ error ] [8]未定义数组索引: member
[ error ] [8]未定义数组索引: member
[ error ] [8]未定义数组索引: member
[ error ] [8]未定义变量: usableSum
---------------------------------------------------------------
[ 2018-10-15T20:06:59+08:00 ] ::1 ::1 GET /feichangcelue/reg.html
[ error ] [8]未定义数组索引: member
[ error ] [8]未定义数组索引: member
[ error ] [8]未定义数组索引: member
[ error ] [8]未定义变量: usableSum
---------------------------------------------------------------
[ 2018-10-15T20:08:35+08:00 ] ::1 ::1 GET /feichangcelue/reg.html
[ error ] [8]未定义数组索引: member
[ error ] [8]未定义数组索引: member
[ error ] [8]未定义数组索引: member
[ error ] [8]未定义变量: usableSum
---------------------------------------------------------------
[ 2018-10-15T20:09:34+08:00 ] ::1 ::1 GET /feichangcelue/reg.html
[ error ] [8]未定义数组索引: member
[ error ] [8]未定义数组索引: member
[ error ] [8]未定义数组索引: member
[ error ] [8]未定义变量: usableSum
---------------------------------------------------------------
[ 2018-10-15T20:10:15+08:00 ] ::1 ::1 GET /feichangcelue/reg.html
[ error ] [8]未定义数组索引: member
[ error ] [8]未定义数组索引: member
[ error ] [8]未定义数组索引: member
[ error ] [8]未定义变量: usableSum
---------------------------------------------------------------
[ 2018-10-15T20:10:47+08:00 ] ::1 ::1 GET /feichangcelue/reg.html?
[ error ] [8]未定义数组索引: member
[ error ] [8]未定义数组索引: member
[ error ] [8]未定义数组索引: member
[ error ] [8]未定义变量: usableSum
