---------------------------------------------------------------
[ 2018-10-16T17:55:45+08:00 ] ::1 ::1 GET /feichangcelue/buy.html
[ sql ] [ DB ] CONNECT:[ UseTime:0.015625s ] mysql:dbname=peizi;host=rm-wz9l3z92630ora5wjwo.mysql.rds.aliyuncs.com;port=3306;charset=utf8
[ sql ] [ SQL ] SHOW COLUMNS FROM `xh_admin_config` [ RunTime:0.008789s ]
[ sql ] [ SQL ] SELECT `name`,`value`,`type` FROM `xh_admin_config` [ RunTime:0.011719s ]
[ sql ] [ SQL ] SHOW COLUMNS FROM `xh_admin_module` [ RunTime:0.008789s ]
[ sql ] [ SQL ] SELECT `name`,`config` FROM `xh_admin_module` WHERE  `config` <> '' [ RunTime:0.010742s ]
[ sql ] [ SQL ] SHOW COLUMNS FROM `xh_admin_hook` [ RunTime:0.010742s ]
[ sql ] [ SQL ] SELECT `name`,`status` FROM `xh_admin_hook` WHERE  `status` = 1 [ RunTime:0.010742s ]
[ sql ] [ SQL ] SHOW COLUMNS FROM `xh_admin_plugin` [ RunTime:0.010742s ]
[ sql ] [ SQL ] SELECT `name`,`status` FROM `xh_admin_plugin` WHERE  `status` = 1 [ RunTime:0.009766s ]
[ sql ] [ SQL ] SHOW COLUMNS FROM `xh_admin_hook_plugin` [ RunTime:0.008789s ]
[ sql ] [ SQL ] SELECT * FROM `xh_admin_hook_plugin` WHERE  `status` = 1 ORDER BY hook,sort [ RunTime:0.007813s ]
[ sql ] [ SQL ] SHOW COLUMNS FROM `xh_member` [ RunTime:0.010742s ]
[ sql ] [ SQL ] SELECT `usableSum` FROM `xh_member` WHERE  (  id=1328 ) LIMIT 1 [ RunTime:0.010743s ]
[ sql ] [ SQL ] SHOW COLUMNS FROM `xh_stock_order` [ RunTime:0.010742s ]
[ sql ] [ SQL ] SELECT COUNT(*) AS tp_count FROM `xh_stock_order` WHERE  (  memberId=1328 and isFreetrial=0 and left(createTime,10)='2018-10-16' ) LIMIT 1 [ RunTime:0.010743s ]
[ sql ] [ SQL ] SHOW COLUMNS FROM `xh_shares` [ RunTime:0.008789s ]
[ sql ] [ SQL ] SELECT `market` FROM `xh_shares` WHERE  `code` = '' LIMIT 1 [ RunTime:0.010742s ]
[ sql ] [ SQL ] SHOW COLUMNS FROM `xh_sys_params` [ RunTime:0.011719s ]
[ sql ] [ SQL ] SELECT `value` FROM `xh_sys_params` WHERE  (  `key` = 'dealPoundage' ) LIMIT 1 [ RunTime:0.010742s ]
[ sql ] [ SQL ] SELECT `value` FROM `xh_sys_params` WHERE  (  `key` = 'delayFee' ) LIMIT 1 [ RunTime:0.009766s ]
[ sql ] [ SQL ] SELECT `value` FROM `xh_sys_params` WHERE  (  `key` = 'dealFee' ) LIMIT 1 [ RunTime:0.010742s ]
[ sql ] [ SQL ] SELECT `value` FROM `xh_sys_params` WHERE  (  `key` = 'lossLine' ) LIMIT 1 [ RunTime:0.010742s ]
[ sql ] [ SQL ] SELECT `value` FROM `xh_sys_params` WHERE  (  `key` = 'delayLineRate' ) LIMIT 1 [ RunTime:0.009765s ]
[ sql ] [ SQL ] SELECT `value` FROM `xh_sys_params` WHERE  (  `key` = 'stopLossRate' ) LIMIT 1 [ RunTime:0.010742s ]
[ sql ] [ SQL ] SHOW COLUMNS FROM `xh_stock_interest_lever` [ RunTime:0.009766s ]
[ sql ] [ SQL ] SELECT `interest` FROM `xh_stock_interest_lever` WHERE  (  `levers`='1' ) LIMIT 1 [ RunTime:0.009765s ]
[ sql ] [ SQL ] SELECT `interest` FROM `xh_stock_interest_lever` WHERE  (  `levers`='2' ) LIMIT 1 [ RunTime:0.008789s ]
[ sql ] [ SQL ] SELECT `interest` FROM `xh_stock_interest_lever` WHERE  (  `levers`='3' ) LIMIT 1 [ RunTime:0.009765s ]
[ sql ] [ SQL ] SELECT `interest` FROM `xh_stock_interest_lever` WHERE  (  `levers`='4' ) LIMIT 1 [ RunTime:0.010743s ]
[ sql ] [ SQL ] SELECT `interest` FROM `xh_stock_interest_lever` WHERE  (  `levers`='5' ) LIMIT 1 [ RunTime:0.008789s ]
[ sql ] [ SQL ] SELECT `interest` FROM `xh_stock_interest_lever` WHERE  (  `levers`='6' ) LIMIT 1 [ RunTime:0.009765s ]
[ sql ] [ SQL ] SELECT `interest` FROM `xh_stock_interest_lever` WHERE  (  `levers`='7' ) LIMIT 1 [ RunTime:0.009766s ]
[ sql ] [ SQL ] SELECT `interest` FROM `xh_stock_interest_lever` WHERE  (  `levers`='8' ) LIMIT 1 [ RunTime:0.006835s ]
[ sql ] [ SQL ] SELECT `interest` FROM `xh_stock_interest_lever` WHERE  (  `levers`='9' ) LIMIT 1 [ RunTime:0.010743s ]
[ sql ] [ SQL ] SELECT `interest` FROM `xh_stock_interest_lever` WHERE  (  `levers`='10' ) LIMIT 1 [ RunTime:0.008789s ]
[ sql ] [ SQL ] SHOW COLUMNS FROM `xh_stock_interest_lever_month` [ RunTime:0.010742s ]
[ sql ] [ SQL ] SELECT `interest` FROM `xh_stock_interest_lever_month` WHERE  (  `levers`='1' ) LIMIT 1 [ RunTime:0.008789s ]
[ sql ] [ SQL ] SELECT `interest` FROM `xh_stock_interest_lever_month` WHERE  (  `levers`='2' ) LIMIT 1 [ RunTime:0.011719s ]
[ sql ] [ SQL ] SELECT `interest` FROM `xh_stock_interest_lever_month` WHERE  (  `levers`='3' ) LIMIT 1 [ RunTime:0.008789s ]
[ sql ] [ SQL ] SELECT `interest` FROM `xh_stock_interest_lever_month` WHERE  (  `levers`='4' ) LIMIT 1 [ RunTime:0.008789s ]
[ sql ] [ SQL ] SELECT `interest` FROM `xh_stock_interest_lever_month` WHERE  (  `levers`='5' ) LIMIT 1 [ RunTime:0.010743s ]
[ sql ] [ SQL ] SELECT `interest` FROM `xh_stock_interest_lever_month` WHERE  (  `levers`='6' ) LIMIT 1 [ RunTime:0.008789s ]
[ sql ] [ SQL ] SELECT `interest` FROM `xh_stock_interest_lever_month` WHERE  (  `levers`='7' ) LIMIT 1 [ RunTime:0.009766s ]
[ sql ] [ SQL ] SELECT `interest` FROM `xh_stock_interest_lever_month` WHERE  (  `levers`='8' ) LIMIT 1 [ RunTime:0.011719s ]
[ sql ] [ SQL ] SELECT `interest` FROM `xh_stock_interest_lever_month` WHERE  (  `levers`='9' ) LIMIT 1 [ RunTime:0.008789s ]
[ sql ] [ SQL ] SELECT `interest` FROM `xh_stock_interest_lever_month` WHERE  (  `levers`='10' ) LIMIT 1 [ RunTime:0.009766s ]
[ sql ] [ SQL ] SELECT `market` FROM `xh_shares` WHERE  `code` = '000001' LIMIT 1 [ RunTime:0.008789s ]
---------------------------------------------------------------
[ 2018-10-16T18:05:01+08:00 ] ::1 ::1 GET /feichangcelue/
[ sql ] [ DB ] CONNECT:[ UseTime:0.032226s ] mysql:dbname=peizi;host=rm-wz9l3z92630ora5wjwo.mysql.rds.aliyuncs.com;port=3306;charset=utf8
[ sql ] [ SQL ] select a.stockCode, c.`name` as stockName,  a.createTime, b.username,b.mobile
			from xh_stock_order as a, xh_member as b, xh_shares as c
			 WHERE isFreetrial=0 and a.memberId = b.id and a.stockCode=c.`code`
			order by a.id desc limit 7 [ RunTime:0.017578s ]
[ error ] [8]未定义数组索引: member
[ error ] [8]未定义数组索引: member
[ error ] [8]未定义数组索引: member
[ error ] [8]未定义数组索引: member
[ error ] [8]未定义变量: usableSum
[ error ] [8]未定义数组索引: member
[ error ] [8]未定义变量: count
[ error ] [8]未定义变量: earnSum
[ error ] [8]未定义变量: buyList
[ error ] [8]未定义变量: buyList
[ error ] [8]未定义变量: buyList
