---------------------------------------------------------------
[ 2018-10-17T14:11:43+08:00 ] ::1 ::1 GET /feichangcelue/buy
[ sql ] [ DB ] CONNECT:[ UseTime:0.046175s ] mysql:dbname=peizi;host=rm-wz9l3z92630ora5wjwo.mysql.rds.aliyuncs.com;port=3306;charset=utf8
[ sql ] [ SQL ] SHOW COLUMNS FROM `xh_admin_config` [ RunTime:0.017132s ]
[ sql ] [ SQL ] SELECT `name`,`value`,`type` FROM `xh_admin_config` [ RunTime:0.017068s ]
[ sql ] [ SQL ] SHOW COLUMNS FROM `xh_admin_module` [ RunTime:0.016382s ]
[ sql ] [ SQL ] SELECT `name`,`config` FROM `xh_admin_module` WHERE  `config` <> '' [ RunTime:0.015615s ]
[ sql ] [ SQL ] SHOW COLUMNS FROM `xh_admin_hook` [ RunTime:0.016492s ]
[ sql ] [ SQL ] SELECT `name`,`status` FROM `xh_admin_hook` WHERE  `status` = 1 [ RunTime:0.015956s ]
[ sql ] [ SQL ] SHOW COLUMNS FROM `xh_admin_plugin` [ RunTime:0.016257s ]
[ sql ] [ SQL ] SELECT `name`,`status` FROM `xh_admin_plugin` WHERE  `status` = 1 [ RunTime:0.015912s ]
[ sql ] [ SQL ] SHOW COLUMNS FROM `xh_admin_hook_plugin` [ RunTime:0.016096s ]
[ sql ] [ SQL ] SELECT * FROM `xh_admin_hook_plugin` WHERE  `status` = 1 ORDER BY hook,sort [ RunTime:0.016219s ]
[ sql ] [ SQL ] SHOW COLUMNS FROM `xh_member` [ RunTime:0.016153s ]
[ sql ] [ SQL ] SELECT `usableSum` FROM `xh_member` WHERE  (  id=1341 ) LIMIT 1 [ RunTime:0.015069s ]
[ sql ] [ SQL ] SHOW COLUMNS FROM `xh_stock_order` [ RunTime:0.016795s ]
[ sql ] [ SQL ] SELECT COUNT(*) AS tp_count FROM `xh_stock_order` WHERE  (  memberId=1341 and isFreetrial=0 and left(createTime,10)='2018-10-17' ) LIMIT 1 [ RunTime:0.015671s ]
[ sql ] [ SQL ] SHOW COLUMNS FROM `xh_shares` [ RunTime:0.016926s ]
[ sql ] [ SQL ] SELECT `market` FROM `xh_shares` WHERE  `code` = '' LIMIT 1 [ RunTime:0.015729s ]
[ sql ] [ SQL ] SHOW COLUMNS FROM `xh_sys_params` [ RunTime:0.014799s ]
[ sql ] [ SQL ] SELECT `value` FROM `xh_sys_params` WHERE  (  `key` = 'dealPoundage' ) LIMIT 1 [ RunTime:0.015608s ]
[ sql ] [ SQL ] SELECT `value` FROM `xh_sys_params` WHERE  (  `key` = 'delayFee' ) LIMIT 1 [ RunTime:0.015417s ]
[ sql ] [ SQL ] SELECT `value` FROM `xh_sys_params` WHERE  (  `key` = 'dealFee' ) LIMIT 1 [ RunTime:0.015983s ]
[ sql ] [ SQL ] SELECT `value` FROM `xh_sys_params` WHERE  (  `key` = 'lossLine' ) LIMIT 1 [ RunTime:0.014611s ]
[ sql ] [ SQL ] SELECT `value` FROM `xh_sys_params` WHERE  (  `key` = 'delayLineRate' ) LIMIT 1 [ RunTime:0.016075s ]
[ sql ] [ SQL ] SELECT `value` FROM `xh_sys_params` WHERE  (  `key` = 'stopLossRate' ) LIMIT 1 [ RunTime:0.015811s ]
[ sql ] [ SQL ] SHOW COLUMNS FROM `xh_stock_interest_lever` [ RunTime:0.015943s ]
[ sql ] [ SQL ] SELECT `interest` FROM `xh_stock_interest_lever` WHERE  (  `levers`='1' ) LIMIT 1 [ RunTime:0.015632s ]
[ sql ] [ SQL ] SELECT `interest` FROM `xh_stock_interest_lever` WHERE  (  `levers`='2' ) LIMIT 1 [ RunTime:0.015166s ]
[ sql ] [ SQL ] SELECT `interest` FROM `xh_stock_interest_lever` WHERE  (  `levers`='3' ) LIMIT 1 [ RunTime:0.015263s ]
[ sql ] [ SQL ] SELECT `interest` FROM `xh_stock_interest_lever` WHERE  (  `levers`='4' ) LIMIT 1 [ RunTime:0.015363s ]
[ sql ] [ SQL ] SELECT `interest` FROM `xh_stock_interest_lever` WHERE  (  `levers`='5' ) LIMIT 1 [ RunTime:0.014611s ]
[ sql ] [ SQL ] SELECT `interest` FROM `xh_stock_interest_lever` WHERE  (  `levers`='6' ) LIMIT 1 [ RunTime:0.015972s ]
[ sql ] [ SQL ] SELECT `interest` FROM `xh_stock_interest_lever` WHERE  (  `levers`='7' ) LIMIT 1 [ RunTime:0.014582s ]
[ sql ] [ SQL ] SELECT `interest` FROM `xh_stock_interest_lever` WHERE  (  `levers`='8' ) LIMIT 1 [ RunTime:0.015485s ]
[ sql ] [ SQL ] SELECT `interest` FROM `xh_stock_interest_lever` WHERE  (  `levers`='9' ) LIMIT 1 [ RunTime:0.016409s ]
[ sql ] [ SQL ] SELECT `interest` FROM `xh_stock_interest_lever` WHERE  (  `levers`='10' ) LIMIT 1 [ RunTime:0.015410s ]
[ sql ] [ SQL ] SHOW COLUMNS FROM `xh_stock_interest_lever_month` [ RunTime:0.015752s ]
[ sql ] [ SQL ] SELECT `interest` FROM `xh_stock_interest_lever_month` WHERE  (  `levers`='1' ) LIMIT 1 [ RunTime:0.015712s ]
[ sql ] [ SQL ] SELECT `interest` FROM `xh_stock_interest_lever_month` WHERE  (  `levers`='2' ) LIMIT 1 [ RunTime:0.015680s ]
[ sql ] [ SQL ] SELECT `interest` FROM `xh_stock_interest_lever_month` WHERE  (  `levers`='3' ) LIMIT 1 [ RunTime:0.015338s ]
[ sql ] [ SQL ] SELECT `interest` FROM `xh_stock_interest_lever_month` WHERE  (  `levers`='4' ) LIMIT 1 [ RunTime:0.015907s ]
[ sql ] [ SQL ] SELECT `interest` FROM `xh_stock_interest_lever_month` WHERE  (  `levers`='5' ) LIMIT 1 [ RunTime:0.015904s ]
[ sql ] [ SQL ] SELECT `interest` FROM `xh_stock_interest_lever_month` WHERE  (  `levers`='6' ) LIMIT 1 [ RunTime:0.015484s ]
[ sql ] [ SQL ] SELECT `interest` FROM `xh_stock_interest_lever_month` WHERE  (  `levers`='7' ) LIMIT 1 [ RunTime:0.015734s ]
[ sql ] [ SQL ] SELECT `interest` FROM `xh_stock_interest_lever_month` WHERE  (  `levers`='8' ) LIMIT 1 [ RunTime:0.015934s ]
[ sql ] [ SQL ] SELECT `interest` FROM `xh_stock_interest_lever_month` WHERE  (  `levers`='9' ) LIMIT 1 [ RunTime:0.015727s ]
[ sql ] [ SQL ] SELECT `interest` FROM `xh_stock_interest_lever_month` WHERE  (  `levers`='10' ) LIMIT 1 [ RunTime:0.015918s ]
[ sql ] [ SQL ] SELECT `market` FROM `xh_shares` WHERE  `code` = '000001' LIMIT 1 [ RunTime:0.015787s ]
---------------------------------------------------------------
[ 2018-10-17T14:12:33+08:00 ] ::1 ::1 GET /feichangcelue/buy
[ sql ] [ DB ] CONNECT:[ UseTime:0.039003s ] mysql:dbname=peizi;host=rm-wz9l3z92630ora5wjwo.mysql.rds.aliyuncs.com;port=3306;charset=utf8
[ sql ] [ SQL ] SHOW COLUMNS FROM `xh_member` [ RunTime:0.016544s ]
[ sql ] [ SQL ] SELECT `usableSum` FROM `xh_member` WHERE  (  id=1341 ) LIMIT 1 [ RunTime:0.015509s ]
[ sql ] [ SQL ] SHOW COLUMNS FROM `xh_stock_order` [ RunTime:0.016865s ]
[ sql ] [ SQL ] SELECT COUNT(*) AS tp_count FROM `xh_stock_order` WHERE  (  memberId=1341 and isFreetrial=0 and left(createTime,10)='2018-10-17' ) LIMIT 1 [ RunTime:0.015639s ]
[ sql ] [ SQL ] SHOW COLUMNS FROM `xh_shares` [ RunTime:0.016729s ]
[ sql ] [ SQL ] SELECT `market` FROM `xh_shares` WHERE  `code` = '' LIMIT 1 [ RunTime:0.015793s ]
[ sql ] [ SQL ] SHOW COLUMNS FROM `xh_sys_params` [ RunTime:0.015857s ]
[ sql ] [ SQL ] SELECT `value` FROM `xh_sys_params` WHERE  (  `key` = 'dealPoundage' ) LIMIT 1 [ RunTime:0.015610s ]
[ sql ] [ SQL ] SELECT `value` FROM `xh_sys_params` WHERE  (  `key` = 'delayFee' ) LIMIT 1 [ RunTime:0.015949s ]
[ sql ] [ SQL ] SELECT `value` FROM `xh_sys_params` WHERE  (  `key` = 'dealFee' ) LIMIT 1 [ RunTime:0.015469s ]
[ sql ] [ SQL ] SELECT `value` FROM `xh_sys_params` WHERE  (  `key` = 'lossLine' ) LIMIT 1 [ RunTime:0.015579s ]
[ sql ] [ SQL ] SELECT `value` FROM `xh_sys_params` WHERE  (  `key` = 'delayLineRate' ) LIMIT 1 [ RunTime:0.015410s ]
[ sql ] [ SQL ] SELECT `value` FROM `xh_sys_params` WHERE  (  `key` = 'stopLossRate' ) LIMIT 1 [ RunTime:0.016125s ]
[ sql ] [ SQL ] SHOW COLUMNS FROM `xh_stock_interest_lever` [ RunTime:0.016482s ]
[ sql ] [ SQL ] SELECT `interest` FROM `xh_stock_interest_lever` WHERE  (  `levers`='1' ) LIMIT 1 [ RunTime:0.015598s ]
[ sql ] [ SQL ] SELECT `interest` FROM `xh_stock_interest_lever` WHERE  (  `levers`='2' ) LIMIT 1 [ RunTime:0.015375s ]
[ sql ] [ SQL ] SELECT `interest` FROM `xh_stock_interest_lever` WHERE  (  `levers`='3' ) LIMIT 1 [ RunTime:0.015298s ]
[ sql ] [ SQL ] SELECT `interest` FROM `xh_stock_interest_lever` WHERE  (  `levers`='4' ) LIMIT 1 [ RunTime:0.016046s ]
[ sql ] [ SQL ] SELECT `interest` FROM `xh_stock_interest_lever` WHERE  (  `levers`='5' ) LIMIT 1 [ RunTime:0.016207s ]
[ sql ] [ SQL ] SELECT `interest` FROM `xh_stock_interest_lever` WHERE  (  `levers`='6' ) LIMIT 1 [ RunTime:0.015913s ]
[ sql ] [ SQL ] SELECT `interest` FROM `xh_stock_interest_lever` WHERE  (  `levers`='7' ) LIMIT 1 [ RunTime:0.015705s ]
[ sql ] [ SQL ] SELECT `interest` FROM `xh_stock_interest_lever` WHERE  (  `levers`='8' ) LIMIT 1 [ RunTime:0.015931s ]
[ sql ] [ SQL ] SELECT `interest` FROM `xh_stock_interest_lever` WHERE  (  `levers`='9' ) LIMIT 1 [ RunTime:0.014680s ]
[ sql ] [ SQL ] SELECT `interest` FROM `xh_stock_interest_lever` WHERE  (  `levers`='10' ) LIMIT 1 [ RunTime:0.015966s ]
[ sql ] [ SQL ] SHOW COLUMNS FROM `xh_stock_interest_lever_month` [ RunTime:0.016821s ]
[ sql ] [ SQL ] SELECT `interest` FROM `xh_stock_interest_lever_month` WHERE  (  `levers`='1' ) LIMIT 1 [ RunTime:0.015620s ]
[ sql ] [ SQL ] SELECT `interest` FROM `xh_stock_interest_lever_month` WHERE  (  `levers`='2' ) LIMIT 1 [ RunTime:0.016010s ]
[ sql ] [ SQL ] SELECT `interest` FROM `xh_stock_interest_lever_month` WHERE  (  `levers`='3' ) LIMIT 1 [ RunTime:0.016073s ]
[ sql ] [ SQL ] SELECT `interest` FROM `xh_stock_interest_lever_month` WHERE  (  `levers`='4' ) LIMIT 1 [ RunTime:0.016175s ]
[ sql ] [ SQL ] SELECT `interest` FROM `xh_stock_interest_lever_month` WHERE  (  `levers`='5' ) LIMIT 1 [ RunTime:0.015830s ]
[ sql ] [ SQL ] SELECT `interest` FROM `xh_stock_interest_lever_month` WHERE  (  `levers`='6' ) LIMIT 1 [ RunTime:0.016009s ]
[ sql ] [ SQL ] SELECT `interest` FROM `xh_stock_interest_lever_month` WHERE  (  `levers`='7' ) LIMIT 1 [ RunTime:0.015532s ]
[ sql ] [ SQL ] SELECT `interest` FROM `xh_stock_interest_lever_month` WHERE  (  `levers`='8' ) LIMIT 1 [ RunTime:0.016339s ]
[ sql ] [ SQL ] SELECT `interest` FROM `xh_stock_interest_lever_month` WHERE  (  `levers`='9' ) LIMIT 1 [ RunTime:0.015905s ]
[ sql ] [ SQL ] SELECT `interest` FROM `xh_stock_interest_lever_month` WHERE  (  `levers`='10' ) LIMIT 1 [ RunTime:0.015986s ]
[ sql ] [ SQL ] SELECT `market` FROM `xh_shares` WHERE  `code` = '000001' LIMIT 1 [ RunTime:0.015960s ]
---------------------------------------------------------------
[ 2018-10-17T14:16:19+08:00 ] ::1 ::1 GET /feichangcelue/buy
[ sql ] [ DB ] CONNECT:[ UseTime:0.032346s ] mysql:dbname=peizi;host=rm-wz9l3z92630ora5wjwo.mysql.rds.aliyuncs.com;port=3306;charset=utf8
[ sql ] [ SQL ] SHOW COLUMNS FROM `xh_member` [ RunTime:0.010777s ]
[ sql ] [ SQL ] SELECT `usableSum` FROM `xh_member` WHERE  (  id=1341 ) LIMIT 1 [ RunTime:0.009801s ]
[ sql ] [ SQL ] SHOW COLUMNS FROM `xh_stock_order` [ RunTime:0.009647s ]
[ sql ] [ SQL ] SELECT COUNT(*) AS tp_count FROM `xh_stock_order` WHERE  (  memberId=1341 and isFreetrial=0 and left(createTime,10)='2018-10-17' ) LIMIT 1 [ RunTime:0.009731s ]
[ sql ] [ SQL ] SHOW COLUMNS FROM `xh_shares` [ RunTime:0.010668s ]
[ sql ] [ SQL ] SELECT `market` FROM `xh_shares` WHERE  `code` = '' LIMIT 1 [ RunTime:0.010398s ]
[ sql ] [ SQL ] SHOW COLUMNS FROM `xh_sys_params` [ RunTime:0.009352s ]
[ sql ] [ SQL ] SELECT `value` FROM `xh_sys_params` WHERE  (  `key` = 'dealPoundage' ) LIMIT 1 [ RunTime:0.009759s ]
[ sql ] [ SQL ] SELECT `value` FROM `xh_sys_params` WHERE  (  `key` = 'delayFee' ) LIMIT 1 [ RunTime:0.009864s ]
[ sql ] [ SQL ] SELECT `value` FROM `xh_sys_params` WHERE  (  `key` = 'dealFee' ) LIMIT 1 [ RunTime:0.010213s ]
[ sql ] [ SQL ] SELECT `value` FROM `xh_sys_params` WHERE  (  `key` = 'lossLine' ) LIMIT 1 [ RunTime:0.010413s ]
[ sql ] [ SQL ] SELECT `value` FROM `xh_sys_params` WHERE  (  `key` = 'delayLineRate' ) LIMIT 1 [ RunTime:0.009628s ]
[ sql ] [ SQL ] SELECT `value` FROM `xh_sys_params` WHERE  (  `key` = 'stopLossRate' ) LIMIT 1 [ RunTime:0.010045s ]
[ sql ] [ SQL ] SHOW COLUMNS FROM `xh_stock_interest_lever` [ RunTime:0.011409s ]
[ sql ] [ SQL ] SELECT `interest` FROM `xh_stock_interest_lever` WHERE  (  `levers`='1' ) LIMIT 1 [ RunTime:0.010325s ]
[ sql ] [ SQL ] SELECT `interest` FROM `xh_stock_interest_lever` WHERE  (  `levers`='2' ) LIMIT 1 [ RunTime:0.009607s ]
[ sql ] [ SQL ] SELECT `interest` FROM `xh_stock_interest_lever` WHERE  (  `levers`='3' ) LIMIT 1 [ RunTime:0.010347s ]
[ sql ] [ SQL ] SELECT `interest` FROM `xh_stock_interest_lever` WHERE  (  `levers`='4' ) LIMIT 1 [ RunTime:0.009937s ]
[ sql ] [ SQL ] SELECT `interest` FROM `xh_stock_interest_lever` WHERE  (  `levers`='5' ) LIMIT 1 [ RunTime:0.009453s ]
[ sql ] [ SQL ] SELECT `interest` FROM `xh_stock_interest_lever` WHERE  (  `levers`='6' ) LIMIT 1 [ RunTime:0.010153s ]
[ sql ] [ SQL ] SELECT `interest` FROM `xh_stock_interest_lever` WHERE  (  `levers`='7' ) LIMIT 1 [ RunTime:0.010057s ]
[ sql ] [ SQL ] SELECT `interest` FROM `xh_stock_interest_lever` WHERE  (  `levers`='8' ) LIMIT 1 [ RunTime:0.008804s ]
[ sql ] [ SQL ] SELECT `interest` FROM `xh_stock_interest_lever` WHERE  (  `levers`='9' ) LIMIT 1 [ RunTime:0.010057s ]
[ sql ] [ SQL ] SELECT `interest` FROM `xh_stock_interest_lever` WHERE  (  `levers`='10' ) LIMIT 1 [ RunTime:0.010215s ]
[ sql ] [ SQL ] SHOW COLUMNS FROM `xh_stock_interest_lever_month` [ RunTime:0.009230s ]
[ sql ] [ SQL ] SELECT `interest` FROM `xh_stock_interest_lever_month` WHERE  (  `levers`='1' ) LIMIT 1 [ RunTime:0.009648s ]
[ sql ] [ SQL ] SELECT `interest` FROM `xh_stock_interest_lever_month` WHERE  (  `levers`='2' ) LIMIT 1 [ RunTime:0.010265s ]
[ sql ] [ SQL ] SELECT `interest` FROM `xh_stock_interest_lever_month` WHERE  (  `levers`='3' ) LIMIT 1 [ RunTime:0.010183s ]
[ sql ] [ SQL ] SELECT `interest` FROM `xh_stock_interest_lever_month` WHERE  (  `levers`='4' ) LIMIT 1 [ RunTime:0.010251s ]
[ sql ] [ SQL ] SELECT `interest` FROM `xh_stock_interest_lever_month` WHERE  (  `levers`='5' ) LIMIT 1 [ RunTime:0.010207s ]
[ sql ] [ SQL ] SELECT `interest` FROM `xh_stock_interest_lever_month` WHERE  (  `levers`='6' ) LIMIT 1 [ RunTime:0.010249s ]
[ sql ] [ SQL ] SELECT `interest` FROM `xh_stock_interest_lever_month` WHERE  (  `levers`='7' ) LIMIT 1 [ RunTime:0.009742s ]
[ sql ] [ SQL ] SELECT `interest` FROM `xh_stock_interest_lever_month` WHERE  (  `levers`='8' ) LIMIT 1 [ RunTime:0.009533s ]
[ sql ] [ SQL ] SELECT `interest` FROM `xh_stock_interest_lever_month` WHERE  (  `levers`='9' ) LIMIT 1 [ RunTime:0.010312s ]
[ sql ] [ SQL ] SELECT `interest` FROM `xh_stock_interest_lever_month` WHERE  (  `levers`='10' ) LIMIT 1 [ RunTime:0.010173s ]
[ sql ] [ SQL ] SELECT `market` FROM `xh_shares` WHERE  `code` = '000001' LIMIT 1 [ RunTime:0.010001s ]
---------------------------------------------------------------
[ 2018-10-17T14:16:22+08:00 ] ::1 ::1 GET /feichangcelue/index/Alistock/getSharesByKeywords?keywords=2
[ sql ] [ DB ] CONNECT:[ UseTime:0.029588s ] mysql:dbname=peizi;host=rm-wz9l3z92630ora5wjwo.mysql.rds.aliyuncs.com;port=3306;charset=utf8
[ sql ] [ SQL ] SHOW COLUMNS FROM `xh_member` [ RunTime:0.012044s ]
[ sql ] [ SQL ] SELECT `usableSum` FROM `xh_member` WHERE  (  id=1341 ) LIMIT 1 [ RunTime:0.011205s ]
[ sql ] [ SQL ] SHOW COLUMNS FROM `xh_shares` [ RunTime:0.010679s ]
[ sql ] [ SQL ] SELECT `id`,`name`,`code`,`pinyin` FROM `xh_shares` WHERE  (   `name` like '%2%' or `pinyin` like '%2%' or `code` like '%2%'  ) [ RunTime:0.031759s ]
---------------------------------------------------------------
[ 2018-10-17T14:16:22+08:00 ] ::1 ::1 GET /feichangcelue/index/Alistock/getSharesByKeywords?keywords=20
[ sql ] [ DB ] CONNECT:[ UseTime:0.031045s ] mysql:dbname=peizi;host=rm-wz9l3z92630ora5wjwo.mysql.rds.aliyuncs.com;port=3306;charset=utf8
[ sql ] [ SQL ] SHOW COLUMNS FROM `xh_member` [ RunTime:0.012097s ]
[ sql ] [ SQL ] SELECT `usableSum` FROM `xh_member` WHERE  (  id=1341 ) LIMIT 1 [ RunTime:0.010480s ]
[ sql ] [ SQL ] SHOW COLUMNS FROM `xh_shares` [ RunTime:0.012138s ]
[ sql ] [ SQL ] SELECT `id`,`name`,`code`,`pinyin` FROM `xh_shares` WHERE  (   `name` like '%20%' or `pinyin` like '%20%' or `code` like '%20%'  ) [ RunTime:0.016683s ]
---------------------------------------------------------------
[ 2018-10-17T14:16:23+08:00 ] ::1 ::1 GET /feichangcelue/index/Alistock/getSharesByKeywords?keywords=200
[ sql ] [ DB ] CONNECT:[ UseTime:0.033676s ] mysql:dbname=peizi;host=rm-wz9l3z92630ora5wjwo.mysql.rds.aliyuncs.com;port=3306;charset=utf8
[ sql ] [ SQL ] SHOW COLUMNS FROM `xh_member` [ RunTime:0.014189s ]
[ sql ] [ SQL ] SELECT `usableSum` FROM `xh_member` WHERE  (  id=1341 ) LIMIT 1 [ RunTime:0.014265s ]
[ sql ] [ SQL ] SHOW COLUMNS FROM `xh_shares` [ RunTime:0.015681s ]
[ sql ] [ SQL ] SELECT `id`,`name`,`code`,`pinyin` FROM `xh_shares` WHERE  (   `name` like '%200%' or `pinyin` like '%200%' or `code` like '%200%'  ) [ RunTime:0.019652s ]
---------------------------------------------------------------
[ 2018-10-17T14:16:23+08:00 ] ::1 ::1 GET /feichangcelue/index/Alistock/getSharesByKeywords?keywords=2003
[ sql ] [ DB ] CONNECT:[ UseTime:0.029669s ] mysql:dbname=peizi;host=rm-wz9l3z92630ora5wjwo.mysql.rds.aliyuncs.com;port=3306;charset=utf8
[ sql ] [ SQL ] SHOW COLUMNS FROM `xh_member` [ RunTime:0.013653s ]
[ sql ] [ SQL ] SELECT `usableSum` FROM `xh_member` WHERE  (  id=1341 ) LIMIT 1 [ RunTime:0.012286s ]
[ sql ] [ SQL ] SHOW COLUMNS FROM `xh_shares` [ RunTime:0.013226s ]
[ sql ] [ SQL ] SELECT `id`,`name`,`code`,`pinyin` FROM `xh_shares` WHERE  (   `name` like '%2003%' or `pinyin` like '%2003%' or `code` like '%2003%'  ) [ RunTime:0.015073s ]
---------------------------------------------------------------
[ 2018-10-17T14:16:25+08:00 ] ::1 ::1 POST /feichangcelue/index/Index/buy
[ sql ] [ DB ] CONNECT:[ UseTime:0.034718s ] mysql:dbname=peizi;host=rm-wz9l3z92630ora5wjwo.mysql.rds.aliyuncs.com;port=3306;charset=utf8
[ sql ] [ SQL ] SHOW COLUMNS FROM `xh_member` [ RunTime:0.017278s ]
[ sql ] [ SQL ] SELECT `usableSum` FROM `xh_member` WHERE  (  id=1341 ) LIMIT 1 [ RunTime:0.016117s ]
[ sql ] [ SQL ] SHOW COLUMNS FROM `xh_stock_order` [ RunTime:0.016945s ]
[ sql ] [ SQL ] SELECT COUNT(*) AS tp_count FROM `xh_stock_order` WHERE  (  memberId=1341 and isFreetrial=0 and left(createTime,10)='2018-10-17' ) LIMIT 1 [ RunTime:0.016603s ]
[ sql ] [ SQL ] SHOW COLUMNS FROM `xh_shares` [ RunTime:0.017841s ]
[ sql ] [ SQL ] SELECT `market` FROM `xh_shares` WHERE  `code` = '002003' LIMIT 1 [ RunTime:0.016471s ]
[ sql ] [ SQL ] SHOW COLUMNS FROM `xh_sys_params` [ RunTime:0.015804s ]
[ sql ] [ SQL ] SELECT `value` FROM `xh_sys_params` WHERE  (  `key` = 'dealPoundage' ) LIMIT 1 [ RunTime:0.015944s ]
[ sql ] [ SQL ] SELECT `value` FROM `xh_sys_params` WHERE  (  `key` = 'delayFee' ) LIMIT 1 [ RunTime:0.016097s ]
[ sql ] [ SQL ] SELECT `value` FROM `xh_sys_params` WHERE  (  `key` = 'dealFee' ) LIMIT 1 [ RunTime:0.015933s ]
[ sql ] [ SQL ] SELECT `value` FROM `xh_sys_params` WHERE  (  `key` = 'lossLine' ) LIMIT 1 [ RunTime:0.016217s ]
[ sql ] [ SQL ] SELECT `value` FROM `xh_sys_params` WHERE  (  `key` = 'delayLineRate' ) LIMIT 1 [ RunTime:0.015896s ]
[ sql ] [ SQL ] SELECT `value` FROM `xh_sys_params` WHERE  (  `key` = 'stopLossRate' ) LIMIT 1 [ RunTime:0.016155s ]
[ sql ] [ SQL ] SHOW COLUMNS FROM `xh_stock_interest_lever` [ RunTime:0.016608s ]
[ sql ] [ SQL ] SELECT `interest` FROM `xh_stock_interest_lever` WHERE  (  `levers`='1' ) LIMIT 1 [ RunTime:0.014952s ]
[ sql ] [ SQL ] SELECT `interest` FROM `xh_stock_interest_lever` WHERE  (  `levers`='2' ) LIMIT 1 [ RunTime:0.015471s ]
[ sql ] [ SQL ] SELECT `interest` FROM `xh_stock_interest_lever` WHERE  (  `levers`='3' ) LIMIT 1 [ RunTime:0.016131s ]
[ sql ] [ SQL ] SELECT `interest` FROM `xh_stock_interest_lever` WHERE  (  `levers`='4' ) LIMIT 1 [ RunTime:0.015795s ]
[ sql ] [ SQL ] SELECT `interest` FROM `xh_stock_interest_lever` WHERE  (  `levers`='5' ) LIMIT 1 [ RunTime:0.015703s ]
[ sql ] [ SQL ] SELECT `interest` FROM `xh_stock_interest_lever` WHERE  (  `levers`='6' ) LIMIT 1 [ RunTime:0.016016s ]
[ sql ] [ SQL ] SELECT `interest` FROM `xh_stock_interest_lever` WHERE  (  `levers`='7' ) LIMIT 1 [ RunTime:0.016866s ]
[ sql ] [ SQL ] SELECT `interest` FROM `xh_stock_interest_lever` WHERE  (  `levers`='8' ) LIMIT 1 [ RunTime:0.018436s ]
[ sql ] [ SQL ] SELECT `interest` FROM `xh_stock_interest_lever` WHERE  (  `levers`='9' ) LIMIT 1 [ RunTime:0.016162s ]
[ sql ] [ SQL ] SELECT `interest` FROM `xh_stock_interest_lever` WHERE  (  `levers`='10' ) LIMIT 1 [ RunTime:0.015602s ]
[ sql ] [ SQL ] SHOW COLUMNS FROM `xh_stock_interest_lever_month` [ RunTime:0.015989s ]
[ sql ] [ SQL ] SELECT `interest` FROM `xh_stock_interest_lever_month` WHERE  (  `levers`='1' ) LIMIT 1 [ RunTime:0.014861s ]
[ sql ] [ SQL ] SELECT `interest` FROM `xh_stock_interest_lever_month` WHERE  (  `levers`='2' ) LIMIT 1 [ RunTime:0.016125s ]
[ sql ] [ SQL ] SELECT `interest` FROM `xh_stock_interest_lever_month` WHERE  (  `levers`='3' ) LIMIT 1 [ RunTime:0.015622s ]
[ sql ] [ SQL ] SELECT `interest` FROM `xh_stock_interest_lever_month` WHERE  (  `levers`='4' ) LIMIT 1 [ RunTime:0.015850s ]
[ sql ] [ SQL ] SELECT `interest` FROM `xh_stock_interest_lever_month` WHERE  (  `levers`='5' ) LIMIT 1 [ RunTime:0.015928s ]
[ sql ] [ SQL ] SELECT `interest` FROM `xh_stock_interest_lever_month` WHERE  (  `levers`='6' ) LIMIT 1 [ RunTime:0.013107s ]
[ sql ] [ SQL ] SELECT `interest` FROM `xh_stock_interest_lever_month` WHERE  (  `levers`='7' ) LIMIT 1 [ RunTime:0.014766s ]
[ sql ] [ SQL ] SELECT `interest` FROM `xh_stock_interest_lever_month` WHERE  (  `levers`='8' ) LIMIT 1 [ RunTime:0.016112s ]
[ sql ] [ SQL ] SELECT `interest` FROM `xh_stock_interest_lever_month` WHERE  (  `levers`='9' ) LIMIT 1 [ RunTime:0.015943s ]
[ sql ] [ SQL ] SELECT `interest` FROM `xh_stock_interest_lever_month` WHERE  (  `levers`='10' ) LIMIT 1 [ RunTime:0.015870s ]
---------------------------------------------------------------
[ 2018-10-17T14:16:31+08:00 ] ::1 ::1 GET /feichangcelue/index/Alistock/getSharesByKeywords?keywords=56
[ sql ] [ DB ] CONNECT:[ UseTime:0.030123s ] mysql:dbname=peizi;host=rm-wz9l3z92630ora5wjwo.mysql.rds.aliyuncs.com;port=3306;charset=utf8
[ sql ] [ SQL ] SHOW COLUMNS FROM `xh_member` [ RunTime:0.010694s ]
[ sql ] [ SQL ] SELECT `usableSum` FROM `xh_member` WHERE  (  id=1341 ) LIMIT 1 [ RunTime:0.010512s ]
[ sql ] [ SQL ] SHOW COLUMNS FROM `xh_shares` [ RunTime:0.010410s ]
[ sql ] [ SQL ] SELECT `id`,`name`,`code`,`pinyin` FROM `xh_shares` WHERE  (   `name` like '%56%' or `pinyin` like '%56%' or `code` like '%56%'  ) [ RunTime:0.014327s ]
---------------------------------------------------------------
[ 2018-10-17T14:16:32+08:00 ] ::1 ::1 GET /feichangcelue/index/Alistock/getSharesByKeywords?keywords=56
[ sql ] [ DB ] CONNECT:[ UseTime:0.039568s ] mysql:dbname=peizi;host=rm-wz9l3z92630ora5wjwo.mysql.rds.aliyuncs.com;port=3306;charset=utf8
[ sql ] [ SQL ] SHOW COLUMNS FROM `xh_member` [ RunTime:0.017459s ]
[ sql ] [ SQL ] SELECT `usableSum` FROM `xh_member` WHERE  (  id=1341 ) LIMIT 1 [ RunTime:0.016280s ]
[ sql ] [ SQL ] SHOW COLUMNS FROM `xh_shares` [ RunTime:0.016511s ]
[ sql ] [ SQL ] SELECT `id`,`name`,`code`,`pinyin` FROM `xh_shares` WHERE  (   `name` like '%56%' or `pinyin` like '%56%' or `code` like '%56%'  ) [ RunTime:0.021615s ]
---------------------------------------------------------------
[ 2018-10-17T14:16:33+08:00 ] ::1 ::1 POST /feichangcelue/index/Index/buy
[ sql ] [ DB ] CONNECT:[ UseTime:0.030861s ] mysql:dbname=peizi;host=rm-wz9l3z92630ora5wjwo.mysql.rds.aliyuncs.com;port=3306;charset=utf8
[ sql ] [ SQL ] SHOW COLUMNS FROM `xh_member` [ RunTime:0.012381s ]
[ sql ] [ SQL ] SELECT `usableSum` FROM `xh_member` WHERE  (  id=1341 ) LIMIT 1 [ RunTime:0.010240s ]
[ sql ] [ SQL ] SHOW COLUMNS FROM `xh_stock_order` [ RunTime:0.010976s ]
[ sql ] [ SQL ] SELECT COUNT(*) AS tp_count FROM `xh_stock_order` WHERE  (  memberId=1341 and isFreetrial=0 and left(createTime,10)='2018-10-17' ) LIMIT 1 [ RunTime:0.010195s ]
[ sql ] [ SQL ] SHOW COLUMNS FROM `xh_shares` [ RunTime:0.010756s ]
[ sql ] [ SQL ] SELECT `market` FROM `xh_shares` WHERE  `code` = '600656' LIMIT 1 [ RunTime:0.010187s ]
[ sql ] [ SQL ] SHOW COLUMNS FROM `xh_sys_params` [ RunTime:0.010135s ]
[ sql ] [ SQL ] SELECT `value` FROM `xh_sys_params` WHERE  (  `key` = 'dealPoundage' ) LIMIT 1 [ RunTime:0.010397s ]
[ sql ] [ SQL ] SELECT `value` FROM `xh_sys_params` WHERE  (  `key` = 'delayFee' ) LIMIT 1 [ RunTime:0.010122s ]
[ sql ] [ SQL ] SELECT `value` FROM `xh_sys_params` WHERE  (  `key` = 'dealFee' ) LIMIT 1 [ RunTime:0.010267s ]
[ sql ] [ SQL ] SELECT `value` FROM `xh_sys_params` WHERE  (  `key` = 'lossLine' ) LIMIT 1 [ RunTime:0.010019s ]
[ sql ] [ SQL ] SELECT `value` FROM `xh_sys_params` WHERE  (  `key` = 'delayLineRate' ) LIMIT 1 [ RunTime:0.010457s ]
[ sql ] [ SQL ] SELECT `value` FROM `xh_sys_params` WHERE  (  `key` = 'stopLossRate' ) LIMIT 1 [ RunTime:0.010949s ]
[ sql ] [ SQL ] SHOW COLUMNS FROM `xh_stock_interest_lever` [ RunTime:0.010742s ]
[ sql ] [ SQL ] SELECT `interest` FROM `xh_stock_interest_lever` WHERE  (  `levers`='1' ) LIMIT 1 [ RunTime:0.010191s ]
[ sql ] [ SQL ] SELECT `interest` FROM `xh_stock_interest_lever` WHERE  (  `levers`='2' ) LIMIT 1 [ RunTime:0.010458s ]
[ sql ] [ SQL ] SELECT `interest` FROM `xh_stock_interest_lever` WHERE  (  `levers`='3' ) LIMIT 1 [ RunTime:0.009875s ]
[ sql ] [ SQL ] SELECT `interest` FROM `xh_stock_interest_lever` WHERE  (  `levers`='4' ) LIMIT 1 [ RunTime:0.009663s ]
[ sql ] [ SQL ] SELECT `interest` FROM `xh_stock_interest_lever` WHERE  (  `levers`='5' ) LIMIT 1 [ RunTime:0.010058s ]
[ sql ] [ SQL ] SELECT `interest` FROM `xh_stock_interest_lever` WHERE  (  `levers`='6' ) LIMIT 1 [ RunTime:0.010221s ]
[ sql ] [ SQL ] SELECT `interest` FROM `xh_stock_interest_lever` WHERE  (  `levers`='7' ) LIMIT 1 [ RunTime:0.010024s ]
[ sql ] [ SQL ] SELECT `interest` FROM `xh_stock_interest_lever` WHERE  (  `levers`='8' ) LIMIT 1 [ RunTime:0.010154s ]
[ sql ] [ SQL ] SELECT `interest` FROM `xh_stock_interest_lever` WHERE  (  `levers`='9' ) LIMIT 1 [ RunTime:0.009959s ]
[ sql ] [ SQL ] SELECT `interest` FROM `xh_stock_interest_lever` WHERE  (  `levers`='10' ) LIMIT 1 [ RunTime:0.010113s ]
[ sql ] [ SQL ] SHOW COLUMNS FROM `xh_stock_interest_lever_month` [ RunTime:0.010682s ]
[ sql ] [ SQL ] SELECT `interest` FROM `xh_stock_interest_lever_month` WHERE  (  `levers`='1' ) LIMIT 1 [ RunTime:0.009956s ]
[ sql ] [ SQL ] SELECT `interest` FROM `xh_stock_interest_lever_month` WHERE  (  `levers`='2' ) LIMIT 1 [ RunTime:0.010393s ]
[ sql ] [ SQL ] SELECT `interest` FROM `xh_stock_interest_lever_month` WHERE  (  `levers`='3' ) LIMIT 1 [ RunTime:0.009932s ]
[ sql ] [ SQL ] SELECT `interest` FROM `xh_stock_interest_lever_month` WHERE  (  `levers`='4' ) LIMIT 1 [ RunTime:0.011836s ]
[ sql ] [ SQL ] SELECT `interest` FROM `xh_stock_interest_lever_month` WHERE  (  `levers`='5' ) LIMIT 1 [ RunTime:0.010385s ]
[ sql ] [ SQL ] SELECT `interest` FROM `xh_stock_interest_lever_month` WHERE  (  `levers`='6' ) LIMIT 1 [ RunTime:0.010094s ]
[ sql ] [ SQL ] SELECT `interest` FROM `xh_stock_interest_lever_month` WHERE  (  `levers`='7' ) LIMIT 1 [ RunTime:0.011290s ]
[ sql ] [ SQL ] SELECT `interest` FROM `xh_stock_interest_lever_month` WHERE  (  `levers`='8' ) LIMIT 1 [ RunTime:0.008942s ]
[ sql ] [ SQL ] SELECT `interest` FROM `xh_stock_interest_lever_month` WHERE  (  `levers`='9' ) LIMIT 1 [ RunTime:0.011341s ]
[ sql ] [ SQL ] SELECT `interest` FROM `xh_stock_interest_lever_month` WHERE  (  `levers`='10' ) LIMIT 1 [ RunTime:0.010472s ]
---------------------------------------------------------------
[ 2018-10-17T14:16:37+08:00 ] ::1 ::1 GET /feichangcelue/index/Alistock/getSharesByKeywords?keywords=98
[ sql ] [ DB ] CONNECT:[ UseTime:0.029918s ] mysql:dbname=peizi;host=rm-wz9l3z92630ora5wjwo.mysql.rds.aliyuncs.com;port=3306;charset=utf8
[ sql ] [ SQL ] SHOW COLUMNS FROM `xh_member` [ RunTime:0.011425s ]
[ sql ] [ SQL ] SELECT `usableSum` FROM `xh_member` WHERE  (  id=1341 ) LIMIT 1 [ RunTime:0.010250s ]
[ sql ] [ SQL ] SHOW COLUMNS FROM `xh_shares` [ RunTime:0.010612s ]
[ sql ] [ SQL ] SELECT `id`,`name`,`code`,`pinyin` FROM `xh_shares` WHERE  (   `name` like '%98%' or `pinyin` like '%98%' or `code` like '%98%'  ) [ RunTime:0.014007s ]
---------------------------------------------------------------
[ 2018-10-17T14:16:37+08:00 ] ::1 ::1 GET /feichangcelue/index/Alistock/getSharesByKeywords?keywords=98
[ sql ] [ DB ] CONNECT:[ UseTime:0.036836s ] mysql:dbname=peizi;host=rm-wz9l3z92630ora5wjwo.mysql.rds.aliyuncs.com;port=3306;charset=utf8
[ sql ] [ SQL ] SHOW COLUMNS FROM `xh_member` [ RunTime:0.017582s ]
[ sql ] [ SQL ] SELECT `usableSum` FROM `xh_member` WHERE  (  id=1341 ) LIMIT 1 [ RunTime:0.016257s ]
[ sql ] [ SQL ] SHOW COLUMNS FROM `xh_shares` [ RunTime:0.017797s ]
[ sql ] [ SQL ] SELECT `id`,`name`,`code`,`pinyin` FROM `xh_shares` WHERE  (   `name` like '%98%' or `pinyin` like '%98%' or `code` like '%98%'  ) [ RunTime:0.020760s ]
---------------------------------------------------------------
[ 2018-10-17T14:16:39+08:00 ] ::1 ::1 POST /feichangcelue/index/Index/buy
[ sql ] [ DB ] CONNECT:[ UseTime:0.034579s ] mysql:dbname=peizi;host=rm-wz9l3z92630ora5wjwo.mysql.rds.aliyuncs.com;port=3306;charset=utf8
[ sql ] [ SQL ] SHOW COLUMNS FROM `xh_member` [ RunTime:0.014753s ]
[ sql ] [ SQL ] SELECT `usableSum` FROM `xh_member` WHERE  (  id=1341 ) LIMIT 1 [ RunTime:0.015989s ]
[ sql ] [ SQL ] SHOW COLUMNS FROM `xh_stock_order` [ RunTime:0.017183s ]
[ sql ] [ SQL ] SELECT COUNT(*) AS tp_count FROM `xh_stock_order` WHERE  (  memberId=1341 and isFreetrial=0 and left(createTime,10)='2018-10-17' ) LIMIT 1 [ RunTime:0.015243s ]
[ sql ] [ SQL ] SHOW COLUMNS FROM `xh_shares` [ RunTime:0.016473s ]
[ sql ] [ SQL ] SELECT `market` FROM `xh_shares` WHERE  `code` = '603985' LIMIT 1 [ RunTime:0.015673s ]
[ sql ] [ SQL ] SHOW COLUMNS FROM `xh_sys_params` [ RunTime:0.015102s ]
[ sql ] [ SQL ] SELECT `value` FROM `xh_sys_params` WHERE  (  `key` = 'dealPoundage' ) LIMIT 1 [ RunTime:0.016270s ]
[ sql ] [ SQL ] SELECT `value` FROM `xh_sys_params` WHERE  (  `key` = 'delayFee' ) LIMIT 1 [ RunTime:0.015178s ]
[ sql ] [ SQL ] SELECT `value` FROM `xh_sys_params` WHERE  (  `key` = 'dealFee' ) LIMIT 1 [ RunTime:0.015378s ]
[ sql ] [ SQL ] SELECT `value` FROM `xh_sys_params` WHERE  (  `key` = 'lossLine' ) LIMIT 1 [ RunTime:0.014183s ]
[ sql ] [ SQL ] SELECT `value` FROM `xh_sys_params` WHERE  (  `key` = 'delayLineRate' ) LIMIT 1 [ RunTime:0.015415s ]
[ sql ] [ SQL ] SELECT `value` FROM `xh_sys_params` WHERE  (  `key` = 'stopLossRate' ) LIMIT 1 [ RunTime:0.013464s ]
[ sql ] [ SQL ] SHOW COLUMNS FROM `xh_stock_interest_lever` [ RunTime:0.013463s ]
[ sql ] [ SQL ] SELECT `interest` FROM `xh_stock_interest_lever` WHERE  (  `levers`='1' ) LIMIT 1 [ RunTime:0.014365s ]
[ sql ] [ SQL ] SELECT `interest` FROM `xh_stock_interest_lever` WHERE  (  `levers`='2' ) LIMIT 1 [ RunTime:0.015600s ]
[ sql ] [ SQL ] SELECT `interest` FROM `xh_stock_interest_lever` WHERE  (  `levers`='3' ) LIMIT 1 [ RunTime:0.015033s ]
[ sql ] [ SQL ] SELECT `interest` FROM `xh_stock_interest_lever` WHERE  (  `levers`='4' ) LIMIT 1 [ RunTime:0.015557s ]
[ sql ] [ SQL ] SELECT `interest` FROM `xh_stock_interest_lever` WHERE  (  `levers`='5' ) LIMIT 1 [ RunTime:0.014564s ]
[ sql ] [ SQL ] SELECT `interest` FROM `xh_stock_interest_lever` WHERE  (  `levers`='6' ) LIMIT 1 [ RunTime:0.014067s ]
[ sql ] [ SQL ] SELECT `interest` FROM `xh_stock_interest_lever` WHERE  (  `levers`='7' ) LIMIT 1 [ RunTime:0.015139s ]
[ sql ] [ SQL ] SELECT `interest` FROM `xh_stock_interest_lever` WHERE  (  `levers`='8' ) LIMIT 1 [ RunTime:0.015874s ]
[ sql ] [ SQL ] SELECT `interest` FROM `xh_stock_interest_lever` WHERE  (  `levers`='9' ) LIMIT 1 [ RunTime:0.016215s ]
[ sql ] [ SQL ] SELECT `interest` FROM `xh_stock_interest_lever` WHERE  (  `levers`='10' ) LIMIT 1 [ RunTime:0.015291s ]
[ sql ] [ SQL ] SHOW COLUMNS FROM `xh_stock_interest_lever_month` [ RunTime:0.016211s ]
[ sql ] [ SQL ] SELECT `interest` FROM `xh_stock_interest_lever_month` WHERE  (  `levers`='1' ) LIMIT 1 [ RunTime:0.014838s ]
[ sql ] [ SQL ] SELECT `interest` FROM `xh_stock_interest_lever_month` WHERE  (  `levers`='2' ) LIMIT 1 [ RunTime:0.016159s ]
[ sql ] [ SQL ] SELECT `interest` FROM `xh_stock_interest_lever_month` WHERE  (  `levers`='3' ) LIMIT 1 [ RunTime:0.014334s ]
[ sql ] [ SQL ] SELECT `interest` FROM `xh_stock_interest_lever_month` WHERE  (  `levers`='4' ) LIMIT 1 [ RunTime:0.013661s ]
[ sql ] [ SQL ] SELECT `interest` FROM `xh_stock_interest_lever_month` WHERE  (  `levers`='5' ) LIMIT 1 [ RunTime:0.015285s ]
[ sql ] [ SQL ] SELECT `interest` FROM `xh_stock_interest_lever_month` WHERE  (  `levers`='6' ) LIMIT 1 [ RunTime:0.015690s ]
[ sql ] [ SQL ] SELECT `interest` FROM `xh_stock_interest_lever_month` WHERE  (  `levers`='7' ) LIMIT 1 [ RunTime:0.014189s ]
[ sql ] [ SQL ] SELECT `interest` FROM `xh_stock_interest_lever_month` WHERE  (  `levers`='8' ) LIMIT 1 [ RunTime:0.015710s ]
[ sql ] [ SQL ] SELECT `interest` FROM `xh_stock_interest_lever_month` WHERE  (  `levers`='9' ) LIMIT 1 [ RunTime:0.016166s ]
[ sql ] [ SQL ] SELECT `interest` FROM `xh_stock_interest_lever_month` WHERE  (  `levers`='10' ) LIMIT 1 [ RunTime:0.015813s ]
---------------------------------------------------------------
[ 2018-10-17T14:16:47+08:00 ] ::1 ::1 GET /feichangcelue/month_buy
[ sql ] [ DB ] CONNECT:[ UseTime:0.037422s ] mysql:dbname=peizi;host=rm-wz9l3z92630ora5wjwo.mysql.rds.aliyuncs.com;port=3306;charset=utf8
[ sql ] [ SQL ] SHOW COLUMNS FROM `xh_member` [ RunTime:0.016752s ]
[ sql ] [ SQL ] SELECT `usableSum` FROM `xh_member` WHERE  (  id=1341 ) LIMIT 1 [ RunTime:0.015730s ]
[ sql ] [ SQL ] SHOW COLUMNS FROM `xh_stock_order` [ RunTime:0.016791s ]
[ sql ] [ SQL ] SELECT COUNT(*) AS tp_count FROM `xh_stock_order` WHERE  (  memberId=1341 and isFreetrial=0 and left(createTime,10)='2018-10-17' ) LIMIT 1 [ RunTime:0.015909s ]
[ sql ] [ SQL ] SHOW COLUMNS FROM `xh_shares` [ RunTime:0.015412s ]
[ sql ] [ SQL ] SELECT `market` FROM `xh_shares` WHERE  `code` = '' LIMIT 1 [ RunTime:0.016012s ]
[ sql ] [ SQL ] SHOW COLUMNS FROM `xh_sys_params` [ RunTime:0.015225s ]
[ sql ] [ SQL ] SELECT `value` FROM `xh_sys_params` WHERE  (  `key` = 'dealPoundage' ) LIMIT 1 [ RunTime:0.015678s ]
[ sql ] [ SQL ] SELECT `value` FROM `xh_sys_params` WHERE  (  `key` = 'delayFee' ) LIMIT 1 [ RunTime:0.015969s ]
[ sql ] [ SQL ] SELECT `value` FROM `xh_sys_params` WHERE  (  `key` = 'dealFee' ) LIMIT 1 [ RunTime:0.015329s ]
[ sql ] [ SQL ] SELECT `value` FROM `xh_sys_params` WHERE  (  `key` = 'lossLine' ) LIMIT 1 [ RunTime:0.016024s ]
[ sql ] [ SQL ] SELECT `value` FROM `xh_sys_params` WHERE  (  `key` = 'delayLineRate' ) LIMIT 1 [ RunTime:0.016148s ]
[ sql ] [ SQL ] SELECT `value` FROM `xh_sys_params` WHERE  (  `key` = 'stopLossRate' ) LIMIT 1 [ RunTime:0.016112s ]
[ sql ] [ SQL ] SHOW COLUMNS FROM `xh_stock_interest_lever` [ RunTime:0.016055s ]
[ sql ] [ SQL ] SELECT `interest` FROM `xh_stock_interest_lever` WHERE  (  `levers`='1' ) LIMIT 1 [ RunTime:0.015517s ]
[ sql ] [ SQL ] SELECT `interest` FROM `xh_stock_interest_lever` WHERE  (  `levers`='2' ) LIMIT 1 [ RunTime:0.016221s ]
[ sql ] [ SQL ] SELECT `interest` FROM `xh_stock_interest_lever` WHERE  (  `levers`='3' ) LIMIT 1 [ RunTime:0.016179s ]
[ sql ] [ SQL ] SELECT `interest` FROM `xh_stock_interest_lever` WHERE  (  `levers`='4' ) LIMIT 1 [ RunTime:0.015842s ]
[ sql ] [ SQL ] SELECT `interest` FROM `xh_stock_interest_lever` WHERE  (  `levers`='5' ) LIMIT 1 [ RunTime:0.016155s ]
[ sql ] [ SQL ] SELECT `interest` FROM `xh_stock_interest_lever` WHERE  (  `levers`='6' ) LIMIT 1 [ RunTime:0.016244s ]
[ sql ] [ SQL ] SELECT `interest` FROM `xh_stock_interest_lever` WHERE  (  `levers`='7' ) LIMIT 1 [ RunTime:0.016090s ]
[ sql ] [ SQL ] SELECT `interest` FROM `xh_stock_interest_lever` WHERE  (  `levers`='8' ) LIMIT 1 [ RunTime:0.016198s ]
[ sql ] [ SQL ] SELECT `interest` FROM `xh_stock_interest_lever` WHERE  (  `levers`='9' ) LIMIT 1 [ RunTime:0.015809s ]
[ sql ] [ SQL ] SELECT `interest` FROM `xh_stock_interest_lever` WHERE  (  `levers`='10' ) LIMIT 1 [ RunTime:0.016033s ]
[ sql ] [ SQL ] SHOW COLUMNS FROM `xh_stock_interest_lever_month` [ RunTime:0.015309s ]
[ sql ] [ SQL ] SELECT `interest` FROM `xh_stock_interest_lever_month` WHERE  (  `levers`='1' ) LIMIT 1 [ RunTime:0.015471s ]
[ sql ] [ SQL ] SELECT `interest` FROM `xh_stock_interest_lever_month` WHERE  (  `levers`='2' ) LIMIT 1 [ RunTime:0.015786s ]
[ sql ] [ SQL ] SELECT `interest` FROM `xh_stock_interest_lever_month` WHERE  (  `levers`='3' ) LIMIT 1 [ RunTime:0.016065s ]
[ sql ] [ SQL ] SELECT `interest` FROM `xh_stock_interest_lever_month` WHERE  (  `levers`='4' ) LIMIT 1 [ RunTime:0.015519s ]
[ sql ] [ SQL ] SELECT `interest` FROM `xh_stock_interest_lever_month` WHERE  (  `levers`='5' ) LIMIT 1 [ RunTime:0.016293s ]
[ sql ] [ SQL ] SELECT `interest` FROM `xh_stock_interest_lever_month` WHERE  (  `levers`='6' ) LIMIT 1 [ RunTime:0.016043s ]
[ sql ] [ SQL ] SELECT `interest` FROM `xh_stock_interest_lever_month` WHERE  (  `levers`='7' ) LIMIT 1 [ RunTime:0.016400s ]
[ sql ] [ SQL ] SELECT `interest` FROM `xh_stock_interest_lever_month` WHERE  (  `levers`='8' ) LIMIT 1 [ RunTime:0.015508s ]
[ sql ] [ SQL ] SELECT `interest` FROM `xh_stock_interest_lever_month` WHERE  (  `levers`='9' ) LIMIT 1 [ RunTime:0.016068s ]
[ sql ] [ SQL ] SELECT `interest` FROM `xh_stock_interest_lever_month` WHERE  (  `levers`='10' ) LIMIT 1 [ RunTime:0.015890s ]
[ sql ] [ SQL ] SELECT `market` FROM `xh_shares` WHERE  `code` = '000001' LIMIT 1 [ RunTime:0.016171s ]
---------------------------------------------------------------
[ 2018-10-17T14:17:30+08:00 ] ::1 ::1 GET /feichangcelue/month_buy
[ sql ] [ DB ] CONNECT:[ UseTime:0.041267s ] mysql:dbname=peizi;host=rm-wz9l3z92630ora5wjwo.mysql.rds.aliyuncs.com;port=3306;charset=utf8
[ sql ] [ SQL ] SHOW COLUMNS FROM `xh_member` [ RunTime:0.018420s ]
[ sql ] [ SQL ] SELECT `usableSum` FROM `xh_member` WHERE  (  id=1341 ) LIMIT 1 [ RunTime:0.015930s ]
[ sql ] [ SQL ] SHOW COLUMNS FROM `xh_stock_order` [ RunTime:0.017885s ]
[ sql ] [ SQL ] SELECT COUNT(*) AS tp_count FROM `xh_stock_order` WHERE  (  memberId=1341 and isFreetrial=0 and left(createTime,10)='2018-10-17' ) LIMIT 1 [ RunTime:0.016445s ]
[ sql ] [ SQL ] SHOW COLUMNS FROM `xh_shares` [ RunTime:0.016447s ]
[ sql ] [ SQL ] SELECT `market` FROM `xh_shares` WHERE  `code` = '' LIMIT 1 [ RunTime:0.016613s ]
[ sql ] [ SQL ] SHOW COLUMNS FROM `xh_sys_params` [ RunTime:0.016091s ]
[ sql ] [ SQL ] SELECT `value` FROM `xh_sys_params` WHERE  (  `key` = 'dealPoundage' ) LIMIT 1 [ RunTime:0.017051s ]
[ sql ] [ SQL ] SELECT `value` FROM `xh_sys_params` WHERE  (  `key` = 'delayFee' ) LIMIT 1 [ RunTime:0.016035s ]
[ sql ] [ SQL ] SELECT `value` FROM `xh_sys_params` WHERE  (  `key` = 'dealFee' ) LIMIT 1 [ RunTime:0.016228s ]
[ sql ] [ SQL ] SELECT `value` FROM `xh_sys_params` WHERE  (  `key` = 'lossLine' ) LIMIT 1 [ RunTime:0.016173s ]
[ sql ] [ SQL ] SELECT `value` FROM `xh_sys_params` WHERE  (  `key` = 'delayLineRate' ) LIMIT 1 [ RunTime:0.017118s ]
[ sql ] [ SQL ] SELECT `value` FROM `xh_sys_params` WHERE  (  `key` = 'stopLossRate' ) LIMIT 1 [ RunTime:0.016683s ]
[ sql ] [ SQL ] SHOW COLUMNS FROM `xh_stock_interest_lever` [ RunTime:0.016946s ]
[ sql ] [ SQL ] SELECT `interest` FROM `xh_stock_interest_lever` WHERE  (  `levers`='1' ) LIMIT 1 [ RunTime:0.014448s ]
[ sql ] [ SQL ] SELECT `interest` FROM `xh_stock_interest_lever` WHERE  (  `levers`='2' ) LIMIT 1 [ RunTime:0.016067s ]
[ sql ] [ SQL ] SELECT `interest` FROM `xh_stock_interest_lever` WHERE  (  `levers`='3' ) LIMIT 1 [ RunTime:0.015742s ]
[ sql ] [ SQL ] SELECT `interest` FROM `xh_stock_interest_lever` WHERE  (  `levers`='4' ) LIMIT 1 [ RunTime:0.015942s ]
[ sql ] [ SQL ] SELECT `interest` FROM `xh_stock_interest_lever` WHERE  (  `levers`='5' ) LIMIT 1 [ RunTime:0.016244s ]
[ sql ] [ SQL ] SELECT `interest` FROM `xh_stock_interest_lever` WHERE  (  `levers`='6' ) LIMIT 1 [ RunTime:0.016313s ]
[ sql ] [ SQL ] SELECT `interest` FROM `xh_stock_interest_lever` WHERE  (  `levers`='7' ) LIMIT 1 [ RunTime:0.015962s ]
[ sql ] [ SQL ] SELECT `interest` FROM `xh_stock_interest_lever` WHERE  (  `levers`='8' ) LIMIT 1 [ RunTime:0.014705s ]
[ sql ] [ SQL ] SELECT `interest` FROM `xh_stock_interest_lever` WHERE  (  `levers`='9' ) LIMIT 1 [ RunTime:0.016512s ]
[ sql ] [ SQL ] SELECT `interest` FROM `xh_stock_interest_lever` WHERE  (  `levers`='10' ) LIMIT 1 [ RunTime:0.016474s ]
[ sql ] [ SQL ] SHOW COLUMNS FROM `xh_stock_interest_lever_month` [ RunTime:0.017189s ]
[ sql ] [ SQL ] SELECT `interest` FROM `xh_stock_interest_lever_month` WHERE  (  `levers`='1' ) LIMIT 1 [ RunTime:0.016468s ]
[ sql ] [ SQL ] SELECT `interest` FROM `xh_stock_interest_lever_month` WHERE  (  `levers`='2' ) LIMIT 1 [ RunTime:0.015891s ]
[ sql ] [ SQL ] SELECT `interest` FROM `xh_stock_interest_lever_month` WHERE  (  `levers`='3' ) LIMIT 1 [ RunTime:0.015101s ]
[ sql ] [ SQL ] SELECT `interest` FROM `xh_stock_interest_lever_month` WHERE  (  `levers`='4' ) LIMIT 1 [ RunTime:0.017148s ]
[ sql ] [ SQL ] SELECT `interest` FROM `xh_stock_interest_lever_month` WHERE  (  `levers`='5' ) LIMIT 1 [ RunTime:0.015853s ]
[ sql ] [ SQL ] SELECT `interest` FROM `xh_stock_interest_lever_month` WHERE  (  `levers`='6' ) LIMIT 1 [ RunTime:0.016187s ]
[ sql ] [ SQL ] SELECT `interest` FROM `xh_stock_interest_lever_month` WHERE  (  `levers`='7' ) LIMIT 1 [ RunTime:0.017192s ]
[ sql ] [ SQL ] SELECT `interest` FROM `xh_stock_interest_lever_month` WHERE  (  `levers`='8' ) LIMIT 1 [ RunTime:0.016560s ]
[ sql ] [ SQL ] SELECT `interest` FROM `xh_stock_interest_lever_month` WHERE  (  `levers`='9' ) LIMIT 1 [ RunTime:0.016581s ]
[ sql ] [ SQL ] SELECT `interest` FROM `xh_stock_interest_lever_month` WHERE  (  `levers`='10' ) LIMIT 1 [ RunTime:0.015892s ]
[ sql ] [ SQL ] SELECT `market` FROM `xh_shares` WHERE  `code` = '000001' LIMIT 1 [ RunTime:0.016475s ]
---------------------------------------------------------------
[ 2018-10-17T14:17:50+08:00 ] ::1 ::1 GET /feichangcelue/month_buy
[ sql ] [ DB ] CONNECT:[ UseTime:0.039125s ] mysql:dbname=peizi;host=rm-wz9l3z92630ora5wjwo.mysql.rds.aliyuncs.com;port=3306;charset=utf8
[ sql ] [ SQL ] SHOW COLUMNS FROM `xh_member` [ RunTime:0.019850s ]
[ sql ] [ SQL ] SELECT `usableSum` FROM `xh_member` WHERE  (  id=1341 ) LIMIT 1 [ RunTime:0.018824s ]
[ sql ] [ SQL ] SHOW COLUMNS FROM `xh_stock_order` [ RunTime:0.019839s ]
[ sql ] [ SQL ] SELECT COUNT(*) AS tp_count FROM `xh_stock_order` WHERE  (  memberId=1341 and isFreetrial=0 and left(createTime,10)='2018-10-17' ) LIMIT 1 [ RunTime:0.018749s ]
[ sql ] [ SQL ] SHOW COLUMNS FROM `xh_shares` [ RunTime:0.019606s ]
[ sql ] [ SQL ] SELECT `market` FROM `xh_shares` WHERE  `code` = '' LIMIT 1 [ RunTime:0.017281s ]
[ sql ] [ SQL ] SHOW COLUMNS FROM `xh_sys_params` [ RunTime:0.018381s ]
[ sql ] [ SQL ] SELECT `value` FROM `xh_sys_params` WHERE  (  `key` = 'dealPoundage' ) LIMIT 1 [ RunTime:0.018427s ]
[ sql ] [ SQL ] SELECT `value` FROM `xh_sys_params` WHERE  (  `key` = 'delayFee' ) LIMIT 1 [ RunTime:0.017926s ]
[ sql ] [ SQL ] SELECT `value` FROM `xh_sys_params` WHERE  (  `key` = 'dealFee' ) LIMIT 1 [ RunTime:0.017447s ]
[ sql ] [ SQL ] SELECT `value` FROM `xh_sys_params` WHERE  (  `key` = 'lossLine' ) LIMIT 1 [ RunTime:0.017124s ]
[ sql ] [ SQL ] SELECT `value` FROM `xh_sys_params` WHERE  (  `key` = 'delayLineRate' ) LIMIT 1 [ RunTime:0.018004s ]
[ sql ] [ SQL ] SELECT `value` FROM `xh_sys_params` WHERE  (  `key` = 'stopLossRate' ) LIMIT 1 [ RunTime:0.018352s ]
[ sql ] [ SQL ] SHOW COLUMNS FROM `xh_stock_interest_lever` [ RunTime:0.018744s ]
[ sql ] [ SQL ] SELECT `interest` FROM `xh_stock_interest_lever` WHERE  (  `levers`='1' ) LIMIT 1 [ RunTime:0.018582s ]
[ sql ] [ SQL ] SELECT `interest` FROM `xh_stock_interest_lever` WHERE  (  `levers`='2' ) LIMIT 1 [ RunTime:0.017206s ]
[ sql ] [ SQL ] SELECT `interest` FROM `xh_stock_interest_lever` WHERE  (  `levers`='3' ) LIMIT 1 [ RunTime:0.017472s ]
[ sql ] [ SQL ] SELECT `interest` FROM `xh_stock_interest_lever` WHERE  (  `levers`='4' ) LIMIT 1 [ RunTime:0.016838s ]
[ sql ] [ SQL ] SELECT `interest` FROM `xh_stock_interest_lever` WHERE  (  `levers`='5' ) LIMIT 1 [ RunTime:0.018821s ]
[ sql ] [ SQL ] SELECT `interest` FROM `xh_stock_interest_lever` WHERE  (  `levers`='6' ) LIMIT 1 [ RunTime:0.019088s ]
[ sql ] [ SQL ] SELECT `interest` FROM `xh_stock_interest_lever` WHERE  (  `levers`='7' ) LIMIT 1 [ RunTime:0.017469s ]
[ sql ] [ SQL ] SELECT `interest` FROM `xh_stock_interest_lever` WHERE  (  `levers`='8' ) LIMIT 1 [ RunTime:0.018438s ]
[ sql ] [ SQL ] SELECT `interest` FROM `xh_stock_interest_lever` WHERE  (  `levers`='9' ) LIMIT 1 [ RunTime:0.018164s ]
[ sql ] [ SQL ] SELECT `interest` FROM `xh_stock_interest_lever` WHERE  (  `levers`='10' ) LIMIT 1 [ RunTime:0.018194s ]
[ sql ] [ SQL ] SHOW COLUMNS FROM `xh_stock_interest_lever_month` [ RunTime:0.018872s ]
[ sql ] [ SQL ] SELECT `interest` FROM `xh_stock_interest_lever_month` WHERE  (  `levers`='1' ) LIMIT 1 [ RunTime:0.017272s ]
[ sql ] [ SQL ] SELECT `interest` FROM `xh_stock_interest_lever_month` WHERE  (  `levers`='2' ) LIMIT 1 [ RunTime:0.017376s ]
[ sql ] [ SQL ] SELECT `interest` FROM `xh_stock_interest_lever_month` WHERE  (  `levers`='3' ) LIMIT 1 [ RunTime:0.018451s ]
[ sql ] [ SQL ] SELECT `interest` FROM `xh_stock_interest_lever_month` WHERE  (  `levers`='4' ) LIMIT 1 [ RunTime:0.018716s ]
[ sql ] [ SQL ] SELECT `interest` FROM `xh_stock_interest_lever_month` WHERE  (  `levers`='5' ) LIMIT 1 [ RunTime:0.018839s ]
[ sql ] [ SQL ] SELECT `interest` FROM `xh_stock_interest_lever_month` WHERE  (  `levers`='6' ) LIMIT 1 [ RunTime:0.018337s ]
[ sql ] [ SQL ] SELECT `interest` FROM `xh_stock_interest_lever_month` WHERE  (  `levers`='7' ) LIMIT 1 [ RunTime:0.017740s ]
[ sql ] [ SQL ] SELECT `interest` FROM `xh_stock_interest_lever_month` WHERE  (  `levers`='8' ) LIMIT 1 [ RunTime:0.018789s ]
[ sql ] [ SQL ] SELECT `interest` FROM `xh_stock_interest_lever_month` WHERE  (  `levers`='9' ) LIMIT 1 [ RunTime:0.018556s ]
[ sql ] [ SQL ] SELECT `interest` FROM `xh_stock_interest_lever_month` WHERE  (  `levers`='10' ) LIMIT 1 [ RunTime:0.017557s ]
[ sql ] [ SQL ] SELECT `market` FROM `xh_shares` WHERE  `code` = '000001' LIMIT 1 [ RunTime:0.017584s ]
---------------------------------------------------------------
[ 2018-10-17T14:17:53+08:00 ] ::1 ::1 GET /feichangcelue/index/Alistock/getSharesByKeywords?keywords=56
[ sql ] [ DB ] CONNECT:[ UseTime:0.038134s ] mysql:dbname=peizi;host=rm-wz9l3z92630ora5wjwo.mysql.rds.aliyuncs.com;port=3306;charset=utf8
[ sql ] [ SQL ] SHOW COLUMNS FROM `xh_member` [ RunTime:0.016614s ]
[ sql ] [ SQL ] SELECT `usableSum` FROM `xh_member` WHERE  (  id=1341 ) LIMIT 1 [ RunTime:0.014283s ]
[ sql ] [ SQL ] SHOW COLUMNS FROM `xh_shares` [ RunTime:0.019380s ]
[ sql ] [ SQL ] SELECT `id`,`name`,`code`,`pinyin` FROM `xh_shares` WHERE  (   `name` like '%56%' or `pinyin` like '%56%' or `code` like '%56%'  ) [ RunTime:0.020284s ]
---------------------------------------------------------------
[ 2018-10-17T14:17:54+08:00 ] ::1 ::1 GET /feichangcelue/index/Alistock/getSharesByKeywords?keywords=56
[ sql ] [ DB ] CONNECT:[ UseTime:0.031944s ] mysql:dbname=peizi;host=rm-wz9l3z92630ora5wjwo.mysql.rds.aliyuncs.com;port=3306;charset=utf8
[ sql ] [ SQL ] SHOW COLUMNS FROM `xh_member` [ RunTime:0.012447s ]
[ sql ] [ SQL ] SELECT `usableSum` FROM `xh_member` WHERE  (  id=1341 ) LIMIT 1 [ RunTime:0.010421s ]
[ sql ] [ SQL ] SHOW COLUMNS FROM `xh_shares` [ RunTime:0.012482s ]
[ sql ] [ SQL ] SELECT `id`,`name`,`code`,`pinyin` FROM `xh_shares` WHERE  (   `name` like '%56%' or `pinyin` like '%56%' or `code` like '%56%'  ) [ RunTime:0.015572s ]
---------------------------------------------------------------
[ 2018-10-17T14:17:56+08:00 ] ::1 ::1 POST /feichangcelue/index/Index/buy
[ sql ] [ DB ] CONNECT:[ UseTime:0.031490s ] mysql:dbname=peizi;host=rm-wz9l3z92630ora5wjwo.mysql.rds.aliyuncs.com;port=3306;charset=utf8
[ sql ] [ SQL ] SHOW COLUMNS FROM `xh_member` [ RunTime:0.016653s ]
[ sql ] [ SQL ] SELECT `usableSum` FROM `xh_member` WHERE  (  id=1341 ) LIMIT 1 [ RunTime:0.016067s ]
[ sql ] [ SQL ] SHOW COLUMNS FROM `xh_stock_order` [ RunTime:0.017152s ]
[ sql ] [ SQL ] SELECT COUNT(*) AS tp_count FROM `xh_stock_order` WHERE  (  memberId=1341 and isFreetrial=0 and left(createTime,10)='2018-10-17' ) LIMIT 1 [ RunTime:0.015800s ]
[ sql ] [ SQL ] SHOW COLUMNS FROM `xh_shares` [ RunTime:0.016636s ]
[ sql ] [ SQL ] SELECT `market` FROM `xh_shares` WHERE  `code` = '600556' LIMIT 1 [ RunTime:0.015957s ]
[ sql ] [ SQL ] SHOW COLUMNS FROM `xh_sys_params` [ RunTime:0.015211s ]
[ sql ] [ SQL ] SELECT `value` FROM `xh_sys_params` WHERE  (  `key` = 'dealPoundage' ) LIMIT 1 [ RunTime:0.015357s ]
[ sql ] [ SQL ] SELECT `value` FROM `xh_sys_params` WHERE  (  `key` = 'delayFee' ) LIMIT 1 [ RunTime:0.015546s ]
[ sql ] [ SQL ] SELECT `value` FROM `xh_sys_params` WHERE  (  `key` = 'dealFee' ) LIMIT 1 [ RunTime:0.015523s ]
[ sql ] [ SQL ] SELECT `value` FROM `xh_sys_params` WHERE  (  `key` = 'lossLine' ) LIMIT 1 [ RunTime:0.015766s ]
[ sql ] [ SQL ] SELECT `value` FROM `xh_sys_params` WHERE  (  `key` = 'delayLineRate' ) LIMIT 1 [ RunTime:0.014274s ]
[ sql ] [ SQL ] SELECT `value` FROM `xh_sys_params` WHERE  (  `key` = 'stopLossRate' ) LIMIT 1 [ RunTime:0.014566s ]
[ sql ] [ SQL ] SHOW COLUMNS FROM `xh_stock_interest_lever` [ RunTime:0.016629s ]
[ sql ] [ SQL ] SELECT `interest` FROM `xh_stock_interest_lever` WHERE  (  `levers`='1' ) LIMIT 1 [ RunTime:0.015663s ]
[ sql ] [ SQL ] SELECT `interest` FROM `xh_stock_interest_lever` WHERE  (  `levers`='2' ) LIMIT 1 [ RunTime:0.014952s ]
[ sql ] [ SQL ] SELECT `interest` FROM `xh_stock_interest_lever` WHERE  (  `levers`='3' ) LIMIT 1 [ RunTime:0.013940s ]
[ sql ] [ SQL ] SELECT `interest` FROM `xh_stock_interest_lever` WHERE  (  `levers`='4' ) LIMIT 1 [ RunTime:0.015500s ]
[ sql ] [ SQL ] SELECT `interest` FROM `xh_stock_interest_lever` WHERE  (  `levers`='5' ) LIMIT 1 [ RunTime:0.017999s ]
[ sql ] [ SQL ] SELECT `interest` FROM `xh_stock_interest_lever` WHERE  (  `levers`='6' ) LIMIT 1 [ RunTime:0.015950s ]
[ sql ] [ SQL ] SELECT `interest` FROM `xh_stock_interest_lever` WHERE  (  `levers`='7' ) LIMIT 1 [ RunTime:0.016118s ]
[ sql ] [ SQL ] SELECT `interest` FROM `xh_stock_interest_lever` WHERE  (  `levers`='8' ) LIMIT 1 [ RunTime:0.014248s ]
[ sql ] [ SQL ] SELECT `interest` FROM `xh_stock_interest_lever` WHERE  (  `levers`='9' ) LIMIT 1 [ RunTime:0.014520s ]
[ sql ] [ SQL ] SELECT `interest` FROM `xh_stock_interest_lever` WHERE  (  `levers`='10' ) LIMIT 1 [ RunTime:0.015399s ]
[ sql ] [ SQL ] SHOW COLUMNS FROM `xh_stock_interest_lever_month` [ RunTime:0.016441s ]
[ sql ] [ SQL ] SELECT `interest` FROM `xh_stock_interest_lever_month` WHERE  (  `levers`='1' ) LIMIT 1 [ RunTime:0.015752s ]
[ sql ] [ SQL ] SELECT `interest` FROM `xh_stock_interest_lever_month` WHERE  (  `levers`='2' ) LIMIT 1 [ RunTime:0.016012s ]
[ sql ] [ SQL ] SELECT `interest` FROM `xh_stock_interest_lever_month` WHERE  (  `levers`='3' ) LIMIT 1 [ RunTime:0.014780s ]
[ sql ] [ SQL ] SELECT `interest` FROM `xh_stock_interest_lever_month` WHERE  (  `levers`='4' ) LIMIT 1 [ RunTime:0.015806s ]
[ sql ] [ SQL ] SELECT `interest` FROM `xh_stock_interest_lever_month` WHERE  (  `levers`='5' ) LIMIT 1 [ RunTime:0.015845s ]
[ sql ] [ SQL ] SELECT `interest` FROM `xh_stock_interest_lever_month` WHERE  (  `levers`='6' ) LIMIT 1 [ RunTime:0.015148s ]
[ sql ] [ SQL ] SELECT `interest` FROM `xh_stock_interest_lever_month` WHERE  (  `levers`='7' ) LIMIT 1 [ RunTime:0.016027s ]
[ sql ] [ SQL ] SELECT `interest` FROM `xh_stock_interest_lever_month` WHERE  (  `levers`='8' ) LIMIT 1 [ RunTime:0.016026s ]
[ sql ] [ SQL ] SELECT `interest` FROM `xh_stock_interest_lever_month` WHERE  (  `levers`='9' ) LIMIT 1 [ RunTime:0.016038s ]
[ sql ] [ SQL ] SELECT `interest` FROM `xh_stock_interest_lever_month` WHERE  (  `levers`='10' ) LIMIT 1 [ RunTime:0.015295s ]
---------------------------------------------------------------
[ 2018-10-17T14:18:00+08:00 ] ::1 ::1 GET /feichangcelue/index/Alistock/getSharesByKeywords?keywords=23
[ sql ] [ DB ] CONNECT:[ UseTime:0.028300s ] mysql:dbname=peizi;host=rm-wz9l3z92630ora5wjwo.mysql.rds.aliyuncs.com;port=3306;charset=utf8
[ sql ] [ SQL ] SHOW COLUMNS FROM `xh_member` [ RunTime:0.011955s ]
[ sql ] [ SQL ] SELECT `usableSum` FROM `xh_member` WHERE  (  id=1341 ) LIMIT 1 [ RunTime:0.011215s ]
[ sql ] [ SQL ] SHOW COLUMNS FROM `xh_shares` [ RunTime:0.012188s ]
[ sql ] [ SQL ] SELECT `id`,`name`,`code`,`pinyin` FROM `xh_shares` WHERE  (   `name` like '%23%' or `pinyin` like '%23%' or `code` like '%23%'  ) [ RunTime:0.016722s ]
---------------------------------------------------------------
[ 2018-10-17T14:18:00+08:00 ] ::1 ::1 GET /feichangcelue/index/Alistock/getSharesByKeywords?keywords=23
[ sql ] [ DB ] CONNECT:[ UseTime:0.036239s ] mysql:dbname=peizi;host=rm-wz9l3z92630ora5wjwo.mysql.rds.aliyuncs.com;port=3306;charset=utf8
[ sql ] [ SQL ] SHOW COLUMNS FROM `xh_member` [ RunTime:0.017805s ]
[ sql ] [ SQL ] SELECT `usableSum` FROM `xh_member` WHERE  (  id=1341 ) LIMIT 1 [ RunTime:0.015800s ]
[ sql ] [ SQL ] SHOW COLUMNS FROM `xh_shares` [ RunTime:0.016864s ]
[ sql ] [ SQL ] SELECT `id`,`name`,`code`,`pinyin` FROM `xh_shares` WHERE  (   `name` like '%23%' or `pinyin` like '%23%' or `code` like '%23%'  ) [ RunTime:0.020842s ]
---------------------------------------------------------------
[ 2018-10-17T14:18:02+08:00 ] ::1 ::1 POST /feichangcelue/index/Index/buy
[ sql ] [ DB ] CONNECT:[ UseTime:0.043856s ] mysql:dbname=peizi;host=rm-wz9l3z92630ora5wjwo.mysql.rds.aliyuncs.com;port=3306;charset=utf8
[ sql ] [ SQL ] SHOW COLUMNS FROM `xh_member` [ RunTime:0.018312s ]
[ sql ] [ SQL ] SELECT `usableSum` FROM `xh_member` WHERE  (  id=1341 ) LIMIT 1 [ RunTime:0.017151s ]
[ sql ] [ SQL ] SHOW COLUMNS FROM `xh_stock_order` [ RunTime:0.018254s ]
[ sql ] [ SQL ] SELECT COUNT(*) AS tp_count FROM `xh_stock_order` WHERE  (  memberId=1341 and isFreetrial=0 and left(createTime,10)='2018-10-17' ) LIMIT 1 [ RunTime:0.015947s ]
[ sql ] [ SQL ] SHOW COLUMNS FROM `xh_shares` [ RunTime:0.017547s ]
[ sql ] [ SQL ] SELECT `market` FROM `xh_shares` WHERE  `code` = '600234' LIMIT 1 [ RunTime:0.016086s ]
[ sql ] [ SQL ] SHOW COLUMNS FROM `xh_sys_params` [ RunTime:0.016214s ]
[ sql ] [ SQL ] SELECT `value` FROM `xh_sys_params` WHERE  (  `key` = 'dealPoundage' ) LIMIT 1 [ RunTime:0.016153s ]
[ sql ] [ SQL ] SELECT `value` FROM `xh_sys_params` WHERE  (  `key` = 'delayFee' ) LIMIT 1 [ RunTime:0.016861s ]
[ sql ] [ SQL ] SELECT `value` FROM `xh_sys_params` WHERE  (  `key` = 'dealFee' ) LIMIT 1 [ RunTime:0.016967s ]
[ sql ] [ SQL ] SELECT `value` FROM `xh_sys_params` WHERE  (  `key` = 'lossLine' ) LIMIT 1 [ RunTime:0.017348s ]
[ sql ] [ SQL ] SELECT `value` FROM `xh_sys_params` WHERE  (  `key` = 'delayLineRate' ) LIMIT 1 [ RunTime:0.016435s ]
[ sql ] [ SQL ] SELECT `value` FROM `xh_sys_params` WHERE  (  `key` = 'stopLossRate' ) LIMIT 1 [ RunTime:0.016864s ]
[ sql ] [ SQL ] SHOW COLUMNS FROM `xh_stock_interest_lever` [ RunTime:0.017595s ]
[ sql ] [ SQL ] SELECT `interest` FROM `xh_stock_interest_lever` WHERE  (  `levers`='1' ) LIMIT 1 [ RunTime:0.017021s ]
[ sql ] [ SQL ] SELECT `interest` FROM `xh_stock_interest_lever` WHERE  (  `levers`='2' ) LIMIT 1 [ RunTime:0.015986s ]
[ sql ] [ SQL ] SELECT `interest` FROM `xh_stock_interest_lever` WHERE  (  `levers`='3' ) LIMIT 1 [ RunTime:0.016555s ]
[ sql ] [ SQL ] SELECT `interest` FROM `xh_stock_interest_lever` WHERE  (  `levers`='4' ) LIMIT 1 [ RunTime:0.016638s ]
[ sql ] [ SQL ] SELECT `interest` FROM `xh_stock_interest_lever` WHERE  (  `levers`='5' ) LIMIT 1 [ RunTime:0.016219s ]
[ sql ] [ SQL ] SELECT `interest` FROM `xh_stock_interest_lever` WHERE  (  `levers`='6' ) LIMIT 1 [ RunTime:0.016710s ]
[ sql ] [ SQL ] SELECT `interest` FROM `xh_stock_interest_lever` WHERE  (  `levers`='7' ) LIMIT 1 [ RunTime:0.016763s ]
[ sql ] [ SQL ] SELECT `interest` FROM `xh_stock_interest_lever` WHERE  (  `levers`='8' ) LIMIT 1 [ RunTime:0.018043s ]
[ sql ] [ SQL ] SELECT `interest` FROM `xh_stock_interest_lever` WHERE  (  `levers`='9' ) LIMIT 1 [ RunTime:0.016496s ]
[ sql ] [ SQL ] SELECT `interest` FROM `xh_stock_interest_lever` WHERE  (  `levers`='10' ) LIMIT 1 [ RunTime:0.016762s ]
[ sql ] [ SQL ] SHOW COLUMNS FROM `xh_stock_interest_lever_month` [ RunTime:0.017521s ]
[ sql ] [ SQL ] SELECT `interest` FROM `xh_stock_interest_lever_month` WHERE  (  `levers`='1' ) LIMIT 1 [ RunTime:0.017188s ]
[ sql ] [ SQL ] SELECT `interest` FROM `xh_stock_interest_lever_month` WHERE  (  `levers`='2' ) LIMIT 1 [ RunTime:0.016098s ]
[ sql ] [ SQL ] SELECT `interest` FROM `xh_stock_interest_lever_month` WHERE  (  `levers`='3' ) LIMIT 1 [ RunTime:0.016645s ]
[ sql ] [ SQL ] SELECT `interest` FROM `xh_stock_interest_lever_month` WHERE  (  `levers`='4' ) LIMIT 1 [ RunTime:0.016736s ]
[ sql ] [ SQL ] SELECT `interest` FROM `xh_stock_interest_lever_month` WHERE  (  `levers`='5' ) LIMIT 1 [ RunTime:0.016086s ]
[ sql ] [ SQL ] SELECT `interest` FROM `xh_stock_interest_lever_month` WHERE  (  `levers`='6' ) LIMIT 1 [ RunTime:0.016095s ]
[ sql ] [ SQL ] SELECT `interest` FROM `xh_stock_interest_lever_month` WHERE  (  `levers`='7' ) LIMIT 1 [ RunTime:0.017289s ]
[ sql ] [ SQL ] SELECT `interest` FROM `xh_stock_interest_lever_month` WHERE  (  `levers`='8' ) LIMIT 1 [ RunTime:0.016241s ]
[ sql ] [ SQL ] SELECT `interest` FROM `xh_stock_interest_lever_month` WHERE  (  `levers`='9' ) LIMIT 1 [ RunTime:0.017602s ]
[ sql ] [ SQL ] SELECT `interest` FROM `xh_stock_interest_lever_month` WHERE  (  `levers`='10' ) LIMIT 1 [ RunTime:0.017237s ]
---------------------------------------------------------------
[ 2018-10-17T14:18:17+08:00 ] ::1 ::1 GET /feichangcelue/buy.html
[ sql ] [ DB ] CONNECT:[ UseTime:0.036952s ] mysql:dbname=peizi;host=rm-wz9l3z92630ora5wjwo.mysql.rds.aliyuncs.com;port=3306;charset=utf8
[ sql ] [ SQL ] SHOW COLUMNS FROM `xh_member` [ RunTime:0.017305s ]
[ sql ] [ SQL ] SELECT `usableSum` FROM `xh_member` WHERE  (  id=1341 ) LIMIT 1 [ RunTime:0.015512s ]
[ sql ] [ SQL ] SHOW COLUMNS FROM `xh_stock_order` [ RunTime:0.016810s ]
[ sql ] [ SQL ] SELECT COUNT(*) AS tp_count FROM `xh_stock_order` WHERE  (  memberId=1341 and isFreetrial=0 and left(createTime,10)='2018-10-17' ) LIMIT 1 [ RunTime:0.014833s ]
[ sql ] [ SQL ] SHOW COLUMNS FROM `xh_shares` [ RunTime:0.016618s ]
[ sql ] [ SQL ] SELECT `market` FROM `xh_shares` WHERE  `code` = '' LIMIT 1 [ RunTime:0.015773s ]
[ sql ] [ SQL ] SHOW COLUMNS FROM `xh_sys_params` [ RunTime:0.014959s ]
[ sql ] [ SQL ] SELECT `value` FROM `xh_sys_params` WHERE  (  `key` = 'dealPoundage' ) LIMIT 1 [ RunTime:0.015945s ]
[ sql ] [ SQL ] SELECT `value` FROM `xh_sys_params` WHERE  (  `key` = 'delayFee' ) LIMIT 1 [ RunTime:0.015552s ]
[ sql ] [ SQL ] SELECT `value` FROM `xh_sys_params` WHERE  (  `key` = 'dealFee' ) LIMIT 1 [ RunTime:0.017520s ]
[ sql ] [ SQL ] SELECT `value` FROM `xh_sys_params` WHERE  (  `key` = 'lossLine' ) LIMIT 1 [ RunTime:0.015328s ]
[ sql ] [ SQL ] SELECT `value` FROM `xh_sys_params` WHERE  (  `key` = 'delayLineRate' ) LIMIT 1 [ RunTime:0.015053s ]
[ sql ] [ SQL ] SELECT `value` FROM `xh_sys_params` WHERE  (  `key` = 'stopLossRate' ) LIMIT 1 [ RunTime:0.014897s ]
[ sql ] [ SQL ] SHOW COLUMNS FROM `xh_stock_interest_lever` [ RunTime:0.015620s ]
[ sql ] [ SQL ] SELECT `interest` FROM `xh_stock_interest_lever` WHERE  (  `levers`='1' ) LIMIT 1 [ RunTime:0.015093s ]
[ sql ] [ SQL ] SELECT `interest` FROM `xh_stock_interest_lever` WHERE  (  `levers`='2' ) LIMIT 1 [ RunTime:0.015908s ]
[ sql ] [ SQL ] SELECT `interest` FROM `xh_stock_interest_lever` WHERE  (  `levers`='3' ) LIMIT 1 [ RunTime:0.014792s ]
[ sql ] [ SQL ] SELECT `interest` FROM `xh_stock_interest_lever` WHERE  (  `levers`='4' ) LIMIT 1 [ RunTime:0.015463s ]
[ sql ] [ SQL ] SELECT `interest` FROM `xh_stock_interest_lever` WHERE  (  `levers`='5' ) LIMIT 1 [ RunTime:0.015724s ]
[ sql ] [ SQL ] SELECT `interest` FROM `xh_stock_interest_lever` WHERE  (  `levers`='6' ) LIMIT 1 [ RunTime:0.015349s ]
[ sql ] [ SQL ] SELECT `interest` FROM `xh_stock_interest_lever` WHERE  (  `levers`='7' ) LIMIT 1 [ RunTime:0.015767s ]
[ sql ] [ SQL ] SELECT `interest` FROM `xh_stock_interest_lever` WHERE  (  `levers`='8' ) LIMIT 1 [ RunTime:0.015270s ]
[ sql ] [ SQL ] SELECT `interest` FROM `xh_stock_interest_lever` WHERE  (  `levers`='9' ) LIMIT 1 [ RunTime:0.015146s ]
[ sql ] [ SQL ] SELECT `interest` FROM `xh_stock_interest_lever` WHERE  (  `levers`='10' ) LIMIT 1 [ RunTime:0.015333s ]
[ sql ] [ SQL ] SHOW COLUMNS FROM `xh_stock_interest_lever_month` [ RunTime:0.015138s ]
[ sql ] [ SQL ] SELECT `interest` FROM `xh_stock_interest_lever_month` WHERE  (  `levers`='1' ) LIMIT 1 [ RunTime:0.014729s ]
[ sql ] [ SQL ] SELECT `interest` FROM `xh_stock_interest_lever_month` WHERE  (  `levers`='2' ) LIMIT 1 [ RunTime:0.015337s ]
[ sql ] [ SQL ] SELECT `interest` FROM `xh_stock_interest_lever_month` WHERE  (  `levers`='3' ) LIMIT 1 [ RunTime:0.015910s ]
[ sql ] [ SQL ] SELECT `interest` FROM `xh_stock_interest_lever_month` WHERE  (  `levers`='4' ) LIMIT 1 [ RunTime:0.015368s ]
[ sql ] [ SQL ] SELECT `interest` FROM `xh_stock_interest_lever_month` WHERE  (  `levers`='5' ) LIMIT 1 [ RunTime:0.014464s ]
[ sql ] [ SQL ] SELECT `interest` FROM `xh_stock_interest_lever_month` WHERE  (  `levers`='6' ) LIMIT 1 [ RunTime:0.015711s ]
[ sql ] [ SQL ] SELECT `interest` FROM `xh_stock_interest_lever_month` WHERE  (  `levers`='7' ) LIMIT 1 [ RunTime:0.015927s ]
[ sql ] [ SQL ] SELECT `interest` FROM `xh_stock_interest_lever_month` WHERE  (  `levers`='8' ) LIMIT 1 [ RunTime:0.015034s ]
[ sql ] [ SQL ] SELECT `interest` FROM `xh_stock_interest_lever_month` WHERE  (  `levers`='9' ) LIMIT 1 [ RunTime:0.014635s ]
[ sql ] [ SQL ] SELECT `interest` FROM `xh_stock_interest_lever_month` WHERE  (  `levers`='10' ) LIMIT 1 [ RunTime:0.014417s ]
[ sql ] [ SQL ] SELECT `market` FROM `xh_shares` WHERE  `code` = '000001' LIMIT 1 [ RunTime:0.015528s ]
---------------------------------------------------------------
[ 2018-10-17T14:18:38+08:00 ] ::1 ::1 GET /feichangcelue/freetrial
[ sql ] [ DB ] CONNECT:[ UseTime:0.035408s ] mysql:dbname=peizi;host=rm-wz9l3z92630ora5wjwo.mysql.rds.aliyuncs.com;port=3306;charset=utf8
[ sql ] [ SQL ] SHOW COLUMNS FROM `xh_member` [ RunTime:0.015936s ]
[ sql ] [ SQL ] SELECT `usableSum` FROM `xh_member` WHERE  (  id=1341 ) LIMIT 1 [ RunTime:0.014982s ]
[ sql ] [ SQL ] SHOW COLUMNS FROM `xh_stock_order` [ RunTime:0.016362s ]
[ sql ] [ SQL ] SELECT COUNT(*) AS tp_count FROM `xh_stock_order` WHERE  (  memberId=1341 and isFreetrial=1 and left(createTime,10)='2018-10-17' ) LIMIT 1 [ RunTime:0.015006s ]
[ sql ] [ SQL ] SHOW COLUMNS FROM `xh_shares` [ RunTime:0.016100s ]
[ sql ] [ SQL ] SELECT `market` FROM `xh_shares` WHERE  `code` = '' LIMIT 1 [ RunTime:0.015118s ]
[ sql ] [ SQL ] SHOW COLUMNS FROM `xh_sys_params` [ RunTime:0.012905s ]
[ sql ] [ SQL ] SELECT `value` FROM `xh_sys_params` WHERE  (  `key` = 'dealPoundage' ) LIMIT 1 [ RunTime:0.014752s ]
[ sql ] [ SQL ] SELECT `value` FROM `xh_sys_params` WHERE  (  `key` = 'delayFee' ) LIMIT 1 [ RunTime:0.014464s ]
[ sql ] [ SQL ] SELECT `value` FROM `xh_sys_params` WHERE  (  `key` = 'dealFee' ) LIMIT 1 [ RunTime:0.014961s ]
[ sql ] [ SQL ] SELECT `value` FROM `xh_sys_params` WHERE  (  `key` = 'lossLine' ) LIMIT 1 [ RunTime:0.014507s ]
[ sql ] [ SQL ] SELECT `value` FROM `xh_sys_params` WHERE  (  `key` = 'delayLineRate' ) LIMIT 1 [ RunTime:0.013152s ]
[ sql ] [ SQL ] SELECT `value` FROM `xh_sys_params` WHERE  (  `key` = 'stopLossRate' ) LIMIT 1 [ RunTime:0.015174s ]
[ sql ] [ SQL ] SHOW COLUMNS FROM `xh_stock_interest_lever` [ RunTime:0.015596s ]
[ sql ] [ SQL ] SELECT `interest` FROM `xh_stock_interest_lever` WHERE  (  `levers`='1' ) LIMIT 1 [ RunTime:0.014737s ]
[ sql ] [ SQL ] SELECT `interest` FROM `xh_stock_interest_lever` WHERE  (  `levers`='2' ) LIMIT 1 [ RunTime:0.014783s ]
[ sql ] [ SQL ] SELECT `interest` FROM `xh_stock_interest_lever` WHERE  (  `levers`='3' ) LIMIT 1 [ RunTime:0.014883s ]
[ sql ] [ SQL ] SELECT `interest` FROM `xh_stock_interest_lever` WHERE  (  `levers`='4' ) LIMIT 1 [ RunTime:0.014563s ]
[ sql ] [ SQL ] SELECT `interest` FROM `xh_stock_interest_lever` WHERE  (  `levers`='5' ) LIMIT 1 [ RunTime:0.014658s ]
[ sql ] [ SQL ] SELECT `interest` FROM `xh_stock_interest_lever` WHERE  (  `levers`='6' ) LIMIT 1 [ RunTime:0.015656s ]
[ sql ] [ SQL ] SELECT `interest` FROM `xh_stock_interest_lever` WHERE  (  `levers`='7' ) LIMIT 1 [ RunTime:0.013399s ]
[ sql ] [ SQL ] SELECT `interest` FROM `xh_stock_interest_lever` WHERE  (  `levers`='8' ) LIMIT 1 [ RunTime:0.015291s ]
[ sql ] [ SQL ] SELECT `interest` FROM `xh_stock_interest_lever` WHERE  (  `levers`='9' ) LIMIT 1 [ RunTime:0.015788s ]
[ sql ] [ SQL ] SELECT `interest` FROM `xh_stock_interest_lever` WHERE  (  `levers`='10' ) LIMIT 1 [ RunTime:0.014482s ]
[ sql ] [ SQL ] SHOW COLUMNS FROM `xh_stock_interest_lever_month` [ RunTime:0.028442s ]
[ sql ] [ SQL ] SELECT `interest` FROM `xh_stock_interest_lever_month` WHERE  (  `levers`='1' ) LIMIT 1 [ RunTime:0.015306s ]
[ sql ] [ SQL ] SELECT `interest` FROM `xh_stock_interest_lever_month` WHERE  (  `levers`='2' ) LIMIT 1 [ RunTime:0.014584s ]
[ sql ] [ SQL ] SELECT `interest` FROM `xh_stock_interest_lever_month` WHERE  (  `levers`='3' ) LIMIT 1 [ RunTime:0.014593s ]
[ sql ] [ SQL ] SELECT `interest` FROM `xh_stock_interest_lever_month` WHERE  (  `levers`='4' ) LIMIT 1 [ RunTime:0.014685s ]
[ sql ] [ SQL ] SELECT `interest` FROM `xh_stock_interest_lever_month` WHERE  (  `levers`='5' ) LIMIT 1 [ RunTime:0.014801s ]
[ sql ] [ SQL ] SELECT `interest` FROM `xh_stock_interest_lever_month` WHERE  (  `levers`='6' ) LIMIT 1 [ RunTime:0.014620s ]
[ sql ] [ SQL ] SELECT `interest` FROM `xh_stock_interest_lever_month` WHERE  (  `levers`='7' ) LIMIT 1 [ RunTime:0.015034s ]
[ sql ] [ SQL ] SELECT `interest` FROM `xh_stock_interest_lever_month` WHERE  (  `levers`='8' ) LIMIT 1 [ RunTime:0.014843s ]
[ sql ] [ SQL ] SELECT `interest` FROM `xh_stock_interest_lever_month` WHERE  (  `levers`='9' ) LIMIT 1 [ RunTime:0.014625s ]
[ sql ] [ SQL ] SELECT `interest` FROM `xh_stock_interest_lever_month` WHERE  (  `levers`='10' ) LIMIT 1 [ RunTime:0.015673s ]
[ sql ] [ SQL ] SELECT `freebleSum` FROM `xh_member` WHERE  `id` = 1341 LIMIT 1 [ RunTime:0.015368s ]
[ sql ] [ SQL ] SELECT `market` FROM `xh_shares` WHERE  `code` = '000001' LIMIT 1 [ RunTime:0.014437s ]
---------------------------------------------------------------
[ 2018-10-17T14:19:18+08:00 ] ::1 ::1 GET /feichangcelue/buy.html
[ sql ] [ DB ] CONNECT:[ UseTime:0.029626s ] mysql:dbname=peizi;host=rm-wz9l3z92630ora5wjwo.mysql.rds.aliyuncs.com;port=3306;charset=utf8
[ sql ] [ SQL ] SHOW COLUMNS FROM `xh_member` [ RunTime:0.013090s ]
[ sql ] [ SQL ] SELECT `usableSum` FROM `xh_member` WHERE  (  id=1341 ) LIMIT 1 [ RunTime:0.012312s ]
[ sql ] [ SQL ] SHOW COLUMNS FROM `xh_stock_order` [ RunTime:0.013734s ]
[ sql ] [ SQL ] SELECT COUNT(*) AS tp_count FROM `xh_stock_order` WHERE  (  memberId=1341 and isFreetrial=0 and left(createTime,10)='2018-10-17' ) LIMIT 1 [ RunTime:0.012442s ]
[ sql ] [ SQL ] SHOW COLUMNS FROM `xh_shares` [ RunTime:0.013201s ]
[ sql ] [ SQL ] SELECT `market` FROM `xh_shares` WHERE  `code` = '' LIMIT 1 [ RunTime:0.011478s ]
[ sql ] [ SQL ] SHOW COLUMNS FROM `xh_sys_params` [ RunTime:0.012260s ]
[ sql ] [ SQL ] SELECT `value` FROM `xh_sys_params` WHERE  (  `key` = 'dealPoundage' ) LIMIT 1 [ RunTime:0.011892s ]
[ sql ] [ SQL ] SELECT `value` FROM `xh_sys_params` WHERE  (  `key` = 'delayFee' ) LIMIT 1 [ RunTime:0.011883s ]
[ sql ] [ SQL ] SELECT `value` FROM `xh_sys_params` WHERE  (  `key` = 'dealFee' ) LIMIT 1 [ RunTime:0.011520s ]
[ sql ] [ SQL ] SELECT `value` FROM `xh_sys_params` WHERE  (  `key` = 'lossLine' ) LIMIT 1 [ RunTime:0.011679s ]
[ sql ] [ SQL ] SELECT `value` FROM `xh_sys_params` WHERE  (  `key` = 'delayLineRate' ) LIMIT 1 [ RunTime:0.012028s ]
[ sql ] [ SQL ] SELECT `value` FROM `xh_sys_params` WHERE  (  `key` = 'stopLossRate' ) LIMIT 1 [ RunTime:0.011522s ]
[ sql ] [ SQL ] SHOW COLUMNS FROM `xh_stock_interest_lever` [ RunTime:0.012239s ]
[ sql ] [ SQL ] SELECT `interest` FROM `xh_stock_interest_lever` WHERE  (  `levers`='1' ) LIMIT 1 [ RunTime:0.011955s ]
[ sql ] [ SQL ] SELECT `interest` FROM `xh_stock_interest_lever` WHERE  (  `levers`='2' ) LIMIT 1 [ RunTime:0.014118s ]
[ sql ] [ SQL ] SELECT `interest` FROM `xh_stock_interest_lever` WHERE  (  `levers`='3' ) LIMIT 1 [ RunTime:0.012947s ]
[ sql ] [ SQL ] SELECT `interest` FROM `xh_stock_interest_lever` WHERE  (  `levers`='4' ) LIMIT 1 [ RunTime:0.012118s ]
[ sql ] [ SQL ] SELECT `interest` FROM `xh_stock_interest_lever` WHERE  (  `levers`='5' ) LIMIT 1 [ RunTime:0.011707s ]
[ sql ] [ SQL ] SELECT `interest` FROM `xh_stock_interest_lever` WHERE  (  `levers`='6' ) LIMIT 1 [ RunTime:0.011513s ]
[ sql ] [ SQL ] SELECT `interest` FROM `xh_stock_interest_lever` WHERE  (  `levers`='7' ) LIMIT 1 [ RunTime:0.011738s ]
[ sql ] [ SQL ] SELECT `interest` FROM `xh_stock_interest_lever` WHERE  (  `levers`='8' ) LIMIT 1 [ RunTime:0.011596s ]
[ sql ] [ SQL ] SELECT `interest` FROM `xh_stock_interest_lever` WHERE  (  `levers`='9' ) LIMIT 1 [ RunTime:0.011627s ]
[ sql ] [ SQL ] SELECT `interest` FROM `xh_stock_interest_lever` WHERE  (  `levers`='10' ) LIMIT 1 [ RunTime:0.012400s ]
[ sql ] [ SQL ] SHOW COLUMNS FROM `xh_stock_interest_lever_month` [ RunTime:0.012061s ]
[ sql ] [ SQL ] SELECT `interest` FROM `xh_stock_interest_lever_month` WHERE  (  `levers`='1' ) LIMIT 1 [ RunTime:0.012105s ]
[ sql ] [ SQL ] SELECT `interest` FROM `xh_stock_interest_lever_month` WHERE  (  `levers`='2' ) LIMIT 1 [ RunTime:0.011649s ]
[ sql ] [ SQL ] SELECT `interest` FROM `xh_stock_interest_lever_month` WHERE  (  `levers`='3' ) LIMIT 1 [ RunTime:0.012218s ]
[ sql ] [ SQL ] SELECT `interest` FROM `xh_stock_interest_lever_month` WHERE  (  `levers`='4' ) LIMIT 1 [ RunTime:0.011533s ]
[ sql ] [ SQL ] SELECT `interest` FROM `xh_stock_interest_lever_month` WHERE  (  `levers`='5' ) LIMIT 1 [ RunTime:0.012000s ]
[ sql ] [ SQL ] SELECT `interest` FROM `xh_stock_interest_lever_month` WHERE  (  `levers`='6' ) LIMIT 1 [ RunTime:0.011741s ]
[ sql ] [ SQL ] SELECT `interest` FROM `xh_stock_interest_lever_month` WHERE  (  `levers`='7' ) LIMIT 1 [ RunTime:0.011516s ]
[ sql ] [ SQL ] SELECT `interest` FROM `xh_stock_interest_lever_month` WHERE  (  `levers`='8' ) LIMIT 1 [ RunTime:0.011730s ]
[ sql ] [ SQL ] SELECT `interest` FROM `xh_stock_interest_lever_month` WHERE  (  `levers`='9' ) LIMIT 1 [ RunTime:0.011452s ]
[ sql ] [ SQL ] SELECT `interest` FROM `xh_stock_interest_lever_month` WHERE  (  `levers`='10' ) LIMIT 1 [ RunTime:0.011598s ]
[ sql ] [ SQL ] SELECT `market` FROM `xh_shares` WHERE  `code` = '000001' LIMIT 1 [ RunTime:0.011955s ]
---------------------------------------------------------------
[ 2018-10-17T14:19:22+08:00 ] ::1 ::1 GET /feichangcelue/sell.html
[ sql ] [ DB ] CONNECT:[ UseTime:0.034913s ] mysql:dbname=peizi;host=rm-wz9l3z92630ora5wjwo.mysql.rds.aliyuncs.com;port=3306;charset=utf8
[ sql ] [ SQL ] SHOW COLUMNS FROM `xh_member` [ RunTime:0.017288s ]
[ sql ] [ SQL ] SELECT `usableSum` FROM `xh_member` WHERE  (  id=1341 ) LIMIT 1 [ RunTime:0.015964s ]
[ sql ] [ SQL ] SELECT * FROM `xh_member` WHERE  (  id=1341 ) LIMIT 1 [ RunTime:0.016452s ]
[ sql ] [ SQL ] SHOW COLUMNS FROM `xh_stock_order` [ RunTime:0.017224s ]
[ sql ] [ SQL ] SELECT COUNT(*) AS tp_count FROM `xh_stock_order` WHERE  (  memberId=1341 and isFreetrial=0 and status = 1 ) LIMIT 1 [ RunTime:0.015715s ]
[ sql ] [ SQL ] SHOW COLUMNS FROM `xh_sys_params` [ RunTime:0.016512s ]
[ sql ] [ SQL ] SELECT `value` FROM `xh_sys_params` WHERE  (  `key` = 'delayFee' ) LIMIT 1 [ RunTime:0.015724s ]
[ sql ] [ SQL ] SELECT SUM(0 * dealAmount) AS tp_sum FROM `xh_stock_order` WHERE  (  memberId=1341 and isFreetrial=0 and status = 1  ) LIMIT 1 [ RunTime:0.016073s ]
[ sql ] [ SQL ] SELECT COUNT(*) AS tp_count FROM `xh_stock_order`,`xh_shares` WHERE  (   xh_stock_order.stockCode = xh_shares.`code` and xh_stock_order.memberId=1341 and isFreetrial=0 and status = 1 ) LIMIT 1 [ RunTime:0.016760s ]
[ sql ] [ SQL ] SELECT `xh_stock_order`.*,xh_shares.name as stockName,`xh_shares`.`market` FROM `xh_stock_order`,`xh_shares` WHERE  (   xh_stock_order.stockCode = xh_shares.`code` and xh_stock_order.memberId=1341 and isFreetrial=0 and status = 1 ) ORDER BY createTime desc LIMIT 0,5 [ RunTime:0.018177s ]
[ sql ] [ SQL ] SELECT COUNT(*) AS tp_count FROM `xh_stock_order` WHERE  `memberId` = 1341  AND `status` = 1  AND `isFreetrial` = 0 LIMIT 1 [ RunTime:0.015773s ]
[ sql ] [ SQL ] SELECT `stockCode` FROM `xh_stock_order` WHERE  `memberId` = 1341  AND `status` = 1  AND `isFreetrial` = 0 ORDER BY createTime desc LIMIT 0,5 [ RunTime:0.016107s ]
[ error ] [8]: 1
[ error ] [8]: 1
[ error ] [8]: res
[ error ] [8]Use of undefined constant count - assumed 'count'
[ error ] [8]: list
[ error ] [8]: listJson
[ error ] [8]: listJson2
---------------------------------------------------------------
[ 2018-10-17T14:20:27+08:00 ] ::1 ::1 GET /feichangcelue/buy.html
[ sql ] [ DB ] CONNECT:[ UseTime:0.031592s ] mysql:dbname=peizi;host=rm-wz9l3z92630ora5wjwo.mysql.rds.aliyuncs.com;port=3306;charset=utf8
[ sql ] [ SQL ] SHOW COLUMNS FROM `xh_member` [ RunTime:0.014918s ]
[ sql ] [ SQL ] SELECT `usableSum` FROM `xh_member` WHERE  (  id=1341 ) LIMIT 1 [ RunTime:0.013707s ]
[ sql ] [ SQL ] SHOW COLUMNS FROM `xh_stock_order` [ RunTime:0.015458s ]
[ sql ] [ SQL ] SELECT COUNT(*) AS tp_count FROM `xh_stock_order` WHERE  (  memberId=1341 and isFreetrial=0 and left(createTime,10)='2018-10-17' ) LIMIT 1 [ RunTime:0.015852s ]
[ sql ] [ SQL ] SHOW COLUMNS FROM `xh_shares` [ RunTime:0.017023s ]
[ sql ] [ SQL ] SELECT `market` FROM `xh_shares` WHERE  `code` = '' LIMIT 1 [ RunTime:0.015604s ]
[ sql ] [ SQL ] SHOW COLUMNS FROM `xh_sys_params` [ RunTime:0.015602s ]
[ sql ] [ SQL ] SELECT `value` FROM `xh_sys_params` WHERE  (  `key` = 'dealPoundage' ) LIMIT 1 [ RunTime:0.015921s ]
[ sql ] [ SQL ] SELECT `value` FROM `xh_sys_params` WHERE  (  `key` = 'delayFee' ) LIMIT 1 [ RunTime:0.015033s ]
[ sql ] [ SQL ] SELECT `value` FROM `xh_sys_params` WHERE  (  `key` = 'dealFee' ) LIMIT 1 [ RunTime:0.015983s ]
[ sql ] [ SQL ] SELECT `value` FROM `xh_sys_params` WHERE  (  `key` = 'lossLine' ) LIMIT 1 [ RunTime:0.016103s ]
[ sql ] [ SQL ] SELECT `value` FROM `xh_sys_params` WHERE  (  `key` = 'delayLineRate' ) LIMIT 1 [ RunTime:0.016057s ]
[ sql ] [ SQL ] SELECT `value` FROM `xh_sys_params` WHERE  (  `key` = 'stopLossRate' ) LIMIT 1 [ RunTime:0.015873s ]
[ sql ] [ SQL ] SHOW COLUMNS FROM `xh_stock_interest_lever` [ RunTime:0.016507s ]
[ sql ] [ SQL ] SELECT `interest` FROM `xh_stock_interest_lever` WHERE  (  `levers`='1' ) LIMIT 1 [ RunTime:0.015829s ]
[ sql ] [ SQL ] SELECT `interest` FROM `xh_stock_interest_lever` WHERE  (  `levers`='2' ) LIMIT 1 [ RunTime:0.016021s ]
[ sql ] [ SQL ] SELECT `interest` FROM `xh_stock_interest_lever` WHERE  (  `levers`='3' ) LIMIT 1 [ RunTime:0.016210s ]
[ sql ] [ SQL ] SELECT `interest` FROM `xh_stock_interest_lever` WHERE  (  `levers`='4' ) LIMIT 1 [ RunTime:0.016064s ]
[ sql ] [ SQL ] SELECT `interest` FROM `xh_stock_interest_lever` WHERE  (  `levers`='5' ) LIMIT 1 [ RunTime:0.016385s ]
[ sql ] [ SQL ] SELECT `interest` FROM `xh_stock_interest_lever` WHERE  (  `levers`='6' ) LIMIT 1 [ RunTime:0.015745s ]
[ sql ] [ SQL ] SELECT `interest` FROM `xh_stock_interest_lever` WHERE  (  `levers`='7' ) LIMIT 1 [ RunTime:0.016064s ]
[ sql ] [ SQL ] SELECT `interest` FROM `xh_stock_interest_lever` WHERE  (  `levers`='8' ) LIMIT 1 [ RunTime:0.016180s ]
[ sql ] [ SQL ] SELECT `interest` FROM `xh_stock_interest_lever` WHERE  (  `levers`='9' ) LIMIT 1 [ RunTime:0.015901s ]
[ sql ] [ SQL ] SELECT `interest` FROM `xh_stock_interest_lever` WHERE  (  `levers`='10' ) LIMIT 1 [ RunTime:0.016033s ]
[ sql ] [ SQL ] SHOW COLUMNS FROM `xh_stock_interest_lever_month` [ RunTime:0.016708s ]
[ sql ] [ SQL ] SELECT `interest` FROM `xh_stock_interest_lever_month` WHERE  (  `levers`='1' ) LIMIT 1 [ RunTime:0.015597s ]
[ sql ] [ SQL ] SELECT `interest` FROM `xh_stock_interest_lever_month` WHERE  (  `levers`='2' ) LIMIT 1 [ RunTime:0.016154s ]
[ sql ] [ SQL ] SELECT `interest` FROM `xh_stock_interest_lever_month` WHERE  (  `levers`='3' ) LIMIT 1 [ RunTime:0.015875s ]
[ sql ] [ SQL ] SELECT `interest` FROM `xh_stock_interest_lever_month` WHERE  (  `levers`='4' ) LIMIT 1 [ RunTime:0.015472s ]
[ sql ] [ SQL ] SELECT `interest` FROM `xh_stock_interest_lever_month` WHERE  (  `levers`='5' ) LIMIT 1 [ RunTime:0.015966s ]
[ sql ] [ SQL ] SELECT `interest` FROM `xh_stock_interest_lever_month` WHERE  (  `levers`='6' ) LIMIT 1 [ RunTime:0.016151s ]
[ sql ] [ SQL ] SELECT `interest` FROM `xh_stock_interest_lever_month` WHERE  (  `levers`='7' ) LIMIT 1 [ RunTime:0.014926s ]
[ sql ] [ SQL ] SELECT `interest` FROM `xh_stock_interest_lever_month` WHERE  (  `levers`='8' ) LIMIT 1 [ RunTime:0.016257s ]
[ sql ] [ SQL ] SELECT `interest` FROM `xh_stock_interest_lever_month` WHERE  (  `levers`='9' ) LIMIT 1 [ RunTime:0.015857s ]
[ sql ] [ SQL ] SELECT `interest` FROM `xh_stock_interest_lever_month` WHERE  (  `levers`='10' ) LIMIT 1 [ RunTime:0.016144s ]
[ sql ] [ SQL ] SELECT `market` FROM `xh_shares` WHERE  `code` = '000001' LIMIT 1 [ RunTime:0.015969s ]
