---------------------------------------------------------------
[ 2018-10-18T15:11:03+08:00 ] ::1 ::1 GET /feichangcelue/sell.html
[ sql ] [ DB ] CONNECT:[ UseTime:0.038681s ] mysql:dbname=peizi;host=rm-wz9l3z92630ora5wjwo.mysql.rds.aliyuncs.com;port=3306;charset=utf8
[ sql ] [ SQL ] SHOW COLUMNS FROM `xh_member` [ RunTime:0.018042s ]
[ sql ] [ SQL ] SELECT `usableSum` FROM `xh_member` WHERE  (  id=1340 ) LIMIT 1 [ RunTime:0.017087s ]
[ sql ] [ SQL ] SELECT * FROM `xh_member` WHERE  (  id=1340 ) LIMIT 1 [ RunTime:0.017946s ]
[ sql ] [ SQL ] SHOW COLUMNS FROM `xh_stock_order` [ RunTime:0.018572s ]
[ sql ] [ SQL ] SELECT COUNT(*) AS tp_count FROM `xh_stock_order` WHERE  (  memberId=1340 and isFreetrial=0 and status = 1 ) LIMIT 1 [ RunTime:0.017231s ]
[ sql ] [ SQL ] SHOW COLUMNS FROM `xh_sys_params` [ RunTime:0.017944s ]
[ sql ] [ SQL ] SELECT `value` FROM `xh_sys_params` WHERE  (  `key` = 'delayFee' ) LIMIT 1 [ RunTime:0.017039s ]
[ sql ] [ SQL ] SELECT SUM(0 * dealAmount) AS tp_sum FROM `xh_stock_order` WHERE  (  memberId=1340 and isFreetrial=0 and status = 1  ) LIMIT 1 [ RunTime:0.017091s ]
[ sql ] [ SQL ] SELECT COUNT(*) AS tp_count FROM `xh_stock_order`,`xh_shares` WHERE  (   xh_stock_order.stockCode = xh_shares.`code` and xh_stock_order.memberId=1340 and isFreetrial=0 and status = 1 ) LIMIT 1 [ RunTime:0.017962s ]
[ sql ] [ SQL ] SELECT `xh_stock_order`.*,xh_shares.name as stockName,`xh_shares`.`market` FROM `xh_stock_order`,`xh_shares` WHERE  (   xh_stock_order.stockCode = xh_shares.`code` and xh_stock_order.memberId=1340 and isFreetrial=0 and status = 1 ) ORDER BY createTime desc LIMIT 0,5 [ RunTime:0.019382s ]
[ sql ] [ SQL ] SELECT COUNT(*) AS tp_count FROM `xh_stock_order` WHERE  `memberId` = 1340  AND `status` = 1  AND `isFreetrial` = 0 LIMIT 1 [ RunTime:0.017907s ]
[ sql ] [ SQL ] SELECT `stockCode` FROM `xh_stock_order` WHERE  `memberId` = 1340  AND `status` = 1  AND `isFreetrial` = 0 ORDER BY createTime desc LIMIT 0,5 [ RunTime:0.017240s ]
[ sql ] [ SQL ] SHOW COLUMNS FROM `xh_shares` [ RunTime:0.018089s ]
[ sql ] [ SQL ] SELECT `market` FROM `xh_shares` WHERE  `code` = '000001' LIMIT 1 [ RunTime:0.017453s ]
[ sql ] [ SQL ] SELECT `market` FROM `xh_shares` WHERE  `code` = '000001' LIMIT 1 [ RunTime:0.016000s ]
[ sql ] [ SQL ] SELECT `market` FROM `xh_shares` WHERE  `code` = '000001' LIMIT 1 [ RunTime:0.015941s ]
[ sql ] [ SQL ] SELECT `stockCode` FROM `xh_stock_order` WHERE  `memberId` = 1340  AND `status` = 1  AND `isFreetrial` = 0 ORDER BY createTime desc [ RunTime:0.016665s ]
[ sql ] [ SQL ] SELECT `market` FROM `xh_shares` WHERE  `code` = '000001' LIMIT 1 [ RunTime:0.017343s ]
[ sql ] [ SQL ] SELECT `market` FROM `xh_shares` WHERE  `code` = '000001' LIMIT 1 [ RunTime:0.016318s ]
[ sql ] [ SQL ] SELECT `market` FROM `xh_shares` WHERE  `code` = '000001' LIMIT 1 [ RunTime:0.015777s ]
[ sql ] [ SQL ] SELECT `xh_stock_order`.*,xh_shares.name as stockName,`xh_shares`.`market` FROM `xh_stock_order`,`xh_shares` WHERE  (   xh_stock_order.stockCode = xh_shares.`code` and xh_stock_order.memberId=1340 and isFreetrial=0 and status = 1 ) ORDER BY createTime desc [ RunTime:0.018408s ]
[ error ] [8]未定义数组下标: 1
[ error ] [8]未定义数组下标: 1
[ error ] [8]未定义数组下标: 1
[ error ] [8]未定义数组下标: 1
[ error ] [8]Use of undefined constant count - assumed 'count'
[ error ] [8]Object of class think\paginator\driver\Bootstrap could not be converted to int
[ error ] [8]Use of undefined constant nowPrice - assumed 'nowPrice'
[ error ] [8]Use of undefined constant profitAmount - assumed 'profitAmount'
[ error ] [8]Use of undefined constant profitAmount - assumed 'profitAmount'
[ error ] [8]Use of undefined constant rate - assumed 'rate'
[ error ] [8]Use of undefined constant nowPrice - assumed 'nowPrice'
[ error ] [8]Use of undefined constant profitAmount - assumed 'profitAmount'
[ error ] [8]Use of undefined constant profitAmount - assumed 'profitAmount'
[ error ] [8]Use of undefined constant rate - assumed 'rate'
[ error ] [8]Use of undefined constant nowPrice - assumed 'nowPrice'
[ error ] [8]Use of undefined constant profitAmount - assumed 'profitAmount'
[ error ] [8]Use of undefined constant profitAmount - assumed 'profitAmount'
[ error ] [8]Use of undefined constant rate - assumed 'rate'
