---------------------------------------------------------------
[ 2018-10-19T10:18:11+08:00 ] ::1 ::1 POST /feichangcelue/index/Alistock/getStockInfo
[ error ] [2]mkdir(): File exists
---------------------------------------------------------------
[ 2018-10-19T10:18:11+08:00 ] ::1 ::1 POST /feichangcelue/index/Alistock/getStockInfo
[ sql ] [ DB ] CONNECT:[ UseTime:0.038940s ] mysql:dbname=peizi;host=rm-wz9l3z92630ora5wjwo.mysql.rds.aliyuncs.com;port=3306;charset=utf8
[ sql ] [ SQL ] SHOW COLUMNS FROM `xh_stock_visit_record` [ RunTime:0.015286s ]
[ sql ] [ SQL ] INSERT INTO `xh_stock_visit_record` (`code` , `createTime` , `createTimeStamp`) VALUES ('000001' , '2018-10-19 10:18:11' , 1539915491) [ RunTime:0.018337s ]
[ sql ] [ SQL ] SHOW COLUMNS FROM `xh_online_stock_detail` [ RunTime:0.014527s ]
[ sql ] [ SQL ] SELECT * FROM `xh_online_stock_detail` WHERE  (  code='000001' and createTimeStamp >= 1539915476  ) ORDER BY id desc LIMIT 1 [ RunTime:0.014075s ]
[ sql ] [ SQL ] SHOW COLUMNS FROM `xh_shares` [ RunTime:0.014940s ]
[ sql ] [ SQL ] SELECT `market` FROM `xh_shares` WHERE  `code` = '000001' LIMIT 1 [ RunTime:0.013641s ]
---------------------------------------------------------------
[ 2018-10-19T10:18:13+08:00 ] ::1 ::1 POST /feichangcelue/index/Alistock/getStockInfo
[ sql ] [ DB ] CONNECT:[ UseTime:0.038601s ] mysql:dbname=peizi;host=rm-wz9l3z92630ora5wjwo.mysql.rds.aliyuncs.com;port=3306;charset=utf8
[ sql ] [ SQL ] SHOW COLUMNS FROM `xh_admin_config` [ RunTime:0.016162s ]
[ sql ] [ SQL ] SELECT `name`,`value`,`type` FROM `xh_admin_config` [ RunTime:0.015471s ]
[ sql ] [ SQL ] SHOW COLUMNS FROM `xh_admin_module` [ RunTime:0.015215s ]
[ sql ] [ SQL ] SELECT `name`,`config` FROM `xh_admin_module` WHERE  `config` <> '' [ RunTime:0.014699s ]
[ sql ] [ SQL ] SHOW COLUMNS FROM `xh_admin_hook` [ RunTime:0.014170s ]
[ sql ] [ SQL ] SELECT `name`,`status` FROM `xh_admin_hook` WHERE  `status` = 1 [ RunTime:0.014796s ]
[ sql ] [ SQL ] SHOW COLUMNS FROM `xh_admin_plugin` [ RunTime:0.015992s ]
[ sql ] [ SQL ] SELECT `name`,`status` FROM `xh_admin_plugin` WHERE  `status` = 1 [ RunTime:0.014308s ]
[ sql ] [ SQL ] SHOW COLUMNS FROM `xh_admin_hook_plugin` [ RunTime:0.014777s ]
[ sql ] [ SQL ] SELECT * FROM `xh_admin_hook_plugin` WHERE  `status` = 1 ORDER BY hook,sort [ RunTime:0.014757s ]
[ sql ] [ SQL ] SHOW COLUMNS FROM `xh_stock_visit_record` [ RunTime:0.015015s ]
[ sql ] [ SQL ] INSERT INTO `xh_stock_visit_record` (`code` , `createTime` , `createTimeStamp`) VALUES ('000001' , '2018-10-19 10:18:13' , 1539915493) [ RunTime:0.019904s ]
[ sql ] [ SQL ] SHOW COLUMNS FROM `xh_online_stock_detail` [ RunTime:0.015228s ]
[ sql ] [ SQL ] SELECT * FROM `xh_online_stock_detail` WHERE  (  code='000001' and createTimeStamp >= 1539915478  ) ORDER BY id desc LIMIT 1 [ RunTime:0.015009s ]
[ sql ] [ SQL ] SHOW COLUMNS FROM `xh_shares` [ RunTime:0.014925s ]
[ sql ] [ SQL ] SELECT `market` FROM `xh_shares` WHERE  `code` = '000001' LIMIT 1 [ RunTime:0.014489s ]
---------------------------------------------------------------
[ 2018-10-19T10:18:13+08:00 ] ::1 ::1 POST /feichangcelue/index/Alistock/getStockInfo
[ sql ] [ DB ] CONNECT:[ UseTime:0.045711s ] mysql:dbname=peizi;host=rm-wz9l3z92630ora5wjwo.mysql.rds.aliyuncs.com;port=3306;charset=utf8
[ sql ] [ SQL ] SHOW COLUMNS FROM `xh_admin_config` [ RunTime:0.017471s ]
[ sql ] [ SQL ] SELECT `name`,`value`,`type` FROM `xh_admin_config` [ RunTime:0.018181s ]
[ sql ] [ SQL ] SHOW COLUMNS FROM `xh_admin_module` [ RunTime:0.017117s ]
[ sql ] [ SQL ] SELECT `name`,`config` FROM `xh_admin_module` WHERE  `config` <> '' [ RunTime:0.017793s ]
[ sql ] [ SQL ] SHOW COLUMNS FROM `xh_admin_hook` [ RunTime:0.016350s ]
[ sql ] [ SQL ] SELECT `name`,`status` FROM `xh_admin_hook` WHERE  `status` = 1 [ RunTime:0.014801s ]
[ sql ] [ SQL ] SHOW COLUMNS FROM `xh_admin_plugin` [ RunTime:0.016072s ]
[ sql ] [ SQL ] SELECT `name`,`status` FROM `xh_admin_plugin` WHERE  `status` = 1 [ RunTime:0.014726s ]
[ sql ] [ SQL ] SHOW COLUMNS FROM `xh_admin_hook_plugin` [ RunTime:0.014757s ]
[ sql ] [ SQL ] SELECT * FROM `xh_admin_hook_plugin` WHERE  `status` = 1 ORDER BY hook,sort [ RunTime:0.015121s ]
[ sql ] [ SQL ] SHOW COLUMNS FROM `xh_stock_visit_record` [ RunTime:0.018200s ]
[ sql ] [ SQL ] INSERT INTO `xh_stock_visit_record` (`code` , `createTime` , `createTimeStamp`) VALUES ('000001' , '2018-10-19 10:18:13' , 1539915493) [ RunTime:0.022964s ]
[ sql ] [ SQL ] SHOW COLUMNS FROM `xh_online_stock_detail` [ RunTime:0.017965s ]
[ sql ] [ SQL ] SELECT * FROM `xh_online_stock_detail` WHERE  (  code='000001' and createTimeStamp >= 1539915478  ) ORDER BY id desc LIMIT 1 [ RunTime:0.018102s ]
[ sql ] [ SQL ] SHOW COLUMNS FROM `xh_shares` [ RunTime:0.016414s ]
[ sql ] [ SQL ] SELECT `market` FROM `xh_shares` WHERE  `code` = '000001' LIMIT 1 [ RunTime:0.017397s ]
---------------------------------------------------------------
[ 2018-10-19T10:18:15+08:00 ] ::1 ::1 POST /feichangcelue/index/Alistock/getStockInfo
[ sql ] [ DB ] CONNECT:[ UseTime:0.039353s ] mysql:dbname=peizi;host=rm-wz9l3z92630ora5wjwo.mysql.rds.aliyuncs.com;port=3306;charset=utf8
[ sql ] [ SQL ] SHOW COLUMNS FROM `xh_stock_visit_record` [ RunTime:0.012679s ]
[ sql ] [ SQL ] INSERT INTO `xh_stock_visit_record` (`code` , `createTime` , `createTimeStamp`) VALUES ('000001' , '2018-10-19 10:18:15' , 1539915495) [ RunTime:0.023660s ]
[ sql ] [ SQL ] SHOW COLUMNS FROM `xh_online_stock_detail` [ RunTime:0.010493s ]
[ sql ] [ SQL ] SELECT * FROM `xh_online_stock_detail` WHERE  (  code='000001' and createTimeStamp >= 1539915480  ) ORDER BY id desc LIMIT 1 [ RunTime:0.011684s ]
[ sql ] [ SQL ] SHOW COLUMNS FROM `xh_shares` [ RunTime:0.012974s ]
[ sql ] [ SQL ] SELECT `market` FROM `xh_shares` WHERE  `code` = '000001' LIMIT 1 [ RunTime:0.012198s ]
---------------------------------------------------------------
[ 2018-10-19T10:18:15+08:00 ] ::1 ::1 POST /feichangcelue/index/Alistock/getStockInfo
[ sql ] [ DB ] CONNECT:[ UseTime:0.042708s ] mysql:dbname=peizi;host=rm-wz9l3z92630ora5wjwo.mysql.rds.aliyuncs.com;port=3306;charset=utf8
[ sql ] [ SQL ] SHOW COLUMNS FROM `xh_stock_visit_record` [ RunTime:0.017184s ]
[ sql ] [ SQL ] INSERT INTO `xh_stock_visit_record` (`code` , `createTime` , `createTimeStamp`) VALUES ('000001' , '2018-10-19 10:18:15' , 1539915495) [ RunTime:0.074199s ]
[ sql ] [ SQL ] SHOW COLUMNS FROM `xh_online_stock_detail` [ RunTime:0.016454s ]
[ sql ] [ SQL ] SELECT * FROM `xh_online_stock_detail` WHERE  (  code='000001' and createTimeStamp >= 1539915480  ) ORDER BY id desc LIMIT 1 [ RunTime:0.016297s ]
[ sql ] [ SQL ] SHOW COLUMNS FROM `xh_shares` [ RunTime:0.016187s ]
[ sql ] [ SQL ] SELECT `market` FROM `xh_shares` WHERE  `code` = '000001' LIMIT 1 [ RunTime:0.015825s ]
---------------------------------------------------------------
[ 2018-10-19T10:18:17+08:00 ] ::1 ::1 POST /feichangcelue/index/Alistock/getStockInfo
[ sql ] [ DB ] CONNECT:[ UseTime:0.032362s ] mysql:dbname=peizi;host=rm-wz9l3z92630ora5wjwo.mysql.rds.aliyuncs.com;port=3306;charset=utf8
[ sql ] [ SQL ] SHOW COLUMNS FROM `xh_stock_visit_record` [ RunTime:0.020282s ]
[ sql ] [ SQL ] INSERT INTO `xh_stock_visit_record` (`code` , `createTime` , `createTimeStamp`) VALUES ('000001' , '2018-10-19 10:18:17' , 1539915497) [ RunTime:0.014606s ]
[ sql ] [ SQL ] SHOW COLUMNS FROM `xh_online_stock_detail` [ RunTime:0.011467s ]
[ sql ] [ SQL ] SELECT * FROM `xh_online_stock_detail` WHERE  (  code='000001' and createTimeStamp >= 1539915482  ) ORDER BY id desc LIMIT 1 [ RunTime:0.011595s ]
[ sql ] [ SQL ] SHOW COLUMNS FROM `xh_shares` [ RunTime:0.012424s ]
[ sql ] [ SQL ] SELECT `market` FROM `xh_shares` WHERE  `code` = '000001' LIMIT 1 [ RunTime:0.011153s ]
---------------------------------------------------------------
[ 2018-10-19T10:18:17+08:00 ] ::1 ::1 POST /feichangcelue/index/Alistock/getStockInfo
[ sql ] [ DB ] CONNECT:[ UseTime:0.043461s ] mysql:dbname=peizi;host=rm-wz9l3z92630ora5wjwo.mysql.rds.aliyuncs.com;port=3306;charset=utf8
[ sql ] [ SQL ] SHOW COLUMNS FROM `xh_stock_visit_record` [ RunTime:0.018674s ]
[ sql ] [ SQL ] INSERT INTO `xh_stock_visit_record` (`code` , `createTime` , `createTimeStamp`) VALUES ('000001' , '2018-10-19 10:18:17' , 1539915497) [ RunTime:0.022320s ]
[ sql ] [ SQL ] SHOW COLUMNS FROM `xh_online_stock_detail` [ RunTime:0.017672s ]
[ sql ] [ SQL ] SELECT * FROM `xh_online_stock_detail` WHERE  (  code='000001' and createTimeStamp >= 1539915482  ) ORDER BY id desc LIMIT 1 [ RunTime:0.018140s ]
[ sql ] [ SQL ] SHOW COLUMNS FROM `xh_shares` [ RunTime:0.018892s ]
[ sql ] [ SQL ] SELECT `market` FROM `xh_shares` WHERE  `code` = '000001' LIMIT 1 [ RunTime:0.018030s ]
---------------------------------------------------------------
[ 2018-10-19T10:18:19+08:00 ] ::1 ::1 POST /feichangcelue/index/Alistock/getStockInfo
[ sql ] [ DB ] CONNECT:[ UseTime:0.033926s ] mysql:dbname=peizi;host=rm-wz9l3z92630ora5wjwo.mysql.rds.aliyuncs.com;port=3306;charset=utf8
[ sql ] [ SQL ] SHOW COLUMNS FROM `xh_stock_visit_record` [ RunTime:0.014930s ]
[ sql ] [ SQL ] INSERT INTO `xh_stock_visit_record` (`code` , `createTime` , `createTimeStamp`) VALUES ('000001' , '2018-10-19 10:18:19' , 1539915499) [ RunTime:0.018708s ]
[ sql ] [ SQL ] SHOW COLUMNS FROM `xh_online_stock_detail` [ RunTime:0.012001s ]
[ sql ] [ SQL ] SELECT * FROM `xh_online_stock_detail` WHERE  (  code='000001' and createTimeStamp >= 1539915484  ) ORDER BY id desc LIMIT 1 [ RunTime:0.014056s ]
[ sql ] [ SQL ] SHOW COLUMNS FROM `xh_shares` [ RunTime:0.013780s ]
[ sql ] [ SQL ] SELECT `market` FROM `xh_shares` WHERE  `code` = '000001' LIMIT 1 [ RunTime:0.011687s ]
---------------------------------------------------------------
[ 2018-10-19T10:18:19+08:00 ] ::1 ::1 POST /feichangcelue/index/Alistock/getStockInfo
[ sql ] [ DB ] CONNECT:[ UseTime:0.038588s ] mysql:dbname=peizi;host=rm-wz9l3z92630ora5wjwo.mysql.rds.aliyuncs.com;port=3306;charset=utf8
[ sql ] [ SQL ] SHOW COLUMNS FROM `xh_stock_visit_record` [ RunTime:0.013802s ]
[ sql ] [ SQL ] INSERT INTO `xh_stock_visit_record` (`code` , `createTime` , `createTimeStamp`) VALUES ('000001' , '2018-10-19 10:18:19' , 1539915499) [ RunTime:0.023976s ]
[ sql ] [ SQL ] SHOW COLUMNS FROM `xh_online_stock_detail` [ RunTime:0.013994s ]
[ sql ] [ SQL ] SELECT * FROM `xh_online_stock_detail` WHERE  (  code='000001' and createTimeStamp >= 1539915484  ) ORDER BY id desc LIMIT 1 [ RunTime:0.013197s ]
[ sql ] [ SQL ] SHOW COLUMNS FROM `xh_shares` [ RunTime:0.013126s ]
[ sql ] [ SQL ] SELECT `market` FROM `xh_shares` WHERE  `code` = '000001' LIMIT 1 [ RunTime:0.012591s ]
---------------------------------------------------------------
[ 2018-10-19T10:18:21+08:00 ] ::1 ::1 POST /feichangcelue/index/Alistock/getStockInfo
[ sql ] [ DB ] CONNECT:[ UseTime:0.029906s ] mysql:dbname=peizi;host=rm-wz9l3z92630ora5wjwo.mysql.rds.aliyuncs.com;port=3306;charset=utf8
[ sql ] [ SQL ] SHOW COLUMNS FROM `xh_stock_visit_record` [ RunTime:0.012326s ]
[ sql ] [ SQL ] INSERT INTO `xh_stock_visit_record` (`code` , `createTime` , `createTimeStamp`) VALUES ('000001' , '2018-10-19 10:18:20' , 1539915500) [ RunTime:0.016301s ]
[ sql ] [ SQL ] SHOW COLUMNS FROM `xh_online_stock_detail` [ RunTime:0.010525s ]
[ sql ] [ SQL ] SELECT * FROM `xh_online_stock_detail` WHERE  (  code='000001' and createTimeStamp >= 1539915486  ) ORDER BY id desc LIMIT 1 [ RunTime:0.011564s ]
[ sql ] [ SQL ] SHOW COLUMNS FROM `xh_shares` [ RunTime:0.013193s ]
[ sql ] [ SQL ] SELECT `market` FROM `xh_shares` WHERE  `code` = '000001' LIMIT 1 [ RunTime:0.011263s ]
---------------------------------------------------------------
[ 2018-10-19T10:18:21+08:00 ] ::1 ::1 POST /feichangcelue/index/Alistock/getStockInfo
[ sql ] [ DB ] CONNECT:[ UseTime:0.035582s ] mysql:dbname=peizi;host=rm-wz9l3z92630ora5wjwo.mysql.rds.aliyuncs.com;port=3306;charset=utf8
[ sql ] [ SQL ] SHOW COLUMNS FROM `xh_stock_visit_record` [ RunTime:0.013397s ]
[ sql ] [ SQL ] INSERT INTO `xh_stock_visit_record` (`code` , `createTime` , `createTimeStamp`) VALUES ('000001' , '2018-10-19 10:18:21' , 1539915501) [ RunTime:0.015947s ]
[ sql ] [ SQL ] SHOW COLUMNS FROM `xh_online_stock_detail` [ RunTime:0.012028s ]
[ sql ] [ SQL ] SELECT * FROM `xh_online_stock_detail` WHERE  (  code='000001' and createTimeStamp >= 1539915486  ) ORDER BY id desc LIMIT 1 [ RunTime:0.010161s ]
[ sql ] [ SQL ] SHOW COLUMNS FROM `xh_shares` [ RunTime:0.012993s ]
[ sql ] [ SQL ] SELECT `market` FROM `xh_shares` WHERE  `code` = '000001' LIMIT 1 [ RunTime:0.010489s ]
---------------------------------------------------------------
[ 2018-10-19T10:18:23+08:00 ] ::1 ::1 POST /feichangcelue/index/Alistock/getStockInfo
[ sql ] [ DB ] CONNECT:[ UseTime:0.034717s ] mysql:dbname=peizi;host=rm-wz9l3z92630ora5wjwo.mysql.rds.aliyuncs.com;port=3306;charset=utf8
[ sql ] [ SQL ] SHOW COLUMNS FROM `xh_stock_visit_record` [ RunTime:0.015244s ]
[ sql ] [ SQL ] INSERT INTO `xh_stock_visit_record` (`code` , `createTime` , `createTimeStamp`) VALUES ('000001' , '2018-10-19 10:18:22' , 1539915502) [ RunTime:0.020070s ]
[ sql ] [ SQL ] SHOW COLUMNS FROM `xh_online_stock_detail` [ RunTime:0.015055s ]
[ sql ] [ SQL ] SELECT * FROM `xh_online_stock_detail` WHERE  (  code='000001' and createTimeStamp >= 1539915488  ) ORDER BY id desc LIMIT 1 [ RunTime:0.016483s ]
[ sql ] [ SQL ] SHOW COLUMNS FROM `xh_shares` [ RunTime:0.016453s ]
[ sql ] [ SQL ] SELECT `market` FROM `xh_shares` WHERE  `code` = '000001' LIMIT 1 [ RunTime:0.014610s ]
---------------------------------------------------------------
[ 2018-10-19T10:18:23+08:00 ] ::1 ::1 POST /feichangcelue/index/Alistock/getStockInfo
[ sql ] [ DB ] CONNECT:[ UseTime:0.029300s ] mysql:dbname=peizi;host=rm-wz9l3z92630ora5wjwo.mysql.rds.aliyuncs.com;port=3306;charset=utf8
[ sql ] [ SQL ] SHOW COLUMNS FROM `xh_stock_visit_record` [ RunTime:0.012029s ]
[ sql ] [ SQL ] INSERT INTO `xh_stock_visit_record` (`code` , `createTime` , `createTimeStamp`) VALUES ('000001' , '2018-10-19 10:18:23' , 1539915503) [ RunTime:0.016262s ]
[ sql ] [ SQL ] SHOW COLUMNS FROM `xh_online_stock_detail` [ RunTime:0.012303s ]
[ sql ] [ SQL ] SELECT * FROM `xh_online_stock_detail` WHERE  (  code='000001' and createTimeStamp >= 1539915488  ) ORDER BY id desc LIMIT 1 [ RunTime:0.012056s ]
[ sql ] [ SQL ] SHOW COLUMNS FROM `xh_shares` [ RunTime:0.011969s ]
[ sql ] [ SQL ] SELECT `market` FROM `xh_shares` WHERE  `code` = '000001' LIMIT 1 [ RunTime:0.011414s ]
---------------------------------------------------------------
[ 2018-10-19T10:18:25+08:00 ] ::1 ::1 POST /feichangcelue/index/Alistock/getStockInfo
[ sql ] [ DB ] CONNECT:[ UseTime:0.039444s ] mysql:dbname=peizi;host=rm-wz9l3z92630ora5wjwo.mysql.rds.aliyuncs.com;port=3306;charset=utf8
[ sql ] [ SQL ] SHOW COLUMNS FROM `xh_stock_visit_record` [ RunTime:0.019370s ]
[ sql ] [ SQL ] INSERT INTO `xh_stock_visit_record` (`code` , `createTime` , `createTimeStamp`) VALUES ('000001' , '2018-10-19 10:18:24' , 1539915504) [ RunTime:0.024093s ]
[ sql ] [ SQL ] SHOW COLUMNS FROM `xh_online_stock_detail` [ RunTime:0.019049s ]
[ sql ] [ SQL ] SELECT * FROM `xh_online_stock_detail` WHERE  (  code='000001' and createTimeStamp >= 1539915490  ) ORDER BY id desc LIMIT 1 [ RunTime:0.018625s ]
[ sql ] [ SQL ] SHOW COLUMNS FROM `xh_shares` [ RunTime:0.018655s ]
[ sql ] [ SQL ] SELECT `market` FROM `xh_shares` WHERE  `code` = '000001' LIMIT 1 [ RunTime:0.017934s ]
---------------------------------------------------------------
[ 2018-10-19T10:18:25+08:00 ] ::1 ::1 POST /feichangcelue/index/Alistock/getStockInfo
[ sql ] [ DB ] CONNECT:[ UseTime:0.031543s ] mysql:dbname=peizi;host=rm-wz9l3z92630ora5wjwo.mysql.rds.aliyuncs.com;port=3306;charset=utf8
[ sql ] [ SQL ] SHOW COLUMNS FROM `xh_stock_visit_record` [ RunTime:0.011173s ]
[ sql ] [ SQL ] INSERT INTO `xh_stock_visit_record` (`code` , `createTime` , `createTimeStamp`) VALUES ('000001' , '2018-10-19 10:18:25' , 1539915505) [ RunTime:0.014661s ]
[ sql ] [ SQL ] SHOW COLUMNS FROM `xh_online_stock_detail` [ RunTime:0.010117s ]
[ sql ] [ SQL ] SELECT * FROM `xh_online_stock_detail` WHERE  (  code='000001' and createTimeStamp >= 1539915490  ) ORDER BY id desc LIMIT 1 [ RunTime:0.009261s ]
[ sql ] [ SQL ] SHOW COLUMNS FROM `xh_shares` [ RunTime:0.010273s ]
[ sql ] [ SQL ] SELECT `market` FROM `xh_shares` WHERE  `code` = '000001' LIMIT 1 [ RunTime:0.009129s ]
