---------------------------------------------------------------
[ 2018-10-24T15:01:36+08:00 ] ::1 ::1 GET /feichangcelue/public/stock/js/maps/swiper.jquery.min.js.map
[ info ] localhost/feichangcelue/public/stock/js/maps/swiper.jquery.min.js.map [运行时间：0.379224s][吞吐率：2.64req/s] [内存消耗：1,999.15kb] [文件加载：47]
[ info ] [ LANG ] D:\phpStudy\WWW\feichangcelue\thinkphp\lang\zh-cn.php
[ info ] [ ROUTE ] array (
  'type' => 'module',
  'module' => 
  array (
    0 => 'public',
    1 => 'stock',
    2 => 'js',
  ),
)
[ info ] [ HEADER ] array (
  'host' => 'localhost',
  'connection' => 'keep-alive',
  'user-agent' => 'Mozilla/5.0 (iPhone; CPU iPhone OS 9_1 like Mac OS X) AppleWebKit/601.1.46 (KHTML, like Gecko) Version/9.0 Mobile/13B143 Safari/601.1',
  'cache-control' => 'no-cache',
  'accept-encoding' => 'gzip, deflate, br',
  'accept-language' => 'zh-CN,zh;q=0.8',
  'cookie' => 'PHPSESSID=35t2t30pa3kg5e5p3tqk9vghp5; pageReferrInSession=http%3A//localhost/feichangcelue/doLogin.html; firstEnterUrlInSession=http%3A//localhost/feichangcelue/; VisitorCapacity=1; dolphin_home___forward__=%2Ffeichangcelue%2Fadmin.php%2Fadmin%2Fmenu',
)
[ info ] [ PARAM ] array (
  'maps' => 'swiper.jquery.min.js.map',
)
[ info ] [ CACHE ] INIT File
[ info ] [ BEHAVIOR ] Run app\common\behavior\Config @app_begin [ RunTime:0.013012s ]
[ info ] [ BEHAVIOR ] Run app\common\behavior\Hook @app_begin [ RunTime:0.076243s ]
[ info ] [ LOG ] INIT File
---------------------------------------------------------------
[ 2018-10-24T15:01:36+08:00 ] ::1 ::1 POST /feichangcelue/app_broadcast.html
[ info ] localhost/feichangcelue/app_broadcast.html [运行时间：0.631206s][吞吐率：1.58req/s] [内存消耗：3,261.59kb] [文件加载：57]
[ info ] [ LANG ] D:\phpStudy\WWW\feichangcelue\thinkphp\lang\zh-cn.php
[ info ] [ ROUTE ] array (
  'type' => 'module',
  'module' => 
  array (
    0 => 'index',
    1 => 'index',
    2 => 'app_broadcast',
  ),
  'convert' => false,
)
[ info ] [ HEADER ] array (
  'host' => 'localhost',
  'connection' => 'keep-alive',
  'content-length' => '0',
  'pragma' => 'no-cache',
  'cache-control' => 'no-cache',
  'accept' => 'application/json, text/javascript, */*; q=0.01',
  'origin' => 'http://localhost',
  'x-requested-with' => 'XMLHttpRequest',
  'user-agent' => 'Mozilla/5.0 (iPhone; CPU iPhone OS 9_1 like Mac OS X) AppleWebKit/601.1.46 (KHTML, like Gecko) Version/9.0 Mobile/13B143 Safari/601.1',
  'referer' => 'http://localhost/feichangcelue/',
  'accept-encoding' => 'gzip, deflate, br',
  'accept-language' => 'zh-CN,zh;q=0.8',
  'cookie' => 'PHPSESSID=35t2t30pa3kg5e5p3tqk9vghp5; pageReferrInSession=http%3A//localhost/feichangcelue/doLogin.html; firstEnterUrlInSession=http%3A//localhost/feichangcelue/; VisitorCapacity=1; dolphin_home___forward__=%2Ffeichangcelue%2Fadmin.php%2Fadmin%2Fmenu',
)
[ info ] [ PARAM ] array (
)
[ info ] [ CACHE ] INIT File
[ info ] [ BEHAVIOR ] Run app\common\behavior\Config @app_begin [ RunTime:0.011256s ]
[ info ] [ BEHAVIOR ] Run app\common\behavior\Hook @app_begin [ RunTime:0.023002s ]
[ info ] [ RUN ] app\index\controller\Index->app_broadcast[ D:\phpStudy\WWW\feichangcelue\application\index\controller\Index.php ]
[ info ] [ DB ] INIT mysql
[ info ] [ LOG ] INIT File
[ sql ] [ DB ] CONNECT:[ UseTime:0.078865s ] mysql:dbname=peizi;host=rm-wz9l3z92630ora5wjwo.mysql.rds.aliyuncs.com;port=3306;charset=utf8
[ sql ] [ SQL ] SHOW COLUMNS FROM `xh_images` [ RunTime:0.009848s ]
[ sql ] [ SQL ] SELECT `src`,`href` FROM `xh_images` WHERE  `type` = 2 ORDER BY `id`  desc LIMIT 0,3 [ RunTime:0.010241s ]
---------------------------------------------------------------
[ 2018-10-24T15:01:36+08:00 ] ::1 ::1 POST /feichangcelue/stock_exponential_sh.html
[ info ] localhost/feichangcelue/stock_exponential_sh.html [运行时间：0.464834s][吞吐率：2.15req/s] [内存消耗：2,658.84kb] [文件加载：51]
[ info ] [ LANG ] D:\phpStudy\WWW\feichangcelue\thinkphp\lang\zh-cn.php
[ info ] [ ROUTE ] array (
  'type' => 'module',
  'module' => 
  array (
    0 => 'index',
    1 => 'index',
    2 => 'stock_exponential_sh',
  ),
  'convert' => false,
)
[ info ] [ HEADER ] array (
  'host' => 'localhost',
  'connection' => 'keep-alive',
  'content-length' => '0',
  'pragma' => 'no-cache',
  'cache-control' => 'no-cache',
  'accept' => 'application/json, text/javascript, */*; q=0.01',
  'origin' => 'http://localhost',
  'x-requested-with' => 'XMLHttpRequest',
  'user-agent' => 'Mozilla/5.0 (iPhone; CPU iPhone OS 9_1 like Mac OS X) AppleWebKit/601.1.46 (KHTML, like Gecko) Version/9.0 Mobile/13B143 Safari/601.1',
  'referer' => 'http://localhost/feichangcelue/',
  'accept-encoding' => 'gzip, deflate, br',
  'accept-language' => 'zh-CN,zh;q=0.8',
  'cookie' => 'PHPSESSID=35t2t30pa3kg5e5p3tqk9vghp5; pageReferrInSession=http%3A//localhost/feichangcelue/doLogin.html; firstEnterUrlInSession=http%3A//localhost/feichangcelue/; VisitorCapacity=1; dolphin_home___forward__=%2Ffeichangcelue%2Fadmin.php%2Fadmin%2Fmenu',
)
[ info ] [ PARAM ] array (
)
[ info ] [ CACHE ] INIT File
[ info ] [ BEHAVIOR ] Run app\common\behavior\Config @app_begin [ RunTime:0.052680s ]
[ info ] [ BEHAVIOR ] Run app\common\behavior\Hook @app_begin [ RunTime:0.039037s ]
[ info ] [ RUN ] app\index\controller\Index->stock_exponential_sh[ D:\phpStudy\WWW\feichangcelue\application\index\controller\Index.php ]
[ info ] [ LOG ] INIT File
---------------------------------------------------------------
[ 2018-10-24T15:01:36+08:00 ] ::1 ::1 POST /feichangcelue/stock_exponential_sz.html
[ info ] localhost/feichangcelue/stock_exponential_sz.html [运行时间：0.656969s][吞吐率：1.52req/s] [内存消耗：2,661.09kb] [文件加载：51]
[ info ] [ LANG ] D:\phpStudy\WWW\feichangcelue\thinkphp\lang\zh-cn.php
[ info ] [ ROUTE ] array (
  'type' => 'module',
  'module' => 
  array (
    0 => 'index',
    1 => 'index',
    2 => 'stock_exponential_sz',
  ),
  'convert' => false,
)
[ info ] [ HEADER ] array (
  'host' => 'localhost',
  'connection' => 'keep-alive',
  'content-length' => '0',
  'pragma' => 'no-cache',
  'cache-control' => 'no-cache',
  'accept' => 'application/json, text/javascript, */*; q=0.01',
  'origin' => 'http://localhost',
  'x-requested-with' => 'XMLHttpRequest',
  'user-agent' => 'Mozilla/5.0 (iPhone; CPU iPhone OS 9_1 like Mac OS X) AppleWebKit/601.1.46 (KHTML, like Gecko) Version/9.0 Mobile/13B143 Safari/601.1',
  'referer' => 'http://localhost/feichangcelue/',
  'accept-encoding' => 'gzip, deflate, br',
  'accept-language' => 'zh-CN,zh;q=0.8',
  'cookie' => 'PHPSESSID=35t2t30pa3kg5e5p3tqk9vghp5; pageReferrInSession=http%3A//localhost/feichangcelue/doLogin.html; firstEnterUrlInSession=http%3A//localhost/feichangcelue/; VisitorCapacity=1; dolphin_home___forward__=%2Ffeichangcelue%2Fadmin.php%2Fadmin%2Fmenu',
)
[ info ] [ PARAM ] array (
)
[ info ] [ CACHE ] INIT File
[ info ] [ BEHAVIOR ] Run app\common\behavior\Config @app_begin [ RunTime:0.019706s ]
[ info ] [ BEHAVIOR ] Run app\common\behavior\Hook @app_begin [ RunTime:0.038853s ]
[ info ] [ RUN ] app\index\controller\Index->stock_exponential_sz[ D:\phpStudy\WWW\feichangcelue\application\index\controller\Index.php ]
[ info ] [ LOG ] INIT File
---------------------------------------------------------------
[ 2018-10-24T15:01:37+08:00 ] ::1 ::1 GET /feichangcelue/ucenter/home.html
[ info ] localhost/feichangcelue/ucenter/home.html [运行时间：0.157175s][吞吐率：6.36req/s] [内存消耗：2,626.66kb] [文件加载：55]
[ info ] [ LANG ] D:\phpStudy\WWW\feichangcelue\thinkphp\lang\zh-cn.php
[ info ] [ ROUTE ] array (
  'type' => 'module',
  'module' => 
  array (
    0 => 'index',
    1 => 'ucenter',
    2 => 'home',
  ),
  'convert' => false,
)
[ info ] [ HEADER ] array (
  'host' => 'localhost',
  'connection' => 'keep-alive',
  'pragma' => 'no-cache',
  'cache-control' => 'no-cache',
  'upgrade-insecure-requests' => '1',
  'user-agent' => 'Mozilla/5.0 (iPhone; CPU iPhone OS 9_1 like Mac OS X) AppleWebKit/601.1.46 (KHTML, like Gecko) Version/9.0 Mobile/13B143 Safari/601.1',
  'accept' => 'text/html,application/xhtml+xml,application/xml;q=0.9,image/webp,image/apng,*/*;q=0.8',
  'referer' => 'http://localhost/feichangcelue/',
  'accept-encoding' => 'gzip, deflate, br',
  'accept-language' => 'zh-CN,zh;q=0.8',
  'cookie' => 'PHPSESSID=35t2t30pa3kg5e5p3tqk9vghp5; pageReferrInSession=http%3A//localhost/feichangcelue/doLogin.html; firstEnterUrlInSession=http%3A//localhost/feichangcelue/; VisitorCapacity=1; dolphin_home___forward__=%2Ffeichangcelue%2Fadmin.php%2Fadmin%2Fmenu',
)
[ info ] [ PARAM ] array (
)
[ info ] [ CACHE ] INIT File
[ info ] [ BEHAVIOR ] Run app\common\behavior\Config @app_begin [ RunTime:0.005709s ]
[ info ] [ BEHAVIOR ] Run app\common\behavior\Hook @app_begin [ RunTime:0.017466s ]
[ info ] [ LOG ] INIT File
---------------------------------------------------------------
[ 2018-10-24T15:01:37+08:00 ] ::1 ::1 GET /feichangcelue/login.html
[ info ] localhost/feichangcelue/login.html [运行时间：0.141047s][吞吐率：7.09req/s] [内存消耗：2,709.74kb] [文件加载：56]
[ info ] [ LANG ] D:\phpStudy\WWW\feichangcelue\thinkphp\lang\zh-cn.php
[ info ] [ ROUTE ] array (
  'type' => 'module',
  'module' => 
  array (
    0 => 'index',
    1 => 'index',
    2 => 'login',
  ),
  'convert' => false,
)
[ info ] [ HEADER ] array (
  'host' => 'localhost',
  'connection' => 'keep-alive',
  'pragma' => 'no-cache',
  'cache-control' => 'no-cache',
  'upgrade-insecure-requests' => '1',
  'user-agent' => 'Mozilla/5.0 (iPhone; CPU iPhone OS 9_1 like Mac OS X) AppleWebKit/601.1.46 (KHTML, like Gecko) Version/9.0 Mobile/13B143 Safari/601.1',
  'accept' => 'text/html,application/xhtml+xml,application/xml;q=0.9,image/webp,image/apng,*/*;q=0.8',
  'referer' => 'http://localhost/feichangcelue/',
  'accept-encoding' => 'gzip, deflate, br',
  'accept-language' => 'zh-CN,zh;q=0.8',
  'cookie' => 'PHPSESSID=35t2t30pa3kg5e5p3tqk9vghp5; pageReferrInSession=http%3A//localhost/feichangcelue/doLogin.html; firstEnterUrlInSession=http%3A//localhost/feichangcelue/; VisitorCapacity=1; dolphin_home___forward__=%2Ffeichangcelue%2Fadmin.php%2Fadmin%2Fmenu',
)
[ info ] [ PARAM ] array (
)
[ info ] [ CACHE ] INIT File
[ info ] [ BEHAVIOR ] Run app\common\behavior\Config @app_begin [ RunTime:0.005543s ]
[ info ] [ BEHAVIOR ] Run app\common\behavior\Hook @app_begin [ RunTime:0.014793s ]
[ info ] [ RUN ] app\index\controller\Index->login[ D:\phpStudy\WWW\feichangcelue\application\index\controller\Index.php ]
[ info ] [ VIEW ] D:\phpStudy\WWW\feichangcelue/application/index\view\index\mobile\login.html [ array (
  0 => 'phone',
  1 => 'QQ',
) ]
[ info ] [ LOG ] INIT File
---------------------------------------------------------------
[ 2018-10-24T15:01:39+08:00 ] ::1 ::1 POST /feichangcelue/doLogin.html
[ info ] localhost/feichangcelue/doLogin.html [运行时间：0.291081s][吞吐率：3.44req/s] [内存消耗：3,410.72kb] [文件加载：62]
[ info ] [ LANG ] D:\phpStudy\WWW\feichangcelue\thinkphp\lang\zh-cn.php
[ info ] [ ROUTE ] array (
  'type' => 'module',
  'module' => 
  array (
    0 => 'index',
    1 => 'index',
    2 => 'doLogin',
  ),
  'convert' => false,
)
[ info ] [ HEADER ] array (
  'host' => 'localhost',
  'connection' => 'keep-alive',
  'content-length' => '38',
  'pragma' => 'no-cache',
  'cache-control' => 'no-cache',
  'origin' => 'http://localhost',
  'upgrade-insecure-requests' => '1',
  'user-agent' => 'Mozilla/5.0 (iPhone; CPU iPhone OS 9_1 like Mac OS X) AppleWebKit/601.1.46 (KHTML, like Gecko) Version/9.0 Mobile/13B143 Safari/601.1',
  'content-type' => 'application/x-www-form-urlencoded',
  'accept' => 'text/html,application/xhtml+xml,application/xml;q=0.9,image/webp,image/apng,*/*;q=0.8',
  'referer' => 'http://localhost/feichangcelue/login.html',
  'accept-encoding' => 'gzip, deflate, br',
  'accept-language' => 'zh-CN,zh;q=0.8',
  'cookie' => 'PHPSESSID=35t2t30pa3kg5e5p3tqk9vghp5; pageReferrInSession=http%3A//localhost/feichangcelue/doLogin.html; firstEnterUrlInSession=http%3A//localhost/feichangcelue/; VisitorCapacity=1; dolphin_home___forward__=%2Ffeichangcelue%2Fadmin.php%2Fadmin%2Fmenu',
)
[ info ] [ PARAM ] array (
  'nick_name' => '18998906797',
  'login_pwd' => '123456',
)
[ info ] [ CACHE ] INIT File
[ info ] [ BEHAVIOR ] Run app\common\behavior\Config @app_begin [ RunTime:0.005951s ]
[ info ] [ BEHAVIOR ] Run app\common\behavior\Hook @app_begin [ RunTime:0.017019s ]
[ info ] [ RUN ] app\index\controller\Index->doLogin[ D:\phpStudy\WWW\feichangcelue\application\index\controller\Index.php ]
[ info ] [ DB ] INIT mysql
[ info ] [ VIEW ] D:\phpStudy\WWW\feichangcelue/application/admin/view/dispatch_jump.tpl [ array (
  0 => 'phone',
  1 => 'QQ',
  2 => 'code',
  3 => 'msg',
  4 => 'data',
  5 => 'url',
  6 => 'wait',
) ]
[ info ] [ LOG ] INIT File
[ sql ] [ DB ] CONNECT:[ UseTime:0.032846s ] mysql:dbname=peizi;host=rm-wz9l3z92630ora5wjwo.mysql.rds.aliyuncs.com;port=3306;charset=utf8
[ sql ] [ SQL ] SHOW COLUMNS FROM `xh_member` [ RunTime:0.013290s ]
[ sql ] [ SQL ] SELECT * FROM `xh_member` WHERE  (  username='18998906797' or mobile = '18998906797' ) LIMIT 1 [ RunTime:0.013527s ]
---------------------------------------------------------------
[ 2018-10-24T15:01:43+08:00 ] ::1 ::1 GET /feichangcelue/login.html
[ info ] localhost/feichangcelue/login.html [运行时间：0.200634s][吞吐率：4.98req/s] [内存消耗：2,709.73kb] [文件加载：56]
[ info ] [ LANG ] D:\phpStudy\WWW\feichangcelue\thinkphp\lang\zh-cn.php
[ info ] [ ROUTE ] array (
  'type' => 'module',
  'module' => 
  array (
    0 => 'index',
    1 => 'index',
    2 => 'login',
  ),
  'convert' => false,
)
[ info ] [ HEADER ] array (
  'host' => 'localhost',
  'connection' => 'keep-alive',
  'pragma' => 'no-cache',
  'cache-control' => 'no-cache',
  'upgrade-insecure-requests' => '1',
  'user-agent' => 'Mozilla/5.0 (iPhone; CPU iPhone OS 9_1 like Mac OS X) AppleWebKit/601.1.46 (KHTML, like Gecko) Version/9.0 Mobile/13B143 Safari/601.1',
  'accept' => 'text/html,application/xhtml+xml,application/xml;q=0.9,image/webp,image/apng,*/*;q=0.8',
  'referer' => 'http://localhost/feichangcelue/doLogin.html',
  'accept-encoding' => 'gzip, deflate, br',
  'accept-language' => 'zh-CN,zh;q=0.8',
  'cookie' => 'PHPSESSID=35t2t30pa3kg5e5p3tqk9vghp5; pageReferrInSession=http%3A//localhost/feichangcelue/doLogin.html; firstEnterUrlInSession=http%3A//localhost/feichangcelue/; VisitorCapacity=1; dolphin_home___forward__=%2Ffeichangcelue%2Fadmin.php%2Fadmin%2Fmenu',
)
[ info ] [ PARAM ] array (
)
[ info ] [ CACHE ] INIT File
[ info ] [ BEHAVIOR ] Run app\common\behavior\Config @app_begin [ RunTime:0.013822s ]
[ info ] [ BEHAVIOR ] Run app\common\behavior\Hook @app_begin [ RunTime:0.021980s ]
[ info ] [ RUN ] app\index\controller\Index->login[ D:\phpStudy\WWW\feichangcelue\application\index\controller\Index.php ]
[ info ] [ VIEW ] D:\phpStudy\WWW\feichangcelue/application/index\view\index\mobile\login.html [ array (
  0 => 'phone',
  1 => 'QQ',
) ]
[ info ] [ LOG ] INIT File
---------------------------------------------------------------
[ 2018-10-24T15:01:46+08:00 ] ::1 ::1 GET /feichangcelue/login.html
[ info ] localhost/feichangcelue/login.html [运行时间：0.304171s][吞吐率：3.29req/s] [内存消耗：2,941.57kb] [文件加载：61]
[ info ] [ LANG ] D:\phpStudy\WWW\feichangcelue\thinkphp\lang\zh-cn.php
[ info ] [ ROUTE ] array (
  'type' => 'module',
  'module' => 
  array (
    0 => 'index',
    1 => 'index',
    2 => 'login',
  ),
  'convert' => false,
)
[ info ] [ HEADER ] array (
  'host' => 'localhost',
  'connection' => 'keep-alive',
  'pragma' => 'no-cache',
  'cache-control' => 'no-cache',
  'upgrade-insecure-requests' => '1',
  'user-agent' => 'Mozilla/5.0 (Windows NT 6.3; WOW64) AppleWebKit/537.36 (KHTML, like Gecko) Chrome/59.0.3071.86 Safari/537.36',
  'accept' => 'text/html,application/xhtml+xml,application/xml;q=0.9,image/webp,image/apng,*/*;q=0.8',
  'referer' => 'http://localhost/feichangcelue/doLogin.html',
  'accept-encoding' => 'gzip, deflate, br',
  'accept-language' => 'zh-CN,zh;q=0.8',
  'cookie' => 'PHPSESSID=35t2t30pa3kg5e5p3tqk9vghp5; pageReferrInSession=http%3A//localhost/feichangcelue/doLogin.html; firstEnterUrlInSession=http%3A//localhost/feichangcelue/; VisitorCapacity=1; dolphin_home___forward__=%2Ffeichangcelue%2Fadmin.php%2Fadmin%2Fmenu',
)
[ info ] [ PARAM ] array (
)
[ info ] [ CACHE ] INIT File
[ info ] [ BEHAVIOR ] Run app\common\behavior\Config @app_begin [ RunTime:0.007587s ]
[ info ] [ BEHAVIOR ] Run app\common\behavior\Hook @app_begin [ RunTime:0.016356s ]
[ info ] [ RUN ] app\index\controller\Index->login[ D:\phpStudy\WWW\feichangcelue\application\index\controller\Index.php ]
[ info ] [ VIEW ] D:\phpStudy\WWW\feichangcelue/application/index\view\index\login.html [ array (
  0 => 'phone',
  1 => 'QQ',
) ]
[ info ] [ LOG ] INIT File
[ error ] [8]未定义数组索引: member[D:\phpStudy\WWW\feichangcelue\runtime\temp\819b29d061461f7d10677cb7ab3582ad.php:36]
[ error ] [8]未定义数组索引: member[D:\phpStudy\WWW\feichangcelue\runtime\temp\819b29d061461f7d10677cb7ab3582ad.php:41]
[ error ] [8]未定义数组索引: member[D:\phpStudy\WWW\feichangcelue\runtime\temp\819b29d061461f7d10677cb7ab3582ad.php:48]
[ error ] [8]未定义变量: usableSum[D:\phpStudy\WWW\feichangcelue\runtime\temp\819b29d061461f7d10677cb7ab3582ad.php:53]
---------------------------------------------------------------
[ 2018-10-24T15:01:47+08:00 ] ::1 ::1 GET /feichangcelue/public/static/static/home/js/moblie/reg.js
[ info ] localhost/feichangcelue/public/static/static/home/js/moblie/reg.js [运行时间：0.299870s][吞吐率：3.33req/s] [内存消耗：1,999.73kb] [文件加载：47]
[ info ] [ LANG ] D:\phpStudy\WWW\feichangcelue\thinkphp\lang\zh-cn.php
[ info ] [ ROUTE ] array (
  'type' => 'module',
  'module' => 
  array (
    0 => 'public',
    1 => 'static',
    2 => 'static',
  ),
)
[ info ] [ HEADER ] array (
  'host' => 'localhost',
  'connection' => 'keep-alive',
  'pragma' => 'no-cache',
  'cache-control' => 'no-cache',
  'user-agent' => 'Mozilla/5.0 (Windows NT 6.3; WOW64) AppleWebKit/537.36 (KHTML, like Gecko) Chrome/59.0.3071.86 Safari/537.36',
  'accept' => '*/*',
  'referer' => 'http://localhost/feichangcelue/login.html',
  'accept-encoding' => 'gzip, deflate, br',
  'accept-language' => 'zh-CN,zh;q=0.8',
  'cookie' => 'PHPSESSID=35t2t30pa3kg5e5p3tqk9vghp5; pageReferrInSession=http%3A//localhost/feichangcelue/doLogin.html; firstEnterUrlInSession=http%3A//localhost/feichangcelue/; VisitorCapacity=1; dolphin_home___forward__=%2Ffeichangcelue%2Fadmin.php%2Fadmin%2Fmenu',
)
[ info ] [ PARAM ] array (
  'home' => 'js',
  'moblie' => 'reg.js',
)
[ info ] [ CACHE ] INIT File
[ info ] [ BEHAVIOR ] Run app\common\behavior\Config @app_begin [ RunTime:0.016833s ]
[ info ] [ BEHAVIOR ] Run app\common\behavior\Hook @app_begin [ RunTime:0.031596s ]
[ info ] [ LOG ] INIT File
---------------------------------------------------------------
[ 2018-10-24T15:01:47+08:00 ] ::1 ::1 GET /feichangcelue/public/static/static/home/js/moblie/mui.min.js
[ info ] localhost/feichangcelue/public/static/static/home/js/moblie/mui.min.js [运行时间：0.433991s][吞吐率：2.30req/s] [内存消耗：1,999.84kb] [文件加载：47]
[ info ] [ LANG ] D:\phpStudy\WWW\feichangcelue\thinkphp\lang\zh-cn.php
[ info ] [ ROUTE ] array (
  'type' => 'module',
  'module' => 
  array (
    0 => 'public',
    1 => 'static',
    2 => 'static',
  ),
)
[ info ] [ HEADER ] array (
  'host' => 'localhost',
  'connection' => 'keep-alive',
  'pragma' => 'no-cache',
  'cache-control' => 'no-cache',
  'user-agent' => 'Mozilla/5.0 (Windows NT 6.3; WOW64) AppleWebKit/537.36 (KHTML, like Gecko) Chrome/59.0.3071.86 Safari/537.36',
  'accept' => '*/*',
  'referer' => 'http://localhost/feichangcelue/login.html',
  'accept-encoding' => 'gzip, deflate, br',
  'accept-language' => 'zh-CN,zh;q=0.8',
  'cookie' => 'PHPSESSID=35t2t30pa3kg5e5p3tqk9vghp5; pageReferrInSession=http%3A//localhost/feichangcelue/doLogin.html; firstEnterUrlInSession=http%3A//localhost/feichangcelue/; VisitorCapacity=1; dolphin_home___forward__=%2Ffeichangcelue%2Fadmin.php%2Fadmin%2Fmenu',
)
[ info ] [ PARAM ] array (
  'home' => 'js',
  'moblie' => 'mui.min.js',
)
[ info ] [ CACHE ] INIT File
[ info ] [ BEHAVIOR ] Run app\common\behavior\Config @app_begin [ RunTime:0.046597s ]
[ info ] [ BEHAVIOR ] Run app\common\behavior\Hook @app_begin [ RunTime:0.052954s ]
[ info ] [ LOG ] INIT File
---------------------------------------------------------------
[ 2018-10-24T15:01:48+08:00 ] ::1 ::1 GET /feichangcelue/public/static/static/home/js/moblie/mui.min.js
[ info ] localhost/feichangcelue/public/static/static/home/js/moblie/mui.min.js [运行时间：0.202051s][吞吐率：4.95req/s] [内存消耗：1,999.84kb] [文件加载：47]
[ info ] [ LANG ] D:\phpStudy\WWW\feichangcelue\thinkphp\lang\zh-cn.php
[ info ] [ ROUTE ] array (
  'type' => 'module',
  'module' => 
  array (
    0 => 'public',
    1 => 'static',
    2 => 'static',
  ),
)
[ info ] [ HEADER ] array (
  'host' => 'localhost',
  'connection' => 'keep-alive',
  'pragma' => 'no-cache',
  'cache-control' => 'no-cache',
  'user-agent' => 'Mozilla/5.0 (Windows NT 6.3; WOW64) AppleWebKit/537.36 (KHTML, like Gecko) Chrome/59.0.3071.86 Safari/537.36',
  'accept' => '*/*',
  'referer' => 'http://localhost/feichangcelue/login.html',
  'accept-encoding' => 'gzip, deflate, br',
  'accept-language' => 'zh-CN,zh;q=0.8',
  'cookie' => 'PHPSESSID=35t2t30pa3kg5e5p3tqk9vghp5; firstEnterUrlInSession=http%3A//localhost/feichangcelue/; VisitorCapacity=1; dolphin_home___forward__=%2Ffeichangcelue%2Fadmin.php%2Fadmin%2Fmenu; pageReferrInSession=http%3A//localhost/feichangcelue/doLogin.html',
)
[ info ] [ PARAM ] array (
  'home' => 'js',
  'moblie' => 'mui.min.js',
)
[ info ] [ CACHE ] INIT File
[ info ] [ BEHAVIOR ] Run app\common\behavior\Config @app_begin [ RunTime:0.009490s ]
[ info ] [ BEHAVIOR ] Run app\common\behavior\Hook @app_begin [ RunTime:0.018303s ]
[ info ] [ LOG ] INIT File
---------------------------------------------------------------
[ 2018-10-24T15:01:48+08:00 ] ::1 ::1 GET /feichangcelue/public/static/static/home/js/moblie/reg.js
[ info ] localhost/feichangcelue/public/static/static/home/js/moblie/reg.js [运行时间：0.174224s][吞吐率：5.74req/s] [内存消耗：1,999.31kb] [文件加载：47]
[ info ] [ LANG ] D:\phpStudy\WWW\feichangcelue\thinkphp\lang\zh-cn.php
[ info ] [ ROUTE ] array (
  'type' => 'module',
  'module' => 
  array (
    0 => 'public',
    1 => 'static',
    2 => 'static',
  ),
)
[ info ] [ HEADER ] array (
  'host' => 'localhost',
  'connection' => 'keep-alive',
  'user-agent' => 'Mozilla/5.0 (Windows NT 6.3; WOW64) AppleWebKit/537.36 (KHTML, like Gecko) Chrome/59.0.3071.86 Safari/537.36',
  'accept' => '*/*',
  'referer' => 'http://localhost/feichangcelue/login.html',
  'accept-encoding' => 'gzip, deflate, br',
  'accept-language' => 'zh-CN,zh;q=0.8',
  'cookie' => 'PHPSESSID=35t2t30pa3kg5e5p3tqk9vghp5; firstEnterUrlInSession=http%3A//localhost/feichangcelue/; VisitorCapacity=1; dolphin_home___forward__=%2Ffeichangcelue%2Fadmin.php%2Fadmin%2Fmenu; pageReferrInSession=http%3A//localhost/feichangcelue/doLogin.html',
)
[ info ] [ PARAM ] array (
  'home' => 'js',
  'moblie' => 'reg.js',
)
[ info ] [ CACHE ] INIT File
[ info ] [ BEHAVIOR ] Run app\common\behavior\Config @app_begin [ RunTime:0.012222s ]
[ info ] [ BEHAVIOR ] Run app\common\behavior\Hook @app_begin [ RunTime:0.020119s ]
[ info ] [ LOG ] INIT File
---------------------------------------------------------------
[ 2018-10-24T15:01:50+08:00 ] ::1 ::1 POST /feichangcelue/doLogin
[ info ] localhost/feichangcelue/doLogin [运行时间：0.259979s][吞吐率：3.85req/s] [内存消耗：3,416.09kb] [文件加载：62]
[ info ] [ LANG ] D:\phpStudy\WWW\feichangcelue\thinkphp\lang\zh-cn.php
[ info ] [ ROUTE ] array (
  'type' => 'module',
  'module' => 
  array (
    0 => 'index',
    1 => 'index',
    2 => 'doLogin',
  ),
  'convert' => false,
)
[ info ] [ HEADER ] array (
  'host' => 'localhost',
  'connection' => 'keep-alive',
  'content-length' => '38',
  'accept' => 'application/json, text/javascript, */*; q=0.01',
  'origin' => 'http://localhost',
  'x-requested-with' => 'XMLHttpRequest',
  'user-agent' => 'Mozilla/5.0 (Windows NT 6.3; WOW64) AppleWebKit/537.36 (KHTML, like Gecko) Chrome/59.0.3071.86 Safari/537.36',
  'content-type' => 'application/x-www-form-urlencoded; charset=UTF-8',
  'referer' => 'http://localhost/feichangcelue/login.html',
  'accept-encoding' => 'gzip, deflate, br',
  'accept-language' => 'zh-CN,zh;q=0.8',
  'cookie' => 'PHPSESSID=35t2t30pa3kg5e5p3tqk9vghp5; firstEnterUrlInSession=http%3A//localhost/feichangcelue/; VisitorCapacity=1; dolphin_home___forward__=%2Ffeichangcelue%2Fadmin.php%2Fadmin%2Fmenu; pageReferrInSession=http%3A//localhost/feichangcelue/doLogin.html',
)
[ info ] [ PARAM ] array (
  'nick_name' => '18998906797',
  'login_pwd' => '123456',
)
[ info ] [ CACHE ] INIT File
[ info ] [ BEHAVIOR ] Run app\common\behavior\Config @app_begin [ RunTime:0.011195s ]
[ info ] [ BEHAVIOR ] Run app\common\behavior\Hook @app_begin [ RunTime:0.021781s ]
[ info ] [ RUN ] app\index\controller\Index->doLogin[ D:\phpStudy\WWW\feichangcelue\application\index\controller\Index.php ]
[ info ] [ DB ] INIT mysql
[ info ] [ LOG ] INIT File
[ sql ] [ DB ] CONNECT:[ UseTime:0.027074s ] mysql:dbname=peizi;host=rm-wz9l3z92630ora5wjwo.mysql.rds.aliyuncs.com;port=3306;charset=utf8
[ sql ] [ SQL ] SHOW COLUMNS FROM `xh_member` [ RunTime:0.010319s ]
[ sql ] [ SQL ] SELECT * FROM `xh_member` WHERE  (  username='18998906797' or mobile = '18998906797' ) LIMIT 1 [ RunTime:0.011131s ]
---------------------------------------------------------------
[ 2018-10-24T15:01:53+08:00 ] ::1 ::1 POST /feichangcelue/doLogin
[ info ] localhost/feichangcelue/doLogin [运行时间：0.288565s][吞吐率：3.47req/s] [内存消耗：3,416.09kb] [文件加载：62]
[ info ] [ LANG ] D:\phpStudy\WWW\feichangcelue\thinkphp\lang\zh-cn.php
[ info ] [ ROUTE ] array (
  'type' => 'module',
  'module' => 
  array (
    0 => 'index',
    1 => 'index',
    2 => 'doLogin',
  ),
  'convert' => false,
)
[ info ] [ HEADER ] array (
  'host' => 'localhost',
  'connection' => 'keep-alive',
  'content-length' => '38',
  'accept' => 'application/json, text/javascript, */*; q=0.01',
  'origin' => 'http://localhost',
  'x-requested-with' => 'XMLHttpRequest',
  'user-agent' => 'Mozilla/5.0 (Windows NT 6.3; WOW64) AppleWebKit/537.36 (KHTML, like Gecko) Chrome/59.0.3071.86 Safari/537.36',
  'content-type' => 'application/x-www-form-urlencoded; charset=UTF-8',
  'referer' => 'http://localhost/feichangcelue/login.html',
  'accept-encoding' => 'gzip, deflate, br',
  'accept-language' => 'zh-CN,zh;q=0.8',
  'cookie' => 'PHPSESSID=35t2t30pa3kg5e5p3tqk9vghp5; firstEnterUrlInSession=http%3A//localhost/feichangcelue/; VisitorCapacity=1; dolphin_home___forward__=%2Ffeichangcelue%2Fadmin.php%2Fadmin%2Fmenu; pageReferrInSession=http%3A//localhost/feichangcelue/doLogin.html',
)
[ info ] [ PARAM ] array (
  'nick_name' => '18998906797',
  'login_pwd' => '123456',
)
[ info ] [ CACHE ] INIT File
[ info ] [ BEHAVIOR ] Run app\common\behavior\Config @app_begin [ RunTime:0.012686s ]
[ info ] [ BEHAVIOR ] Run app\common\behavior\Hook @app_begin [ RunTime:0.024483s ]
[ info ] [ RUN ] app\index\controller\Index->doLogin[ D:\phpStudy\WWW\feichangcelue\application\index\controller\Index.php ]
[ info ] [ DB ] INIT mysql
[ info ] [ LOG ] INIT File
[ sql ] [ DB ] CONNECT:[ UseTime:0.033832s ] mysql:dbname=peizi;host=rm-wz9l3z92630ora5wjwo.mysql.rds.aliyuncs.com;port=3306;charset=utf8
[ sql ] [ SQL ] SHOW COLUMNS FROM `xh_member` [ RunTime:0.011169s ]
[ sql ] [ SQL ] SELECT * FROM `xh_member` WHERE  (  username='18998906797' or mobile = '18998906797' ) LIMIT 1 [ RunTime:0.013052s ]
---------------------------------------------------------------
[ 2018-10-24T15:01:55+08:00 ] ::1 ::1 GET /feichangcelue/login.html
[ info ] localhost/feichangcelue/login.html [运行时间：0.234961s][吞吐率：4.26req/s] [内存消耗：2,775.61kb] [文件加载：59]
[ info ] [ LANG ] D:\phpStudy\WWW\feichangcelue\thinkphp\lang\zh-cn.php
[ info ] [ ROUTE ] array (
  'type' => 'module',
  'module' => 
  array (
    0 => 'index',
    1 => 'index',
    2 => 'login',
  ),
  'convert' => false,
)
[ info ] [ HEADER ] array (
  'host' => 'localhost',
  'connection' => 'keep-alive',
  'cache-control' => 'max-age=0',
  'upgrade-insecure-requests' => '1',
  'user-agent' => 'Mozilla/5.0 (Windows NT 6.3; WOW64) AppleWebKit/537.36 (KHTML, like Gecko) Chrome/59.0.3071.86 Safari/537.36',
  'accept' => 'text/html,application/xhtml+xml,application/xml;q=0.9,image/webp,image/apng,*/*;q=0.8',
  'referer' => 'http://localhost/feichangcelue/doLogin.html',
  'accept-encoding' => 'gzip, deflate, br',
  'accept-language' => 'zh-CN,zh;q=0.8',
  'cookie' => 'PHPSESSID=35t2t30pa3kg5e5p3tqk9vghp5; firstEnterUrlInSession=http%3A//localhost/feichangcelue/; VisitorCapacity=1; dolphin_home___forward__=%2Ffeichangcelue%2Fadmin.php%2Fadmin%2Fmenu; pageReferrInSession=http%3A//localhost/feichangcelue/doLogin.html',
)
[ info ] [ PARAM ] array (
)
[ info ] [ CACHE ] INIT File
[ info ] [ BEHAVIOR ] Run app\common\behavior\Config @app_begin [ RunTime:0.014083s ]
[ info ] [ BEHAVIOR ] Run app\common\behavior\Hook @app_begin [ RunTime:0.024468s ]
[ info ] [ RUN ] app\index\controller\Index->login[ D:\phpStudy\WWW\feichangcelue\application\index\controller\Index.php ]
[ info ] [ VIEW ] D:\phpStudy\WWW\feichangcelue/application/index\view\index\login.html [ array (
  0 => 'phone',
  1 => 'QQ',
) ]
[ info ] [ LOG ] INIT File
[ error ] [8]未定义数组索引: member[D:\phpStudy\WWW\feichangcelue\runtime\temp\819b29d061461f7d10677cb7ab3582ad.php:36]
[ error ] [8]未定义数组索引: member[D:\phpStudy\WWW\feichangcelue\runtime\temp\819b29d061461f7d10677cb7ab3582ad.php:41]
[ error ] [8]未定义数组索引: member[D:\phpStudy\WWW\feichangcelue\runtime\temp\819b29d061461f7d10677cb7ab3582ad.php:48]
[ error ] [8]未定义变量: usableSum[D:\phpStudy\WWW\feichangcelue\runtime\temp\819b29d061461f7d10677cb7ab3582ad.php:53]
---------------------------------------------------------------
[ 2018-10-24T15:01:56+08:00 ] ::1 ::1 GET /feichangcelue/public/static/static/home/js/moblie/reg.js
[ info ] localhost/feichangcelue/public/static/static/home/js/moblie/reg.js [运行时间：0.185676s][吞吐率：5.39req/s] [内存消耗：1,999.31kb] [文件加载：47]
[ info ] [ LANG ] D:\phpStudy\WWW\feichangcelue\thinkphp\lang\zh-cn.php
[ info ] [ ROUTE ] array (
  'type' => 'module',
  'module' => 
  array (
    0 => 'public',
    1 => 'static',
    2 => 'static',
  ),
)
[ info ] [ HEADER ] array (
  'host' => 'localhost',
  'connection' => 'keep-alive',
  'user-agent' => 'Mozilla/5.0 (Windows NT 6.3; WOW64) AppleWebKit/537.36 (KHTML, like Gecko) Chrome/59.0.3071.86 Safari/537.36',
  'accept' => '*/*',
  'referer' => 'http://localhost/feichangcelue/login.html',
  'accept-encoding' => 'gzip, deflate, br',
  'accept-language' => 'zh-CN,zh;q=0.8',
  'cookie' => 'PHPSESSID=35t2t30pa3kg5e5p3tqk9vghp5; firstEnterUrlInSession=http%3A//localhost/feichangcelue/; VisitorCapacity=1; dolphin_home___forward__=%2Ffeichangcelue%2Fadmin.php%2Fadmin%2Fmenu; pageReferrInSession=http%3A//localhost/feichangcelue/doLogin.html',
)
[ info ] [ PARAM ] array (
  'home' => 'js',
  'moblie' => 'reg.js',
)
[ info ] [ CACHE ] INIT File
[ info ] [ BEHAVIOR ] Run app\common\behavior\Config @app_begin [ RunTime:0.009575s ]
[ info ] [ BEHAVIOR ] Run app\common\behavior\Hook @app_begin [ RunTime:0.026534s ]
[ info ] [ LOG ] INIT File
---------------------------------------------------------------
[ 2018-10-24T15:01:56+08:00 ] ::1 ::1 GET /feichangcelue/public/static/static/home/js/moblie/mui.min.js
[ info ] localhost/feichangcelue/public/static/static/home/js/moblie/mui.min.js [运行时间：0.283771s][吞吐率：3.52req/s] [内存消耗：1,999.40kb] [文件加载：47]
[ info ] [ LANG ] D:\phpStudy\WWW\feichangcelue\thinkphp\lang\zh-cn.php
[ info ] [ ROUTE ] array (
  'type' => 'module',
  'module' => 
  array (
    0 => 'public',
    1 => 'static',
    2 => 'static',
  ),
)
[ info ] [ HEADER ] array (
  'host' => 'localhost',
  'connection' => 'keep-alive',
  'user-agent' => 'Mozilla/5.0 (Windows NT 6.3; WOW64) AppleWebKit/537.36 (KHTML, like Gecko) Chrome/59.0.3071.86 Safari/537.36',
  'accept' => '*/*',
  'referer' => 'http://localhost/feichangcelue/login.html',
  'accept-encoding' => 'gzip, deflate, br',
  'accept-language' => 'zh-CN,zh;q=0.8',
  'cookie' => 'PHPSESSID=35t2t30pa3kg5e5p3tqk9vghp5; firstEnterUrlInSession=http%3A//localhost/feichangcelue/; VisitorCapacity=1; dolphin_home___forward__=%2Ffeichangcelue%2Fadmin.php%2Fadmin%2Fmenu; pageReferrInSession=http%3A//localhost/feichangcelue/doLogin.html',
)
[ info ] [ PARAM ] array (
  'home' => 'js',
  'moblie' => 'mui.min.js',
)
[ info ] [ CACHE ] INIT File
[ info ] [ BEHAVIOR ] Run app\common\behavior\Config @app_begin [ RunTime:0.024080s ]
[ info ] [ BEHAVIOR ] Run app\common\behavior\Hook @app_begin [ RunTime:0.061328s ]
[ info ] [ LOG ] INIT File
---------------------------------------------------------------
[ 2018-10-24T15:01:56+08:00 ] ::1 ::1 GET /feichangcelue/public/static/static/home/js/moblie/reg.js
[ info ] localhost/feichangcelue/public/static/static/home/js/moblie/reg.js [运行时间：0.280407s][吞吐率：3.57req/s] [内存消耗：1,999.31kb] [文件加载：47]
[ info ] [ LANG ] D:\phpStudy\WWW\feichangcelue\thinkphp\lang\zh-cn.php
[ info ] [ ROUTE ] array (
  'type' => 'module',
  'module' => 
  array (
    0 => 'public',
    1 => 'static',
    2 => 'static',
  ),
)
[ info ] [ HEADER ] array (
  'host' => 'localhost',
  'connection' => 'keep-alive',
  'user-agent' => 'Mozilla/5.0 (Windows NT 6.3; WOW64) AppleWebKit/537.36 (KHTML, like Gecko) Chrome/59.0.3071.86 Safari/537.36',
  'accept' => '*/*',
  'referer' => 'http://localhost/feichangcelue/login.html',
  'accept-encoding' => 'gzip, deflate, br',
  'accept-language' => 'zh-CN,zh;q=0.8',
  'cookie' => 'PHPSESSID=35t2t30pa3kg5e5p3tqk9vghp5; firstEnterUrlInSession=http%3A//localhost/feichangcelue/; VisitorCapacity=1; dolphin_home___forward__=%2Ffeichangcelue%2Fadmin.php%2Fadmin%2Fmenu; pageReferrInSession=http%3A//localhost/feichangcelue/doLogin.html',
)
[ info ] [ PARAM ] array (
  'home' => 'js',
  'moblie' => 'reg.js',
)
[ info ] [ CACHE ] INIT File
[ info ] [ BEHAVIOR ] Run app\common\behavior\Config @app_begin [ RunTime:0.021891s ]
[ info ] [ BEHAVIOR ] Run app\common\behavior\Hook @app_begin [ RunTime:0.044021s ]
[ info ] [ LOG ] INIT File
