---------------------------------------------------------------
[ 2018-10-26T10:47:39+08:00 ] ::1 ::1 POST /feichangcelue/admin.php/admin/index/informationhint.html
[ info ] localhost/feichangcelue/admin.php/admin/index/informationhint.html [运行时间：0.586675s][吞吐率：1.70req/s] [内存消耗：3,261.92kb] [文件加载：63]
[ info ] [ LANG ] D:\phpStudy\WWW\feichangcelue\thinkphp\lang\zh-cn.php
[ info ] [ ROUTE ] array (
  'type' => 'module',
  'module' => 
  array (
    0 => 'admin',
    1 => 'index',
    2 => 'informationhint',
  ),
)
[ info ] [ HEADER ] array (
  'host' => 'localhost',
  'connection' => 'keep-alive',
  'content-length' => '0',
  'accept' => 'application/json, text/javascript, */*; q=0.01',
  'origin' => 'http://localhost',
  'x-requested-with' => 'XMLHttpRequest',
  'user-agent' => 'Mozilla/5.0 (Windows NT 6.3; WOW64) AppleWebKit/537.36 (KHTML, like Gecko) Chrome/59.0.3071.86 Safari/537.36',
  'referer' => 'http://localhost/feichangcelue/admin.php/admin/',
  'accept-encoding' => 'gzip, deflate, br',
  'accept-language' => 'zh-CN,zh;q=0.8',
  'cookie' => 'PHPSESSID=vijk34fs8aqvp9nc0uhs0unf74; firstEnterUrlInSession=http%3A//localhost/feichangcelue/; VisitorCapacity=1; pageReferrInSession=http%3A//localhost/feichangcelue/doLogin.html; Hm_lvt_f571b55302a951627ab98145b99cdaab=1540372904,1540431745,1540518411,1540518842; Hm_lpvt_f571b55302a951627ab98145b99cdaab=1540521773',
)
[ info ] [ PARAM ] array (
)
[ info ] [ CACHE ] INIT File
[ info ] [ DB ] INIT mysql
[ info ] [ BEHAVIOR ] Run app\common\behavior\Config @app_begin [ RunTime:0.172536s ]
[ info ] [ BEHAVIOR ] Run app\common\behavior\Hook @app_begin [ RunTime:0.196295s ]
[ info ] [ SESSION ] INIT array (
  'id' => '',
  'var_session_id' => '',
  'prefix' => 'xinhuo_admin_',
  'type' => '',
  'auto_start' => true,
)
[ info ] [ RUN ] app\admin\controller\Index->informationHint[ D:\phpStudy\WWW\feichangcelue\application\admin\controller\Index.php ]
[ info ] [ LOG ] INIT File
[ sql ] [ DB ] CONNECT:[ UseTime:0.029063s ] mysql:dbname=peizi;host=rm-wz9l3z92630ora5wjwo.mysql.rds.aliyuncs.com;port=3306;charset=utf8
[ sql ] [ SQL ] SHOW COLUMNS FROM `xh_admin_config` [ RunTime:0.014049s ]
[ sql ] [ SQL ] SELECT `name`,`value`,`type` FROM `xh_admin_config` [ RunTime:0.013893s ]
[ sql ] [ SQL ] SHOW COLUMNS FROM `xh_admin_module` [ RunTime:0.013287s ]
[ sql ] [ SQL ] SELECT `name`,`config` FROM `xh_admin_module` WHERE  `config` <> '' [ RunTime:0.012579s ]
[ sql ] [ SQL ] SHOW COLUMNS FROM `xh_admin_hook` [ RunTime:0.012719s ]
[ sql ] [ SQL ] SELECT `name`,`status` FROM `xh_admin_hook` WHERE  `status` = 1 [ RunTime:0.013725s ]
[ sql ] [ SQL ] SHOW COLUMNS FROM `xh_admin_plugin` [ RunTime:0.013871s ]
[ sql ] [ SQL ] SELECT `name`,`status` FROM `xh_admin_plugin` WHERE  `status` = 1 [ RunTime:0.013579s ]
[ sql ] [ SQL ] SHOW COLUMNS FROM `xh_admin_hook_plugin` [ RunTime:0.015139s ]
[ sql ] [ SQL ] SELECT * FROM `xh_admin_hook_plugin` WHERE  `status` = 1 ORDER BY hook,sort [ RunTime:0.013701s ]
---------------------------------------------------------------
[ 2018-10-26T10:47:44+08:00 ] ::1 ::1 POST /feichangcelue/admin.php/admin/index/informationhint.html
[ info ] localhost/feichangcelue/admin.php/admin/index/informationhint.html [运行时间：0.257006s][吞吐率：3.89req/s] [内存消耗：2,980.24kb] [文件加载：59]
[ info ] [ LANG ] D:\phpStudy\WWW\feichangcelue\thinkphp\lang\zh-cn.php
[ info ] [ ROUTE ] array (
  'type' => 'module',
  'module' => 
  array (
    0 => 'admin',
    1 => 'index',
    2 => 'informationhint',
  ),
)
[ info ] [ HEADER ] array (
  'host' => 'localhost',
  'connection' => 'keep-alive',
  'content-length' => '0',
  'accept' => 'application/json, text/javascript, */*; q=0.01',
  'origin' => 'http://localhost',
  'x-requested-with' => 'XMLHttpRequest',
  'user-agent' => 'Mozilla/5.0 (Windows NT 6.3; WOW64) AppleWebKit/537.36 (KHTML, like Gecko) Chrome/59.0.3071.86 Safari/537.36',
  'referer' => 'http://localhost/feichangcelue/admin.php/admin/',
  'accept-encoding' => 'gzip, deflate, br',
  'accept-language' => 'zh-CN,zh;q=0.8',
  'cookie' => 'PHPSESSID=vijk34fs8aqvp9nc0uhs0unf74; firstEnterUrlInSession=http%3A//localhost/feichangcelue/; VisitorCapacity=1; pageReferrInSession=http%3A//localhost/feichangcelue/doLogin.html; Hm_lvt_f571b55302a951627ab98145b99cdaab=1540372904,1540431745,1540518411,1540518842; Hm_lpvt_f571b55302a951627ab98145b99cdaab=1540521773',
)
[ info ] [ PARAM ] array (
)
[ info ] [ CACHE ] INIT File
[ info ] [ BEHAVIOR ] Run app\common\behavior\Config @app_begin [ RunTime:0.015804s ]
[ info ] [ BEHAVIOR ] Run app\common\behavior\Hook @app_begin [ RunTime:0.029319s ]
[ info ] [ DB ] INIT mysql
[ info ] [ SESSION ] INIT array (
  'id' => '',
  'var_session_id' => '',
  'prefix' => 'xinhuo_admin_',
  'type' => '',
  'auto_start' => true,
)
[ info ] [ RUN ] app\admin\controller\Index->informationHint[ D:\phpStudy\WWW\feichangcelue\application\admin\controller\Index.php ]
[ info ] [ LOG ] INIT File
