---------------------------------------------------------------
[ 2018-12-01T22:43:41+08:00 ] ::1 ::1 GET /feichangcelue/admin.php/user/publics/signin.html
[ info ] localhost/feichangcelue/admin.php/user/publics/signin.html [运行时间：0.204283s][吞吐率：4.90req/s] [内存消耗：2,928.67kb] [文件加载：61]
[ info ] [ LANG ] D:\phpStudy\WWW\feichangcelue\thinkphp\lang\zh-cn.php
[ info ] [ ROUTE ] array (
  'type' => 'module',
  'module' => 
  array (
    0 => 'user',
    1 => 'publics',
    2 => 'signin',
  ),
)
[ info ] [ HEADER ] array (
  'host' => 'localhost',
  'connection' => 'keep-alive',
  'accept' => 'application/json, text/javascript, */*; q=0.01',
  'x-requested-with' => 'XMLHttpRequest',
  'user-agent' => 'Mozilla/5.0 (Windows NT 6.3; WOW64) AppleWebKit/537.36 (KHTML, like Gecko) Chrome/59.0.3071.86 Safari/537.36',
  'referer' => 'http://localhost/feichangcelue/admin.php/admin/index/index.html',
  'accept-encoding' => 'gzip, deflate, br',
  'accept-language' => 'zh-CN,zh;q=0.8',
  'cookie' => 'PHPSESSID=arltp0nc0fgfvt8ap89ho5rob7; pageReferrInSession=http%3A//localhost/feichangcelue/ucenter/security.html; firstEnterUrlInSession=http%3A//localhost/feichangcelue/ucenter/payment.html',
)
[ info ] [ PARAM ] array (
)
[ info ] [ CACHE ] INIT File
[ info ] [ BEHAVIOR ] Run app\common\behavior\Config @app_begin [ RunTime:0.008009s ]
[ info ] [ BEHAVIOR ] Run app\common\behavior\Hook @app_begin [ RunTime:0.019709s ]
[ info ] [ RUN ] app\user\admin\Publics->signin[ D:\phpStudy\WWW\feichangcelue\application\user\admin\Publics.php ]
[ info ] [ DB ] INIT mysql
[ info ] [ SESSION ] INIT array (
  'id' => '',
  'var_session_id' => '',
  'prefix' => 'xinhuo_admin_',
  'type' => '',
  'auto_start' => true,
)
[ info ] [ VIEW ] D:\phpStudy\WWW\feichangcelue/application/user/view/admin/publics\signin.html [ array (
) ]
[ info ] [ LOG ] INIT File
---------------------------------------------------------------
[ 2018-12-01T22:43:47+08:00 ] ::1 ::1 POST /feichangcelue/admin.php/admin/index/informationhint.html
[ info ] localhost/feichangcelue/admin.php/admin/index/informationhint.html [运行时间：0.348498s][吞吐率：2.87req/s] [内存消耗：3,047.68kb] [文件加载：62]
[ info ] [ LANG ] D:\phpStudy\WWW\feichangcelue\thinkphp\lang\zh-cn.php
[ info ] [ ROUTE ] array (
  'type' => 'module',
  'module' => 
  array (
    0 => 'admin',
    1 => 'index',
    2 => 'informationhint',
  ),
)
[ info ] [ HEADER ] array (
  'host' => 'localhost',
  'connection' => 'keep-alive',
  'content-length' => '0',
  'accept' => 'application/json, text/javascript, */*; q=0.01',
  'origin' => 'http://localhost',
  'x-requested-with' => 'XMLHttpRequest',
  'user-agent' => 'Mozilla/5.0 (Windows NT 6.3; WOW64) AppleWebKit/537.36 (KHTML, like Gecko) Chrome/59.0.3071.86 Safari/537.36',
  'referer' => 'http://localhost/feichangcelue/admin.php/admin/index/index.html',
  'accept-encoding' => 'gzip, deflate, br',
  'accept-language' => 'zh-CN,zh;q=0.8',
  'cookie' => 'PHPSESSID=arltp0nc0fgfvt8ap89ho5rob7; pageReferrInSession=http%3A//localhost/feichangcelue/ucenter/security.html; firstEnterUrlInSession=http%3A//localhost/feichangcelue/ucenter/payment.html',
)
[ info ] [ PARAM ] array (
)
[ info ] [ CACHE ] INIT File
[ info ] [ BEHAVIOR ] Run app\common\behavior\Config @app_begin [ RunTime:0.037554s ]
[ info ] [ BEHAVIOR ] Run app\common\behavior\Hook @app_begin [ RunTime:0.026681s ]
[ info ] [ DB ] INIT mysql
[ info ] [ SESSION ] INIT array (
  'id' => '',
  'var_session_id' => '',
  'prefix' => 'xinhuo_admin_',
  'type' => '',
  'auto_start' => true,
)
[ info ] [ LOG ] INIT File
---------------------------------------------------------------
[ 2018-12-01T22:43:47+08:00 ] ::1 ::1 GET /feichangcelue/admin.php/user/publics/signin.html
[ info ] localhost/feichangcelue/admin.php/user/publics/signin.html [运行时间：0.298350s][吞吐率：3.35req/s] [内存消耗：2,928.56kb] [文件加载：61]
[ info ] [ LANG ] D:\phpStudy\WWW\feichangcelue\thinkphp\lang\zh-cn.php
[ info ] [ ROUTE ] array (
  'type' => 'module',
  'module' => 
  array (
    0 => 'user',
    1 => 'publics',
    2 => 'signin',
  ),
)
[ info ] [ HEADER ] array (
  'host' => 'localhost',
  'connection' => 'keep-alive',
  'accept' => 'application/json, text/javascript, */*; q=0.01',
  'x-requested-with' => 'XMLHttpRequest',
  'user-agent' => 'Mozilla/5.0 (Windows NT 6.3; WOW64) AppleWebKit/537.36 (KHTML, like Gecko) Chrome/59.0.3071.86 Safari/537.36',
  'referer' => 'http://localhost/feichangcelue/admin.php/admin/index/index.html',
  'accept-encoding' => 'gzip, deflate, br',
  'accept-language' => 'zh-CN,zh;q=0.8',
  'cookie' => 'PHPSESSID=arltp0nc0fgfvt8ap89ho5rob7; pageReferrInSession=http%3A//localhost/feichangcelue/ucenter/security.html; firstEnterUrlInSession=http%3A//localhost/feichangcelue/ucenter/payment.html',
)
[ info ] [ PARAM ] array (
)
[ info ] [ CACHE ] INIT File
[ info ] [ BEHAVIOR ] Run app\common\behavior\Config @app_begin [ RunTime:0.015674s ]
[ info ] [ BEHAVIOR ] Run app\common\behavior\Hook @app_begin [ RunTime:0.033878s ]
[ info ] [ RUN ] app\user\admin\Publics->signin[ D:\phpStudy\WWW\feichangcelue\application\user\admin\Publics.php ]
[ info ] [ DB ] INIT mysql
[ info ] [ SESSION ] INIT array (
  'id' => '',
  'var_session_id' => '',
  'prefix' => 'xinhuo_admin_',
  'type' => '',
  'auto_start' => true,
)
[ info ] [ VIEW ] D:\phpStudy\WWW\feichangcelue/application/user/view/admin/publics\signin.html [ array (
) ]
[ info ] [ LOG ] INIT File
---------------------------------------------------------------
[ 2018-12-01T22:43:53+08:00 ] ::1 ::1 POST /feichangcelue/admin.php/admin/index/informationhint.html
[ info ] localhost/feichangcelue/admin.php/admin/index/informationhint.html [运行时间：0.159122s][吞吐率：6.28req/s] [内存消耗：3,047.68kb] [文件加载：62]
[ info ] [ LANG ] D:\phpStudy\WWW\feichangcelue\thinkphp\lang\zh-cn.php
[ info ] [ ROUTE ] array (
  'type' => 'module',
  'module' => 
  array (
    0 => 'admin',
    1 => 'index',
    2 => 'informationhint',
  ),
)
[ info ] [ HEADER ] array (
  'host' => 'localhost',
  'connection' => 'keep-alive',
  'content-length' => '0',
  'accept' => 'application/json, text/javascript, */*; q=0.01',
  'origin' => 'http://localhost',
  'x-requested-with' => 'XMLHttpRequest',
  'user-agent' => 'Mozilla/5.0 (Windows NT 6.3; WOW64) AppleWebKit/537.36 (KHTML, like Gecko) Chrome/59.0.3071.86 Safari/537.36',
  'referer' => 'http://localhost/feichangcelue/admin.php/admin/index/index.html',
  'accept-encoding' => 'gzip, deflate, br',
  'accept-language' => 'zh-CN,zh;q=0.8',
  'cookie' => 'PHPSESSID=arltp0nc0fgfvt8ap89ho5rob7; pageReferrInSession=http%3A//localhost/feichangcelue/ucenter/security.html; firstEnterUrlInSession=http%3A//localhost/feichangcelue/ucenter/payment.html',
)
[ info ] [ PARAM ] array (
)
[ info ] [ CACHE ] INIT File
[ info ] [ BEHAVIOR ] Run app\common\behavior\Config @app_begin [ RunTime:0.004914s ]
[ info ] [ BEHAVIOR ] Run app\common\behavior\Hook @app_begin [ RunTime:0.016249s ]
[ info ] [ DB ] INIT mysql
[ info ] [ SESSION ] INIT array (
  'id' => '',
  'var_session_id' => '',
  'prefix' => 'xinhuo_admin_',
  'type' => '',
  'auto_start' => true,
)
[ info ] [ LOG ] INIT File
---------------------------------------------------------------
[ 2018-12-01T22:43:53+08:00 ] ::1 ::1 GET /feichangcelue/admin.php/user/publics/signin.html
[ info ] localhost/feichangcelue/admin.php/user/publics/signin.html [运行时间：0.141231s][吞吐率：7.08req/s] [内存消耗：2,928.56kb] [文件加载：61]
[ info ] [ LANG ] D:\phpStudy\WWW\feichangcelue\thinkphp\lang\zh-cn.php
[ info ] [ ROUTE ] array (
  'type' => 'module',
  'module' => 
  array (
    0 => 'user',
    1 => 'publics',
    2 => 'signin',
  ),
)
[ info ] [ HEADER ] array (
  'host' => 'localhost',
  'connection' => 'keep-alive',
  'accept' => 'application/json, text/javascript, */*; q=0.01',
  'x-requested-with' => 'XMLHttpRequest',
  'user-agent' => 'Mozilla/5.0 (Windows NT 6.3; WOW64) AppleWebKit/537.36 (KHTML, like Gecko) Chrome/59.0.3071.86 Safari/537.36',
  'referer' => 'http://localhost/feichangcelue/admin.php/admin/index/index.html',
  'accept-encoding' => 'gzip, deflate, br',
  'accept-language' => 'zh-CN,zh;q=0.8',
  'cookie' => 'PHPSESSID=arltp0nc0fgfvt8ap89ho5rob7; pageReferrInSession=http%3A//localhost/feichangcelue/ucenter/security.html; firstEnterUrlInSession=http%3A//localhost/feichangcelue/ucenter/payment.html',
)
[ info ] [ PARAM ] array (
)
[ info ] [ CACHE ] INIT File
[ info ] [ BEHAVIOR ] Run app\common\behavior\Config @app_begin [ RunTime:0.005021s ]
[ info ] [ BEHAVIOR ] Run app\common\behavior\Hook @app_begin [ RunTime:0.012938s ]
[ info ] [ RUN ] app\user\admin\Publics->signin[ D:\phpStudy\WWW\feichangcelue\application\user\admin\Publics.php ]
[ info ] [ DB ] INIT mysql
[ info ] [ SESSION ] INIT array (
  'id' => '',
  'var_session_id' => '',
  'prefix' => 'xinhuo_admin_',
  'type' => '',
  'auto_start' => true,
)
[ info ] [ VIEW ] D:\phpStudy\WWW\feichangcelue/application/user/view/admin/publics\signin.html [ array (
) ]
[ info ] [ LOG ] INIT File
---------------------------------------------------------------
[ 2018-12-01T22:43:59+08:00 ] ::1 ::1 POST /feichangcelue/admin.php/admin/index/informationhint.html
[ info ] localhost/feichangcelue/admin.php/admin/index/informationhint.html [运行时间：0.232423s][吞吐率：4.30req/s] [内存消耗：3,047.68kb] [文件加载：62]
[ info ] [ LANG ] D:\phpStudy\WWW\feichangcelue\thinkphp\lang\zh-cn.php
[ info ] [ ROUTE ] array (
  'type' => 'module',
  'module' => 
  array (
    0 => 'admin',
    1 => 'index',
    2 => 'informationhint',
  ),
)
[ info ] [ HEADER ] array (
  'host' => 'localhost',
  'connection' => 'keep-alive',
  'content-length' => '0',
  'accept' => 'application/json, text/javascript, */*; q=0.01',
  'origin' => 'http://localhost',
  'x-requested-with' => 'XMLHttpRequest',
  'user-agent' => 'Mozilla/5.0 (Windows NT 6.3; WOW64) AppleWebKit/537.36 (KHTML, like Gecko) Chrome/59.0.3071.86 Safari/537.36',
  'referer' => 'http://localhost/feichangcelue/admin.php/admin/index/index.html',
  'accept-encoding' => 'gzip, deflate, br',
  'accept-language' => 'zh-CN,zh;q=0.8',
  'cookie' => 'PHPSESSID=arltp0nc0fgfvt8ap89ho5rob7; pageReferrInSession=http%3A//localhost/feichangcelue/ucenter/security.html; firstEnterUrlInSession=http%3A//localhost/feichangcelue/ucenter/payment.html',
)
[ info ] [ PARAM ] array (
)
[ info ] [ CACHE ] INIT File
[ info ] [ BEHAVIOR ] Run app\common\behavior\Config @app_begin [ RunTime:0.007194s ]
[ info ] [ BEHAVIOR ] Run app\common\behavior\Hook @app_begin [ RunTime:0.013628s ]
[ info ] [ DB ] INIT mysql
[ info ] [ SESSION ] INIT array (
  'id' => '',
  'var_session_id' => '',
  'prefix' => 'xinhuo_admin_',
  'type' => '',
  'auto_start' => true,
)
[ info ] [ LOG ] INIT File
---------------------------------------------------------------
[ 2018-12-01T22:43:59+08:00 ] ::1 ::1 GET /feichangcelue/admin.php/user/publics/signin.html
[ info ] localhost/feichangcelue/admin.php/user/publics/signin.html [运行时间：0.227324s][吞吐率：4.40req/s] [内存消耗：2,928.56kb] [文件加载：61]
[ info ] [ LANG ] D:\phpStudy\WWW\feichangcelue\thinkphp\lang\zh-cn.php
[ info ] [ ROUTE ] array (
  'type' => 'module',
  'module' => 
  array (
    0 => 'user',
    1 => 'publics',
    2 => 'signin',
  ),
)
[ info ] [ HEADER ] array (
  'host' => 'localhost',
  'connection' => 'keep-alive',
  'accept' => 'application/json, text/javascript, */*; q=0.01',
  'x-requested-with' => 'XMLHttpRequest',
  'user-agent' => 'Mozilla/5.0 (Windows NT 6.3; WOW64) AppleWebKit/537.36 (KHTML, like Gecko) Chrome/59.0.3071.86 Safari/537.36',
  'referer' => 'http://localhost/feichangcelue/admin.php/admin/index/index.html',
  'accept-encoding' => 'gzip, deflate, br',
  'accept-language' => 'zh-CN,zh;q=0.8',
  'cookie' => 'PHPSESSID=arltp0nc0fgfvt8ap89ho5rob7; pageReferrInSession=http%3A//localhost/feichangcelue/ucenter/security.html; firstEnterUrlInSession=http%3A//localhost/feichangcelue/ucenter/payment.html',
)
[ info ] [ PARAM ] array (
)
[ info ] [ CACHE ] INIT File
[ info ] [ BEHAVIOR ] Run app\common\behavior\Config @app_begin [ RunTime:0.008665s ]
[ info ] [ BEHAVIOR ] Run app\common\behavior\Hook @app_begin [ RunTime:0.020354s ]
[ info ] [ RUN ] app\user\admin\Publics->signin[ D:\phpStudy\WWW\feichangcelue\application\user\admin\Publics.php ]
[ info ] [ DB ] INIT mysql
[ info ] [ SESSION ] INIT array (
  'id' => '',
  'var_session_id' => '',
  'prefix' => 'xinhuo_admin_',
  'type' => '',
  'auto_start' => true,
)
[ info ] [ VIEW ] D:\phpStudy\WWW\feichangcelue/application/user/view/admin/publics\signin.html [ array (
) ]
[ info ] [ LOG ] INIT File
---------------------------------------------------------------
[ 2018-12-01T22:44:05+08:00 ] ::1 ::1 POST /feichangcelue/admin.php/admin/index/informationhint.html
[ info ] localhost/feichangcelue/admin.php/admin/index/informationhint.html [运行时间：0.141937s][吞吐率：7.05req/s] [内存消耗：3,047.68kb] [文件加载：62]
[ info ] [ LANG ] D:\phpStudy\WWW\feichangcelue\thinkphp\lang\zh-cn.php
[ info ] [ ROUTE ] array (
  'type' => 'module',
  'module' => 
  array (
    0 => 'admin',
    1 => 'index',
    2 => 'informationhint',
  ),
)
[ info ] [ HEADER ] array (
  'host' => 'localhost',
  'connection' => 'keep-alive',
  'content-length' => '0',
  'accept' => 'application/json, text/javascript, */*; q=0.01',
  'origin' => 'http://localhost',
  'x-requested-with' => 'XMLHttpRequest',
  'user-agent' => 'Mozilla/5.0 (Windows NT 6.3; WOW64) AppleWebKit/537.36 (KHTML, like Gecko) Chrome/59.0.3071.86 Safari/537.36',
  'referer' => 'http://localhost/feichangcelue/admin.php/admin/index/index.html',
  'accept-encoding' => 'gzip, deflate, br',
  'accept-language' => 'zh-CN,zh;q=0.8',
  'cookie' => 'PHPSESSID=arltp0nc0fgfvt8ap89ho5rob7; pageReferrInSession=http%3A//localhost/feichangcelue/ucenter/security.html; firstEnterUrlInSession=http%3A//localhost/feichangcelue/ucenter/payment.html',
)
[ info ] [ PARAM ] array (
)
[ info ] [ CACHE ] INIT File
[ info ] [ BEHAVIOR ] Run app\common\behavior\Config @app_begin [ RunTime:0.004743s ]
[ info ] [ BEHAVIOR ] Run app\common\behavior\Hook @app_begin [ RunTime:0.015463s ]
[ info ] [ DB ] INIT mysql
[ info ] [ SESSION ] INIT array (
  'id' => '',
  'var_session_id' => '',
  'prefix' => 'xinhuo_admin_',
  'type' => '',
  'auto_start' => true,
)
[ info ] [ LOG ] INIT File
---------------------------------------------------------------
[ 2018-12-01T22:44:05+08:00 ] ::1 ::1 GET /feichangcelue/admin.php/user/publics/signin.html
[ info ] localhost/feichangcelue/admin.php/user/publics/signin.html [运行时间：0.139452s][吞吐率：7.17req/s] [内存消耗：2,928.56kb] [文件加载：61]
[ info ] [ LANG ] D:\phpStudy\WWW\feichangcelue\thinkphp\lang\zh-cn.php
[ info ] [ ROUTE ] array (
  'type' => 'module',
  'module' => 
  array (
    0 => 'user',
    1 => 'publics',
    2 => 'signin',
  ),
)
[ info ] [ HEADER ] array (
  'host' => 'localhost',
  'connection' => 'keep-alive',
  'accept' => 'application/json, text/javascript, */*; q=0.01',
  'x-requested-with' => 'XMLHttpRequest',
  'user-agent' => 'Mozilla/5.0 (Windows NT 6.3; WOW64) AppleWebKit/537.36 (KHTML, like Gecko) Chrome/59.0.3071.86 Safari/537.36',
  'referer' => 'http://localhost/feichangcelue/admin.php/admin/index/index.html',
  'accept-encoding' => 'gzip, deflate, br',
  'accept-language' => 'zh-CN,zh;q=0.8',
  'cookie' => 'PHPSESSID=arltp0nc0fgfvt8ap89ho5rob7; pageReferrInSession=http%3A//localhost/feichangcelue/ucenter/security.html; firstEnterUrlInSession=http%3A//localhost/feichangcelue/ucenter/payment.html',
)
[ info ] [ PARAM ] array (
)
[ info ] [ CACHE ] INIT File
[ info ] [ BEHAVIOR ] Run app\common\behavior\Config @app_begin [ RunTime:0.004836s ]
[ info ] [ BEHAVIOR ] Run app\common\behavior\Hook @app_begin [ RunTime:0.013295s ]
[ info ] [ RUN ] app\user\admin\Publics->signin[ D:\phpStudy\WWW\feichangcelue\application\user\admin\Publics.php ]
[ info ] [ DB ] INIT mysql
[ info ] [ SESSION ] INIT array (
  'id' => '',
  'var_session_id' => '',
  'prefix' => 'xinhuo_admin_',
  'type' => '',
  'auto_start' => true,
)
[ info ] [ VIEW ] D:\phpStudy\WWW\feichangcelue/application/user/view/admin/publics\signin.html [ array (
) ]
[ info ] [ LOG ] INIT File
---------------------------------------------------------------
[ 2018-12-01T22:44:11+08:00 ] ::1 ::1 POST /feichangcelue/admin.php/admin/index/informationhint.html
[ info ] localhost/feichangcelue/admin.php/admin/index/informationhint.html [运行时间：0.142577s][吞吐率：7.01req/s] [内存消耗：3,047.68kb] [文件加载：62]
[ info ] [ LANG ] D:\phpStudy\WWW\feichangcelue\thinkphp\lang\zh-cn.php
[ info ] [ ROUTE ] array (
  'type' => 'module',
  'module' => 
  array (
    0 => 'admin',
    1 => 'index',
    2 => 'informationhint',
  ),
)
[ info ] [ HEADER ] array (
  'host' => 'localhost',
  'connection' => 'keep-alive',
  'content-length' => '0',
  'accept' => 'application/json, text/javascript, */*; q=0.01',
  'origin' => 'http://localhost',
  'x-requested-with' => 'XMLHttpRequest',
  'user-agent' => 'Mozilla/5.0 (Windows NT 6.3; WOW64) AppleWebKit/537.36 (KHTML, like Gecko) Chrome/59.0.3071.86 Safari/537.36',
  'referer' => 'http://localhost/feichangcelue/admin.php/admin/index/index.html',
  'accept-encoding' => 'gzip, deflate, br',
  'accept-language' => 'zh-CN,zh;q=0.8',
  'cookie' => 'PHPSESSID=arltp0nc0fgfvt8ap89ho5rob7; pageReferrInSession=http%3A//localhost/feichangcelue/ucenter/security.html; firstEnterUrlInSession=http%3A//localhost/feichangcelue/ucenter/payment.html',
)
[ info ] [ PARAM ] array (
)
[ info ] [ CACHE ] INIT File
[ info ] [ BEHAVIOR ] Run app\common\behavior\Config @app_begin [ RunTime:0.005277s ]
[ info ] [ BEHAVIOR ] Run app\common\behavior\Hook @app_begin [ RunTime:0.012392s ]
[ info ] [ DB ] INIT mysql
[ info ] [ SESSION ] INIT array (
  'id' => '',
  'var_session_id' => '',
  'prefix' => 'xinhuo_admin_',
  'type' => '',
  'auto_start' => true,
)
[ info ] [ LOG ] INIT File
---------------------------------------------------------------
[ 2018-12-01T22:44:11+08:00 ] ::1 ::1 GET /feichangcelue/admin.php/user/publics/signin.html
[ info ] localhost/feichangcelue/admin.php/user/publics/signin.html [运行时间：0.173479s][吞吐率：5.76req/s] [内存消耗：2,928.56kb] [文件加载：61]
[ info ] [ LANG ] D:\phpStudy\WWW\feichangcelue\thinkphp\lang\zh-cn.php
[ info ] [ ROUTE ] array (
  'type' => 'module',
  'module' => 
  array (
    0 => 'user',
    1 => 'publics',
    2 => 'signin',
  ),
)
[ info ] [ HEADER ] array (
  'host' => 'localhost',
  'connection' => 'keep-alive',
  'accept' => 'application/json, text/javascript, */*; q=0.01',
  'x-requested-with' => 'XMLHttpRequest',
  'user-agent' => 'Mozilla/5.0 (Windows NT 6.3; WOW64) AppleWebKit/537.36 (KHTML, like Gecko) Chrome/59.0.3071.86 Safari/537.36',
  'referer' => 'http://localhost/feichangcelue/admin.php/admin/index/index.html',
  'accept-encoding' => 'gzip, deflate, br',
  'accept-language' => 'zh-CN,zh;q=0.8',
  'cookie' => 'PHPSESSID=arltp0nc0fgfvt8ap89ho5rob7; pageReferrInSession=http%3A//localhost/feichangcelue/ucenter/security.html; firstEnterUrlInSession=http%3A//localhost/feichangcelue/ucenter/payment.html',
)
[ info ] [ PARAM ] array (
)
[ info ] [ CACHE ] INIT File
[ info ] [ BEHAVIOR ] Run app\common\behavior\Config @app_begin [ RunTime:0.006805s ]
[ info ] [ BEHAVIOR ] Run app\common\behavior\Hook @app_begin [ RunTime:0.014409s ]
[ info ] [ RUN ] app\user\admin\Publics->signin[ D:\phpStudy\WWW\feichangcelue\application\user\admin\Publics.php ]
[ info ] [ DB ] INIT mysql
[ info ] [ SESSION ] INIT array (
  'id' => '',
  'var_session_id' => '',
  'prefix' => 'xinhuo_admin_',
  'type' => '',
  'auto_start' => true,
)
[ info ] [ VIEW ] D:\phpStudy\WWW\feichangcelue/application/user/view/admin/publics\signin.html [ array (
) ]
[ info ] [ LOG ] INIT File
---------------------------------------------------------------
[ 2018-12-01T22:44:17+08:00 ] ::1 ::1 POST /feichangcelue/admin.php/admin/index/informationhint.html
[ info ] localhost/feichangcelue/admin.php/admin/index/informationhint.html [运行时间：0.145724s][吞吐率：6.86req/s] [内存消耗：3,047.68kb] [文件加载：62]
[ info ] [ LANG ] D:\phpStudy\WWW\feichangcelue\thinkphp\lang\zh-cn.php
[ info ] [ ROUTE ] array (
  'type' => 'module',
  'module' => 
  array (
    0 => 'admin',
    1 => 'index',
    2 => 'informationhint',
  ),
)
[ info ] [ HEADER ] array (
  'host' => 'localhost',
  'connection' => 'keep-alive',
  'content-length' => '0',
  'accept' => 'application/json, text/javascript, */*; q=0.01',
  'origin' => 'http://localhost',
  'x-requested-with' => 'XMLHttpRequest',
  'user-agent' => 'Mozilla/5.0 (Windows NT 6.3; WOW64) AppleWebKit/537.36 (KHTML, like Gecko) Chrome/59.0.3071.86 Safari/537.36',
  'referer' => 'http://localhost/feichangcelue/admin.php/admin/index/index.html',
  'accept-encoding' => 'gzip, deflate, br',
  'accept-language' => 'zh-CN,zh;q=0.8',
  'cookie' => 'PHPSESSID=arltp0nc0fgfvt8ap89ho5rob7; pageReferrInSession=http%3A//localhost/feichangcelue/ucenter/security.html; firstEnterUrlInSession=http%3A//localhost/feichangcelue/ucenter/payment.html',
)
[ info ] [ PARAM ] array (
)
[ info ] [ CACHE ] INIT File
[ info ] [ BEHAVIOR ] Run app\common\behavior\Config @app_begin [ RunTime:0.004886s ]
[ info ] [ BEHAVIOR ] Run app\common\behavior\Hook @app_begin [ RunTime:0.013196s ]
[ info ] [ DB ] INIT mysql
[ info ] [ SESSION ] INIT array (
  'id' => '',
  'var_session_id' => '',
  'prefix' => 'xinhuo_admin_',
  'type' => '',
  'auto_start' => true,
)
[ info ] [ LOG ] INIT File
---------------------------------------------------------------
[ 2018-12-01T22:44:17+08:00 ] ::1 ::1 GET /feichangcelue/admin.php/user/publics/signin.html
[ info ] localhost/feichangcelue/admin.php/user/publics/signin.html [运行时间：0.153579s][吞吐率：6.51req/s] [内存消耗：2,928.56kb] [文件加载：61]
[ info ] [ LANG ] D:\phpStudy\WWW\feichangcelue\thinkphp\lang\zh-cn.php
[ info ] [ ROUTE ] array (
  'type' => 'module',
  'module' => 
  array (
    0 => 'user',
    1 => 'publics',
    2 => 'signin',
  ),
)
[ info ] [ HEADER ] array (
  'host' => 'localhost',
  'connection' => 'keep-alive',
  'accept' => 'application/json, text/javascript, */*; q=0.01',
  'x-requested-with' => 'XMLHttpRequest',
  'user-agent' => 'Mozilla/5.0 (Windows NT 6.3; WOW64) AppleWebKit/537.36 (KHTML, like Gecko) Chrome/59.0.3071.86 Safari/537.36',
  'referer' => 'http://localhost/feichangcelue/admin.php/admin/index/index.html',
  'accept-encoding' => 'gzip, deflate, br',
  'accept-language' => 'zh-CN,zh;q=0.8',
  'cookie' => 'PHPSESSID=arltp0nc0fgfvt8ap89ho5rob7; pageReferrInSession=http%3A//localhost/feichangcelue/ucenter/security.html; firstEnterUrlInSession=http%3A//localhost/feichangcelue/ucenter/payment.html',
)
[ info ] [ PARAM ] array (
)
[ info ] [ CACHE ] INIT File
[ info ] [ BEHAVIOR ] Run app\common\behavior\Config @app_begin [ RunTime:0.006436s ]
[ info ] [ BEHAVIOR ] Run app\common\behavior\Hook @app_begin [ RunTime:0.016231s ]
[ info ] [ RUN ] app\user\admin\Publics->signin[ D:\phpStudy\WWW\feichangcelue\application\user\admin\Publics.php ]
[ info ] [ DB ] INIT mysql
[ info ] [ SESSION ] INIT array (
  'id' => '',
  'var_session_id' => '',
  'prefix' => 'xinhuo_admin_',
  'type' => '',
  'auto_start' => true,
)
[ info ] [ VIEW ] D:\phpStudy\WWW\feichangcelue/application/user/view/admin/publics\signin.html [ array (
) ]
[ info ] [ LOG ] INIT File
---------------------------------------------------------------
[ 2018-12-01T22:44:23+08:00 ] ::1 ::1 POST /feichangcelue/admin.php/admin/index/informationhint.html
[ info ] localhost/feichangcelue/admin.php/admin/index/informationhint.html [运行时间：0.555423s][吞吐率：1.80req/s] [内存消耗：3,047.68kb] [文件加载：62]
[ info ] [ LANG ] D:\phpStudy\WWW\feichangcelue\thinkphp\lang\zh-cn.php
[ info ] [ ROUTE ] array (
  'type' => 'module',
  'module' => 
  array (
    0 => 'admin',
    1 => 'index',
    2 => 'informationhint',
  ),
)
[ info ] [ HEADER ] array (
  'host' => 'localhost',
  'connection' => 'keep-alive',
  'content-length' => '0',
  'accept' => 'application/json, text/javascript, */*; q=0.01',
  'origin' => 'http://localhost',
  'x-requested-with' => 'XMLHttpRequest',
  'user-agent' => 'Mozilla/5.0 (Windows NT 6.3; WOW64) AppleWebKit/537.36 (KHTML, like Gecko) Chrome/59.0.3071.86 Safari/537.36',
  'referer' => 'http://localhost/feichangcelue/admin.php/admin/index/index.html',
  'accept-encoding' => 'gzip, deflate, br',
  'accept-language' => 'zh-CN,zh;q=0.8',
  'cookie' => 'PHPSESSID=arltp0nc0fgfvt8ap89ho5rob7; pageReferrInSession=http%3A//localhost/feichangcelue/ucenter/security.html; firstEnterUrlInSession=http%3A//localhost/feichangcelue/ucenter/payment.html',
)
[ info ] [ PARAM ] array (
)
[ info ] [ CACHE ] INIT File
[ info ] [ BEHAVIOR ] Run app\common\behavior\Config @app_begin [ RunTime:0.015699s ]
[ info ] [ BEHAVIOR ] Run app\common\behavior\Hook @app_begin [ RunTime:0.030657s ]
[ info ] [ DB ] INIT mysql
[ info ] [ SESSION ] INIT array (
  'id' => '',
  'var_session_id' => '',
  'prefix' => 'xinhuo_admin_',
  'type' => '',
  'auto_start' => true,
)
[ info ] [ LOG ] INIT File
---------------------------------------------------------------
[ 2018-12-01T22:44:24+08:00 ] ::1 ::1 GET /feichangcelue/admin.php/user/publics/signin.html
[ info ] localhost/feichangcelue/admin.php/user/publics/signin.html [运行时间：0.455116s][吞吐率：2.20req/s] [内存消耗：2,928.56kb] [文件加载：61]
[ info ] [ LANG ] D:\phpStudy\WWW\feichangcelue\thinkphp\lang\zh-cn.php
[ info ] [ ROUTE ] array (
  'type' => 'module',
  'module' => 
  array (
    0 => 'user',
    1 => 'publics',
    2 => 'signin',
  ),
)
[ info ] [ HEADER ] array (
  'host' => 'localhost',
  'connection' => 'keep-alive',
  'accept' => 'application/json, text/javascript, */*; q=0.01',
  'x-requested-with' => 'XMLHttpRequest',
  'user-agent' => 'Mozilla/5.0 (Windows NT 6.3; WOW64) AppleWebKit/537.36 (KHTML, like Gecko) Chrome/59.0.3071.86 Safari/537.36',
  'referer' => 'http://localhost/feichangcelue/admin.php/admin/index/index.html',
  'accept-encoding' => 'gzip, deflate, br',
  'accept-language' => 'zh-CN,zh;q=0.8',
  'cookie' => 'PHPSESSID=arltp0nc0fgfvt8ap89ho5rob7; pageReferrInSession=http%3A//localhost/feichangcelue/ucenter/security.html; firstEnterUrlInSession=http%3A//localhost/feichangcelue/ucenter/payment.html',
)
[ info ] [ PARAM ] array (
)
[ info ] [ CACHE ] INIT File
[ info ] [ BEHAVIOR ] Run app\common\behavior\Config @app_begin [ RunTime:0.044625s ]
[ info ] [ BEHAVIOR ] Run app\common\behavior\Hook @app_begin [ RunTime:0.052981s ]
[ info ] [ RUN ] app\user\admin\Publics->signin[ D:\phpStudy\WWW\feichangcelue\application\user\admin\Publics.php ]
[ info ] [ DB ] INIT mysql
[ info ] [ SESSION ] INIT array (
  'id' => '',
  'var_session_id' => '',
  'prefix' => 'xinhuo_admin_',
  'type' => '',
  'auto_start' => true,
)
[ info ] [ VIEW ] D:\phpStudy\WWW\feichangcelue/application/user/view/admin/publics\signin.html [ array (
) ]
[ info ] [ LOG ] INIT File
---------------------------------------------------------------
[ 2018-12-01T22:44:29+08:00 ] ::1 ::1 POST /feichangcelue/admin.php/admin/index/informationhint.html
[ info ] localhost/feichangcelue/admin.php/admin/index/informationhint.html [运行时间：0.293922s][吞吐率：3.40req/s] [内存消耗：3,047.68kb] [文件加载：62]
[ info ] [ LANG ] D:\phpStudy\WWW\feichangcelue\thinkphp\lang\zh-cn.php
[ info ] [ ROUTE ] array (
  'type' => 'module',
  'module' => 
  array (
    0 => 'admin',
    1 => 'index',
    2 => 'informationhint',
  ),
)
[ info ] [ HEADER ] array (
  'host' => 'localhost',
  'connection' => 'keep-alive',
  'content-length' => '0',
  'accept' => 'application/json, text/javascript, */*; q=0.01',
  'origin' => 'http://localhost',
  'x-requested-with' => 'XMLHttpRequest',
  'user-agent' => 'Mozilla/5.0 (Windows NT 6.3; WOW64) AppleWebKit/537.36 (KHTML, like Gecko) Chrome/59.0.3071.86 Safari/537.36',
  'referer' => 'http://localhost/feichangcelue/admin.php/admin/index/index.html',
  'accept-encoding' => 'gzip, deflate, br',
  'accept-language' => 'zh-CN,zh;q=0.8',
  'cookie' => 'PHPSESSID=arltp0nc0fgfvt8ap89ho5rob7; pageReferrInSession=http%3A//localhost/feichangcelue/ucenter/security.html; firstEnterUrlInSession=http%3A//localhost/feichangcelue/ucenter/payment.html',
)
[ info ] [ PARAM ] array (
)
[ info ] [ CACHE ] INIT File
[ info ] [ BEHAVIOR ] Run app\common\behavior\Config @app_begin [ RunTime:0.015318s ]
[ info ] [ BEHAVIOR ] Run app\common\behavior\Hook @app_begin [ RunTime:0.051604s ]
[ info ] [ DB ] INIT mysql
[ info ] [ SESSION ] INIT array (
  'id' => '',
  'var_session_id' => '',
  'prefix' => 'xinhuo_admin_',
  'type' => '',
  'auto_start' => true,
)
[ info ] [ LOG ] INIT File
---------------------------------------------------------------
[ 2018-12-01T22:44:29+08:00 ] ::1 ::1 GET /feichangcelue/admin.php/user/publics/signin.html
[ info ] localhost/feichangcelue/admin.php/user/publics/signin.html [运行时间：0.226056s][吞吐率：4.42req/s] [内存消耗：2,928.56kb] [文件加载：61]
[ info ] [ LANG ] D:\phpStudy\WWW\feichangcelue\thinkphp\lang\zh-cn.php
[ info ] [ ROUTE ] array (
  'type' => 'module',
  'module' => 
  array (
    0 => 'user',
    1 => 'publics',
    2 => 'signin',
  ),
)
[ info ] [ HEADER ] array (
  'host' => 'localhost',
  'connection' => 'keep-alive',
  'accept' => 'application/json, text/javascript, */*; q=0.01',
  'x-requested-with' => 'XMLHttpRequest',
  'user-agent' => 'Mozilla/5.0 (Windows NT 6.3; WOW64) AppleWebKit/537.36 (KHTML, like Gecko) Chrome/59.0.3071.86 Safari/537.36',
  'referer' => 'http://localhost/feichangcelue/admin.php/admin/index/index.html',
  'accept-encoding' => 'gzip, deflate, br',
  'accept-language' => 'zh-CN,zh;q=0.8',
  'cookie' => 'PHPSESSID=arltp0nc0fgfvt8ap89ho5rob7; pageReferrInSession=http%3A//localhost/feichangcelue/ucenter/security.html; firstEnterUrlInSession=http%3A//localhost/feichangcelue/ucenter/payment.html',
)
[ info ] [ PARAM ] array (
)
[ info ] [ CACHE ] INIT File
[ info ] [ BEHAVIOR ] Run app\common\behavior\Config @app_begin [ RunTime:0.007111s ]
[ info ] [ BEHAVIOR ] Run app\common\behavior\Hook @app_begin [ RunTime:0.021429s ]
[ info ] [ RUN ] app\user\admin\Publics->signin[ D:\phpStudy\WWW\feichangcelue\application\user\admin\Publics.php ]
[ info ] [ DB ] INIT mysql
[ info ] [ SESSION ] INIT array (
  'id' => '',
  'var_session_id' => '',
  'prefix' => 'xinhuo_admin_',
  'type' => '',
  'auto_start' => true,
)
[ info ] [ VIEW ] D:\phpStudy\WWW\feichangcelue/application/user/view/admin/publics\signin.html [ array (
) ]
[ info ] [ LOG ] INIT File
---------------------------------------------------------------
[ 2018-12-01T22:44:35+08:00 ] ::1 ::1 POST /feichangcelue/admin.php/admin/index/informationhint.html
[ info ] localhost/feichangcelue/admin.php/admin/index/informationhint.html [运行时间：0.185581s][吞吐率：5.39req/s] [内存消耗：3,047.68kb] [文件加载：62]
[ info ] [ LANG ] D:\phpStudy\WWW\feichangcelue\thinkphp\lang\zh-cn.php
[ info ] [ ROUTE ] array (
  'type' => 'module',
  'module' => 
  array (
    0 => 'admin',
    1 => 'index',
    2 => 'informationhint',
  ),
)
[ info ] [ HEADER ] array (
  'host' => 'localhost',
  'connection' => 'keep-alive',
  'content-length' => '0',
  'accept' => 'application/json, text/javascript, */*; q=0.01',
  'origin' => 'http://localhost',
  'x-requested-with' => 'XMLHttpRequest',
  'user-agent' => 'Mozilla/5.0 (Windows NT 6.3; WOW64) AppleWebKit/537.36 (KHTML, like Gecko) Chrome/59.0.3071.86 Safari/537.36',
  'referer' => 'http://localhost/feichangcelue/admin.php/admin/index/index.html',
  'accept-encoding' => 'gzip, deflate, br',
  'accept-language' => 'zh-CN,zh;q=0.8',
  'cookie' => 'PHPSESSID=arltp0nc0fgfvt8ap89ho5rob7; pageReferrInSession=http%3A//localhost/feichangcelue/ucenter/security.html; firstEnterUrlInSession=http%3A//localhost/feichangcelue/ucenter/payment.html',
)
[ info ] [ PARAM ] array (
)
[ info ] [ CACHE ] INIT File
[ info ] [ BEHAVIOR ] Run app\common\behavior\Config @app_begin [ RunTime:0.011457s ]
[ info ] [ BEHAVIOR ] Run app\common\behavior\Hook @app_begin [ RunTime:0.017308s ]
[ info ] [ DB ] INIT mysql
[ info ] [ SESSION ] INIT array (
  'id' => '',
  'var_session_id' => '',
  'prefix' => 'xinhuo_admin_',
  'type' => '',
  'auto_start' => true,
)
[ info ] [ LOG ] INIT File
---------------------------------------------------------------
[ 2018-12-01T22:44:35+08:00 ] ::1 ::1 GET /feichangcelue/admin.php/user/publics/signin.html
[ info ] localhost/feichangcelue/admin.php/user/publics/signin.html [运行时间：0.185621s][吞吐率：5.39req/s] [内存消耗：2,928.56kb] [文件加载：61]
[ info ] [ LANG ] D:\phpStudy\WWW\feichangcelue\thinkphp\lang\zh-cn.php
[ info ] [ ROUTE ] array (
  'type' => 'module',
  'module' => 
  array (
    0 => 'user',
    1 => 'publics',
    2 => 'signin',
  ),
)
[ info ] [ HEADER ] array (
  'host' => 'localhost',
  'connection' => 'keep-alive',
  'accept' => 'application/json, text/javascript, */*; q=0.01',
  'x-requested-with' => 'XMLHttpRequest',
  'user-agent' => 'Mozilla/5.0 (Windows NT 6.3; WOW64) AppleWebKit/537.36 (KHTML, like Gecko) Chrome/59.0.3071.86 Safari/537.36',
  'referer' => 'http://localhost/feichangcelue/admin.php/admin/index/index.html',
  'accept-encoding' => 'gzip, deflate, br',
  'accept-language' => 'zh-CN,zh;q=0.8',
  'cookie' => 'PHPSESSID=arltp0nc0fgfvt8ap89ho5rob7; pageReferrInSession=http%3A//localhost/feichangcelue/ucenter/security.html; firstEnterUrlInSession=http%3A//localhost/feichangcelue/ucenter/payment.html',
)
[ info ] [ PARAM ] array (
)
[ info ] [ CACHE ] INIT File
[ info ] [ BEHAVIOR ] Run app\common\behavior\Config @app_begin [ RunTime:0.006593s ]
[ info ] [ BEHAVIOR ] Run app\common\behavior\Hook @app_begin [ RunTime:0.020240s ]
[ info ] [ RUN ] app\user\admin\Publics->signin[ D:\phpStudy\WWW\feichangcelue\application\user\admin\Publics.php ]
[ info ] [ DB ] INIT mysql
[ info ] [ SESSION ] INIT array (
  'id' => '',
  'var_session_id' => '',
  'prefix' => 'xinhuo_admin_',
  'type' => '',
  'auto_start' => true,
)
[ info ] [ VIEW ] D:\phpStudy\WWW\feichangcelue/application/user/view/admin/publics\signin.html [ array (
) ]
[ info ] [ LOG ] INIT File
---------------------------------------------------------------
[ 2018-12-01T22:44:41+08:00 ] ::1 ::1 POST /feichangcelue/admin.php/admin/index/informationhint.html
[ info ] localhost/feichangcelue/admin.php/admin/index/informationhint.html [运行时间：0.143005s][吞吐率：6.99req/s] [内存消耗：3,047.68kb] [文件加载：62]
[ info ] [ LANG ] D:\phpStudy\WWW\feichangcelue\thinkphp\lang\zh-cn.php
[ info ] [ ROUTE ] array (
  'type' => 'module',
  'module' => 
  array (
    0 => 'admin',
    1 => 'index',
    2 => 'informationhint',
  ),
)
[ info ] [ HEADER ] array (
  'host' => 'localhost',
  'connection' => 'keep-alive',
  'content-length' => '0',
  'accept' => 'application/json, text/javascript, */*; q=0.01',
  'origin' => 'http://localhost',
  'x-requested-with' => 'XMLHttpRequest',
  'user-agent' => 'Mozilla/5.0 (Windows NT 6.3; WOW64) AppleWebKit/537.36 (KHTML, like Gecko) Chrome/59.0.3071.86 Safari/537.36',
  'referer' => 'http://localhost/feichangcelue/admin.php/admin/index/index.html',
  'accept-encoding' => 'gzip, deflate, br',
  'accept-language' => 'zh-CN,zh;q=0.8',
  'cookie' => 'PHPSESSID=arltp0nc0fgfvt8ap89ho5rob7; pageReferrInSession=http%3A//localhost/feichangcelue/ucenter/security.html; firstEnterUrlInSession=http%3A//localhost/feichangcelue/ucenter/payment.html',
)
[ info ] [ PARAM ] array (
)
[ info ] [ CACHE ] INIT File
[ info ] [ BEHAVIOR ] Run app\common\behavior\Config @app_begin [ RunTime:0.007801s ]
[ info ] [ BEHAVIOR ] Run app\common\behavior\Hook @app_begin [ RunTime:0.014472s ]
[ info ] [ DB ] INIT mysql
[ info ] [ SESSION ] INIT array (
  'id' => '',
  'var_session_id' => '',
  'prefix' => 'xinhuo_admin_',
  'type' => '',
  'auto_start' => true,
)
[ info ] [ LOG ] INIT File
---------------------------------------------------------------
[ 2018-12-01T22:44:41+08:00 ] ::1 ::1 GET /feichangcelue/admin.php/user/publics/signin.html
[ info ] localhost/feichangcelue/admin.php/user/publics/signin.html [运行时间：0.148333s][吞吐率：6.74req/s] [内存消耗：2,928.56kb] [文件加载：61]
[ info ] [ LANG ] D:\phpStudy\WWW\feichangcelue\thinkphp\lang\zh-cn.php
[ info ] [ ROUTE ] array (
  'type' => 'module',
  'module' => 
  array (
    0 => 'user',
    1 => 'publics',
    2 => 'signin',
  ),
)
[ info ] [ HEADER ] array (
  'host' => 'localhost',
  'connection' => 'keep-alive',
  'accept' => 'application/json, text/javascript, */*; q=0.01',
  'x-requested-with' => 'XMLHttpRequest',
  'user-agent' => 'Mozilla/5.0 (Windows NT 6.3; WOW64) AppleWebKit/537.36 (KHTML, like Gecko) Chrome/59.0.3071.86 Safari/537.36',
  'referer' => 'http://localhost/feichangcelue/admin.php/admin/index/index.html',
  'accept-encoding' => 'gzip, deflate, br',
  'accept-language' => 'zh-CN,zh;q=0.8',
  'cookie' => 'PHPSESSID=arltp0nc0fgfvt8ap89ho5rob7; pageReferrInSession=http%3A//localhost/feichangcelue/ucenter/security.html; firstEnterUrlInSession=http%3A//localhost/feichangcelue/ucenter/payment.html',
)
[ info ] [ PARAM ] array (
)
[ info ] [ CACHE ] INIT File
[ info ] [ BEHAVIOR ] Run app\common\behavior\Config @app_begin [ RunTime:0.004970s ]
[ info ] [ BEHAVIOR ] Run app\common\behavior\Hook @app_begin [ RunTime:0.014196s ]
[ info ] [ RUN ] app\user\admin\Publics->signin[ D:\phpStudy\WWW\feichangcelue\application\user\admin\Publics.php ]
[ info ] [ DB ] INIT mysql
[ info ] [ SESSION ] INIT array (
  'id' => '',
  'var_session_id' => '',
  'prefix' => 'xinhuo_admin_',
  'type' => '',
  'auto_start' => true,
)
[ info ] [ VIEW ] D:\phpStudy\WWW\feichangcelue/application/user/view/admin/publics\signin.html [ array (
) ]
[ info ] [ LOG ] INIT File
---------------------------------------------------------------
[ 2018-12-01T22:44:47+08:00 ] ::1 ::1 POST /feichangcelue/admin.php/admin/index/informationhint.html
[ info ] localhost/feichangcelue/admin.php/admin/index/informationhint.html [运行时间：0.146709s][吞吐率：6.82req/s] [内存消耗：3,047.68kb] [文件加载：62]
[ info ] [ LANG ] D:\phpStudy\WWW\feichangcelue\thinkphp\lang\zh-cn.php
[ info ] [ ROUTE ] array (
  'type' => 'module',
  'module' => 
  array (
    0 => 'admin',
    1 => 'index',
    2 => 'informationhint',
  ),
)
[ info ] [ HEADER ] array (
  'host' => 'localhost',
  'connection' => 'keep-alive',
  'content-length' => '0',
  'accept' => 'application/json, text/javascript, */*; q=0.01',
  'origin' => 'http://localhost',
  'x-requested-with' => 'XMLHttpRequest',
  'user-agent' => 'Mozilla/5.0 (Windows NT 6.3; WOW64) AppleWebKit/537.36 (KHTML, like Gecko) Chrome/59.0.3071.86 Safari/537.36',
  'referer' => 'http://localhost/feichangcelue/admin.php/admin/index/index.html',
  'accept-encoding' => 'gzip, deflate, br',
  'accept-language' => 'zh-CN,zh;q=0.8',
  'cookie' => 'PHPSESSID=arltp0nc0fgfvt8ap89ho5rob7; pageReferrInSession=http%3A//localhost/feichangcelue/ucenter/security.html; firstEnterUrlInSession=http%3A//localhost/feichangcelue/ucenter/payment.html',
)
[ info ] [ PARAM ] array (
)
[ info ] [ CACHE ] INIT File
[ info ] [ BEHAVIOR ] Run app\common\behavior\Config @app_begin [ RunTime:0.007084s ]
[ info ] [ BEHAVIOR ] Run app\common\behavior\Hook @app_begin [ RunTime:0.012985s ]
[ info ] [ DB ] INIT mysql
[ info ] [ SESSION ] INIT array (
  'id' => '',
  'var_session_id' => '',
  'prefix' => 'xinhuo_admin_',
  'type' => '',
  'auto_start' => true,
)
[ info ] [ LOG ] INIT File
---------------------------------------------------------------
[ 2018-12-01T22:44:47+08:00 ] ::1 ::1 GET /feichangcelue/admin.php/user/publics/signin.html
[ info ] localhost/feichangcelue/admin.php/user/publics/signin.html [运行时间：0.149076s][吞吐率：6.71req/s] [内存消耗：2,928.56kb] [文件加载：61]
[ info ] [ LANG ] D:\phpStudy\WWW\feichangcelue\thinkphp\lang\zh-cn.php
[ info ] [ ROUTE ] array (
  'type' => 'module',
  'module' => 
  array (
    0 => 'user',
    1 => 'publics',
    2 => 'signin',
  ),
)
[ info ] [ HEADER ] array (
  'host' => 'localhost',
  'connection' => 'keep-alive',
  'accept' => 'application/json, text/javascript, */*; q=0.01',
  'x-requested-with' => 'XMLHttpRequest',
  'user-agent' => 'Mozilla/5.0 (Windows NT 6.3; WOW64) AppleWebKit/537.36 (KHTML, like Gecko) Chrome/59.0.3071.86 Safari/537.36',
  'referer' => 'http://localhost/feichangcelue/admin.php/admin/index/index.html',
  'accept-encoding' => 'gzip, deflate, br',
  'accept-language' => 'zh-CN,zh;q=0.8',
  'cookie' => 'PHPSESSID=arltp0nc0fgfvt8ap89ho5rob7; pageReferrInSession=http%3A//localhost/feichangcelue/ucenter/security.html; firstEnterUrlInSession=http%3A//localhost/feichangcelue/ucenter/payment.html',
)
[ info ] [ PARAM ] array (
)
[ info ] [ CACHE ] INIT File
[ info ] [ BEHAVIOR ] Run app\common\behavior\Config @app_begin [ RunTime:0.005409s ]
[ info ] [ BEHAVIOR ] Run app\common\behavior\Hook @app_begin [ RunTime:0.015216s ]
[ info ] [ RUN ] app\user\admin\Publics->signin[ D:\phpStudy\WWW\feichangcelue\application\user\admin\Publics.php ]
[ info ] [ DB ] INIT mysql
[ info ] [ SESSION ] INIT array (
  'id' => '',
  'var_session_id' => '',
  'prefix' => 'xinhuo_admin_',
  'type' => '',
  'auto_start' => true,
)
[ info ] [ VIEW ] D:\phpStudy\WWW\feichangcelue/application/user/view/admin/publics\signin.html [ array (
) ]
[ info ] [ LOG ] INIT File
---------------------------------------------------------------
[ 2018-12-01T22:44:53+08:00 ] ::1 ::1 POST /feichangcelue/admin.php/admin/index/informationhint.html
[ info ] localhost/feichangcelue/admin.php/admin/index/informationhint.html [运行时间：0.171722s][吞吐率：5.82req/s] [内存消耗：3,047.68kb] [文件加载：62]
[ info ] [ LANG ] D:\phpStudy\WWW\feichangcelue\thinkphp\lang\zh-cn.php
[ info ] [ ROUTE ] array (
  'type' => 'module',
  'module' => 
  array (
    0 => 'admin',
    1 => 'index',
    2 => 'informationhint',
  ),
)
[ info ] [ HEADER ] array (
  'host' => 'localhost',
  'connection' => 'keep-alive',
  'content-length' => '0',
  'accept' => 'application/json, text/javascript, */*; q=0.01',
  'origin' => 'http://localhost',
  'x-requested-with' => 'XMLHttpRequest',
  'user-agent' => 'Mozilla/5.0 (Windows NT 6.3; WOW64) AppleWebKit/537.36 (KHTML, like Gecko) Chrome/59.0.3071.86 Safari/537.36',
  'referer' => 'http://localhost/feichangcelue/admin.php/admin/index/index.html',
  'accept-encoding' => 'gzip, deflate, br',
  'accept-language' => 'zh-CN,zh;q=0.8',
  'cookie' => 'PHPSESSID=arltp0nc0fgfvt8ap89ho5rob7; pageReferrInSession=http%3A//localhost/feichangcelue/ucenter/security.html; firstEnterUrlInSession=http%3A//localhost/feichangcelue/ucenter/payment.html',
)
[ info ] [ PARAM ] array (
)
[ info ] [ CACHE ] INIT File
[ info ] [ BEHAVIOR ] Run app\common\behavior\Config @app_begin [ RunTime:0.010631s ]
[ info ] [ BEHAVIOR ] Run app\common\behavior\Hook @app_begin [ RunTime:0.016832s ]
[ info ] [ DB ] INIT mysql
[ info ] [ SESSION ] INIT array (
  'id' => '',
  'var_session_id' => '',
  'prefix' => 'xinhuo_admin_',
  'type' => '',
  'auto_start' => true,
)
[ info ] [ LOG ] INIT File
---------------------------------------------------------------
[ 2018-12-01T22:44:53+08:00 ] ::1 ::1 GET /feichangcelue/admin.php/user/publics/signin.html
[ info ] localhost/feichangcelue/admin.php/user/publics/signin.html [运行时间：0.147212s][吞吐率：6.79req/s] [内存消耗：2,928.56kb] [文件加载：61]
[ info ] [ LANG ] D:\phpStudy\WWW\feichangcelue\thinkphp\lang\zh-cn.php
[ info ] [ ROUTE ] array (
  'type' => 'module',
  'module' => 
  array (
    0 => 'user',
    1 => 'publics',
    2 => 'signin',
  ),
)
[ info ] [ HEADER ] array (
  'host' => 'localhost',
  'connection' => 'keep-alive',
  'accept' => 'application/json, text/javascript, */*; q=0.01',
  'x-requested-with' => 'XMLHttpRequest',
  'user-agent' => 'Mozilla/5.0 (Windows NT 6.3; WOW64) AppleWebKit/537.36 (KHTML, like Gecko) Chrome/59.0.3071.86 Safari/537.36',
  'referer' => 'http://localhost/feichangcelue/admin.php/admin/index/index.html',
  'accept-encoding' => 'gzip, deflate, br',
  'accept-language' => 'zh-CN,zh;q=0.8',
  'cookie' => 'PHPSESSID=arltp0nc0fgfvt8ap89ho5rob7; pageReferrInSession=http%3A//localhost/feichangcelue/ucenter/security.html; firstEnterUrlInSession=http%3A//localhost/feichangcelue/ucenter/payment.html',
)
[ info ] [ PARAM ] array (
)
[ info ] [ CACHE ] INIT File
[ info ] [ BEHAVIOR ] Run app\common\behavior\Config @app_begin [ RunTime:0.005902s ]
[ info ] [ BEHAVIOR ] Run app\common\behavior\Hook @app_begin [ RunTime:0.013314s ]
[ info ] [ RUN ] app\user\admin\Publics->signin[ D:\phpStudy\WWW\feichangcelue\application\user\admin\Publics.php ]
[ info ] [ DB ] INIT mysql
[ info ] [ SESSION ] INIT array (
  'id' => '',
  'var_session_id' => '',
  'prefix' => 'xinhuo_admin_',
  'type' => '',
  'auto_start' => true,
)
[ info ] [ VIEW ] D:\phpStudy\WWW\feichangcelue/application/user/view/admin/publics\signin.html [ array (
) ]
[ info ] [ LOG ] INIT File
---------------------------------------------------------------
[ 2018-12-01T22:44:59+08:00 ] ::1 ::1 POST /feichangcelue/admin.php/admin/index/informationhint.html
[ info ] localhost/feichangcelue/admin.php/admin/index/informationhint.html [运行时间：0.166534s][吞吐率：6.00req/s] [内存消耗：3,047.68kb] [文件加载：62]
[ info ] [ LANG ] D:\phpStudy\WWW\feichangcelue\thinkphp\lang\zh-cn.php
[ info ] [ ROUTE ] array (
  'type' => 'module',
  'module' => 
  array (
    0 => 'admin',
    1 => 'index',
    2 => 'informationhint',
  ),
)
[ info ] [ HEADER ] array (
  'host' => 'localhost',
  'connection' => 'keep-alive',
  'content-length' => '0',
  'accept' => 'application/json, text/javascript, */*; q=0.01',
  'origin' => 'http://localhost',
  'x-requested-with' => 'XMLHttpRequest',
  'user-agent' => 'Mozilla/5.0 (Windows NT 6.3; WOW64) AppleWebKit/537.36 (KHTML, like Gecko) Chrome/59.0.3071.86 Safari/537.36',
  'referer' => 'http://localhost/feichangcelue/admin.php/admin/index/index.html',
  'accept-encoding' => 'gzip, deflate, br',
  'accept-language' => 'zh-CN,zh;q=0.8',
  'cookie' => 'PHPSESSID=arltp0nc0fgfvt8ap89ho5rob7; pageReferrInSession=http%3A//localhost/feichangcelue/ucenter/security.html; firstEnterUrlInSession=http%3A//localhost/feichangcelue/ucenter/payment.html',
)
[ info ] [ PARAM ] array (
)
[ info ] [ CACHE ] INIT File
[ info ] [ BEHAVIOR ] Run app\common\behavior\Config @app_begin [ RunTime:0.007039s ]
[ info ] [ BEHAVIOR ] Run app\common\behavior\Hook @app_begin [ RunTime:0.014949s ]
[ info ] [ DB ] INIT mysql
[ info ] [ SESSION ] INIT array (
  'id' => '',
  'var_session_id' => '',
  'prefix' => 'xinhuo_admin_',
  'type' => '',
  'auto_start' => true,
)
[ info ] [ LOG ] INIT File
---------------------------------------------------------------
[ 2018-12-01T22:44:59+08:00 ] ::1 ::1 GET /feichangcelue/admin.php/user/publics/signin.html
[ info ] localhost/feichangcelue/admin.php/user/publics/signin.html [运行时间：0.152538s][吞吐率：6.56req/s] [内存消耗：2,928.56kb] [文件加载：61]
[ info ] [ LANG ] D:\phpStudy\WWW\feichangcelue\thinkphp\lang\zh-cn.php
[ info ] [ ROUTE ] array (
  'type' => 'module',
  'module' => 
  array (
    0 => 'user',
    1 => 'publics',
    2 => 'signin',
  ),
)
[ info ] [ HEADER ] array (
  'host' => 'localhost',
  'connection' => 'keep-alive',
  'accept' => 'application/json, text/javascript, */*; q=0.01',
  'x-requested-with' => 'XMLHttpRequest',
  'user-agent' => 'Mozilla/5.0 (Windows NT 6.3; WOW64) AppleWebKit/537.36 (KHTML, like Gecko) Chrome/59.0.3071.86 Safari/537.36',
  'referer' => 'http://localhost/feichangcelue/admin.php/admin/index/index.html',
  'accept-encoding' => 'gzip, deflate, br',
  'accept-language' => 'zh-CN,zh;q=0.8',
  'cookie' => 'PHPSESSID=arltp0nc0fgfvt8ap89ho5rob7; pageReferrInSession=http%3A//localhost/feichangcelue/ucenter/security.html; firstEnterUrlInSession=http%3A//localhost/feichangcelue/ucenter/payment.html',
)
[ info ] [ PARAM ] array (
)
[ info ] [ CACHE ] INIT File
[ info ] [ BEHAVIOR ] Run app\common\behavior\Config @app_begin [ RunTime:0.005398s ]
[ info ] [ BEHAVIOR ] Run app\common\behavior\Hook @app_begin [ RunTime:0.015383s ]
[ info ] [ RUN ] app\user\admin\Publics->signin[ D:\phpStudy\WWW\feichangcelue\application\user\admin\Publics.php ]
[ info ] [ DB ] INIT mysql
[ info ] [ SESSION ] INIT array (
  'id' => '',
  'var_session_id' => '',
  'prefix' => 'xinhuo_admin_',
  'type' => '',
  'auto_start' => true,
)
[ info ] [ VIEW ] D:\phpStudy\WWW\feichangcelue/application/user/view/admin/publics\signin.html [ array (
) ]
[ info ] [ LOG ] INIT File
---------------------------------------------------------------
[ 2018-12-01T22:45:05+08:00 ] ::1 ::1 POST /feichangcelue/admin.php/admin/index/informationhint.html
[ info ] localhost/feichangcelue/admin.php/admin/index/informationhint.html [运行时间：0.142572s][吞吐率：7.01req/s] [内存消耗：3,047.68kb] [文件加载：62]
[ info ] [ LANG ] D:\phpStudy\WWW\feichangcelue\thinkphp\lang\zh-cn.php
[ info ] [ ROUTE ] array (
  'type' => 'module',
  'module' => 
  array (
    0 => 'admin',
    1 => 'index',
    2 => 'informationhint',
  ),
)
[ info ] [ HEADER ] array (
  'host' => 'localhost',
  'connection' => 'keep-alive',
  'content-length' => '0',
  'accept' => 'application/json, text/javascript, */*; q=0.01',
  'origin' => 'http://localhost',
  'x-requested-with' => 'XMLHttpRequest',
  'user-agent' => 'Mozilla/5.0 (Windows NT 6.3; WOW64) AppleWebKit/537.36 (KHTML, like Gecko) Chrome/59.0.3071.86 Safari/537.36',
  'referer' => 'http://localhost/feichangcelue/admin.php/admin/index/index.html',
  'accept-encoding' => 'gzip, deflate, br',
  'accept-language' => 'zh-CN,zh;q=0.8',
  'cookie' => 'PHPSESSID=arltp0nc0fgfvt8ap89ho5rob7; pageReferrInSession=http%3A//localhost/feichangcelue/ucenter/security.html; firstEnterUrlInSession=http%3A//localhost/feichangcelue/ucenter/payment.html',
)
[ info ] [ PARAM ] array (
)
[ info ] [ CACHE ] INIT File
[ info ] [ BEHAVIOR ] Run app\common\behavior\Config @app_begin [ RunTime:0.004867s ]
[ info ] [ BEHAVIOR ] Run app\common\behavior\Hook @app_begin [ RunTime:0.014240s ]
[ info ] [ DB ] INIT mysql
[ info ] [ SESSION ] INIT array (
  'id' => '',
  'var_session_id' => '',
  'prefix' => 'xinhuo_admin_',
  'type' => '',
  'auto_start' => true,
)
[ info ] [ LOG ] INIT File
---------------------------------------------------------------
[ 2018-12-01T22:45:05+08:00 ] ::1 ::1 GET /feichangcelue/admin.php/user/publics/signin.html
[ info ] localhost/feichangcelue/admin.php/user/publics/signin.html [运行时间：0.162658s][吞吐率：6.15req/s] [内存消耗：2,928.56kb] [文件加载：61]
[ info ] [ LANG ] D:\phpStudy\WWW\feichangcelue\thinkphp\lang\zh-cn.php
[ info ] [ ROUTE ] array (
  'type' => 'module',
  'module' => 
  array (
    0 => 'user',
    1 => 'publics',
    2 => 'signin',
  ),
)
[ info ] [ HEADER ] array (
  'host' => 'localhost',
  'connection' => 'keep-alive',
  'accept' => 'application/json, text/javascript, */*; q=0.01',
  'x-requested-with' => 'XMLHttpRequest',
  'user-agent' => 'Mozilla/5.0 (Windows NT 6.3; WOW64) AppleWebKit/537.36 (KHTML, like Gecko) Chrome/59.0.3071.86 Safari/537.36',
  'referer' => 'http://localhost/feichangcelue/admin.php/admin/index/index.html',
  'accept-encoding' => 'gzip, deflate, br',
  'accept-language' => 'zh-CN,zh;q=0.8',
  'cookie' => 'PHPSESSID=arltp0nc0fgfvt8ap89ho5rob7; pageReferrInSession=http%3A//localhost/feichangcelue/ucenter/security.html; firstEnterUrlInSession=http%3A//localhost/feichangcelue/ucenter/payment.html',
)
[ info ] [ PARAM ] array (
)
[ info ] [ CACHE ] INIT File
[ info ] [ BEHAVIOR ] Run app\common\behavior\Config @app_begin [ RunTime:0.005039s ]
[ info ] [ BEHAVIOR ] Run app\common\behavior\Hook @app_begin [ RunTime:0.013810s ]
[ info ] [ RUN ] app\user\admin\Publics->signin[ D:\phpStudy\WWW\feichangcelue\application\user\admin\Publics.php ]
[ info ] [ DB ] INIT mysql
[ info ] [ SESSION ] INIT array (
  'id' => '',
  'var_session_id' => '',
  'prefix' => 'xinhuo_admin_',
  'type' => '',
  'auto_start' => true,
)
[ info ] [ VIEW ] D:\phpStudy\WWW\feichangcelue/application/user/view/admin/publics\signin.html [ array (
) ]
[ info ] [ LOG ] INIT File
---------------------------------------------------------------
[ 2018-12-01T22:45:11+08:00 ] ::1 ::1 POST /feichangcelue/admin.php/admin/index/informationhint.html
[ info ] localhost/feichangcelue/admin.php/admin/index/informationhint.html [运行时间：0.159326s][吞吐率：6.28req/s] [内存消耗：3,047.68kb] [文件加载：62]
[ info ] [ LANG ] D:\phpStudy\WWW\feichangcelue\thinkphp\lang\zh-cn.php
[ info ] [ ROUTE ] array (
  'type' => 'module',
  'module' => 
  array (
    0 => 'admin',
    1 => 'index',
    2 => 'informationhint',
  ),
)
[ info ] [ HEADER ] array (
  'host' => 'localhost',
  'connection' => 'keep-alive',
  'content-length' => '0',
  'accept' => 'application/json, text/javascript, */*; q=0.01',
  'origin' => 'http://localhost',
  'x-requested-with' => 'XMLHttpRequest',
  'user-agent' => 'Mozilla/5.0 (Windows NT 6.3; WOW64) AppleWebKit/537.36 (KHTML, like Gecko) Chrome/59.0.3071.86 Safari/537.36',
  'referer' => 'http://localhost/feichangcelue/admin.php/admin/index/index.html',
  'accept-encoding' => 'gzip, deflate, br',
  'accept-language' => 'zh-CN,zh;q=0.8',
  'cookie' => 'PHPSESSID=arltp0nc0fgfvt8ap89ho5rob7; pageReferrInSession=http%3A//localhost/feichangcelue/ucenter/security.html; firstEnterUrlInSession=http%3A//localhost/feichangcelue/ucenter/payment.html',
)
[ info ] [ PARAM ] array (
)
[ info ] [ CACHE ] INIT File
[ info ] [ BEHAVIOR ] Run app\common\behavior\Config @app_begin [ RunTime:0.007281s ]
[ info ] [ BEHAVIOR ] Run app\common\behavior\Hook @app_begin [ RunTime:0.012343s ]
[ info ] [ DB ] INIT mysql
[ info ] [ SESSION ] INIT array (
  'id' => '',
  'var_session_id' => '',
  'prefix' => 'xinhuo_admin_',
  'type' => '',
  'auto_start' => true,
)
[ info ] [ LOG ] INIT File
---------------------------------------------------------------
[ 2018-12-01T22:45:11+08:00 ] ::1 ::1 GET /feichangcelue/admin.php/user/publics/signin.html
[ info ] localhost/feichangcelue/admin.php/user/publics/signin.html [运行时间：0.209841s][吞吐率：4.77req/s] [内存消耗：2,928.56kb] [文件加载：61]
[ info ] [ LANG ] D:\phpStudy\WWW\feichangcelue\thinkphp\lang\zh-cn.php
[ info ] [ ROUTE ] array (
  'type' => 'module',
  'module' => 
  array (
    0 => 'user',
    1 => 'publics',
    2 => 'signin',
  ),
)
[ info ] [ HEADER ] array (
  'host' => 'localhost',
  'connection' => 'keep-alive',
  'accept' => 'application/json, text/javascript, */*; q=0.01',
  'x-requested-with' => 'XMLHttpRequest',
  'user-agent' => 'Mozilla/5.0 (Windows NT 6.3; WOW64) AppleWebKit/537.36 (KHTML, like Gecko) Chrome/59.0.3071.86 Safari/537.36',
  'referer' => 'http://localhost/feichangcelue/admin.php/admin/index/index.html',
  'accept-encoding' => 'gzip, deflate, br',
  'accept-language' => 'zh-CN,zh;q=0.8',
  'cookie' => 'PHPSESSID=arltp0nc0fgfvt8ap89ho5rob7; pageReferrInSession=http%3A//localhost/feichangcelue/ucenter/security.html; firstEnterUrlInSession=http%3A//localhost/feichangcelue/ucenter/payment.html',
)
[ info ] [ PARAM ] array (
)
[ info ] [ CACHE ] INIT File
[ info ] [ BEHAVIOR ] Run app\common\behavior\Config @app_begin [ RunTime:0.008838s ]
[ info ] [ BEHAVIOR ] Run app\common\behavior\Hook @app_begin [ RunTime:0.020126s ]
[ info ] [ RUN ] app\user\admin\Publics->signin[ D:\phpStudy\WWW\feichangcelue\application\user\admin\Publics.php ]
[ info ] [ DB ] INIT mysql
[ info ] [ SESSION ] INIT array (
  'id' => '',
  'var_session_id' => '',
  'prefix' => 'xinhuo_admin_',
  'type' => '',
  'auto_start' => true,
)
[ info ] [ VIEW ] D:\phpStudy\WWW\feichangcelue/application/user/view/admin/publics\signin.html [ array (
) ]
[ info ] [ LOG ] INIT File
---------------------------------------------------------------
[ 2018-12-01T22:45:17+08:00 ] ::1 ::1 POST /feichangcelue/admin.php/admin/index/informationhint.html
[ info ] localhost/feichangcelue/admin.php/admin/index/informationhint.html [运行时间：0.143023s][吞吐率：6.99req/s] [内存消耗：3,047.68kb] [文件加载：62]
[ info ] [ LANG ] D:\phpStudy\WWW\feichangcelue\thinkphp\lang\zh-cn.php
[ info ] [ ROUTE ] array (
  'type' => 'module',
  'module' => 
  array (
    0 => 'admin',
    1 => 'index',
    2 => 'informationhint',
  ),
)
[ info ] [ HEADER ] array (
  'host' => 'localhost',
  'connection' => 'keep-alive',
  'content-length' => '0',
  'accept' => 'application/json, text/javascript, */*; q=0.01',
  'origin' => 'http://localhost',
  'x-requested-with' => 'XMLHttpRequest',
  'user-agent' => 'Mozilla/5.0 (Windows NT 6.3; WOW64) AppleWebKit/537.36 (KHTML, like Gecko) Chrome/59.0.3071.86 Safari/537.36',
  'referer' => 'http://localhost/feichangcelue/admin.php/admin/index/index.html',
  'accept-encoding' => 'gzip, deflate, br',
  'accept-language' => 'zh-CN,zh;q=0.8',
  'cookie' => 'PHPSESSID=arltp0nc0fgfvt8ap89ho5rob7; pageReferrInSession=http%3A//localhost/feichangcelue/ucenter/security.html; firstEnterUrlInSession=http%3A//localhost/feichangcelue/ucenter/payment.html',
)
[ info ] [ PARAM ] array (
)
[ info ] [ CACHE ] INIT File
[ info ] [ BEHAVIOR ] Run app\common\behavior\Config @app_begin [ RunTime:0.005186s ]
[ info ] [ BEHAVIOR ] Run app\common\behavior\Hook @app_begin [ RunTime:0.013249s ]
[ info ] [ DB ] INIT mysql
[ info ] [ SESSION ] INIT array (
  'id' => '',
  'var_session_id' => '',
  'prefix' => 'xinhuo_admin_',
  'type' => '',
  'auto_start' => true,
)
[ info ] [ LOG ] INIT File
---------------------------------------------------------------
[ 2018-12-01T22:45:17+08:00 ] ::1 ::1 GET /feichangcelue/admin.php/user/publics/signin.html
[ info ] localhost/feichangcelue/admin.php/user/publics/signin.html [运行时间：0.141710s][吞吐率：7.06req/s] [内存消耗：2,928.56kb] [文件加载：61]
[ info ] [ LANG ] D:\phpStudy\WWW\feichangcelue\thinkphp\lang\zh-cn.php
[ info ] [ ROUTE ] array (
  'type' => 'module',
  'module' => 
  array (
    0 => 'user',
    1 => 'publics',
    2 => 'signin',
  ),
)
[ info ] [ HEADER ] array (
  'host' => 'localhost',
  'connection' => 'keep-alive',
  'accept' => 'application/json, text/javascript, */*; q=0.01',
  'x-requested-with' => 'XMLHttpRequest',
  'user-agent' => 'Mozilla/5.0 (Windows NT 6.3; WOW64) AppleWebKit/537.36 (KHTML, like Gecko) Chrome/59.0.3071.86 Safari/537.36',
  'referer' => 'http://localhost/feichangcelue/admin.php/admin/index/index.html',
  'accept-encoding' => 'gzip, deflate, br',
  'accept-language' => 'zh-CN,zh;q=0.8',
  'cookie' => 'PHPSESSID=arltp0nc0fgfvt8ap89ho5rob7; pageReferrInSession=http%3A//localhost/feichangcelue/ucenter/security.html; firstEnterUrlInSession=http%3A//localhost/feichangcelue/ucenter/payment.html',
)
[ info ] [ PARAM ] array (
)
[ info ] [ CACHE ] INIT File
[ info ] [ BEHAVIOR ] Run app\common\behavior\Config @app_begin [ RunTime:0.005980s ]
[ info ] [ BEHAVIOR ] Run app\common\behavior\Hook @app_begin [ RunTime:0.012795s ]
[ info ] [ RUN ] app\user\admin\Publics->signin[ D:\phpStudy\WWW\feichangcelue\application\user\admin\Publics.php ]
[ info ] [ DB ] INIT mysql
[ info ] [ SESSION ] INIT array (
  'id' => '',
  'var_session_id' => '',
  'prefix' => 'xinhuo_admin_',
  'type' => '',
  'auto_start' => true,
)
[ info ] [ VIEW ] D:\phpStudy\WWW\feichangcelue/application/user/view/admin/publics\signin.html [ array (
) ]
[ info ] [ LOG ] INIT File
---------------------------------------------------------------
[ 2018-12-01T22:45:23+08:00 ] ::1 ::1 POST /feichangcelue/admin.php/admin/index/informationhint.html
[ info ] localhost/feichangcelue/admin.php/admin/index/informationhint.html [运行时间：0.141419s][吞吐率：7.07req/s] [内存消耗：3,047.68kb] [文件加载：62]
[ info ] [ LANG ] D:\phpStudy\WWW\feichangcelue\thinkphp\lang\zh-cn.php
[ info ] [ ROUTE ] array (
  'type' => 'module',
  'module' => 
  array (
    0 => 'admin',
    1 => 'index',
    2 => 'informationhint',
  ),
)
[ info ] [ HEADER ] array (
  'host' => 'localhost',
  'connection' => 'keep-alive',
  'content-length' => '0',
  'accept' => 'application/json, text/javascript, */*; q=0.01',
  'origin' => 'http://localhost',
  'x-requested-with' => 'XMLHttpRequest',
  'user-agent' => 'Mozilla/5.0 (Windows NT 6.3; WOW64) AppleWebKit/537.36 (KHTML, like Gecko) Chrome/59.0.3071.86 Safari/537.36',
  'referer' => 'http://localhost/feichangcelue/admin.php/admin/index/index.html',
  'accept-encoding' => 'gzip, deflate, br',
  'accept-language' => 'zh-CN,zh;q=0.8',
  'cookie' => 'PHPSESSID=arltp0nc0fgfvt8ap89ho5rob7; pageReferrInSession=http%3A//localhost/feichangcelue/ucenter/security.html; firstEnterUrlInSession=http%3A//localhost/feichangcelue/ucenter/payment.html',
)
[ info ] [ PARAM ] array (
)
[ info ] [ CACHE ] INIT File
[ info ] [ BEHAVIOR ] Run app\common\behavior\Config @app_begin [ RunTime:0.005119s ]
[ info ] [ BEHAVIOR ] Run app\common\behavior\Hook @app_begin [ RunTime:0.013335s ]
[ info ] [ DB ] INIT mysql
[ info ] [ SESSION ] INIT array (
  'id' => '',
  'var_session_id' => '',
  'prefix' => 'xinhuo_admin_',
  'type' => '',
  'auto_start' => true,
)
[ info ] [ LOG ] INIT File
---------------------------------------------------------------
[ 2018-12-01T22:45:23+08:00 ] ::1 ::1 GET /feichangcelue/admin.php/user/publics/signin.html
[ info ] localhost/feichangcelue/admin.php/user/publics/signin.html [运行时间：0.147706s][吞吐率：6.77req/s] [内存消耗：2,928.56kb] [文件加载：61]
[ info ] [ LANG ] D:\phpStudy\WWW\feichangcelue\thinkphp\lang\zh-cn.php
[ info ] [ ROUTE ] array (
  'type' => 'module',
  'module' => 
  array (
    0 => 'user',
    1 => 'publics',
    2 => 'signin',
  ),
)
[ info ] [ HEADER ] array (
  'host' => 'localhost',
  'connection' => 'keep-alive',
  'accept' => 'application/json, text/javascript, */*; q=0.01',
  'x-requested-with' => 'XMLHttpRequest',
  'user-agent' => 'Mozilla/5.0 (Windows NT 6.3; WOW64) AppleWebKit/537.36 (KHTML, like Gecko) Chrome/59.0.3071.86 Safari/537.36',
  'referer' => 'http://localhost/feichangcelue/admin.php/admin/index/index.html',
  'accept-encoding' => 'gzip, deflate, br',
  'accept-language' => 'zh-CN,zh;q=0.8',
  'cookie' => 'PHPSESSID=arltp0nc0fgfvt8ap89ho5rob7; pageReferrInSession=http%3A//localhost/feichangcelue/ucenter/security.html; firstEnterUrlInSession=http%3A//localhost/feichangcelue/ucenter/payment.html',
)
[ info ] [ PARAM ] array (
)
[ info ] [ CACHE ] INIT File
[ info ] [ BEHAVIOR ] Run app\common\behavior\Config @app_begin [ RunTime:0.005172s ]
[ info ] [ BEHAVIOR ] Run app\common\behavior\Hook @app_begin [ RunTime:0.012053s ]
[ info ] [ RUN ] app\user\admin\Publics->signin[ D:\phpStudy\WWW\feichangcelue\application\user\admin\Publics.php ]
[ info ] [ DB ] INIT mysql
[ info ] [ SESSION ] INIT array (
  'id' => '',
  'var_session_id' => '',
  'prefix' => 'xinhuo_admin_',
  'type' => '',
  'auto_start' => true,
)
[ info ] [ VIEW ] D:\phpStudy\WWW\feichangcelue/application/user/view/admin/publics\signin.html [ array (
) ]
[ info ] [ LOG ] INIT File
---------------------------------------------------------------
[ 2018-12-01T22:45:29+08:00 ] ::1 ::1 POST /feichangcelue/admin.php/admin/index/informationhint.html
[ info ] localhost/feichangcelue/admin.php/admin/index/informationhint.html [运行时间：0.406571s][吞吐率：2.46req/s] [内存消耗：3,047.68kb] [文件加载：62]
[ info ] [ LANG ] D:\phpStudy\WWW\feichangcelue\thinkphp\lang\zh-cn.php
[ info ] [ ROUTE ] array (
  'type' => 'module',
  'module' => 
  array (
    0 => 'admin',
    1 => 'index',
    2 => 'informationhint',
  ),
)
[ info ] [ HEADER ] array (
  'host' => 'localhost',
  'connection' => 'keep-alive',
  'content-length' => '0',
  'accept' => 'application/json, text/javascript, */*; q=0.01',
  'origin' => 'http://localhost',
  'x-requested-with' => 'XMLHttpRequest',
  'user-agent' => 'Mozilla/5.0 (Windows NT 6.3; WOW64) AppleWebKit/537.36 (KHTML, like Gecko) Chrome/59.0.3071.86 Safari/537.36',
  'referer' => 'http://localhost/feichangcelue/admin.php/admin/index/index.html',
  'accept-encoding' => 'gzip, deflate, br',
  'accept-language' => 'zh-CN,zh;q=0.8',
  'cookie' => 'PHPSESSID=arltp0nc0fgfvt8ap89ho5rob7; pageReferrInSession=http%3A//localhost/feichangcelue/ucenter/security.html; firstEnterUrlInSession=http%3A//localhost/feichangcelue/ucenter/payment.html',
)
[ info ] [ PARAM ] array (
)
[ info ] [ CACHE ] INIT File
[ info ] [ BEHAVIOR ] Run app\common\behavior\Config @app_begin [ RunTime:0.018257s ]
[ info ] [ BEHAVIOR ] Run app\common\behavior\Hook @app_begin [ RunTime:0.037473s ]
[ info ] [ DB ] INIT mysql
[ info ] [ SESSION ] INIT array (
  'id' => '',
  'var_session_id' => '',
  'prefix' => 'xinhuo_admin_',
  'type' => '',
  'auto_start' => true,
)
[ info ] [ LOG ] INIT File
---------------------------------------------------------------
[ 2018-12-01T22:45:29+08:00 ] ::1 ::1 GET /feichangcelue/admin.php/user/publics/signin.html
[ info ] localhost/feichangcelue/admin.php/user/publics/signin.html [运行时间：0.157686s][吞吐率：6.34req/s] [内存消耗：2,928.56kb] [文件加载：61]
[ info ] [ LANG ] D:\phpStudy\WWW\feichangcelue\thinkphp\lang\zh-cn.php
[ info ] [ ROUTE ] array (
  'type' => 'module',
  'module' => 
  array (
    0 => 'user',
    1 => 'publics',
    2 => 'signin',
  ),
)
[ info ] [ HEADER ] array (
  'host' => 'localhost',
  'connection' => 'keep-alive',
  'accept' => 'application/json, text/javascript, */*; q=0.01',
  'x-requested-with' => 'XMLHttpRequest',
  'user-agent' => 'Mozilla/5.0 (Windows NT 6.3; WOW64) AppleWebKit/537.36 (KHTML, like Gecko) Chrome/59.0.3071.86 Safari/537.36',
  'referer' => 'http://localhost/feichangcelue/admin.php/admin/index/index.html',
  'accept-encoding' => 'gzip, deflate, br',
  'accept-language' => 'zh-CN,zh;q=0.8',
  'cookie' => 'PHPSESSID=arltp0nc0fgfvt8ap89ho5rob7; pageReferrInSession=http%3A//localhost/feichangcelue/ucenter/security.html; firstEnterUrlInSession=http%3A//localhost/feichangcelue/ucenter/payment.html',
)
[ info ] [ PARAM ] array (
)
[ info ] [ CACHE ] INIT File
[ info ] [ BEHAVIOR ] Run app\common\behavior\Config @app_begin [ RunTime:0.004907s ]
[ info ] [ BEHAVIOR ] Run app\common\behavior\Hook @app_begin [ RunTime:0.013772s ]
[ info ] [ RUN ] app\user\admin\Publics->signin[ D:\phpStudy\WWW\feichangcelue\application\user\admin\Publics.php ]
[ info ] [ DB ] INIT mysql
[ info ] [ SESSION ] INIT array (
  'id' => '',
  'var_session_id' => '',
  'prefix' => 'xinhuo_admin_',
  'type' => '',
  'auto_start' => true,
)
[ info ] [ VIEW ] D:\phpStudy\WWW\feichangcelue/application/user/view/admin/publics\signin.html [ array (
) ]
[ info ] [ LOG ] INIT File
---------------------------------------------------------------
[ 2018-12-01T22:45:35+08:00 ] ::1 ::1 POST /feichangcelue/admin.php/admin/index/informationhint.html
[ info ] localhost/feichangcelue/admin.php/admin/index/informationhint.html [运行时间：0.159445s][吞吐率：6.27req/s] [内存消耗：3,047.68kb] [文件加载：62]
[ info ] [ LANG ] D:\phpStudy\WWW\feichangcelue\thinkphp\lang\zh-cn.php
[ info ] [ ROUTE ] array (
  'type' => 'module',
  'module' => 
  array (
    0 => 'admin',
    1 => 'index',
    2 => 'informationhint',
  ),
)
[ info ] [ HEADER ] array (
  'host' => 'localhost',
  'connection' => 'keep-alive',
  'content-length' => '0',
  'accept' => 'application/json, text/javascript, */*; q=0.01',
  'origin' => 'http://localhost',
  'x-requested-with' => 'XMLHttpRequest',
  'user-agent' => 'Mozilla/5.0 (Windows NT 6.3; WOW64) AppleWebKit/537.36 (KHTML, like Gecko) Chrome/59.0.3071.86 Safari/537.36',
  'referer' => 'http://localhost/feichangcelue/admin.php/admin/index/index.html',
  'accept-encoding' => 'gzip, deflate, br',
  'accept-language' => 'zh-CN,zh;q=0.8',
  'cookie' => 'PHPSESSID=arltp0nc0fgfvt8ap89ho5rob7; pageReferrInSession=http%3A//localhost/feichangcelue/ucenter/security.html; firstEnterUrlInSession=http%3A//localhost/feichangcelue/ucenter/payment.html',
)
[ info ] [ PARAM ] array (
)
[ info ] [ CACHE ] INIT File
[ info ] [ BEHAVIOR ] Run app\common\behavior\Config @app_begin [ RunTime:0.006444s ]
[ info ] [ BEHAVIOR ] Run app\common\behavior\Hook @app_begin [ RunTime:0.014849s ]
[ info ] [ DB ] INIT mysql
[ info ] [ SESSION ] INIT array (
  'id' => '',
  'var_session_id' => '',
  'prefix' => 'xinhuo_admin_',
  'type' => '',
  'auto_start' => true,
)
[ info ] [ LOG ] INIT File
---------------------------------------------------------------
[ 2018-12-01T22:45:35+08:00 ] ::1 ::1 GET /feichangcelue/admin.php/user/publics/signin.html
[ info ] localhost/feichangcelue/admin.php/user/publics/signin.html [运行时间：0.167897s][吞吐率：5.96req/s] [内存消耗：2,928.56kb] [文件加载：61]
[ info ] [ LANG ] D:\phpStudy\WWW\feichangcelue\thinkphp\lang\zh-cn.php
[ info ] [ ROUTE ] array (
  'type' => 'module',
  'module' => 
  array (
    0 => 'user',
    1 => 'publics',
    2 => 'signin',
  ),
)
[ info ] [ HEADER ] array (
  'host' => 'localhost',
  'connection' => 'keep-alive',
  'accept' => 'application/json, text/javascript, */*; q=0.01',
  'x-requested-with' => 'XMLHttpRequest',
  'user-agent' => 'Mozilla/5.0 (Windows NT 6.3; WOW64) AppleWebKit/537.36 (KHTML, like Gecko) Chrome/59.0.3071.86 Safari/537.36',
  'referer' => 'http://localhost/feichangcelue/admin.php/admin/index/index.html',
  'accept-encoding' => 'gzip, deflate, br',
  'accept-language' => 'zh-CN,zh;q=0.8',
  'cookie' => 'PHPSESSID=arltp0nc0fgfvt8ap89ho5rob7; pageReferrInSession=http%3A//localhost/feichangcelue/ucenter/security.html; firstEnterUrlInSession=http%3A//localhost/feichangcelue/ucenter/payment.html',
)
[ info ] [ PARAM ] array (
)
[ info ] [ CACHE ] INIT File
[ info ] [ BEHAVIOR ] Run app\common\behavior\Config @app_begin [ RunTime:0.008829s ]
[ info ] [ BEHAVIOR ] Run app\common\behavior\Hook @app_begin [ RunTime:0.024938s ]
[ info ] [ RUN ] app\user\admin\Publics->signin[ D:\phpStudy\WWW\feichangcelue\application\user\admin\Publics.php ]
[ info ] [ DB ] INIT mysql
[ info ] [ SESSION ] INIT array (
  'id' => '',
  'var_session_id' => '',
  'prefix' => 'xinhuo_admin_',
  'type' => '',
  'auto_start' => true,
)
[ info ] [ VIEW ] D:\phpStudy\WWW\feichangcelue/application/user/view/admin/publics\signin.html [ array (
) ]
[ info ] [ LOG ] INIT File
---------------------------------------------------------------
[ 2018-12-01T22:45:41+08:00 ] ::1 ::1 POST /feichangcelue/admin.php/admin/index/informationhint.html
[ info ] localhost/feichangcelue/admin.php/admin/index/informationhint.html [运行时间：0.192612s][吞吐率：5.19req/s] [内存消耗：3,047.68kb] [文件加载：62]
[ info ] [ LANG ] D:\phpStudy\WWW\feichangcelue\thinkphp\lang\zh-cn.php
[ info ] [ ROUTE ] array (
  'type' => 'module',
  'module' => 
  array (
    0 => 'admin',
    1 => 'index',
    2 => 'informationhint',
  ),
)
[ info ] [ HEADER ] array (
  'host' => 'localhost',
  'connection' => 'keep-alive',
  'content-length' => '0',
  'accept' => 'application/json, text/javascript, */*; q=0.01',
  'origin' => 'http://localhost',
  'x-requested-with' => 'XMLHttpRequest',
  'user-agent' => 'Mozilla/5.0 (Windows NT 6.3; WOW64) AppleWebKit/537.36 (KHTML, like Gecko) Chrome/59.0.3071.86 Safari/537.36',
  'referer' => 'http://localhost/feichangcelue/admin.php/admin/index/index.html',
  'accept-encoding' => 'gzip, deflate, br',
  'accept-language' => 'zh-CN,zh;q=0.8',
  'cookie' => 'PHPSESSID=arltp0nc0fgfvt8ap89ho5rob7; pageReferrInSession=http%3A//localhost/feichangcelue/ucenter/security.html; firstEnterUrlInSession=http%3A//localhost/feichangcelue/ucenter/payment.html',
)
[ info ] [ PARAM ] array (
)
[ info ] [ CACHE ] INIT File
[ info ] [ BEHAVIOR ] Run app\common\behavior\Config @app_begin [ RunTime:0.008306s ]
[ info ] [ BEHAVIOR ] Run app\common\behavior\Hook @app_begin [ RunTime:0.021600s ]
[ info ] [ DB ] INIT mysql
[ info ] [ SESSION ] INIT array (
  'id' => '',
  'var_session_id' => '',
  'prefix' => 'xinhuo_admin_',
  'type' => '',
  'auto_start' => true,
)
[ info ] [ LOG ] INIT File
---------------------------------------------------------------
[ 2018-12-01T22:45:41+08:00 ] ::1 ::1 GET /feichangcelue/admin.php/user/publics/signin.html
[ info ] localhost/feichangcelue/admin.php/user/publics/signin.html [运行时间：0.175517s][吞吐率：5.70req/s] [内存消耗：2,928.56kb] [文件加载：61]
[ info ] [ LANG ] D:\phpStudy\WWW\feichangcelue\thinkphp\lang\zh-cn.php
[ info ] [ ROUTE ] array (
  'type' => 'module',
  'module' => 
  array (
    0 => 'user',
    1 => 'publics',
    2 => 'signin',
  ),
)
[ info ] [ HEADER ] array (
  'host' => 'localhost',
  'connection' => 'keep-alive',
  'accept' => 'application/json, text/javascript, */*; q=0.01',
  'x-requested-with' => 'XMLHttpRequest',
  'user-agent' => 'Mozilla/5.0 (Windows NT 6.3; WOW64) AppleWebKit/537.36 (KHTML, like Gecko) Chrome/59.0.3071.86 Safari/537.36',
  'referer' => 'http://localhost/feichangcelue/admin.php/admin/index/index.html',
  'accept-encoding' => 'gzip, deflate, br',
  'accept-language' => 'zh-CN,zh;q=0.8',
  'cookie' => 'PHPSESSID=arltp0nc0fgfvt8ap89ho5rob7; pageReferrInSession=http%3A//localhost/feichangcelue/ucenter/security.html; firstEnterUrlInSession=http%3A//localhost/feichangcelue/ucenter/payment.html',
)
[ info ] [ PARAM ] array (
)
[ info ] [ CACHE ] INIT File
[ info ] [ BEHAVIOR ] Run app\common\behavior\Config @app_begin [ RunTime:0.006389s ]
[ info ] [ BEHAVIOR ] Run app\common\behavior\Hook @app_begin [ RunTime:0.015335s ]
[ info ] [ RUN ] app\user\admin\Publics->signin[ D:\phpStudy\WWW\feichangcelue\application\user\admin\Publics.php ]
[ info ] [ DB ] INIT mysql
[ info ] [ SESSION ] INIT array (
  'id' => '',
  'var_session_id' => '',
  'prefix' => 'xinhuo_admin_',
  'type' => '',
  'auto_start' => true,
)
[ info ] [ VIEW ] D:\phpStudy\WWW\feichangcelue/application/user/view/admin/publics\signin.html [ array (
) ]
[ info ] [ LOG ] INIT File
---------------------------------------------------------------
[ 2018-12-01T22:45:47+08:00 ] ::1 ::1 POST /feichangcelue/admin.php/admin/index/informationhint.html
[ info ] localhost/feichangcelue/admin.php/admin/index/informationhint.html [运行时间：0.197497s][吞吐率：5.06req/s] [内存消耗：3,047.68kb] [文件加载：62]
[ info ] [ LANG ] D:\phpStudy\WWW\feichangcelue\thinkphp\lang\zh-cn.php
[ info ] [ ROUTE ] array (
  'type' => 'module',
  'module' => 
  array (
    0 => 'admin',
    1 => 'index',
    2 => 'informationhint',
  ),
)
[ info ] [ HEADER ] array (
  'host' => 'localhost',
  'connection' => 'keep-alive',
  'content-length' => '0',
  'accept' => 'application/json, text/javascript, */*; q=0.01',
  'origin' => 'http://localhost',
  'x-requested-with' => 'XMLHttpRequest',
  'user-agent' => 'Mozilla/5.0 (Windows NT 6.3; WOW64) AppleWebKit/537.36 (KHTML, like Gecko) Chrome/59.0.3071.86 Safari/537.36',
  'referer' => 'http://localhost/feichangcelue/admin.php/admin/index/index.html',
  'accept-encoding' => 'gzip, deflate, br',
  'accept-language' => 'zh-CN,zh;q=0.8',
  'cookie' => 'PHPSESSID=arltp0nc0fgfvt8ap89ho5rob7; pageReferrInSession=http%3A//localhost/feichangcelue/ucenter/security.html; firstEnterUrlInSession=http%3A//localhost/feichangcelue/ucenter/payment.html',
)
[ info ] [ PARAM ] array (
)
[ info ] [ CACHE ] INIT File
[ info ] [ BEHAVIOR ] Run app\common\behavior\Config @app_begin [ RunTime:0.008332s ]
[ info ] [ BEHAVIOR ] Run app\common\behavior\Hook @app_begin [ RunTime:0.013637s ]
[ info ] [ DB ] INIT mysql
[ info ] [ SESSION ] INIT array (
  'id' => '',
  'var_session_id' => '',
  'prefix' => 'xinhuo_admin_',
  'type' => '',
  'auto_start' => true,
)
[ info ] [ LOG ] INIT File
---------------------------------------------------------------
[ 2018-12-01T22:45:47+08:00 ] ::1 ::1 GET /feichangcelue/admin.php/user/publics/signin.html
[ info ] localhost/feichangcelue/admin.php/user/publics/signin.html [运行时间：0.159738s][吞吐率：6.26req/s] [内存消耗：2,928.56kb] [文件加载：61]
[ info ] [ LANG ] D:\phpStudy\WWW\feichangcelue\thinkphp\lang\zh-cn.php
[ info ] [ ROUTE ] array (
  'type' => 'module',
  'module' => 
  array (
    0 => 'user',
    1 => 'publics',
    2 => 'signin',
  ),
)
[ info ] [ HEADER ] array (
  'host' => 'localhost',
  'connection' => 'keep-alive',
  'accept' => 'application/json, text/javascript, */*; q=0.01',
  'x-requested-with' => 'XMLHttpRequest',
  'user-agent' => 'Mozilla/5.0 (Windows NT 6.3; WOW64) AppleWebKit/537.36 (KHTML, like Gecko) Chrome/59.0.3071.86 Safari/537.36',
  'referer' => 'http://localhost/feichangcelue/admin.php/admin/index/index.html',
  'accept-encoding' => 'gzip, deflate, br',
  'accept-language' => 'zh-CN,zh;q=0.8',
  'cookie' => 'PHPSESSID=arltp0nc0fgfvt8ap89ho5rob7; pageReferrInSession=http%3A//localhost/feichangcelue/ucenter/security.html; firstEnterUrlInSession=http%3A//localhost/feichangcelue/ucenter/payment.html',
)
[ info ] [ PARAM ] array (
)
[ info ] [ CACHE ] INIT File
[ info ] [ BEHAVIOR ] Run app\common\behavior\Config @app_begin [ RunTime:0.005067s ]
[ info ] [ BEHAVIOR ] Run app\common\behavior\Hook @app_begin [ RunTime:0.013868s ]
[ info ] [ RUN ] app\user\admin\Publics->signin[ D:\phpStudy\WWW\feichangcelue\application\user\admin\Publics.php ]
[ info ] [ DB ] INIT mysql
[ info ] [ SESSION ] INIT array (
  'id' => '',
  'var_session_id' => '',
  'prefix' => 'xinhuo_admin_',
  'type' => '',
  'auto_start' => true,
)
[ info ] [ VIEW ] D:\phpStudy\WWW\feichangcelue/application/user/view/admin/publics\signin.html [ array (
) ]
[ info ] [ LOG ] INIT File
---------------------------------------------------------------
[ 2018-12-01T22:45:53+08:00 ] ::1 ::1 POST /feichangcelue/admin.php/admin/index/informationhint.html
[ info ] localhost/feichangcelue/admin.php/admin/index/informationhint.html [运行时间：0.157736s][吞吐率：6.34req/s] [内存消耗：3,047.68kb] [文件加载：62]
[ info ] [ LANG ] D:\phpStudy\WWW\feichangcelue\thinkphp\lang\zh-cn.php
[ info ] [ ROUTE ] array (
  'type' => 'module',
  'module' => 
  array (
    0 => 'admin',
    1 => 'index',
    2 => 'informationhint',
  ),
)
[ info ] [ HEADER ] array (
  'host' => 'localhost',
  'connection' => 'keep-alive',
  'content-length' => '0',
  'accept' => 'application/json, text/javascript, */*; q=0.01',
  'origin' => 'http://localhost',
  'x-requested-with' => 'XMLHttpRequest',
  'user-agent' => 'Mozilla/5.0 (Windows NT 6.3; WOW64) AppleWebKit/537.36 (KHTML, like Gecko) Chrome/59.0.3071.86 Safari/537.36',
  'referer' => 'http://localhost/feichangcelue/admin.php/admin/index/index.html',
  'accept-encoding' => 'gzip, deflate, br',
  'accept-language' => 'zh-CN,zh;q=0.8',
  'cookie' => 'PHPSESSID=arltp0nc0fgfvt8ap89ho5rob7; pageReferrInSession=http%3A//localhost/feichangcelue/ucenter/security.html; firstEnterUrlInSession=http%3A//localhost/feichangcelue/ucenter/payment.html',
)
[ info ] [ PARAM ] array (
)
[ info ] [ CACHE ] INIT File
[ info ] [ BEHAVIOR ] Run app\common\behavior\Config @app_begin [ RunTime:0.006487s ]
[ info ] [ BEHAVIOR ] Run app\common\behavior\Hook @app_begin [ RunTime:0.016282s ]
[ info ] [ DB ] INIT mysql
[ info ] [ SESSION ] INIT array (
  'id' => '',
  'var_session_id' => '',
  'prefix' => 'xinhuo_admin_',
  'type' => '',
  'auto_start' => true,
)
[ info ] [ LOG ] INIT File
---------------------------------------------------------------
[ 2018-12-01T22:45:53+08:00 ] ::1 ::1 GET /feichangcelue/admin.php/user/publics/signin.html
[ info ] localhost/feichangcelue/admin.php/user/publics/signin.html [运行时间：0.142230s][吞吐率：7.03req/s] [内存消耗：2,928.56kb] [文件加载：61]
[ info ] [ LANG ] D:\phpStudy\WWW\feichangcelue\thinkphp\lang\zh-cn.php
[ info ] [ ROUTE ] array (
  'type' => 'module',
  'module' => 
  array (
    0 => 'user',
    1 => 'publics',
    2 => 'signin',
  ),
)
[ info ] [ HEADER ] array (
  'host' => 'localhost',
  'connection' => 'keep-alive',
  'accept' => 'application/json, text/javascript, */*; q=0.01',
  'x-requested-with' => 'XMLHttpRequest',
  'user-agent' => 'Mozilla/5.0 (Windows NT 6.3; WOW64) AppleWebKit/537.36 (KHTML, like Gecko) Chrome/59.0.3071.86 Safari/537.36',
  'referer' => 'http://localhost/feichangcelue/admin.php/admin/index/index.html',
  'accept-encoding' => 'gzip, deflate, br',
  'accept-language' => 'zh-CN,zh;q=0.8',
  'cookie' => 'PHPSESSID=arltp0nc0fgfvt8ap89ho5rob7; pageReferrInSession=http%3A//localhost/feichangcelue/ucenter/security.html; firstEnterUrlInSession=http%3A//localhost/feichangcelue/ucenter/payment.html',
)
[ info ] [ PARAM ] array (
)
[ info ] [ CACHE ] INIT File
[ info ] [ BEHAVIOR ] Run app\common\behavior\Config @app_begin [ RunTime:0.004993s ]
[ info ] [ BEHAVIOR ] Run app\common\behavior\Hook @app_begin [ RunTime:0.015136s ]
[ info ] [ RUN ] app\user\admin\Publics->signin[ D:\phpStudy\WWW\feichangcelue\application\user\admin\Publics.php ]
[ info ] [ DB ] INIT mysql
[ info ] [ SESSION ] INIT array (
  'id' => '',
  'var_session_id' => '',
  'prefix' => 'xinhuo_admin_',
  'type' => '',
  'auto_start' => true,
)
[ info ] [ VIEW ] D:\phpStudy\WWW\feichangcelue/application/user/view/admin/publics\signin.html [ array (
) ]
[ info ] [ LOG ] INIT File
