---------------------------------------------------------------
[ 2018-12-22T19:12:15+08:00 ] ::1 ::1 GET /feichangcelue/
[ info ] localhost/feichangcelue/ [运行时间：0.263734s][吞吐率：3.79req/s] [内存消耗：3,604.21kb] [文件加载：65]
[ info ] [ LANG ] E:\WWW\feichangcelue\thinkphp\lang\zh-cn.php
[ info ] [ ROUTE ] array (
  'type' => 'module',
  'module' => 
  array (
    0 => 'index',
    1 => 'index',
    2 => 'index',
  ),
  'convert' => false,
)
[ info ] [ HEADER ] array (
  'host' => 'localhost',
  'connection' => 'keep-alive',
  'upgrade-insecure-requests' => '1',
  'user-agent' => 'Mozilla/5.0 (Windows NT 10.0; Win64; x64) AppleWebKit/537.36 (KHTML, like Gecko) Chrome/71.0.3578.10 Safari/537.36',
  'accept' => 'text/html,application/xhtml+xml,application/xml;q=0.9,image/webp,image/apng,*/*;q=0.8',
  'accept-encoding' => 'gzip, deflate, br',
  'accept-language' => 'zh-CN,zh;q=0.9',
  'cookie' => 'PHPSESSID=vcma0jmgkotgd03h7nb5ba5kv2',
)
[ info ] [ PARAM ] array (
)
[ info ] [ CACHE ] INIT File
[ info ] [ BEHAVIOR ] Run app\common\behavior\Config @app_begin [ RunTime:0.006691s ]
[ info ] [ BEHAVIOR ] Run app\common\behavior\Hook @app_begin [ RunTime:0.011428s ]
[ info ] [ RUN ] app\index\controller\Index->index[ E:\WWW\feichangcelue\application\index\controller\Index.php ]
[ info ] [ DB ] INIT mysql
[ info ] [ VIEW ] E:\WWW\feichangcelue/application/index\view\index\index.html [ array (
  0 => 'phone',
  1 => 'QQ',
  2 => 'news_informations',
  3 => 'news_informations_tow',
  4 => 'notice_content',
  5 => 'btn_emergency',
) ]
[ info ] [ LOG ] INIT File
[ sql ] [ DB ] CONNECT:[ UseTime:0.021277s ] mysql:dbname=peizi;host=rm-wz9l3z92630ora5wjwo.mysql.rds.aliyuncs.com;port=3306;charset=utf8
[ sql ] [ SQL ] select a.stockCode, c.`name` as stockName,  a.createTime, b.username,b.mobile
			from xh_stock_order as a, xh_member as b, xh_shares as c
			 WHERE isFreetrial=0 and a.memberId = b.id and a.stockCode=c.`code`
			order by a.id desc limit 7 [ RunTime:0.013802s ]
[ sql ] [ SQL ] SHOW COLUMNS FROM `xh_article` [ RunTime:0.017343s ]
[ sql ] [ SQL ] SELECT * FROM `xh_article` ORDER BY `createTime`  desc LIMIT 7 [ RunTime:0.010341s ]
[ sql ] [ SQL ] SHOW COLUMNS FROM `xh_notice` [ RunTime:0.013145s ]
[ sql ] [ SQL ] SELECT * FROM `xh_notice` ORDER BY `createTime`  desc LIMIT 7 [ RunTime:0.011524s ]
[ sql ] [ SQL ] SELECT COUNT(*) AS tp_count FROM `xh_notice` LIMIT 1 [ RunTime:0.009553s ]
[ sql ] [ SQL ] SELECT * FROM `xh_notice` ORDER BY `createTime`  desc LIMIT 1 [ RunTime:0.010782s ]
[ sql ] [ SQL ] SHOW COLUMNS FROM `xh_emergency_notice` [ RunTime:0.012756s ]
[ sql ] [ SQL ] SELECT * FROM `xh_emergency_notice` LIMIT 1 [ RunTime:0.008634s ]
[ error ] [8]未定义数组索引: member[E:\WWW\feichangcelue\application\index\controller\Index.php:52]
[ error ] [8]未定义数组索引: member[E:\WWW\feichangcelue\runtime\temp\4a6b2a037d43107d6c6262f4573aa9be.php:38]
[ error ] [8]未定义数组索引: member[E:\WWW\feichangcelue\runtime\temp\4a6b2a037d43107d6c6262f4573aa9be.php:43]
[ error ] [8]未定义数组索引: member[E:\WWW\feichangcelue\runtime\temp\4a6b2a037d43107d6c6262f4573aa9be.php:50]
[ error ] [8]未定义变量: usableSum[E:\WWW\feichangcelue\runtime\temp\4a6b2a037d43107d6c6262f4573aa9be.php:55]
[ error ] [8]未定义数组索引: member[E:\WWW\feichangcelue\runtime\temp\4a6b2a037d43107d6c6262f4573aa9be.php:194]
[ error ] [8]未定义变量: count[E:\WWW\feichangcelue\runtime\temp\4a6b2a037d43107d6c6262f4573aa9be.php:264]
[ error ] [8]未定义变量: earnSum[E:\WWW\feichangcelue\runtime\temp\4a6b2a037d43107d6c6262f4573aa9be.php:265]
---------------------------------------------------------------
[ 2018-12-22T19:12:15+08:00 ] ::1 ::1 GET /feichangcelue/public/static/home/img/index_tr_up.jpg
[ info ] localhost/feichangcelue/public/static/home/img/index_tr_up.jpg [运行时间：0.056032s][吞吐率：17.85req/s] [内存消耗：2,032.83kb] [文件加载：47]
[ info ] [ LANG ] E:\WWW\feichangcelue\thinkphp\lang\zh-cn.php
[ info ] [ ROUTE ] array (
  'type' => 'module',
  'module' => 
  array (
    0 => 'public',
    1 => 'static',
    2 => 'home',
  ),
)
[ info ] [ HEADER ] array (
  'host' => 'localhost',
  'connection' => 'keep-alive',
  'user-agent' => 'Mozilla/5.0 (Windows NT 10.0; Win64; x64) AppleWebKit/537.36 (KHTML, like Gecko) Chrome/71.0.3578.10 Safari/537.36',
  'accept' => 'image/webp,image/apng,image/*,*/*;q=0.8',
  'referer' => 'http://localhost/feichangcelue/public/static/home/css/index.css',
  'accept-encoding' => 'gzip, deflate, br',
  'accept-language' => 'zh-CN,zh;q=0.9',
  'cookie' => 'PHPSESSID=vcma0jmgkotgd03h7nb5ba5kv2',
)
[ info ] [ PARAM ] array (
  'img' => 'index_tr_up.jpg',
)
[ info ] [ CACHE ] INIT File
[ info ] [ BEHAVIOR ] Run app\common\behavior\Config @app_begin [ RunTime:0.004094s ]
[ info ] [ BEHAVIOR ] Run app\common\behavior\Hook @app_begin [ RunTime:0.006786s ]
[ info ] [ LOG ] INIT File
---------------------------------------------------------------
[ 2018-12-22T19:12:16+08:00 ] ::1 ::1 POST /feichangcelue/stock_information_index_sh.html
[ info ] localhost/feichangcelue/stock_information_index_sh.html [运行时间：0.120660s][吞吐率：8.29req/s] [内存消耗：2,625.13kb] [文件加载：51]
[ info ] [ LANG ] E:\WWW\feichangcelue\thinkphp\lang\zh-cn.php
[ info ] [ ROUTE ] array (
  'type' => 'module',
  'module' => 
  array (
    0 => 'index',
    1 => 'index',
    2 => 'stock_information_index_sh',
  ),
  'convert' => false,
)
[ info ] [ HEADER ] array (
  'host' => 'localhost',
  'connection' => 'keep-alive',
  'content-length' => '11',
  'accept' => 'application/json, text/javascript, */*; q=0.01',
  'origin' => 'http://localhost',
  'x-requested-with' => 'XMLHttpRequest',
  'user-agent' => 'Mozilla/5.0 (Windows NT 10.0; Win64; x64) AppleWebKit/537.36 (KHTML, like Gecko) Chrome/71.0.3578.10 Safari/537.36',
  'content-type' => 'application/x-www-form-urlencoded; charset=UTF-8',
  'referer' => 'http://localhost/feichangcelue/',
  'accept-encoding' => 'gzip, deflate, br',
  'accept-language' => 'zh-CN,zh;q=0.9',
  'cookie' => 'PHPSESSID=vcma0jmgkotgd03h7nb5ba5kv2; firstEnterUrlInSession=http%3A//localhost/feichangcelue/',
)
[ info ] [ PARAM ] array (
  'code' => '000001',
)
[ info ] [ CACHE ] INIT File
[ info ] [ BEHAVIOR ] Run app\common\behavior\Config @app_begin [ RunTime:0.005728s ]
[ info ] [ BEHAVIOR ] Run app\common\behavior\Hook @app_begin [ RunTime:0.008678s ]
[ info ] [ RUN ] app\index\controller\Index->stock_information_index_sh[ E:\WWW\feichangcelue\application\index\controller\Index.php ]
[ info ] [ LOG ] INIT File
---------------------------------------------------------------
[ 2018-12-22T19:12:16+08:00 ] ::1 ::1 GET /feichangcelue/index_information.html
[ info ] localhost/feichangcelue/index_information.html [运行时间：0.357961s][吞吐率：2.79req/s] [内存消耗：3,705.92kb] [文件加载：64]
[ info ] [ LANG ] E:\WWW\feichangcelue\thinkphp\lang\zh-cn.php
[ info ] [ ROUTE ] array (
  'type' => 'module',
  'module' => 
  array (
    0 => 'index',
    1 => 'index',
    2 => 'index_information',
  ),
  'convert' => false,
)
[ info ] [ HEADER ] array (
  'host' => 'localhost',
  'connection' => 'keep-alive',
  'accept' => 'text/html, */*; q=0.01',
  'x-requested-with' => 'XMLHttpRequest',
  'user-agent' => 'Mozilla/5.0 (Windows NT 10.0; Win64; x64) AppleWebKit/537.36 (KHTML, like Gecko) Chrome/71.0.3578.10 Safari/537.36',
  'referer' => 'http://localhost/feichangcelue/',
  'accept-encoding' => 'gzip, deflate, br',
  'accept-language' => 'zh-CN,zh;q=0.9',
  'cookie' => 'PHPSESSID=vcma0jmgkotgd03h7nb5ba5kv2; firstEnterUrlInSession=http%3A//localhost/feichangcelue/',
)
[ info ] [ PARAM ] array (
)
[ info ] [ CACHE ] INIT File
[ info ] [ BEHAVIOR ] Run app\common\behavior\Config @app_begin [ RunTime:0.003541s ]
[ info ] [ BEHAVIOR ] Run app\common\behavior\Hook @app_begin [ RunTime:0.007718s ]
[ info ] [ RUN ] app\index\controller\Index->index_information[ E:\WWW\feichangcelue\application\index\controller\Index.php ]
[ info ] [ DB ] INIT mysql
[ info ] [ VIEW ] E:\WWW\feichangcelue/application/index\view\index\index_information.html [ array (
  0 => 'phone',
  1 => 'QQ',
  2 => 'res_bei',
  3 => 'res_money',
  4 => 'cordon_line',
  5 => 'loss_line',
  6 => 'levers_1',
  7 => 'levers_2',
  8 => 'levers_3',
  9 => 'levers_4',
  10 => 'levers_5',
  11 => 'levers_6',
  12 => 'levers_7',
  13 => 'levers_8',
  14 => 'levers_9',
  15 => 'levers_10',
  16 => 'lossLine',
  17 => 'stopLossRate',
) ]
[ info ] [ LOG ] INIT File
[ sql ] [ DB ] CONNECT:[ UseTime:0.021138s ] mysql:dbname=peizi;host=rm-wz9l3z92630ora5wjwo.mysql.rds.aliyuncs.com;port=3306;charset=utf8
[ sql ] [ SQL ] SHOW COLUMNS FROM `xh_stock_interest_lever` [ RunTime:0.011889s ]
[ sql ] [ SQL ] SELECT `interest` FROM `xh_stock_interest_lever` WHERE  (  `levers`='5' ) LIMIT 1 [ RunTime:0.010096s ]
[ sql ] [ SQL ] SHOW COLUMNS FROM `xh_sys_params` [ RunTime:0.012566s ]
[ sql ] [ SQL ] SELECT `value` FROM `xh_sys_params` WHERE  (  `key` = 'lossLine' ) LIMIT 1 [ RunTime:0.010785s ]
[ sql ] [ SQL ] SELECT `value` FROM `xh_sys_params` WHERE  (  `key` = 'stopLossRate' ) LIMIT 1 [ RunTime:0.010693s ]
[ sql ] [ SQL ] SELECT `interest` FROM `xh_stock_interest_lever` WHERE  (  `levers`='1' ) LIMIT 1 [ RunTime:0.010901s ]
[ sql ] [ SQL ] SELECT `interest` FROM `xh_stock_interest_lever` WHERE  (  `levers`='2' ) LIMIT 1 [ RunTime:0.011527s ]
[ sql ] [ SQL ] SELECT `interest` FROM `xh_stock_interest_lever` WHERE  (  `levers`='3' ) LIMIT 1 [ RunTime:0.011332s ]
[ sql ] [ SQL ] SELECT `interest` FROM `xh_stock_interest_lever` WHERE  (  `levers`='4' ) LIMIT 1 [ RunTime:0.010641s ]
[ sql ] [ SQL ] SELECT `interest` FROM `xh_stock_interest_lever` WHERE  (  `levers`='5' ) LIMIT 1 [ RunTime:0.011100s ]
[ sql ] [ SQL ] SELECT `interest` FROM `xh_stock_interest_lever` WHERE  (  `levers`='6' ) LIMIT 1 [ RunTime:0.009666s ]
[ sql ] [ SQL ] SELECT `interest` FROM `xh_stock_interest_lever` WHERE  (  `levers`='7' ) LIMIT 1 [ RunTime:0.010787s ]
[ sql ] [ SQL ] SELECT `interest` FROM `xh_stock_interest_lever` WHERE  (  `levers`='8' ) LIMIT 1 [ RunTime:0.008626s ]
[ sql ] [ SQL ] SELECT `interest` FROM `xh_stock_interest_lever` WHERE  (  `levers`='9' ) LIMIT 1 [ RunTime:0.010087s ]
[ sql ] [ SQL ] SELECT `interest` FROM `xh_stock_interest_lever` WHERE  (  `levers`='10' ) LIMIT 1 [ RunTime:0.011320s ]
[ sql ] [ SQL ] SELECT `value` FROM `xh_sys_params` WHERE  (  `key` = 'lossLine' ) LIMIT 1 [ RunTime:0.010762s ]
[ sql ] [ SQL ] SELECT `value` FROM `xh_sys_params` WHERE  (  `key` = 'stopLossRate' ) LIMIT 1 [ RunTime:0.010937s ]
---------------------------------------------------------------
[ 2018-12-22T19:12:16+08:00 ] ::1 ::1 POST /feichangcelue/pc_broadcast.html
[ info ] localhost/feichangcelue/pc_broadcast.html [运行时间：0.446426s][吞吐率：2.24req/s] [内存消耗：3,321.54kb] [文件加载：57]
[ info ] [ LANG ] E:\WWW\feichangcelue\thinkphp\lang\zh-cn.php
[ info ] [ ROUTE ] array (
  'type' => 'module',
  'module' => 
  array (
    0 => 'index',
    1 => 'index',
    2 => 'pc_broadcast',
  ),
  'convert' => false,
)
[ info ] [ HEADER ] array (
  'host' => 'localhost',
  'connection' => 'keep-alive',
  'content-length' => '0',
  'accept' => 'application/json, text/javascript, */*; q=0.01',
  'origin' => 'http://localhost',
  'x-requested-with' => 'XMLHttpRequest',
  'user-agent' => 'Mozilla/5.0 (Windows NT 10.0; Win64; x64) AppleWebKit/537.36 (KHTML, like Gecko) Chrome/71.0.3578.10 Safari/537.36',
  'referer' => 'http://localhost/feichangcelue/',
  'accept-encoding' => 'gzip, deflate, br',
  'accept-language' => 'zh-CN,zh;q=0.9',
  'cookie' => 'PHPSESSID=vcma0jmgkotgd03h7nb5ba5kv2; firstEnterUrlInSession=http%3A//localhost/feichangcelue/',
)
[ info ] [ PARAM ] array (
)
[ info ] [ CACHE ] INIT File
[ info ] [ BEHAVIOR ] Run app\common\behavior\Config @app_begin [ RunTime:0.004787s ]
[ info ] [ BEHAVIOR ] Run app\common\behavior\Hook @app_begin [ RunTime:0.007482s ]
[ info ] [ RUN ] app\index\controller\Index->pc_broadcast[ E:\WWW\feichangcelue\application\index\controller\Index.php ]
[ info ] [ DB ] INIT mysql
[ info ] [ LOG ] INIT File
[ sql ] [ DB ] CONNECT:[ UseTime:0.026534s ] mysql:dbname=peizi;host=rm-wz9l3z92630ora5wjwo.mysql.rds.aliyuncs.com;port=3306;charset=utf8
[ sql ] [ SQL ] SHOW COLUMNS FROM `xh_images` [ RunTime:0.017796s ]
[ sql ] [ SQL ] SELECT `src`,`href` FROM `xh_images` WHERE  `type` = 1 ORDER BY `id`  desc LIMIT 0,3 [ RunTime:0.016158s ]
---------------------------------------------------------------
[ 2018-12-22T19:12:22+08:00 ] ::1 ::1 GET /feichangcelue/admin
[ info ] localhost/feichangcelue/admin [运行时间：0.030745s][吞吐率：32.53req/s] [内存消耗：1,503.13kb] [文件加载：36]
[ info ] [ LANG ] E:\WWW\feichangcelue\thinkphp\lang\zh-cn.php
[ info ] [ ROUTE ] array (
  'type' => 'module',
  'module' => 
  array (
    0 => 'admin',
    1 => NULL,
    2 => NULL,
  ),
)
[ info ] [ HEADER ] array (
  'host' => 'localhost',
  'connection' => 'keep-alive',
  'upgrade-insecure-requests' => '1',
  'user-agent' => 'Mozilla/5.0 (iPhone; CPU iPhone OS 11_0 like Mac OS X) AppleWebKit/604.1.38 (KHTML, like Gecko) Version/11.0 Mobile/15A372 Safari/604.1',
  'accept' => 'text/html,application/xhtml+xml,application/xml;q=0.9,image/webp,image/apng,*/*;q=0.8',
  'accept-encoding' => 'gzip, deflate, br',
  'accept-language' => 'zh-CN,zh;q=0.9',
  'cookie' => 'PHPSESSID=vcma0jmgkotgd03h7nb5ba5kv2; firstEnterUrlInSession=http%3A//localhost/feichangcelue/; Hm_lvt_f571b55302a951627ab98145b99cdaab=1545477136; Hm_lpvt_f571b55302a951627ab98145b99cdaab=1545477136; VisitorCapacity=1',
)
[ info ] [ PARAM ] array (
)
[ info ] [ LOG ] INIT File
---------------------------------------------------------------
[ 2018-12-22T19:12:22+08:00 ] ::1 ::1 GET /feichangcelue/admin.php/admin
[ info ] localhost/feichangcelue/admin.php/admin [运行时间：0.068167s][吞吐率：14.67req/s] [内存消耗：3,045.26kb] [文件加载：62]
[ info ] [ LANG ] E:\WWW\feichangcelue\thinkphp\lang\zh-cn.php
[ info ] [ ROUTE ] array (
  'type' => 'module',
  'module' => 
  array (
    0 => 'admin',
    1 => NULL,
    2 => NULL,
  ),
)
[ info ] [ HEADER ] array (
  'host' => 'localhost',
  'connection' => 'keep-alive',
  'upgrade-insecure-requests' => '1',
  'user-agent' => 'Mozilla/5.0 (iPhone; CPU iPhone OS 11_0 like Mac OS X) AppleWebKit/604.1.38 (KHTML, like Gecko) Version/11.0 Mobile/15A372 Safari/604.1',
  'accept' => 'text/html,application/xhtml+xml,application/xml;q=0.9,image/webp,image/apng,*/*;q=0.8',
  'accept-encoding' => 'gzip, deflate, br',
  'accept-language' => 'zh-CN,zh;q=0.9',
  'cookie' => 'PHPSESSID=vcma0jmgkotgd03h7nb5ba5kv2; firstEnterUrlInSession=http%3A//localhost/feichangcelue/; Hm_lvt_f571b55302a951627ab98145b99cdaab=1545477136; Hm_lpvt_f571b55302a951627ab98145b99cdaab=1545477136; VisitorCapacity=1',
)
[ info ] [ PARAM ] array (
)
[ info ] [ CACHE ] INIT File
[ info ] [ BEHAVIOR ] Run app\common\behavior\Config @app_begin [ RunTime:0.003419s ]
[ info ] [ BEHAVIOR ] Run app\common\behavior\Hook @app_begin [ RunTime:0.006262s ]
[ info ] [ DB ] INIT mysql
[ info ] [ SESSION ] INIT array (
  'id' => '',
  'var_session_id' => '',
  'prefix' => 'xinhuo_admin_',
  'type' => '',
  'auto_start' => true,
)
[ info ] [ LOG ] INIT File
---------------------------------------------------------------
[ 2018-12-22T19:12:22+08:00 ] ::1 ::1 GET /feichangcelue/admin.php/user/publics/signin.html
[ info ] localhost/feichangcelue/admin.php/user/publics/signin.html [运行时间：0.085970s][吞吐率：11.63req/s] [内存消耗：3,073.27kb] [文件加载：62]
[ info ] [ LANG ] E:\WWW\feichangcelue\thinkphp\lang\zh-cn.php
[ info ] [ ROUTE ] array (
  'type' => 'module',
  'module' => 
  array (
    0 => 'user',
    1 => 'publics',
    2 => 'signin',
  ),
)
[ info ] [ HEADER ] array (
  'host' => 'localhost',
  'connection' => 'keep-alive',
  'upgrade-insecure-requests' => '1',
  'user-agent' => 'Mozilla/5.0 (iPhone; CPU iPhone OS 11_0 like Mac OS X) AppleWebKit/604.1.38 (KHTML, like Gecko) Version/11.0 Mobile/15A372 Safari/604.1',
  'accept' => 'text/html,application/xhtml+xml,application/xml;q=0.9,image/webp,image/apng,*/*;q=0.8',
  'accept-encoding' => 'gzip, deflate, br',
  'accept-language' => 'zh-CN,zh;q=0.9',
  'cookie' => 'PHPSESSID=vcma0jmgkotgd03h7nb5ba5kv2; firstEnterUrlInSession=http%3A//localhost/feichangcelue/; Hm_lvt_f571b55302a951627ab98145b99cdaab=1545477136; Hm_lpvt_f571b55302a951627ab98145b99cdaab=1545477136; VisitorCapacity=1',
)
[ info ] [ PARAM ] array (
)
[ info ] [ CACHE ] INIT File
[ info ] [ BEHAVIOR ] Run app\common\behavior\Config @app_begin [ RunTime:0.003981s ]
[ info ] [ BEHAVIOR ] Run app\common\behavior\Hook @app_begin [ RunTime:0.006887s ]
[ info ] [ RUN ] app\user\admin\Publics->signin[ E:\WWW\feichangcelue\application\user\admin\Publics.php ]
[ info ] [ DB ] INIT mysql
[ info ] [ SESSION ] INIT array (
  'id' => '',
  'var_session_id' => '',
  'prefix' => 'xinhuo_admin_',
  'type' => '',
  'auto_start' => true,
)
[ info ] [ VIEW ] E:\WWW\feichangcelue/application/user/view/admin/publics\signin.html [ array (
) ]
[ info ] [ LOG ] INIT File
---------------------------------------------------------------
[ 2018-12-22T19:12:22+08:00 ] ::1 ::1 GET /feichangcelue/public/static/admin/img/favicons/favicon-32x32.png
[ info ] localhost/feichangcelue/public/static/admin/img/favicons/favicon-32x32.png [运行时间：0.060022s][吞吐率：16.66req/s] [内存消耗：2,033.63kb] [文件加载：47]
[ info ] [ LANG ] E:\WWW\feichangcelue\thinkphp\lang\zh-cn.php
[ info ] [ ROUTE ] array (
  'type' => 'module',
  'module' => 
  array (
    0 => 'public',
    1 => 'static',
    2 => 'admin',
  ),
)
[ info ] [ HEADER ] array (
  'host' => 'localhost',
  'connection' => 'keep-alive',
  'user-agent' => 'Mozilla/5.0 (iPhone; CPU iPhone OS 11_0 like Mac OS X) AppleWebKit/604.1.38 (KHTML, like Gecko) Version/11.0 Mobile/15A372 Safari/604.1',
  'accept' => 'image/webp,image/apng,image/*,*/*;q=0.8',
  'referer' => 'http://localhost/feichangcelue/admin.php/user/publics/signin.html',
  'accept-encoding' => 'gzip, deflate, br',
  'accept-language' => 'zh-CN,zh;q=0.9',
  'cookie' => 'PHPSESSID=vcma0jmgkotgd03h7nb5ba5kv2; firstEnterUrlInSession=http%3A//localhost/feichangcelue/; Hm_lvt_f571b55302a951627ab98145b99cdaab=1545477136; Hm_lpvt_f571b55302a951627ab98145b99cdaab=1545477136; VisitorCapacity=1',
)
[ info ] [ PARAM ] array (
  'img' => 'favicons',
)
[ info ] [ CACHE ] INIT File
[ info ] [ BEHAVIOR ] Run app\common\behavior\Config @app_begin [ RunTime:0.003365s ]
[ info ] [ BEHAVIOR ] Run app\common\behavior\Hook @app_begin [ RunTime:0.005933s ]
[ info ] [ LOG ] INIT File
---------------------------------------------------------------
[ 2018-12-22T19:12:23+08:00 ] ::1 ::1 GET /feichangcelue/public/static/admin/img/favicons/favicon-16x16.png
[ info ] localhost/feichangcelue/public/static/admin/img/favicons/favicon-16x16.png [运行时间：0.048700s][吞吐率：20.53req/s] [内存消耗：2,033.63kb] [文件加载：47]
[ info ] [ LANG ] E:\WWW\feichangcelue\thinkphp\lang\zh-cn.php
[ info ] [ ROUTE ] array (
  'type' => 'module',
  'module' => 
  array (
    0 => 'public',
    1 => 'static',
    2 => 'admin',
  ),
)
[ info ] [ HEADER ] array (
  'host' => 'localhost',
  'connection' => 'keep-alive',
  'user-agent' => 'Mozilla/5.0 (iPhone; CPU iPhone OS 11_0 like Mac OS X) AppleWebKit/604.1.38 (KHTML, like Gecko) Version/11.0 Mobile/15A372 Safari/604.1',
  'accept' => 'image/webp,image/apng,image/*,*/*;q=0.8',
  'referer' => 'http://localhost/feichangcelue/admin.php/user/publics/signin.html',
  'accept-encoding' => 'gzip, deflate, br',
  'accept-language' => 'zh-CN,zh;q=0.9',
  'cookie' => 'PHPSESSID=vcma0jmgkotgd03h7nb5ba5kv2; firstEnterUrlInSession=http%3A//localhost/feichangcelue/; Hm_lvt_f571b55302a951627ab98145b99cdaab=1545477136; Hm_lpvt_f571b55302a951627ab98145b99cdaab=1545477136; VisitorCapacity=1',
)
[ info ] [ PARAM ] array (
  'img' => 'favicons',
)
[ info ] [ CACHE ] INIT File
[ info ] [ BEHAVIOR ] Run app\common\behavior\Config @app_begin [ RunTime:0.003353s ]
[ info ] [ BEHAVIOR ] Run app\common\behavior\Hook @app_begin [ RunTime:0.006366s ]
[ info ] [ LOG ] INIT File
---------------------------------------------------------------
[ 2018-12-22T19:12:23+08:00 ] ::1 ::1 GET /feichangcelue/public/static/admin/img/favicons/favicon-96x96.png
[ info ] localhost/feichangcelue/public/static/admin/img/favicons/favicon-96x96.png [运行时间：0.046587s][吞吐率：21.47req/s] [内存消耗：2,033.63kb] [文件加载：47]
[ info ] [ LANG ] E:\WWW\feichangcelue\thinkphp\lang\zh-cn.php
[ info ] [ ROUTE ] array (
  'type' => 'module',
  'module' => 
  array (
    0 => 'public',
    1 => 'static',
    2 => 'admin',
  ),
)
[ info ] [ HEADER ] array (
  'host' => 'localhost',
  'connection' => 'keep-alive',
  'user-agent' => 'Mozilla/5.0 (iPhone; CPU iPhone OS 11_0 like Mac OS X) AppleWebKit/604.1.38 (KHTML, like Gecko) Version/11.0 Mobile/15A372 Safari/604.1',
  'accept' => 'image/webp,image/apng,image/*,*/*;q=0.8',
  'referer' => 'http://localhost/feichangcelue/admin.php/user/publics/signin.html',
  'accept-encoding' => 'gzip, deflate, br',
  'accept-language' => 'zh-CN,zh;q=0.9',
  'cookie' => 'PHPSESSID=vcma0jmgkotgd03h7nb5ba5kv2; firstEnterUrlInSession=http%3A//localhost/feichangcelue/; Hm_lvt_f571b55302a951627ab98145b99cdaab=1545477136; Hm_lpvt_f571b55302a951627ab98145b99cdaab=1545477136; VisitorCapacity=1',
)
[ info ] [ PARAM ] array (
  'img' => 'favicons',
)
[ info ] [ CACHE ] INIT File
[ info ] [ BEHAVIOR ] Run app\common\behavior\Config @app_begin [ RunTime:0.003380s ]
[ info ] [ BEHAVIOR ] Run app\common\behavior\Hook @app_begin [ RunTime:0.005950s ]
[ info ] [ LOG ] INIT File
---------------------------------------------------------------
[ 2018-12-22T19:12:23+08:00 ] ::1 ::1 GET /feichangcelue/public/static/admin/img/favicons/favicon-160x160.png
[ info ] localhost/feichangcelue/public/static/admin/img/favicons/favicon-160x160.png [运行时间：0.045980s][吞吐率：21.75req/s] [内存消耗：2,033.63kb] [文件加载：47]
[ info ] [ LANG ] E:\WWW\feichangcelue\thinkphp\lang\zh-cn.php
[ info ] [ ROUTE ] array (
  'type' => 'module',
  'module' => 
  array (
    0 => 'public',
    1 => 'static',
    2 => 'admin',
  ),
)
[ info ] [ HEADER ] array (
  'host' => 'localhost',
  'connection' => 'keep-alive',
  'user-agent' => 'Mozilla/5.0 (iPhone; CPU iPhone OS 11_0 like Mac OS X) AppleWebKit/604.1.38 (KHTML, like Gecko) Version/11.0 Mobile/15A372 Safari/604.1',
  'accept' => 'image/webp,image/apng,image/*,*/*;q=0.8',
  'referer' => 'http://localhost/feichangcelue/admin.php/user/publics/signin.html',
  'accept-encoding' => 'gzip, deflate, br',
  'accept-language' => 'zh-CN,zh;q=0.9',
  'cookie' => 'PHPSESSID=vcma0jmgkotgd03h7nb5ba5kv2; firstEnterUrlInSession=http%3A//localhost/feichangcelue/; Hm_lvt_f571b55302a951627ab98145b99cdaab=1545477136; Hm_lpvt_f571b55302a951627ab98145b99cdaab=1545477136; VisitorCapacity=1',
)
[ info ] [ PARAM ] array (
  'img' => 'favicons',
)
[ info ] [ CACHE ] INIT File
[ info ] [ BEHAVIOR ] Run app\common\behavior\Config @app_begin [ RunTime:0.003396s ]
[ info ] [ BEHAVIOR ] Run app\common\behavior\Hook @app_begin [ RunTime:0.005941s ]
[ info ] [ LOG ] INIT File
---------------------------------------------------------------
[ 2018-12-22T19:12:23+08:00 ] ::1 ::1 GET /feichangcelue/public/static/admin/img/favicons/favicon-192x192.png
[ info ] localhost/feichangcelue/public/static/admin/img/favicons/favicon-192x192.png [运行时间：0.058118s][吞吐率：17.21req/s] [内存消耗：2,033.63kb] [文件加载：47]
[ info ] [ LANG ] E:\WWW\feichangcelue\thinkphp\lang\zh-cn.php
[ info ] [ ROUTE ] array (
  'type' => 'module',
  'module' => 
  array (
    0 => 'public',
    1 => 'static',
    2 => 'admin',
  ),
)
[ info ] [ HEADER ] array (
  'host' => 'localhost',
  'connection' => 'keep-alive',
  'user-agent' => 'Mozilla/5.0 (iPhone; CPU iPhone OS 11_0 like Mac OS X) AppleWebKit/604.1.38 (KHTML, like Gecko) Version/11.0 Mobile/15A372 Safari/604.1',
  'accept' => 'image/webp,image/apng,image/*,*/*;q=0.8',
  'referer' => 'http://localhost/feichangcelue/admin.php/user/publics/signin.html',
  'accept-encoding' => 'gzip, deflate, br',
  'accept-language' => 'zh-CN,zh;q=0.9',
  'cookie' => 'PHPSESSID=vcma0jmgkotgd03h7nb5ba5kv2; firstEnterUrlInSession=http%3A//localhost/feichangcelue/; Hm_lvt_f571b55302a951627ab98145b99cdaab=1545477136; Hm_lpvt_f571b55302a951627ab98145b99cdaab=1545477136; VisitorCapacity=1',
)
[ info ] [ PARAM ] array (
  'img' => 'favicons',
)
[ info ] [ CACHE ] INIT File
[ info ] [ BEHAVIOR ] Run app\common\behavior\Config @app_begin [ RunTime:0.003352s ]
[ info ] [ BEHAVIOR ] Run app\common\behavior\Hook @app_begin [ RunTime:0.005929s ]
[ info ] [ LOG ] INIT File
---------------------------------------------------------------
[ 2018-12-22T19:12:25+08:00 ] ::1 ::1 GET /feichangcelue/admin.php/user/publics/signin.html
[ info ] localhost/feichangcelue/admin.php/user/publics/signin.html [运行时间：0.061707s][吞吐率：16.21req/s] [内存消耗：2,918.87kb] [文件加载：60]
[ info ] [ LANG ] E:\WWW\feichangcelue\thinkphp\lang\zh-cn.php
[ info ] [ ROUTE ] array (
  'type' => 'module',
  'module' => 
  array (
    0 => 'user',
    1 => 'publics',
    2 => 'signin',
  ),
)
[ info ] [ HEADER ] array (
  'host' => 'localhost',
  'connection' => 'keep-alive',
  'cache-control' => 'max-age=0',
  'upgrade-insecure-requests' => '1',
  'user-agent' => 'Mozilla/5.0 (Windows NT 10.0; Win64; x64) AppleWebKit/537.36 (KHTML, like Gecko) Chrome/71.0.3578.10 Safari/537.36',
  'accept' => 'text/html,application/xhtml+xml,application/xml;q=0.9,image/webp,image/apng,*/*;q=0.8',
  'accept-encoding' => 'gzip, deflate, br',
  'accept-language' => 'zh-CN,zh;q=0.9',
  'cookie' => 'PHPSESSID=vcma0jmgkotgd03h7nb5ba5kv2; firstEnterUrlInSession=http%3A//localhost/feichangcelue/; Hm_lvt_f571b55302a951627ab98145b99cdaab=1545477136; Hm_lpvt_f571b55302a951627ab98145b99cdaab=1545477136; VisitorCapacity=1',
)
[ info ] [ PARAM ] array (
)
[ info ] [ CACHE ] INIT File
[ info ] [ BEHAVIOR ] Run app\common\behavior\Config @app_begin [ RunTime:0.003362s ]
[ info ] [ BEHAVIOR ] Run app\common\behavior\Hook @app_begin [ RunTime:0.005952s ]
[ info ] [ RUN ] app\user\admin\Publics->signin[ E:\WWW\feichangcelue\application\user\admin\Publics.php ]
[ info ] [ DB ] INIT mysql
[ info ] [ SESSION ] INIT array (
  'id' => '',
  'var_session_id' => '',
  'prefix' => 'xinhuo_admin_',
  'type' => '',
  'auto_start' => true,
)
[ info ] [ VIEW ] E:\WWW\feichangcelue/application/user/view/admin/publics\signin.html [ array (
) ]
[ info ] [ LOG ] INIT File
---------------------------------------------------------------
[ 2018-12-22T19:12:32+08:00 ] ::1 ::1 POST /feichangcelue/admin.php/user/publics/signin.html
[ info ] localhost/feichangcelue/admin.php/user/publics/signin.html [运行时间：0.315665s][吞吐率：3.17req/s] [内存消耗：3,066.76kb] [文件加载：65]
[ info ] [ LANG ] E:\WWW\feichangcelue\thinkphp\lang\zh-cn.php
[ info ] [ ROUTE ] array (
  'type' => 'module',
  'module' => 
  array (
    0 => 'user',
    1 => 'publics',
    2 => 'signin',
  ),
)
[ info ] [ HEADER ] array (
  'host' => 'localhost',
  'connection' => 'keep-alive',
  'content-length' => '38',
  'accept' => '*/*',
  'origin' => 'http://localhost',
  'x-requested-with' => 'XMLHttpRequest',
  'user-agent' => 'Mozilla/5.0 (Windows NT 10.0; Win64; x64) AppleWebKit/537.36 (KHTML, like Gecko) Chrome/71.0.3578.10 Safari/537.36',
  'content-type' => 'application/x-www-form-urlencoded; charset=UTF-8',
  'referer' => 'http://localhost/feichangcelue/admin.php/user/publics/signin.html',
  'accept-encoding' => 'gzip, deflate, br',
  'accept-language' => 'zh-CN,zh;q=0.9',
  'cookie' => 'PHPSESSID=vcma0jmgkotgd03h7nb5ba5kv2; firstEnterUrlInSession=http%3A//localhost/feichangcelue/; Hm_lvt_f571b55302a951627ab98145b99cdaab=1545477136; Hm_lpvt_f571b55302a951627ab98145b99cdaab=1545477136; VisitorCapacity=1',
)
[ info ] [ PARAM ] array (
  'username' => 'admin',
  'password' => '@sm00009.com',
)
[ info ] [ CACHE ] INIT File
[ info ] [ BEHAVIOR ] Run app\common\behavior\Config @app_begin [ RunTime:0.003371s ]
[ info ] [ BEHAVIOR ] Run app\common\behavior\Hook @app_begin [ RunTime:0.005942s ]
[ info ] [ RUN ] app\user\admin\Publics->signin[ E:\WWW\feichangcelue\application\user\admin\Publics.php ]
[ info ] [ DB ] INIT mysql
[ info ] [ SESSION ] INIT array (
  'id' => '',
  'var_session_id' => '',
  'prefix' => 'xinhuo_admin_',
  'type' => '',
  'auto_start' => true,
)
[ info ] [ LOG ] INIT File
[ sql ] [ DB ] CONNECT:[ UseTime:0.020644s ] mysql:dbname=peizi;host=rm-wz9l3z92630ora5wjwo.mysql.rds.aliyuncs.com;port=3306;charset=utf8
[ sql ] [ SQL ] SHOW COLUMNS FROM `xh_admin_user` [ RunTime:0.014197s ]
[ sql ] [ SQL ] SELECT * FROM `xh_admin_user` WHERE  `username` = 'admin'  AND `status` = 1 LIMIT 1 [ RunTime:0.011997s ]
[ sql ] [ SQL ] SHOW COLUMNS FROM `xh_admin_role` [ RunTime:0.015516s ]
[ sql ] [ SQL ] SELECT `access` FROM `xh_admin_role` WHERE  `id` = 1 LIMIT 1 [ RunTime:0.012607s ]
[ sql ] [ SQL ] UPDATE `xh_admin_user`  SET `last_login_time`=1545477152,`update_time`=1545477152  WHERE  `id` = 1 [ RunTime:0.017386s ]
[ sql ] [ SQL ] SELECT * FROM `xh_admin_user` WHERE  `id` = 1 LIMIT 1 [ RunTime:0.012569s ]
[ sql ] [ SQL ] SELECT `name` FROM `xh_admin_role` WHERE  `id` = 1 LIMIT 1 [ RunTime:0.012782s ]
[ sql ] [ SQL ] SHOW COLUMNS FROM `xh_admin_action` [ RunTime:0.014500s ]
[ sql ] [ SQL ] SELECT * FROM `xh_admin_action` WHERE  `module` = 'user'  AND `name` = 'user_signin' LIMIT 1 [ RunTime:0.013343s ]
---------------------------------------------------------------
[ 2018-12-22T19:12:34+08:00 ] ::1 ::1 GET /feichangcelue/admin.php/admin/index/index.html
[ info ] localhost/feichangcelue/admin.php/admin/index/index.html [运行时间：0.536713s][吞吐率：1.86req/s] [内存消耗：3,615.79kb] [文件加载：70]
[ info ] [ LANG ] E:\WWW\feichangcelue\thinkphp\lang\zh-cn.php
[ info ] [ ROUTE ] array (
  'type' => 'module',
  'module' => 
  array (
    0 => 'admin',
    1 => 'index',
    2 => 'index',
  ),
)
[ info ] [ HEADER ] array (
  'host' => 'localhost',
  'connection' => 'keep-alive',
  'upgrade-insecure-requests' => '1',
  'user-agent' => 'Mozilla/5.0 (Windows NT 10.0; Win64; x64) AppleWebKit/537.36 (KHTML, like Gecko) Chrome/71.0.3578.10 Safari/537.36',
  'accept' => 'text/html,application/xhtml+xml,application/xml;q=0.9,image/webp,image/apng,*/*;q=0.8',
  'referer' => 'http://localhost/feichangcelue/admin.php/user/publics/signin.html',
  'accept-encoding' => 'gzip, deflate, br',
  'accept-language' => 'zh-CN,zh;q=0.9',
  'cookie' => 'PHPSESSID=vcma0jmgkotgd03h7nb5ba5kv2; firstEnterUrlInSession=http%3A//localhost/feichangcelue/; Hm_lvt_f571b55302a951627ab98145b99cdaab=1545477136; Hm_lpvt_f571b55302a951627ab98145b99cdaab=1545477136; VisitorCapacity=1',
)
[ info ] [ PARAM ] array (
)
[ info ] [ CACHE ] INIT File
[ info ] [ BEHAVIOR ] Run app\common\behavior\Config @app_begin [ RunTime:0.004195s ]
[ info ] [ BEHAVIOR ] Run app\common\behavior\Hook @app_begin [ RunTime:0.006534s ]
[ info ] [ DB ] INIT mysql
[ info ] [ SESSION ] INIT array (
  'id' => '',
  'var_session_id' => '',
  'prefix' => 'xinhuo_admin_',
  'type' => '',
  'auto_start' => true,
)
[ info ] [ RUN ] app\admin\controller\Index->index[ E:\WWW\feichangcelue\application\admin\controller\Index.php ]
[ info ] [ VIEW ] E:\WWW\feichangcelue/application/admin\view\index\index.html [ array (
  0 => '_admin_base_layout',
  1 => 'system_color',
  2 => '_top_menus',
  3 => '_top_menus_all',
  4 => '_sidebar_menus',
  5 => '_location',
  6 => 'aside',
  7 => '_pop',
) ]
[ info ] [ LOG ] INIT File
[ sql ] [ DB ] CONNECT:[ UseTime:0.026580s ] mysql:dbname=peizi;host=rm-wz9l3z92630ora5wjwo.mysql.rds.aliyuncs.com;port=3306;charset=utf8
[ sql ] [ SQL ] SHOW COLUMNS FROM `xh_admin_menu` [ RunTime:0.018735s ]
[ sql ] [ SQL ] SELECT `id`,`pid`,`module`,`title`,`url_value`,`url_type`,`url_target`,`icon` FROM `xh_admin_menu` WHERE  `online_hide` = 0  AND `status` = 1  AND `pid` = 0 ORDER BY sort,id LIMIT 10 [ RunTime:0.015824s ]
[ sql ] [ SQL ] SELECT `id`,`pid`,`module`,`title`,`url_value`,`url_type`,`url_target`,`icon` FROM `xh_admin_menu` WHERE  `online_hide` = 0  AND `status` = 1  AND `pid` = 0 ORDER BY sort,id [ RunTime:0.016901s ]
[ sql ] [ SQL ] SELECT `id` FROM `xh_admin_menu` WHERE  `pid` <> 0  AND `url_value` = 'admin/index/index' LIMIT 1 [ RunTime:0.017709s ]
[ sql ] [ SQL ] SELECT `id`,`pid`,`title`,`url_value` FROM `xh_admin_menu` [ RunTime:0.019602s ]
[ sql ] [ SQL ] SELECT `id`,`pid`,`module`,`title`,`url_value`,`url_type`,`url_target`,`icon` FROM `xh_admin_menu` WHERE  `status` = 1  AND `module` = 'admin'  AND `online_hide` = 0 ORDER BY sort,id [ RunTime:0.018781s ]
[ sql ] [ SQL ] SHOW COLUMNS FROM `xh_admin_config` [ RunTime:0.018663s ]
[ sql ] [ SQL ] SELECT `value` FROM `xh_admin_config` WHERE  `id` = 1 LIMIT 1 [ RunTime:0.015496s ]
[ sql ] [ SQL ] SHOW COLUMNS FROM `xh_admin_user` [ RunTime:0.018019s ]
[ sql ] [ SQL ] SELECT `password` FROM `xh_admin_user` WHERE  `id` = 1 LIMIT 1 [ RunTime:0.018282s ]
[ sql ] [ SQL ] SHOW COLUMNS FROM `xh_admin_attachment` [ RunTime:0.017736s ]
[ sql ] [ SQL ] SELECT `path` FROM `xh_admin_attachment` WHERE  `id` = 14 LIMIT 1 [ RunTime:0.017118s ]
[ sql ] [ SQL ] SELECT `avatar` FROM `xh_admin_user` WHERE  `id` = 38 LIMIT 1 [ RunTime:0.017082s ]
[ sql ] [ SQL ] SELECT `path` FROM `xh_admin_attachment` WHERE  `id` IS NULL LIMIT 1 [ RunTime:0.015999s ]
---------------------------------------------------------------
[ 2018-12-22T19:12:39+08:00 ] ::1 ::1 GET /feichangcelue/admin.php/admin/holiday/index.html
[ info ] localhost/feichangcelue/admin.php/admin/holiday/index.html [运行时间：0.435969s][吞吐率：2.29req/s] [内存消耗：4,046.58kb] [文件加载：72]
[ info ] [ LANG ] E:\WWW\feichangcelue\thinkphp\lang\zh-cn.php
[ info ] [ ROUTE ] array (
  'type' => 'module',
  'module' => 
  array (
    0 => 'admin',
    1 => 'holiday',
    2 => 'index',
  ),
)
[ info ] [ HEADER ] array (
  'host' => 'localhost',
  'connection' => 'keep-alive',
  'upgrade-insecure-requests' => '1',
  'user-agent' => 'Mozilla/5.0 (Windows NT 10.0; Win64; x64) AppleWebKit/537.36 (KHTML, like Gecko) Chrome/71.0.3578.10 Safari/537.36',
  'accept' => 'text/html,application/xhtml+xml,application/xml;q=0.9,image/webp,image/apng,*/*;q=0.8',
  'referer' => 'http://localhost/feichangcelue/admin.php/admin/index/index.html',
  'accept-encoding' => 'gzip, deflate, br',
  'accept-language' => 'zh-CN,zh;q=0.9',
  'cookie' => 'PHPSESSID=vcma0jmgkotgd03h7nb5ba5kv2; firstEnterUrlInSession=http%3A//localhost/feichangcelue/; Hm_lvt_f571b55302a951627ab98145b99cdaab=1545477136; Hm_lpvt_f571b55302a951627ab98145b99cdaab=1545477136; VisitorCapacity=1',
)
[ info ] [ PARAM ] array (
)
[ info ] [ CACHE ] INIT File
[ info ] [ BEHAVIOR ] Run app\common\behavior\Config @app_begin [ RunTime:0.004006s ]
[ info ] [ BEHAVIOR ] Run app\common\behavior\Hook @app_begin [ RunTime:0.007479s ]
[ info ] [ DB ] INIT mysql
[ info ] [ SESSION ] INIT array (
  'id' => '',
  'var_session_id' => '',
  'prefix' => 'xinhuo_admin_',
  'type' => '',
  'auto_start' => true,
)
[ info ] [ RUN ] app\admin\controller\Holiday->index[ E:\WWW\feichangcelue\application\admin\controller\Holiday.php ]
[ info ] [ VIEW ] E:\WWW\feichangcelue/application/common/builder/table/layout.html [ array (
  0 => '_admin_base_layout',
  1 => 'system_color',
  2 => '_top_menus',
  3 => '_top_menus_all',
  4 => '_sidebar_menus',
  5 => '_location',
  6 => 'aside',
  7 => '_pop',
  8 => 'page_title',
  9 => 'page_tips',
  10 => 'tips_type',
  11 => 'tab_nav',
  12 => 'hide_checkbox',
  13 => 'extra_html',
  14 => 'extra_js',
  15 => 'extra_css',
  16 => 'order_columns',
  17 => 'filter_columns',
  18 => 'filter_map',
  19 => '_field_display',
  20 => '_filter_content',
  21 => '_filter',
  22 => 'top_buttons',
  23 => 'right_buttons',
  24 => 'search',
  25 => 'columns',
  26 => 'pages',
  27 => 'row_list',
  28 => '_page_info',
  29 => 'primary_key',
  30 => '_table',
  31 => 'js_list',
  32 => 'css_list',
  33 => 'validate',
  34 => '_js_files',
  35 => '_css_files',
) ]
[ info ] [ LOG ] INIT File
[ sql ] [ DB ] CONNECT:[ UseTime:0.025860s ] mysql:dbname=peizi;host=rm-wz9l3z92630ora5wjwo.mysql.rds.aliyuncs.com;port=3306;charset=utf8
[ sql ] [ SQL ] SHOW COLUMNS FROM `xh_admin_menu` [ RunTime:0.017345s ]
[ sql ] [ SQL ] SELECT `id` FROM `xh_admin_menu` WHERE  `pid` <> 0  AND `url_value` = 'admin/holiday/index' LIMIT 1 [ RunTime:0.016652s ]
[ sql ] [ SQL ] SELECT `id`,`pid`,`title`,`url_value` FROM `xh_admin_menu` [ RunTime:0.018904s ]
[ sql ] [ SQL ] SELECT `id`,`pid`,`module`,`title`,`url_value`,`url_type`,`url_target`,`icon` FROM `xh_admin_menu` WHERE  `status` = 1  AND `module` = 'admin'  AND `online_hide` = 0 ORDER BY sort,id [ RunTime:0.017179s ]
[ sql ] [ SQL ] SHOW COLUMNS FROM `xh_admin_config` [ RunTime:0.016876s ]
[ sql ] [ SQL ] SELECT `value` FROM `xh_admin_config` WHERE  `id` = 1 LIMIT 1 [ RunTime:0.015630s ]
[ sql ] [ SQL ] SHOW COLUMNS FROM `xh_holiday` [ RunTime:0.017074s ]
[ sql ] [ SQL ] SELECT COUNT(*) AS tp_count FROM `xh_holiday` LIMIT 1 [ RunTime:0.015381s ]
[ sql ] [ SQL ] SELECT * FROM `xh_holiday` ORDER BY `day`  desc LIMIT 0,20 [ RunTime:0.016891s ]
[ sql ] [ SQL ] SHOW COLUMNS FROM `xh_admin_attachment` [ RunTime:0.017218s ]
[ sql ] [ SQL ] SELECT `path` FROM `xh_admin_attachment` WHERE  `id` = 14 LIMIT 1 [ RunTime:0.016285s ]
[ sql ] [ SQL ] SHOW COLUMNS FROM `xh_admin_user` [ RunTime:0.017161s ]
[ sql ] [ SQL ] SELECT `avatar` FROM `xh_admin_user` WHERE  `id` = 38 LIMIT 1 [ RunTime:0.015686s ]
[ sql ] [ SQL ] SELECT `path` FROM `xh_admin_attachment` WHERE  `id` IS NULL LIMIT 1 [ RunTime:0.016195s ]
---------------------------------------------------------------
[ 2018-12-22T19:12:44+08:00 ] ::1 ::1 GET /feichangcelue/admin.php/admin/holiday/holiday_add.html
[ info ] localhost/feichangcelue/admin.php/admin/holiday/holiday_add.html [运行时间：1.295274s][吞吐率：0.77req/s] [内存消耗：3,873.82kb] [文件加载：69]
[ info ] [ LANG ] E:\WWW\feichangcelue\thinkphp\lang\zh-cn.php
[ info ] [ ROUTE ] array (
  'type' => 'module',
  'module' => 
  array (
    0 => 'admin',
    1 => 'holiday',
    2 => 'holiday_add',
  ),
)
[ info ] [ HEADER ] array (
  'host' => 'localhost',
  'connection' => 'keep-alive',
  'upgrade-insecure-requests' => '1',
  'user-agent' => 'Mozilla/5.0 (Windows NT 10.0; Win64; x64) AppleWebKit/537.36 (KHTML, like Gecko) Chrome/71.0.3578.10 Safari/537.36',
  'accept' => 'text/html,application/xhtml+xml,application/xml;q=0.9,image/webp,image/apng,*/*;q=0.8',
  'referer' => 'http://localhost/feichangcelue/admin.php/admin/holiday/index.html',
  'accept-encoding' => 'gzip, deflate, br',
  'accept-language' => 'zh-CN,zh;q=0.9',
  'cookie' => 'PHPSESSID=vcma0jmgkotgd03h7nb5ba5kv2; firstEnterUrlInSession=http%3A//localhost/feichangcelue/; Hm_lvt_f571b55302a951627ab98145b99cdaab=1545477136; Hm_lpvt_f571b55302a951627ab98145b99cdaab=1545477136; VisitorCapacity=1',
)
[ info ] [ PARAM ] array (
)
[ info ] [ CACHE ] INIT File
[ info ] [ BEHAVIOR ] Run app\common\behavior\Config @app_begin [ RunTime:0.003676s ]
[ info ] [ BEHAVIOR ] Run app\common\behavior\Hook @app_begin [ RunTime:0.007039s ]
[ info ] [ DB ] INIT mysql
[ info ] [ SESSION ] INIT array (
  'id' => '',
  'var_session_id' => '',
  'prefix' => 'xinhuo_admin_',
  'type' => '',
  'auto_start' => true,
)
[ info ] [ RUN ] app\admin\controller\Holiday->holiday_add[ E:\WWW\feichangcelue\application\admin\controller\Holiday.php ]
[ info ] [ VIEW ] E:\WWW\feichangcelue/application/common/builder/form/layout.html [ array (
  0 => '_admin_base_layout',
  1 => 'system_color',
  2 => '_top_menus',
  3 => '_top_menus_all',
  4 => '_sidebar_menus',
  5 => '_location',
  6 => 'aside',
  7 => '_pop',
  8 => 'page_title',
  9 => 'page_tips',
  10 => 'tips_type',
  11 => 'btn_hide',
  12 => 'btn_title',
  13 => 'form_items',
  14 => 'tab_nav',
  15 => 'post_url',
  16 => 'form_data',
  17 => 'extra_html',
  18 => 'extra_js',
  19 => 'extra_css',
  20 => 'ajax_submit',
  21 => 'hide_header',
  22 => 'header_title',
  23 => 'js_list',
  24 => 'css_list',
  25 => 'field_triggers',
  26 => 'field_hide',
  27 => 'field_values',
  28 => '_js_files',
  29 => '_js_init',
  30 => '_css_files',
  31 => '_layout',
  32 => 'btn_extra',
  33 => 'submit_confirm',
) ]
[ info ] [ LOG ] INIT File
[ sql ] [ DB ] CONNECT:[ UseTime:0.024109s ] mysql:dbname=peizi;host=rm-wz9l3z92630ora5wjwo.mysql.rds.aliyuncs.com;port=3306;charset=utf8
[ sql ] [ SQL ] SHOW COLUMNS FROM `xh_admin_menu` [ RunTime:0.015215s ]
[ sql ] [ SQL ] SELECT `id` FROM `xh_admin_menu` WHERE  `pid` <> 0  AND `url_value` = 'admin/holiday/holiday_add' LIMIT 1 [ RunTime:0.012348s ]
[ sql ] [ SQL ] SELECT `id`,`pid`,`title`,`url_value` FROM `xh_admin_menu` [ RunTime:0.015200s ]
[ sql ] [ SQL ] SHOW COLUMNS FROM `xh_admin_config` [ RunTime:0.013259s ]
[ sql ] [ SQL ] SELECT `value` FROM `xh_admin_config` WHERE  `id` = 1 LIMIT 1 [ RunTime:0.011839s ]
[ sql ] [ SQL ] SHOW COLUMNS FROM `xh_admin_attachment` [ RunTime:0.013067s ]
[ sql ] [ SQL ] SELECT `path` FROM `xh_admin_attachment` WHERE  `id` = 14 LIMIT 1 [ RunTime:0.011955s ]
[ sql ] [ SQL ] SHOW COLUMNS FROM `xh_admin_user` [ RunTime:0.012831s ]
[ sql ] [ SQL ] SELECT `avatar` FROM `xh_admin_user` WHERE  `id` = 38 LIMIT 1 [ RunTime:0.012737s ]
[ sql ] [ SQL ] SELECT `path` FROM `xh_admin_attachment` WHERE  `id` IS NULL LIMIT 1 [ RunTime:0.012265s ]
---------------------------------------------------------------
[ 2018-12-22T19:12:53+08:00 ] ::1 ::1 POST /feichangcelue/admin.php/admin/holiday/holiday_add.html
[ info ] localhost/feichangcelue/admin.php/admin/holiday/holiday_add.html [运行时间：0.417865s][吞吐率：2.39req/s] [内存消耗：3,090.18kb] [文件加载：62]
[ info ] [ LANG ] E:\WWW\feichangcelue\thinkphp\lang\zh-cn.php
[ info ] [ ROUTE ] array (
  'type' => 'module',
  'module' => 
  array (
    0 => 'admin',
    1 => 'holiday',
    2 => 'holiday_add',
  ),
)
[ info ] [ HEADER ] array (
  'host' => 'localhost',
  'connection' => 'keep-alive',
  'content-length' => '10',
  'accept' => '*/*',
  'origin' => 'http://localhost',
  'x-requested-with' => 'XMLHttpRequest',
  'user-agent' => 'Mozilla/5.0 (Windows NT 10.0; Win64; x64) AppleWebKit/537.36 (KHTML, like Gecko) Chrome/71.0.3578.10 Safari/537.36',
  'content-type' => 'application/x-www-form-urlencoded; charset=UTF-8',
  'referer' => 'http://localhost/feichangcelue/admin.php/admin/holiday/holiday_add.html',
  'accept-encoding' => 'gzip, deflate, br',
  'accept-language' => 'zh-CN,zh;q=0.9',
  'cookie' => 'PHPSESSID=vcma0jmgkotgd03h7nb5ba5kv2; firstEnterUrlInSession=http%3A//localhost/feichangcelue/; Hm_lvt_f571b55302a951627ab98145b99cdaab=1545477136; Hm_lpvt_f571b55302a951627ab98145b99cdaab=1545477136; VisitorCapacity=1',
)
[ info ] [ PARAM ] array (
  'day' => '201901',
)
[ info ] [ CACHE ] INIT File
[ info ] [ BEHAVIOR ] Run app\common\behavior\Config @app_begin [ RunTime:0.003668s ]
[ info ] [ BEHAVIOR ] Run app\common\behavior\Hook @app_begin [ RunTime:0.007602s ]
[ info ] [ DB ] INIT mysql
[ info ] [ SESSION ] INIT array (
  'id' => '',
  'var_session_id' => '',
  'prefix' => 'xinhuo_admin_',
  'type' => '',
  'auto_start' => true,
)
[ info ] [ RUN ] app\admin\controller\Holiday->holiday_add[ E:\WWW\feichangcelue\application\admin\controller\Holiday.php ]
[ info ] [ LOG ] INIT File
[ sql ] [ DB ] CONNECT:[ UseTime:0.023787s ] mysql:dbname=peizi;host=rm-wz9l3z92630ora5wjwo.mysql.rds.aliyuncs.com;port=3306;charset=utf8
[ sql ] [ SQL ] SHOW COLUMNS FROM `xh_holiday` [ RunTime:0.011552s ]
[ sql ] [ SQL ] INSERT INTO `xh_holiday` (`day`) VALUES ('2019-01-01') [ RunTime:0.028452s ]
[ sql ] [ SQL ] INSERT INTO `xh_holiday` (`day`) VALUES ('2019-01-05') [ RunTime:0.019084s ]
[ sql ] [ SQL ] INSERT INTO `xh_holiday` (`day`) VALUES ('2019-01-06') [ RunTime:0.015591s ]
[ sql ] [ SQL ] INSERT INTO `xh_holiday` (`day`) VALUES ('2019-01-12') [ RunTime:0.011514s ]
[ sql ] [ SQL ] INSERT INTO `xh_holiday` (`day`) VALUES ('2019-01-13') [ RunTime:0.010827s ]
[ sql ] [ SQL ] INSERT INTO `xh_holiday` (`day`) VALUES ('2019-01-19') [ RunTime:0.030947s ]
[ sql ] [ SQL ] INSERT INTO `xh_holiday` (`day`) VALUES ('2019-01-20') [ RunTime:0.012688s ]
[ sql ] [ SQL ] INSERT INTO `xh_holiday` (`day`) VALUES ('2019-01-26') [ RunTime:0.016977s ]
[ sql ] [ SQL ] INSERT INTO `xh_holiday` (`day`) VALUES ('2019-01-27') [ RunTime:0.014468s ]
---------------------------------------------------------------
[ 2018-12-22T19:12:55+08:00 ] ::1 ::1 GET /feichangcelue/admin.php/admin/holiday/index.html
[ info ] localhost/feichangcelue/admin.php/admin/holiday/index.html [运行时间：0.265422s][吞吐率：3.77req/s] [内存消耗：3,712.64kb] [文件加载：69]
[ info ] [ LANG ] E:\WWW\feichangcelue\thinkphp\lang\zh-cn.php
[ info ] [ ROUTE ] array (
  'type' => 'module',
  'module' => 
  array (
    0 => 'admin',
    1 => 'holiday',
    2 => 'index',
  ),
)
[ info ] [ HEADER ] array (
  'host' => 'localhost',
  'connection' => 'keep-alive',
  'upgrade-insecure-requests' => '1',
  'user-agent' => 'Mozilla/5.0 (Windows NT 10.0; Win64; x64) AppleWebKit/537.36 (KHTML, like Gecko) Chrome/71.0.3578.10 Safari/537.36',
  'accept' => 'text/html,application/xhtml+xml,application/xml;q=0.9,image/webp,image/apng,*/*;q=0.8',
  'referer' => 'http://localhost/feichangcelue/admin.php/admin/holiday/holiday_add.html',
  'accept-encoding' => 'gzip, deflate, br',
  'accept-language' => 'zh-CN,zh;q=0.9',
  'cookie' => 'PHPSESSID=vcma0jmgkotgd03h7nb5ba5kv2; firstEnterUrlInSession=http%3A//localhost/feichangcelue/; Hm_lvt_f571b55302a951627ab98145b99cdaab=1545477136; Hm_lpvt_f571b55302a951627ab98145b99cdaab=1545477136; VisitorCapacity=1',
)
[ info ] [ PARAM ] array (
)
[ info ] [ CACHE ] INIT File
[ info ] [ BEHAVIOR ] Run app\common\behavior\Config @app_begin [ RunTime:0.003316s ]
[ info ] [ BEHAVIOR ] Run app\common\behavior\Hook @app_begin [ RunTime:0.007067s ]
[ info ] [ DB ] INIT mysql
[ info ] [ SESSION ] INIT array (
  'id' => '',
  'var_session_id' => '',
  'prefix' => 'xinhuo_admin_',
  'type' => '',
  'auto_start' => true,
)
[ info ] [ RUN ] app\admin\controller\Holiday->index[ E:\WWW\feichangcelue\application\admin\controller\Holiday.php ]
[ info ] [ VIEW ] E:\WWW\feichangcelue/application/common/builder/table/layout.html [ array (
  0 => '_admin_base_layout',
  1 => 'system_color',
  2 => '_top_menus',
  3 => '_top_menus_all',
  4 => '_sidebar_menus',
  5 => '_location',
  6 => 'aside',
  7 => '_pop',
  8 => 'page_title',
  9 => 'page_tips',
  10 => 'tips_type',
  11 => 'tab_nav',
  12 => 'hide_checkbox',
  13 => 'extra_html',
  14 => 'extra_js',
  15 => 'extra_css',
  16 => 'order_columns',
  17 => 'filter_columns',
  18 => 'filter_map',
  19 => '_field_display',
  20 => '_filter_content',
  21 => '_filter',
  22 => 'top_buttons',
  23 => 'right_buttons',
  24 => 'search',
  25 => 'columns',
  26 => 'pages',
  27 => 'row_list',
  28 => '_page_info',
  29 => 'primary_key',
  30 => '_table',
  31 => 'js_list',
  32 => 'css_list',
  33 => 'validate',
  34 => '_js_files',
  35 => '_css_files',
) ]
[ info ] [ LOG ] INIT File
[ sql ] [ DB ] CONNECT:[ UseTime:0.024074s ] mysql:dbname=peizi;host=rm-wz9l3z92630ora5wjwo.mysql.rds.aliyuncs.com;port=3306;charset=utf8
[ sql ] [ SQL ] SHOW COLUMNS FROM `xh_admin_config` [ RunTime:0.013552s ]
[ sql ] [ SQL ] SELECT `value` FROM `xh_admin_config` WHERE  `id` = 1 LIMIT 1 [ RunTime:0.012257s ]
[ sql ] [ SQL ] SHOW COLUMNS FROM `xh_holiday` [ RunTime:0.012951s ]
[ sql ] [ SQL ] SELECT COUNT(*) AS tp_count FROM `xh_holiday` LIMIT 1 [ RunTime:0.012751s ]
[ sql ] [ SQL ] SELECT * FROM `xh_holiday` ORDER BY `day`  desc LIMIT 0,20 [ RunTime:0.013412s ]
[ sql ] [ SQL ] SHOW COLUMNS FROM `xh_admin_attachment` [ RunTime:0.013339s ]
[ sql ] [ SQL ] SELECT `path` FROM `xh_admin_attachment` WHERE  `id` = 14 LIMIT 1 [ RunTime:0.012710s ]
[ sql ] [ SQL ] SHOW COLUMNS FROM `xh_admin_user` [ RunTime:0.013581s ]
[ sql ] [ SQL ] SELECT `avatar` FROM `xh_admin_user` WHERE  `id` = 38 LIMIT 1 [ RunTime:0.012755s ]
[ sql ] [ SQL ] SELECT `path` FROM `xh_admin_attachment` WHERE  `id` IS NULL LIMIT 1 [ RunTime:0.012848s ]
---------------------------------------------------------------
[ 2018-12-22T19:13:02+08:00 ] ::1 ::1 GET /feichangcelue/admin.php/admin/holiday/holiday_add.html
[ info ] localhost/feichangcelue/admin.php/admin/holiday/holiday_add.html [运行时间：0.230410s][吞吐率：4.34req/s] [内存消耗：3,515.80kb] [文件加载：66]
[ info ] [ LANG ] E:\WWW\feichangcelue\thinkphp\lang\zh-cn.php
[ info ] [ ROUTE ] array (
  'type' => 'module',
  'module' => 
  array (
    0 => 'admin',
    1 => 'holiday',
    2 => 'holiday_add',
  ),
)
[ info ] [ HEADER ] array (
  'host' => 'localhost',
  'connection' => 'keep-alive',
  'upgrade-insecure-requests' => '1',
  'user-agent' => 'Mozilla/5.0 (Windows NT 10.0; Win64; x64) AppleWebKit/537.36 (KHTML, like Gecko) Chrome/71.0.3578.10 Safari/537.36',
  'accept' => 'text/html,application/xhtml+xml,application/xml;q=0.9,image/webp,image/apng,*/*;q=0.8',
  'referer' => 'http://localhost/feichangcelue/admin.php/admin/holiday/index.html',
  'accept-encoding' => 'gzip, deflate, br',
  'accept-language' => 'zh-CN,zh;q=0.9',
  'cookie' => 'PHPSESSID=vcma0jmgkotgd03h7nb5ba5kv2; firstEnterUrlInSession=http%3A//localhost/feichangcelue/; Hm_lvt_f571b55302a951627ab98145b99cdaab=1545477136; Hm_lpvt_f571b55302a951627ab98145b99cdaab=1545477136; VisitorCapacity=1',
)
[ info ] [ PARAM ] array (
)
[ info ] [ CACHE ] INIT File
[ info ] [ BEHAVIOR ] Run app\common\behavior\Config @app_begin [ RunTime:0.003723s ]
[ info ] [ BEHAVIOR ] Run app\common\behavior\Hook @app_begin [ RunTime:0.007033s ]
[ info ] [ DB ] INIT mysql
[ info ] [ SESSION ] INIT array (
  'id' => '',
  'var_session_id' => '',
  'prefix' => 'xinhuo_admin_',
  'type' => '',
  'auto_start' => true,
)
[ info ] [ RUN ] app\admin\controller\Holiday->holiday_add[ E:\WWW\feichangcelue\application\admin\controller\Holiday.php ]
[ info ] [ VIEW ] E:\WWW\feichangcelue/application/common/builder/form/layout.html [ array (
  0 => '_admin_base_layout',
  1 => 'system_color',
  2 => '_top_menus',
  3 => '_top_menus_all',
  4 => '_sidebar_menus',
  5 => '_location',
  6 => 'aside',
  7 => '_pop',
  8 => 'page_title',
  9 => 'page_tips',
  10 => 'tips_type',
  11 => 'btn_hide',
  12 => 'btn_title',
  13 => 'form_items',
  14 => 'tab_nav',
  15 => 'post_url',
  16 => 'form_data',
  17 => 'extra_html',
  18 => 'extra_js',
  19 => 'extra_css',
  20 => 'ajax_submit',
  21 => 'hide_header',
  22 => 'header_title',
  23 => 'js_list',
  24 => 'css_list',
  25 => 'field_triggers',
  26 => 'field_hide',
  27 => 'field_values',
  28 => '_js_files',
  29 => '_js_init',
  30 => '_css_files',
  31 => '_layout',
  32 => 'btn_extra',
  33 => 'submit_confirm',
) ]
[ info ] [ LOG ] INIT File
[ sql ] [ DB ] CONNECT:[ UseTime:0.024893s ] mysql:dbname=peizi;host=rm-wz9l3z92630ora5wjwo.mysql.rds.aliyuncs.com;port=3306;charset=utf8
[ sql ] [ SQL ] SHOW COLUMNS FROM `xh_admin_config` [ RunTime:0.013411s ]
[ sql ] [ SQL ] SELECT `value` FROM `xh_admin_config` WHERE  `id` = 1 LIMIT 1 [ RunTime:0.012779s ]
[ sql ] [ SQL ] SHOW COLUMNS FROM `xh_admin_attachment` [ RunTime:0.014495s ]
[ sql ] [ SQL ] SELECT `path` FROM `xh_admin_attachment` WHERE  `id` = 14 LIMIT 1 [ RunTime:0.012937s ]
[ sql ] [ SQL ] SHOW COLUMNS FROM `xh_admin_user` [ RunTime:0.013590s ]
[ sql ] [ SQL ] SELECT `avatar` FROM `xh_admin_user` WHERE  `id` = 38 LIMIT 1 [ RunTime:0.012630s ]
[ sql ] [ SQL ] SELECT `path` FROM `xh_admin_attachment` WHERE  `id` IS NULL LIMIT 1 [ RunTime:0.012810s ]
---------------------------------------------------------------
[ 2018-12-22T19:13:08+08:00 ] ::1 ::1 POST /feichangcelue/admin.php/admin/holiday/holiday_add.html
[ info ] localhost/feichangcelue/admin.php/admin/holiday/holiday_add.html [运行时间：0.394041s][吞吐率：2.54req/s] [内存消耗：3,096.61kb] [文件加载：62]
[ info ] [ LANG ] E:\WWW\feichangcelue\thinkphp\lang\zh-cn.php
[ info ] [ ROUTE ] array (
  'type' => 'module',
  'module' => 
  array (
    0 => 'admin',
    1 => 'holiday',
    2 => 'holiday_add',
  ),
)
[ info ] [ HEADER ] array (
  'host' => 'localhost',
  'connection' => 'keep-alive',
  'content-length' => '10',
  'accept' => '*/*',
  'origin' => 'http://localhost',
  'x-requested-with' => 'XMLHttpRequest',
  'user-agent' => 'Mozilla/5.0 (Windows NT 10.0; Win64; x64) AppleWebKit/537.36 (KHTML, like Gecko) Chrome/71.0.3578.10 Safari/537.36',
  'content-type' => 'application/x-www-form-urlencoded; charset=UTF-8',
  'referer' => 'http://localhost/feichangcelue/admin.php/admin/holiday/holiday_add.html',
  'accept-encoding' => 'gzip, deflate, br',
  'accept-language' => 'zh-CN,zh;q=0.9',
  'cookie' => 'PHPSESSID=vcma0jmgkotgd03h7nb5ba5kv2; firstEnterUrlInSession=http%3A//localhost/feichangcelue/; Hm_lvt_f571b55302a951627ab98145b99cdaab=1545477136; Hm_lpvt_f571b55302a951627ab98145b99cdaab=1545477136; VisitorCapacity=1',
)
[ info ] [ PARAM ] array (
  'day' => '201902',
)
[ info ] [ CACHE ] INIT File
[ info ] [ BEHAVIOR ] Run app\common\behavior\Config @app_begin [ RunTime:0.003301s ]
[ info ] [ BEHAVIOR ] Run app\common\behavior\Hook @app_begin [ RunTime:0.007022s ]
[ info ] [ DB ] INIT mysql
[ info ] [ SESSION ] INIT array (
  'id' => '',
  'var_session_id' => '',
  'prefix' => 'xinhuo_admin_',
  'type' => '',
  'auto_start' => true,
)
[ info ] [ RUN ] app\admin\controller\Holiday->holiday_add[ E:\WWW\feichangcelue\application\admin\controller\Holiday.php ]
[ info ] [ LOG ] INIT File
[ sql ] [ DB ] CONNECT:[ UseTime:0.027679s ] mysql:dbname=peizi;host=rm-wz9l3z92630ora5wjwo.mysql.rds.aliyuncs.com;port=3306;charset=utf8
[ sql ] [ SQL ] SHOW COLUMNS FROM `xh_holiday` [ RunTime:0.016666s ]
[ sql ] [ SQL ] INSERT INTO `xh_holiday` (`day`) VALUES ('2019-02-04') [ RunTime:0.021607s ]
[ sql ] [ SQL ] INSERT INTO `xh_holiday` (`day`) VALUES ('2019-02-05') [ RunTime:0.012534s ]
[ sql ] [ SQL ] INSERT INTO `xh_holiday` (`day`) VALUES ('2019-02-06') [ RunTime:0.013295s ]
[ sql ] [ SQL ] INSERT INTO `xh_holiday` (`day`) VALUES ('2019-02-07') [ RunTime:0.013305s ]
[ sql ] [ SQL ] INSERT INTO `xh_holiday` (`day`) VALUES ('2019-02-08') [ RunTime:0.012923s ]
[ sql ] [ SQL ] INSERT INTO `xh_holiday` (`day`) VALUES ('2019-02-09') [ RunTime:0.013190s ]
[ sql ] [ SQL ] INSERT INTO `xh_holiday` (`day`) VALUES ('2019-02-10') [ RunTime:0.012933s ]
[ sql ] [ SQL ] INSERT INTO `xh_holiday` (`day`) VALUES ('2019-02-16') [ RunTime:0.012668s ]
[ sql ] [ SQL ] INSERT INTO `xh_holiday` (`day`) VALUES ('2019-02-17') [ RunTime:0.013089s ]
[ sql ] [ SQL ] INSERT INTO `xh_holiday` (`day`) VALUES ('2019-02-23') [ RunTime:0.012586s ]
[ sql ] [ SQL ] INSERT INTO `xh_holiday` (`day`) VALUES ('2019-02-24') [ RunTime:0.012844s ]
---------------------------------------------------------------
[ 2018-12-22T19:13:10+08:00 ] ::1 ::1 GET /feichangcelue/admin.php/admin/holiday/index.html
[ info ] localhost/feichangcelue/admin.php/admin/holiday/index.html [运行时间：0.306264s][吞吐率：3.27req/s] [内存消耗：3,712.64kb] [文件加载：69]
[ info ] [ LANG ] E:\WWW\feichangcelue\thinkphp\lang\zh-cn.php
[ info ] [ ROUTE ] array (
  'type' => 'module',
  'module' => 
  array (
    0 => 'admin',
    1 => 'holiday',
    2 => 'index',
  ),
)
[ info ] [ HEADER ] array (
  'host' => 'localhost',
  'connection' => 'keep-alive',
  'upgrade-insecure-requests' => '1',
  'user-agent' => 'Mozilla/5.0 (Windows NT 10.0; Win64; x64) AppleWebKit/537.36 (KHTML, like Gecko) Chrome/71.0.3578.10 Safari/537.36',
  'accept' => 'text/html,application/xhtml+xml,application/xml;q=0.9,image/webp,image/apng,*/*;q=0.8',
  'referer' => 'http://localhost/feichangcelue/admin.php/admin/holiday/holiday_add.html',
  'accept-encoding' => 'gzip, deflate, br',
  'accept-language' => 'zh-CN,zh;q=0.9',
  'cookie' => 'PHPSESSID=vcma0jmgkotgd03h7nb5ba5kv2; firstEnterUrlInSession=http%3A//localhost/feichangcelue/; Hm_lvt_f571b55302a951627ab98145b99cdaab=1545477136; Hm_lpvt_f571b55302a951627ab98145b99cdaab=1545477136; VisitorCapacity=1',
)
[ info ] [ PARAM ] array (
)
[ info ] [ CACHE ] INIT File
[ info ] [ BEHAVIOR ] Run app\common\behavior\Config @app_begin [ RunTime:0.003299s ]
[ info ] [ BEHAVIOR ] Run app\common\behavior\Hook @app_begin [ RunTime:0.007046s ]
[ info ] [ DB ] INIT mysql
[ info ] [ SESSION ] INIT array (
  'id' => '',
  'var_session_id' => '',
  'prefix' => 'xinhuo_admin_',
  'type' => '',
  'auto_start' => true,
)
[ info ] [ RUN ] app\admin\controller\Holiday->index[ E:\WWW\feichangcelue\application\admin\controller\Holiday.php ]
[ info ] [ VIEW ] E:\WWW\feichangcelue/application/common/builder/table/layout.html [ array (
  0 => '_admin_base_layout',
  1 => 'system_color',
  2 => '_top_menus',
  3 => '_top_menus_all',
  4 => '_sidebar_menus',
  5 => '_location',
  6 => 'aside',
  7 => '_pop',
  8 => 'page_title',
  9 => 'page_tips',
  10 => 'tips_type',
  11 => 'tab_nav',
  12 => 'hide_checkbox',
  13 => 'extra_html',
  14 => 'extra_js',
  15 => 'extra_css',
  16 => 'order_columns',
  17 => 'filter_columns',
  18 => 'filter_map',
  19 => '_field_display',
  20 => '_filter_content',
  21 => '_filter',
  22 => 'top_buttons',
  23 => 'right_buttons',
  24 => 'search',
  25 => 'columns',
  26 => 'pages',
  27 => 'row_list',
  28 => '_page_info',
  29 => 'primary_key',
  30 => '_table',
  31 => 'js_list',
  32 => 'css_list',
  33 => 'validate',
  34 => '_js_files',
  35 => '_css_files',
) ]
[ info ] [ LOG ] INIT File
[ sql ] [ DB ] CONNECT:[ UseTime:0.027830s ] mysql:dbname=peizi;host=rm-wz9l3z92630ora5wjwo.mysql.rds.aliyuncs.com;port=3306;charset=utf8
[ sql ] [ SQL ] SHOW COLUMNS FROM `xh_admin_config` [ RunTime:0.015819s ]
[ sql ] [ SQL ] SELECT `value` FROM `xh_admin_config` WHERE  `id` = 1 LIMIT 1 [ RunTime:0.015398s ]
[ sql ] [ SQL ] SHOW COLUMNS FROM `xh_holiday` [ RunTime:0.016229s ]
[ sql ] [ SQL ] SELECT COUNT(*) AS tp_count FROM `xh_holiday` LIMIT 1 [ RunTime:0.015532s ]
[ sql ] [ SQL ] SELECT * FROM `xh_holiday` ORDER BY `day`  desc LIMIT 0,20 [ RunTime:0.014842s ]
[ sql ] [ SQL ] SHOW COLUMNS FROM `xh_admin_attachment` [ RunTime:0.017218s ]
[ sql ] [ SQL ] SELECT `path` FROM `xh_admin_attachment` WHERE  `id` = 14 LIMIT 1 [ RunTime:0.015574s ]
[ sql ] [ SQL ] SHOW COLUMNS FROM `xh_admin_user` [ RunTime:0.017122s ]
[ sql ] [ SQL ] SELECT `avatar` FROM `xh_admin_user` WHERE  `id` = 38 LIMIT 1 [ RunTime:0.016575s ]
[ sql ] [ SQL ] SELECT `path` FROM `xh_admin_attachment` WHERE  `id` IS NULL LIMIT 1 [ RunTime:0.015274s ]
---------------------------------------------------------------
[ 2018-12-22T19:13:13+08:00 ] ::1 ::1 GET /feichangcelue/admin.php/admin/holiday/holiday_add.html
[ info ] localhost/feichangcelue/admin.php/admin/holiday/holiday_add.html [运行时间：0.203863s][吞吐率：4.91req/s] [内存消耗：3,515.80kb] [文件加载：66]
[ info ] [ LANG ] E:\WWW\feichangcelue\thinkphp\lang\zh-cn.php
[ info ] [ ROUTE ] array (
  'type' => 'module',
  'module' => 
  array (
    0 => 'admin',
    1 => 'holiday',
    2 => 'holiday_add',
  ),
)
[ info ] [ HEADER ] array (
  'host' => 'localhost',
  'connection' => 'keep-alive',
  'upgrade-insecure-requests' => '1',
  'user-agent' => 'Mozilla/5.0 (Windows NT 10.0; Win64; x64) AppleWebKit/537.36 (KHTML, like Gecko) Chrome/71.0.3578.10 Safari/537.36',
  'accept' => 'text/html,application/xhtml+xml,application/xml;q=0.9,image/webp,image/apng,*/*;q=0.8',
  'referer' => 'http://localhost/feichangcelue/admin.php/admin/holiday/index.html',
  'accept-encoding' => 'gzip, deflate, br',
  'accept-language' => 'zh-CN,zh;q=0.9',
  'cookie' => 'PHPSESSID=vcma0jmgkotgd03h7nb5ba5kv2; firstEnterUrlInSession=http%3A//localhost/feichangcelue/; Hm_lvt_f571b55302a951627ab98145b99cdaab=1545477136; Hm_lpvt_f571b55302a951627ab98145b99cdaab=1545477136; VisitorCapacity=1',
)
[ info ] [ PARAM ] array (
)
[ info ] [ CACHE ] INIT File
[ info ] [ BEHAVIOR ] Run app\common\behavior\Config @app_begin [ RunTime:0.003291s ]
[ info ] [ BEHAVIOR ] Run app\common\behavior\Hook @app_begin [ RunTime:0.007023s ]
[ info ] [ DB ] INIT mysql
[ info ] [ SESSION ] INIT array (
  'id' => '',
  'var_session_id' => '',
  'prefix' => 'xinhuo_admin_',
  'type' => '',
  'auto_start' => true,
)
[ info ] [ RUN ] app\admin\controller\Holiday->holiday_add[ E:\WWW\feichangcelue\application\admin\controller\Holiday.php ]
[ info ] [ VIEW ] E:\WWW\feichangcelue/application/common/builder/form/layout.html [ array (
  0 => '_admin_base_layout',
  1 => 'system_color',
  2 => '_top_menus',
  3 => '_top_menus_all',
  4 => '_sidebar_menus',
  5 => '_location',
  6 => 'aside',
  7 => '_pop',
  8 => 'page_title',
  9 => 'page_tips',
  10 => 'tips_type',
  11 => 'btn_hide',
  12 => 'btn_title',
  13 => 'form_items',
  14 => 'tab_nav',
  15 => 'post_url',
  16 => 'form_data',
  17 => 'extra_html',
  18 => 'extra_js',
  19 => 'extra_css',
  20 => 'ajax_submit',
  21 => 'hide_header',
  22 => 'header_title',
  23 => 'js_list',
  24 => 'css_list',
  25 => 'field_triggers',
  26 => 'field_hide',
  27 => 'field_values',
  28 => '_js_files',
  29 => '_js_init',
  30 => '_css_files',
  31 => '_layout',
  32 => 'btn_extra',
  33 => 'submit_confirm',
) ]
[ info ] [ LOG ] INIT File
[ sql ] [ DB ] CONNECT:[ UseTime:0.017996s ] mysql:dbname=peizi;host=rm-wz9l3z92630ora5wjwo.mysql.rds.aliyuncs.com;port=3306;charset=utf8
[ sql ] [ SQL ] SHOW COLUMNS FROM `xh_admin_config` [ RunTime:0.011861s ]
[ sql ] [ SQL ] SELECT `value` FROM `xh_admin_config` WHERE  `id` = 1 LIMIT 1 [ RunTime:0.011034s ]
[ sql ] [ SQL ] SHOW COLUMNS FROM `xh_admin_attachment` [ RunTime:0.011817s ]
[ sql ] [ SQL ] SELECT `path` FROM `xh_admin_attachment` WHERE  `id` = 14 LIMIT 1 [ RunTime:0.011134s ]
[ sql ] [ SQL ] SHOW COLUMNS FROM `xh_admin_user` [ RunTime:0.011726s ]
[ sql ] [ SQL ] SELECT `avatar` FROM `xh_admin_user` WHERE  `id` = 38 LIMIT 1 [ RunTime:0.010992s ]
[ sql ] [ SQL ] SELECT `path` FROM `xh_admin_attachment` WHERE  `id` IS NULL LIMIT 1 [ RunTime:0.010860s ]
---------------------------------------------------------------
[ 2018-12-22T19:13:18+08:00 ] ::1 ::1 POST /feichangcelue/admin.php/admin/holiday/holiday_add.html
[ info ] localhost/feichangcelue/admin.php/admin/holiday/holiday_add.html [运行时间：0.316267s][吞吐率：3.16req/s] [内存消耗：3,090.17kb] [文件加载：62]
[ info ] [ LANG ] E:\WWW\feichangcelue\thinkphp\lang\zh-cn.php
[ info ] [ ROUTE ] array (
  'type' => 'module',
  'module' => 
  array (
    0 => 'admin',
    1 => 'holiday',
    2 => 'holiday_add',
  ),
)
[ info ] [ HEADER ] array (
  'host' => 'localhost',
  'connection' => 'keep-alive',
  'content-length' => '10',
  'accept' => '*/*',
  'origin' => 'http://localhost',
  'x-requested-with' => 'XMLHttpRequest',
  'user-agent' => 'Mozilla/5.0 (Windows NT 10.0; Win64; x64) AppleWebKit/537.36 (KHTML, like Gecko) Chrome/71.0.3578.10 Safari/537.36',
  'content-type' => 'application/x-www-form-urlencoded; charset=UTF-8',
  'referer' => 'http://localhost/feichangcelue/admin.php/admin/holiday/holiday_add.html',
  'accept-encoding' => 'gzip, deflate, br',
  'accept-language' => 'zh-CN,zh;q=0.9',
  'cookie' => 'PHPSESSID=vcma0jmgkotgd03h7nb5ba5kv2; firstEnterUrlInSession=http%3A//localhost/feichangcelue/; Hm_lvt_f571b55302a951627ab98145b99cdaab=1545477136; Hm_lpvt_f571b55302a951627ab98145b99cdaab=1545477136; VisitorCapacity=1',
)
[ info ] [ PARAM ] array (
  'day' => '201803',
)
[ info ] [ CACHE ] INIT File
[ info ] [ BEHAVIOR ] Run app\common\behavior\Config @app_begin [ RunTime:0.003328s ]
[ info ] [ BEHAVIOR ] Run app\common\behavior\Hook @app_begin [ RunTime:0.007051s ]
[ info ] [ DB ] INIT mysql
[ info ] [ SESSION ] INIT array (
  'id' => '',
  'var_session_id' => '',
  'prefix' => 'xinhuo_admin_',
  'type' => '',
  'auto_start' => true,
)
[ info ] [ RUN ] app\admin\controller\Holiday->holiday_add[ E:\WWW\feichangcelue\application\admin\controller\Holiday.php ]
[ info ] [ LOG ] INIT File
[ sql ] [ DB ] CONNECT:[ UseTime:0.023393s ] mysql:dbname=peizi;host=rm-wz9l3z92630ora5wjwo.mysql.rds.aliyuncs.com;port=3306;charset=utf8
[ sql ] [ SQL ] SHOW COLUMNS FROM `xh_holiday` [ RunTime:0.011659s ]
[ sql ] [ SQL ] INSERT INTO `xh_holiday` (`day`) VALUES ('2018-03-03') [ RunTime:0.015880s ]
[ sql ] [ SQL ] INSERT INTO `xh_holiday` (`day`) VALUES ('2018-03-04') [ RunTime:0.011076s ]
[ sql ] [ SQL ] INSERT INTO `xh_holiday` (`day`) VALUES ('2018-03-10') [ RunTime:0.011111s ]
[ sql ] [ SQL ] INSERT INTO `xh_holiday` (`day`) VALUES ('2018-03-11') [ RunTime:0.010183s ]
[ sql ] [ SQL ] INSERT INTO `xh_holiday` (`day`) VALUES ('2018-03-17') [ RunTime:0.013205s ]
[ sql ] [ SQL ] INSERT INTO `xh_holiday` (`day`) VALUES ('2018-03-18') [ RunTime:0.010232s ]
[ sql ] [ SQL ] INSERT INTO `xh_holiday` (`day`) VALUES ('2018-03-24') [ RunTime:0.010039s ]
[ sql ] [ SQL ] INSERT INTO `xh_holiday` (`day`) VALUES ('2018-03-25') [ RunTime:0.010043s ]
[ sql ] [ SQL ] INSERT INTO `xh_holiday` (`day`) VALUES ('2018-03-31') [ RunTime:0.010217s ]
---------------------------------------------------------------
[ 2018-12-22T19:13:19+08:00 ] ::1 ::1 GET /feichangcelue/admin.php/admin/holiday/index.html
[ info ] localhost/feichangcelue/admin.php/admin/holiday/index.html [运行时间：0.259865s][吞吐率：3.85req/s] [内存消耗：3,712.62kb] [文件加载：69]
[ info ] [ LANG ] E:\WWW\feichangcelue\thinkphp\lang\zh-cn.php
[ info ] [ ROUTE ] array (
  'type' => 'module',
  'module' => 
  array (
    0 => 'admin',
    1 => 'holiday',
    2 => 'index',
  ),
)
[ info ] [ HEADER ] array (
  'host' => 'localhost',
  'connection' => 'keep-alive',
  'upgrade-insecure-requests' => '1',
  'user-agent' => 'Mozilla/5.0 (Windows NT 10.0; Win64; x64) AppleWebKit/537.36 (KHTML, like Gecko) Chrome/71.0.3578.10 Safari/537.36',
  'accept' => 'text/html,application/xhtml+xml,application/xml;q=0.9,image/webp,image/apng,*/*;q=0.8',
  'referer' => 'http://localhost/feichangcelue/admin.php/admin/holiday/holiday_add.html',
  'accept-encoding' => 'gzip, deflate, br',
  'accept-language' => 'zh-CN,zh;q=0.9',
  'cookie' => 'PHPSESSID=vcma0jmgkotgd03h7nb5ba5kv2; firstEnterUrlInSession=http%3A//localhost/feichangcelue/; Hm_lvt_f571b55302a951627ab98145b99cdaab=1545477136; Hm_lpvt_f571b55302a951627ab98145b99cdaab=1545477136; VisitorCapacity=1',
)
[ info ] [ PARAM ] array (
)
[ info ] [ CACHE ] INIT File
[ info ] [ BEHAVIOR ] Run app\common\behavior\Config @app_begin [ RunTime:0.003302s ]
[ info ] [ BEHAVIOR ] Run app\common\behavior\Hook @app_begin [ RunTime:0.006998s ]
[ info ] [ DB ] INIT mysql
[ info ] [ SESSION ] INIT array (
  'id' => '',
  'var_session_id' => '',
  'prefix' => 'xinhuo_admin_',
  'type' => '',
  'auto_start' => true,
)
[ info ] [ RUN ] app\admin\controller\Holiday->index[ E:\WWW\feichangcelue\application\admin\controller\Holiday.php ]
[ info ] [ VIEW ] E:\WWW\feichangcelue/application/common/builder/table/layout.html [ array (
  0 => '_admin_base_layout',
  1 => 'system_color',
  2 => '_top_menus',
  3 => '_top_menus_all',
  4 => '_sidebar_menus',
  5 => '_location',
  6 => 'aside',
  7 => '_pop',
  8 => 'page_title',
  9 => 'page_tips',
  10 => 'tips_type',
  11 => 'tab_nav',
  12 => 'hide_checkbox',
  13 => 'extra_html',
  14 => 'extra_js',
  15 => 'extra_css',
  16 => 'order_columns',
  17 => 'filter_columns',
  18 => 'filter_map',
  19 => '_field_display',
  20 => '_filter_content',
  21 => '_filter',
  22 => 'top_buttons',
  23 => 'right_buttons',
  24 => 'search',
  25 => 'columns',
  26 => 'pages',
  27 => 'row_list',
  28 => '_page_info',
  29 => 'primary_key',
  30 => '_table',
  31 => 'js_list',
  32 => 'css_list',
  33 => 'validate',
  34 => '_js_files',
  35 => '_css_files',
) ]
[ info ] [ LOG ] INIT File
[ sql ] [ DB ] CONNECT:[ UseTime:0.020456s ] mysql:dbname=peizi;host=rm-wz9l3z92630ora5wjwo.mysql.rds.aliyuncs.com;port=3306;charset=utf8
[ sql ] [ SQL ] SHOW COLUMNS FROM `xh_admin_config` [ RunTime:0.012569s ]
[ sql ] [ SQL ] SELECT `value` FROM `xh_admin_config` WHERE  `id` = 1 LIMIT 1 [ RunTime:0.012533s ]
[ sql ] [ SQL ] SHOW COLUMNS FROM `xh_holiday` [ RunTime:0.013076s ]
[ sql ] [ SQL ] SELECT COUNT(*) AS tp_count FROM `xh_holiday` LIMIT 1 [ RunTime:0.012665s ]
[ sql ] [ SQL ] SELECT * FROM `xh_holiday` ORDER BY `day`  desc LIMIT 0,20 [ RunTime:0.012581s ]
[ sql ] [ SQL ] SHOW COLUMNS FROM `xh_admin_attachment` [ RunTime:0.013451s ]
[ sql ] [ SQL ] SELECT `path` FROM `xh_admin_attachment` WHERE  `id` = 14 LIMIT 1 [ RunTime:0.012733s ]
[ sql ] [ SQL ] SHOW COLUMNS FROM `xh_admin_user` [ RunTime:0.013330s ]
[ sql ] [ SQL ] SELECT `avatar` FROM `xh_admin_user` WHERE  `id` = 38 LIMIT 1 [ RunTime:0.011557s ]
[ sql ] [ SQL ] SELECT `path` FROM `xh_admin_attachment` WHERE  `id` IS NULL LIMIT 1 [ RunTime:0.012645s ]
---------------------------------------------------------------
[ 2018-12-22T19:13:28+08:00 ] ::1 ::1 GET /feichangcelue/admin.php/admin/holiday/index.html?page=2
[ info ] localhost/feichangcelue/admin.php/admin/holiday/index.html?page=2 [运行时间：0.305706s][吞吐率：3.27req/s] [内存消耗：3,713.74kb] [文件加载：69]
[ info ] [ LANG ] E:\WWW\feichangcelue\thinkphp\lang\zh-cn.php
[ info ] [ ROUTE ] array (
  'type' => 'module',
  'module' => 
  array (
    0 => 'admin',
    1 => 'holiday',
    2 => 'index',
  ),
)
[ info ] [ HEADER ] array (
  'host' => 'localhost',
  'connection' => 'keep-alive',
  'upgrade-insecure-requests' => '1',
  'user-agent' => 'Mozilla/5.0 (Windows NT 10.0; Win64; x64) AppleWebKit/537.36 (KHTML, like Gecko) Chrome/71.0.3578.10 Safari/537.36',
  'accept' => 'text/html,application/xhtml+xml,application/xml;q=0.9,image/webp,image/apng,*/*;q=0.8',
  'referer' => 'http://localhost/feichangcelue/admin.php/admin/holiday/index.html',
  'accept-encoding' => 'gzip, deflate, br',
  'accept-language' => 'zh-CN,zh;q=0.9',
  'cookie' => 'PHPSESSID=vcma0jmgkotgd03h7nb5ba5kv2; firstEnterUrlInSession=http%3A//localhost/feichangcelue/; Hm_lvt_f571b55302a951627ab98145b99cdaab=1545477136; Hm_lpvt_f571b55302a951627ab98145b99cdaab=1545477136; VisitorCapacity=1',
)
[ info ] [ PARAM ] array (
  'page' => '2',
)
[ info ] [ CACHE ] INIT File
[ info ] [ BEHAVIOR ] Run app\common\behavior\Config @app_begin [ RunTime:0.003739s ]
[ info ] [ BEHAVIOR ] Run app\common\behavior\Hook @app_begin [ RunTime:0.007057s ]
[ info ] [ DB ] INIT mysql
[ info ] [ SESSION ] INIT array (
  'id' => '',
  'var_session_id' => '',
  'prefix' => 'xinhuo_admin_',
  'type' => '',
  'auto_start' => true,
)
[ info ] [ RUN ] app\admin\controller\Holiday->index[ E:\WWW\feichangcelue\application\admin\controller\Holiday.php ]
[ info ] [ VIEW ] E:\WWW\feichangcelue/application/common/builder/table/layout.html [ array (
  0 => '_admin_base_layout',
  1 => 'system_color',
  2 => '_top_menus',
  3 => '_top_menus_all',
  4 => '_sidebar_menus',
  5 => '_location',
  6 => 'aside',
  7 => '_pop',
  8 => 'page_title',
  9 => 'page_tips',
  10 => 'tips_type',
  11 => 'tab_nav',
  12 => 'hide_checkbox',
  13 => 'extra_html',
  14 => 'extra_js',
  15 => 'extra_css',
  16 => 'order_columns',
  17 => 'filter_columns',
  18 => 'filter_map',
  19 => '_field_display',
  20 => '_filter_content',
  21 => '_filter',
  22 => 'top_buttons',
  23 => 'right_buttons',
  24 => 'search',
  25 => 'columns',
  26 => 'pages',
  27 => 'row_list',
  28 => '_page_info',
  29 => 'primary_key',
  30 => '_table',
  31 => 'js_list',
  32 => 'css_list',
  33 => 'validate',
  34 => '_js_files',
  35 => '_css_files',
) ]
[ info ] [ LOG ] INIT File
[ sql ] [ DB ] CONNECT:[ UseTime:0.027662s ] mysql:dbname=peizi;host=rm-wz9l3z92630ora5wjwo.mysql.rds.aliyuncs.com;port=3306;charset=utf8
[ sql ] [ SQL ] SHOW COLUMNS FROM `xh_admin_config` [ RunTime:0.016315s ]
[ sql ] [ SQL ] SELECT `value` FROM `xh_admin_config` WHERE  `id` = 1 LIMIT 1 [ RunTime:0.016262s ]
[ sql ] [ SQL ] SHOW COLUMNS FROM `xh_holiday` [ RunTime:0.016472s ]
[ sql ] [ SQL ] SELECT COUNT(*) AS tp_count FROM `xh_holiday` LIMIT 1 [ RunTime:0.016038s ]
[ sql ] [ SQL ] SELECT * FROM `xh_holiday` ORDER BY `day`  desc LIMIT 20,20 [ RunTime:0.015961s ]
[ sql ] [ SQL ] SHOW COLUMNS FROM `xh_admin_attachment` [ RunTime:0.017249s ]
[ sql ] [ SQL ] SELECT `path` FROM `xh_admin_attachment` WHERE  `id` = 14 LIMIT 1 [ RunTime:0.015769s ]
[ sql ] [ SQL ] SHOW COLUMNS FROM `xh_admin_user` [ RunTime:0.017428s ]
[ sql ] [ SQL ] SELECT `avatar` FROM `xh_admin_user` WHERE  `id` = 38 LIMIT 1 [ RunTime:0.015475s ]
[ sql ] [ SQL ] SELECT `path` FROM `xh_admin_attachment` WHERE  `id` IS NULL LIMIT 1 [ RunTime:0.015848s ]
---------------------------------------------------------------
[ 2018-12-22T19:13:31+08:00 ] ::1 ::1 GET /feichangcelue/admin.php/admin/holiday/index.html?page=1
[ info ] localhost/feichangcelue/admin.php/admin/holiday/index.html?page=1 [运行时间：0.261598s][吞吐率：3.82req/s] [内存消耗：3,713.17kb] [文件加载：69]
[ info ] [ LANG ] E:\WWW\feichangcelue\thinkphp\lang\zh-cn.php
[ info ] [ ROUTE ] array (
  'type' => 'module',
  'module' => 
  array (
    0 => 'admin',
    1 => 'holiday',
    2 => 'index',
  ),
)
[ info ] [ HEADER ] array (
  'host' => 'localhost',
  'connection' => 'keep-alive',
  'upgrade-insecure-requests' => '1',
  'user-agent' => 'Mozilla/5.0 (Windows NT 10.0; Win64; x64) AppleWebKit/537.36 (KHTML, like Gecko) Chrome/71.0.3578.10 Safari/537.36',
  'accept' => 'text/html,application/xhtml+xml,application/xml;q=0.9,image/webp,image/apng,*/*;q=0.8',
  'referer' => 'http://localhost/feichangcelue/admin.php/admin/holiday/index.html?page=2',
  'accept-encoding' => 'gzip, deflate, br',
  'accept-language' => 'zh-CN,zh;q=0.9',
  'cookie' => 'PHPSESSID=vcma0jmgkotgd03h7nb5ba5kv2; firstEnterUrlInSession=http%3A//localhost/feichangcelue/; Hm_lvt_f571b55302a951627ab98145b99cdaab=1545477136; Hm_lpvt_f571b55302a951627ab98145b99cdaab=1545477136; VisitorCapacity=1',
)
[ info ] [ PARAM ] array (
  'page' => '1',
)
[ info ] [ CACHE ] INIT File
[ info ] [ BEHAVIOR ] Run app\common\behavior\Config @app_begin [ RunTime:0.003683s ]
[ info ] [ BEHAVIOR ] Run app\common\behavior\Hook @app_begin [ RunTime:0.007006s ]
[ info ] [ DB ] INIT mysql
[ info ] [ SESSION ] INIT array (
  'id' => '',
  'var_session_id' => '',
  'prefix' => 'xinhuo_admin_',
  'type' => '',
  'auto_start' => true,
)
[ info ] [ RUN ] app\admin\controller\Holiday->index[ E:\WWW\feichangcelue\application\admin\controller\Holiday.php ]
[ info ] [ VIEW ] E:\WWW\feichangcelue/application/common/builder/table/layout.html [ array (
  0 => '_admin_base_layout',
  1 => 'system_color',
  2 => '_top_menus',
  3 => '_top_menus_all',
  4 => '_sidebar_menus',
  5 => '_location',
  6 => 'aside',
  7 => '_pop',
  8 => 'page_title',
  9 => 'page_tips',
  10 => 'tips_type',
  11 => 'tab_nav',
  12 => 'hide_checkbox',
  13 => 'extra_html',
  14 => 'extra_js',
  15 => 'extra_css',
  16 => 'order_columns',
  17 => 'filter_columns',
  18 => 'filter_map',
  19 => '_field_display',
  20 => '_filter_content',
  21 => '_filter',
  22 => 'top_buttons',
  23 => 'right_buttons',
  24 => 'search',
  25 => 'columns',
  26 => 'pages',
  27 => 'row_list',
  28 => '_page_info',
  29 => 'primary_key',
  30 => '_table',
  31 => 'js_list',
  32 => 'css_list',
  33 => 'validate',
  34 => '_js_files',
  35 => '_css_files',
) ]
[ info ] [ LOG ] INIT File
[ sql ] [ DB ] CONNECT:[ UseTime:0.023611s ] mysql:dbname=peizi;host=rm-wz9l3z92630ora5wjwo.mysql.rds.aliyuncs.com;port=3306;charset=utf8
[ sql ] [ SQL ] SHOW COLUMNS FROM `xh_admin_config` [ RunTime:0.012504s ]
[ sql ] [ SQL ] SELECT `value` FROM `xh_admin_config` WHERE  `id` = 1 LIMIT 1 [ RunTime:0.012678s ]
[ sql ] [ SQL ] SHOW COLUMNS FROM `xh_holiday` [ RunTime:0.013016s ]
[ sql ] [ SQL ] SELECT COUNT(*) AS tp_count FROM `xh_holiday` LIMIT 1 [ RunTime:0.012556s ]
[ sql ] [ SQL ] SELECT * FROM `xh_holiday` ORDER BY `day`  desc LIMIT 0,20 [ RunTime:0.012754s ]
[ sql ] [ SQL ] SHOW COLUMNS FROM `xh_admin_attachment` [ RunTime:0.012960s ]
[ sql ] [ SQL ] SELECT `path` FROM `xh_admin_attachment` WHERE  `id` = 14 LIMIT 1 [ RunTime:0.012763s ]
[ sql ] [ SQL ] SHOW COLUMNS FROM `xh_admin_user` [ RunTime:0.013589s ]
[ sql ] [ SQL ] SELECT `avatar` FROM `xh_admin_user` WHERE  `id` = 38 LIMIT 1 [ RunTime:0.012572s ]
[ sql ] [ SQL ] SELECT `path` FROM `xh_admin_attachment` WHERE  `id` IS NULL LIMIT 1 [ RunTime:0.012062s ]
