---------------------------------------------------------------
[ 2018-11-01T15:35:12+08:00 ] ::1 ::1 GET /feichangcelue/admin.php/admin/member/recharge_operation.html
[ info ] localhost/feichangcelue/admin.php/admin/member/recharge_operation.html [运行时间：0.905195s][吞吐率：1.10req/s] [内存消耗：4,376.02kb] [文件加载：76]
[ info ] [ LANG ] D:\phpStudy\WWW\feichangcelue\thinkphp\lang\zh-cn.php
[ info ] [ ROUTE ] array (
  'type' => 'module',
  'module' => 
  array (
    0 => 'admin',
    1 => 'member',
    2 => 'recharge_operation',
  ),
)
[ info ] [ HEADER ] array (
  'host' => 'localhost',
  'connection' => 'keep-alive',
  'upgrade-insecure-requests' => '1',
  'user-agent' => 'Mozilla/5.0 (Windows NT 6.3; WOW64) AppleWebKit/537.36 (KHTML, like Gecko) Chrome/59.0.3071.86 Safari/537.36',
  'accept' => 'text/html,application/xhtml+xml,application/xml;q=0.9,image/webp,image/apng,*/*;q=0.8',
  'accept-encoding' => 'gzip, deflate, br',
  'accept-language' => 'zh-CN,zh;q=0.8',
  'cookie' => 'PHPSESSID=ldo5cbnl0rvm8fjo0j2evfva30; pageReferrInSession=http%3A//localhost/feichangcelue/doLogin.html; firstEnterUrlInSession=http%3A//localhost/feichangcelue/; dolphin_home___forward__=%2Ffeichangcelue%2Fadmin.php%2Fadmin%2Fnotemsg%2Funread.html',
)
[ info ] [ PARAM ] array (
)
[ info ] [ CACHE ] INIT File
[ info ] [ DB ] INIT mysql
[ info ] [ BEHAVIOR ] Run app\common\behavior\Config @app_begin [ RunTime:0.168030s ]
[ info ] [ BEHAVIOR ] Run app\common\behavior\Hook @app_begin [ RunTime:0.111695s ]
[ info ] [ SESSION ] INIT array (
  'id' => '',
  'var_session_id' => '',
  'prefix' => 'xinhuo_admin_',
  'type' => '',
  'auto_start' => true,
)
[ info ] [ RUN ] app\admin\controller\Member->recharge_operation[ D:\phpStudy\WWW\feichangcelue\application\admin\controller\Member.php ]
[ info ] [ VIEW ] D:\phpStudy\WWW\feichangcelue/application/common/builder/table/layout.html [ array (
  0 => '_admin_base_layout',
  1 => 'system_color',
  2 => '_top_menus',
  3 => '_top_menus_all',
  4 => '_sidebar_menus',
  5 => '_location',
  6 => 'aside',
  7 => '_pop',
  8 => 'page_title',
  9 => 'page_tips',
  10 => 'tips_type',
  11 => 'tab_nav',
  12 => 'hide_checkbox',
  13 => 'extra_html',
  14 => 'extra_js',
  15 => 'extra_css',
  16 => 'order_columns',
  17 => 'filter_columns',
  18 => 'filter_map',
  19 => '_field_display',
  20 => '_filter_content',
  21 => '_filter',
  22 => 'top_buttons',
  23 => 'right_buttons',
  24 => 'search',
  25 => 'columns',
  26 => 'pages',
  27 => 'row_list',
  28 => '_page_info',
  29 => 'primary_key',
  30 => '_table',
  31 => 'js_list',
  32 => 'css_list',
  33 => 'validate',
  34 => '_js_files',
  35 => '_css_files',
) ]
[ info ] [ LOG ] INIT File
[ sql ] [ DB ] CONNECT:[ UseTime:0.038069s ] mysql:dbname=peizi;host=rm-wz9l3z92630ora5wjwo.mysql.rds.aliyuncs.com;port=3306;charset=utf8
[ sql ] [ SQL ] SHOW COLUMNS FROM `xh_admin_config` [ RunTime:0.012748s ]
[ sql ] [ SQL ] SELECT `name`,`value`,`type` FROM `xh_admin_config` [ RunTime:0.012560s ]
[ sql ] [ SQL ] SHOW COLUMNS FROM `xh_admin_module` [ RunTime:0.012012s ]
[ sql ] [ SQL ] SELECT `name`,`config` FROM `xh_admin_module` WHERE  `config` <> '' [ RunTime:0.012844s ]
[ sql ] [ SQL ] SHOW COLUMNS FROM `xh_admin_hook` [ RunTime:0.009510s ]
[ sql ] [ SQL ] SELECT `name`,`status` FROM `xh_admin_hook` WHERE  `status` = 1 [ RunTime:0.011456s ]
[ sql ] [ SQL ] SHOW COLUMNS FROM `xh_admin_plugin` [ RunTime:0.011917s ]
[ sql ] [ SQL ] SELECT `name`,`status` FROM `xh_admin_plugin` WHERE  `status` = 1 [ RunTime:0.012185s ]
[ sql ] [ SQL ] SHOW COLUMNS FROM `xh_admin_hook_plugin` [ RunTime:0.012438s ]
[ sql ] [ SQL ] SELECT * FROM `xh_admin_hook_plugin` WHERE  `status` = 1 ORDER BY hook,sort [ RunTime:0.012164s ]
[ sql ] [ SQL ] SHOW COLUMNS FROM `xh_admin_menu` [ RunTime:0.012697s ]
[ sql ] [ SQL ] SELECT `id`,`pid`,`module`,`title`,`url_value`,`url_type`,`url_target`,`icon` FROM `xh_admin_menu` WHERE  `online_hide` = 0  AND `status` = 1  AND `pid` = 0 ORDER BY sort,id LIMIT 10 [ RunTime:0.011940s ]
[ sql ] [ SQL ] SELECT `id`,`pid`,`module`,`title`,`url_value`,`url_type`,`url_target`,`icon` FROM `xh_admin_menu` WHERE  `online_hide` = 0  AND `status` = 1  AND `pid` = 0 ORDER BY sort,id [ RunTime:0.012469s ]
[ sql ] [ SQL ] SELECT `id` FROM `xh_admin_menu` WHERE  `pid` <> 0  AND `url_value` = 'admin/member/recharge_operation' LIMIT 1 [ RunTime:0.012260s ]
[ sql ] [ SQL ] SELECT `id`,`pid`,`title`,`url_value` FROM `xh_admin_menu` [ RunTime:0.012905s ]
[ sql ] [ SQL ] SELECT `id`,`pid`,`module`,`title`,`url_value`,`url_type`,`url_target`,`icon` FROM `xh_admin_menu` WHERE  `status` = 1  AND `module` = 'admin'  AND `online_hide` = 0 ORDER BY sort,id [ RunTime:0.013745s ]
[ sql ] [ SQL ] SELECT `value` FROM `xh_admin_config` WHERE  `id` = 1 LIMIT 1 [ RunTime:0.010275s ]
[ sql ] [ SQL ] SHOW COLUMNS FROM `xh_member_card_pay` [ RunTime:0.012096s ]
[ sql ] [ SQL ] SELECT COUNT(*) AS tp_count FROM `xh_member_card_pay` `a`,`xh_member` `b` WHERE  (  a.memberId = b.id and a.status=0 ) LIMIT 1 [ RunTime:0.012051s ]
[ sql ] [ SQL ] SELECT `a`.*,`b`.`username`,`b`.`mobile` FROM `xh_member_card_pay` `a`,`xh_member` `b` WHERE  (  a.memberId = b.id and a.status=0 ) ORDER BY id desc LIMIT 0,20 [ RunTime:0.011739s ]
[ sql ] [ SQL ] SHOW COLUMNS FROM `xh_admin_attachment` [ RunTime:0.011212s ]
[ sql ] [ SQL ] SELECT `path` FROM `xh_admin_attachment` WHERE  `id` = 14 LIMIT 1 [ RunTime:0.011015s ]
[ sql ] [ SQL ] SHOW COLUMNS FROM `xh_admin_user` [ RunTime:0.010934s ]
[ sql ] [ SQL ] SELECT `avatar` FROM `xh_admin_user` WHERE  `id` = 38 LIMIT 1 [ RunTime:0.010506s ]
[ sql ] [ SQL ] SELECT `path` FROM `xh_admin_attachment` WHERE  `id` IS NULL LIMIT 1 [ RunTime:0.012619s ]
---------------------------------------------------------------
[ 2018-11-01T15:35:18+08:00 ] ::1 ::1 GET /feichangcelue/
[ info ] localhost/feichangcelue/ [运行时间：0.921109s][吞吐率：1.09req/s] [内存消耗：4,144.21kb] [文件加载：68]
[ info ] [ LANG ] D:\phpStudy\WWW\feichangcelue\thinkphp\lang\zh-cn.php
[ info ] [ ROUTE ] array (
  'type' => 'module',
  'module' => 
  array (
    0 => '',
    1 => NULL,
    2 => NULL,
  ),
)
[ info ] [ HEADER ] array (
  'host' => 'localhost',
  'connection' => 'keep-alive',
  'upgrade-insecure-requests' => '1',
  'user-agent' => 'Mozilla/5.0 (Windows NT 6.3; WOW64) AppleWebKit/537.36 (KHTML, like Gecko) Chrome/59.0.3071.86 Safari/537.36',
  'accept' => 'text/html,application/xhtml+xml,application/xml;q=0.9,image/webp,image/apng,*/*;q=0.8',
  'accept-encoding' => 'gzip, deflate, br',
  'accept-language' => 'zh-CN,zh;q=0.8',
  'cookie' => 'PHPSESSID=ldo5cbnl0rvm8fjo0j2evfva30; pageReferrInSession=http%3A//localhost/feichangcelue/doLogin.html; firstEnterUrlInSession=http%3A//localhost/feichangcelue/; dolphin_home___forward__=%2Ffeichangcelue%2Fadmin.php%2Fadmin%2Fnotemsg%2Funread.html',
)
[ info ] [ PARAM ] array (
)
[ info ] [ CACHE ] INIT File
[ info ] [ BEHAVIOR ] Run app\common\behavior\Config @app_begin [ RunTime:0.011195s ]
[ info ] [ BEHAVIOR ] Run app\common\behavior\Hook @app_begin [ RunTime:0.027302s ]
[ info ] [ DB ] INIT mysql
[ info ] [ RUN ] app\index\controller\Index->index[ D:\phpStudy\WWW\feichangcelue\application\index\controller\Index.php ]
[ info ] [ VIEW ] D:\phpStudy\WWW\feichangcelue/application/index\view\index\index.html [ array (
  0 => 'phone',
  1 => 'QQ',
  2 => 'usableSum',
  3 => 'member',
  4 => 'profitSum',
  5 => 'peizi',
  6 => 'res',
  7 => 'news_informations',
  8 => 'news_informations_tow',
  9 => 'notice_content',
  10 => 'btn_emergency',
) ]
[ info ] [ LOG ] INIT File
[ sql ] [ DB ] CONNECT:[ UseTime:0.029956s ] mysql:dbname=peizi;host=rm-wz9l3z92630ora5wjwo.mysql.rds.aliyuncs.com;port=3306;charset=utf8
[ sql ] [ SQL ] SHOW COLUMNS FROM `xh_member` [ RunTime:0.012660s ]
[ sql ] [ SQL ] SELECT `usableSum` FROM `xh_member` WHERE  (  id=1348 ) LIMIT 1 [ RunTime:0.011407s ]
[ sql ] [ SQL ] select a.stockCode, c.`name` as stockName,  a.createTime, b.username,b.mobile
			from xh_stock_order as a, xh_member as b, xh_shares as c
			 WHERE isFreetrial=0 and a.memberId = b.id and a.stockCode=c.`code`
			order by a.id desc limit 7 [ RunTime:0.011628s ]
[ sql ] [ SQL ] SHOW COLUMNS FROM `xh_stock_order` [ RunTime:0.012386s ]
[ sql ] [ SQL ] SELECT COUNT(*) AS tp_count FROM `xh_stock_order` WHERE  (  isFreetrial=0 ) LIMIT 1 [ RunTime:0.011185s ]
[ sql ] [ SQL ] SELECT sum(guaranteeFee) FROM `xh_stock_order` WHERE  `memberId` = 1348  AND `status` = 1  AND `isFreetrial` = 0 [ RunTime:0.011540s ]
[ sql ] [ SQL ] SELECT `stockCode` FROM `xh_stock_order` WHERE  `memberId` = 1348  AND `status` = 1  AND `isFreetrial` = 0 ORDER BY createTime desc [ RunTime:0.011776s ]
[ sql ] [ SQL ] SHOW COLUMNS FROM `xh_shares` [ RunTime:0.013032s ]
[ sql ] [ SQL ] SELECT `market` FROM `xh_shares` WHERE  `code` = '000001' LIMIT 1 [ RunTime:0.011392s ]
[ sql ] [ SQL ] SELECT `market` FROM `xh_shares` WHERE  `code` = '000001' LIMIT 1 [ RunTime:0.012023s ]
[ sql ] [ SQL ] SELECT `market` FROM `xh_shares` WHERE  `code` = '000001' LIMIT 1 [ RunTime:0.010342s ]
[ sql ] [ SQL ] SELECT `xh_stock_order`.*,xh_shares.name as stockName,`xh_shares`.`market` FROM `xh_stock_order`,`xh_shares` WHERE  (   xh_stock_order.stockCode = xh_shares.`code` and xh_stock_order.memberId=1348 and isFreetrial=0 and status = 1 ) ORDER BY createTime desc [ RunTime:0.011044s ]
[ sql ] [ SQL ] SELECT `usableSum` FROM `xh_member` WHERE  (  id=1348 ) LIMIT 1 [ RunTime:0.011050s ]
[ sql ] [ SQL ] SELECT * FROM `xh_member` WHERE  (  id=1348 ) LIMIT 1 [ RunTime:0.012962s ]
[ sql ] [ SQL ] SELECT `usableSum` FROM `xh_member` WHERE  (  id=1348 ) LIMIT 1 [ RunTime:0.011077s ]
[ sql ] [ SQL ] SELECT * FROM `xh_member` WHERE  (  id=1348 ) LIMIT 1 [ RunTime:0.011989s ]
[ sql ] [ SQL ] SELECT `usableSum` FROM `xh_member` WHERE  (  id=1348 ) LIMIT 1 [ RunTime:0.011626s ]
[ sql ] [ SQL ] SELECT * FROM `xh_member` WHERE  (  id=1348 ) LIMIT 1 [ RunTime:0.010214s ]
[ sql ] [ SQL ] SELECT sum(dealAmount) FROM `xh_stock_order` WHERE  `memberId` = 1348  AND `status` = 1  AND `isFreetrial` = 0 [ RunTime:0.011570s ]
[ sql ] [ SQL ] SELECT `usableSum` FROM `xh_member` WHERE  `id` = 1348 LIMIT 1 [ RunTime:0.011031s ]
[ sql ] [ SQL ] SELECT `stockCode` FROM `xh_stock_order` WHERE  `memberId` = 1348  AND `status` = 1 [ RunTime:0.011598s ]
[ sql ] [ SQL ] SELECT `market` FROM `xh_shares` WHERE  `code` = '000001' LIMIT 1 [ RunTime:0.011888s ]
[ sql ] [ SQL ] SHOW COLUMNS FROM `xh_article` [ RunTime:0.010309s ]
[ sql ] [ SQL ] SELECT * FROM `xh_article` ORDER BY `createTime`  desc LIMIT 7 [ RunTime:0.011791s ]
[ sql ] [ SQL ] SHOW COLUMNS FROM `xh_notice` [ RunTime:0.012045s ]
[ sql ] [ SQL ] SELECT * FROM `xh_notice` ORDER BY `createTime`  desc LIMIT 7 [ RunTime:0.012219s ]
[ sql ] [ SQL ] SELECT COUNT(*) AS tp_count FROM `xh_notice` LIMIT 1 [ RunTime:0.011538s ]
[ sql ] [ SQL ] SELECT * FROM `xh_notice` ORDER BY `createTime`  desc LIMIT 1 [ RunTime:0.012419s ]
[ sql ] [ SQL ] SHOW COLUMNS FROM `xh_emergency_notice` [ RunTime:0.010553s ]
[ sql ] [ SQL ] SELECT * FROM `xh_emergency_notice` LIMIT 1 [ RunTime:0.011531s ]
[ error ] [8]未定义数组下标: 1[D:\phpStudy\WWW\feichangcelue\thinkphp\library\think\db\Query.php:1365]
[ error ] [8]未定义数组下标: 1[D:\phpStudy\WWW\feichangcelue\thinkphp\library\think\db\Query.php:1365]
[ error ] [8]未定义数组索引: ajax_html[D:\phpStudy\WWW\feichangcelue\application\index\controller\Index.php:90]
[ error ] [2]trim() expects parameter 1 to be string, array given[D:\phpStudy\WWW\feichangcelue\application\index\controller\Index.php:99]
[ error ] [2]trim() expects parameter 1 to be string, array given[D:\phpStudy\WWW\feichangcelue\application\index\controller\Index.php:104]
[ error ] [8]未定义变量: count[D:\phpStudy\WWW\feichangcelue\runtime\temp\24d5ec5380bee8b19256d0f24a3c7af8.php:242]
[ error ] [8]未定义变量: earnSum[D:\phpStudy\WWW\feichangcelue\runtime\temp\24d5ec5380bee8b19256d0f24a3c7af8.php:243]
---------------------------------------------------------------
[ 2018-11-01T15:35:19+08:00 ] ::1 ::1 GET /feichangcelue/public/static/static/home/js/moblie/mui.min.js
[ info ] localhost/feichangcelue/public/static/static/home/js/moblie/mui.min.js [运行时间：0.427770s][吞吐率：2.34req/s] [内存消耗：2,014.17kb] [文件加载：47]
[ info ] [ LANG ] D:\phpStudy\WWW\feichangcelue\thinkphp\lang\zh-cn.php
[ info ] [ ROUTE ] array (
  'type' => 'module',
  'module' => 
  array (
    0 => 'public',
    1 => 'static',
    2 => 'static',
  ),
)
[ info ] [ HEADER ] array (
  'host' => 'localhost',
  'connection' => 'keep-alive',
  'user-agent' => 'Mozilla/5.0 (Windows NT 6.3; WOW64) AppleWebKit/537.36 (KHTML, like Gecko) Chrome/59.0.3071.86 Safari/537.36',
  'accept' => '*/*',
  'referer' => 'http://localhost/feichangcelue/',
  'accept-encoding' => 'gzip, deflate, br',
  'accept-language' => 'zh-CN,zh;q=0.8',
  'cookie' => 'PHPSESSID=ldo5cbnl0rvm8fjo0j2evfva30; pageReferrInSession=http%3A//localhost/feichangcelue/doLogin.html; firstEnterUrlInSession=http%3A//localhost/feichangcelue/; dolphin_home___forward__=%2Ffeichangcelue%2Fadmin.php%2Fadmin%2Fnotemsg%2Funread.html',
)
[ info ] [ PARAM ] array (
  'home' => 'js',
  'moblie' => 'mui.min.js',
)
[ info ] [ CACHE ] INIT File
[ info ] [ BEHAVIOR ] Run app\common\behavior\Config @app_begin [ RunTime:0.020180s ]
[ info ] [ BEHAVIOR ] Run app\common\behavior\Hook @app_begin [ RunTime:0.090281s ]
[ info ] [ LOG ] INIT File
---------------------------------------------------------------
[ 2018-11-01T15:35:19+08:00 ] ::1 ::1 GET /feichangcelue/public/static/static/home/js/moblie/reg.js
[ info ] localhost/feichangcelue/public/static/static/home/js/moblie/reg.js [运行时间：0.436374s][吞吐率：2.29req/s] [内存消耗：2,014.12kb] [文件加载：47]
[ info ] [ LANG ] D:\phpStudy\WWW\feichangcelue\thinkphp\lang\zh-cn.php
[ info ] [ ROUTE ] array (
  'type' => 'module',
  'module' => 
  array (
    0 => 'public',
    1 => 'static',
    2 => 'static',
  ),
)
[ info ] [ HEADER ] array (
  'host' => 'localhost',
  'connection' => 'keep-alive',
  'user-agent' => 'Mozilla/5.0 (Windows NT 6.3; WOW64) AppleWebKit/537.36 (KHTML, like Gecko) Chrome/59.0.3071.86 Safari/537.36',
  'accept' => '*/*',
  'referer' => 'http://localhost/feichangcelue/',
  'accept-encoding' => 'gzip, deflate, br',
  'accept-language' => 'zh-CN,zh;q=0.8',
  'cookie' => 'PHPSESSID=ldo5cbnl0rvm8fjo0j2evfva30; pageReferrInSession=http%3A//localhost/feichangcelue/doLogin.html; firstEnterUrlInSession=http%3A//localhost/feichangcelue/; dolphin_home___forward__=%2Ffeichangcelue%2Fadmin.php%2Fadmin%2Fnotemsg%2Funread.html',
)
[ info ] [ PARAM ] array (
  'home' => 'js',
  'moblie' => 'reg.js',
)
[ info ] [ CACHE ] INIT File
[ info ] [ BEHAVIOR ] Run app\common\behavior\Config @app_begin [ RunTime:0.016298s ]
[ info ] [ BEHAVIOR ] Run app\common\behavior\Hook @app_begin [ RunTime:0.048485s ]
[ info ] [ LOG ] INIT File
---------------------------------------------------------------
[ 2018-11-01T15:35:19+08:00 ] ::1 ::1 GET /feichangcelue/public/static/home/img/index_tr_up.jpg
[ info ] localhost/feichangcelue/public/static/home/img/index_tr_up.jpg [运行时间：0.171816s][吞吐率：5.82req/s] [内存消耗：2,014.18kb] [文件加载：47]
[ info ] [ LANG ] D:\phpStudy\WWW\feichangcelue\thinkphp\lang\zh-cn.php
[ info ] [ ROUTE ] array (
  'type' => 'module',
  'module' => 
  array (
    0 => 'public',
    1 => 'static',
    2 => 'home',
  ),
)
[ info ] [ HEADER ] array (
  'host' => 'localhost',
  'connection' => 'keep-alive',
  'user-agent' => 'Mozilla/5.0 (Windows NT 6.3; WOW64) AppleWebKit/537.36 (KHTML, like Gecko) Chrome/59.0.3071.86 Safari/537.36',
  'accept' => 'image/webp,image/apng,image/*,*/*;q=0.8',
  'referer' => 'http://localhost/feichangcelue/public/static/home/css/index.css',
  'accept-encoding' => 'gzip, deflate, br',
  'accept-language' => 'zh-CN,zh;q=0.8',
  'cookie' => 'PHPSESSID=ldo5cbnl0rvm8fjo0j2evfva30; pageReferrInSession=http%3A//localhost/feichangcelue/doLogin.html; firstEnterUrlInSession=http%3A//localhost/feichangcelue/; dolphin_home___forward__=%2Ffeichangcelue%2Fadmin.php%2Fadmin%2Fnotemsg%2Funread.html',
)
[ info ] [ PARAM ] array (
  'img' => 'index_tr_up.jpg',
)
[ info ] [ CACHE ] INIT File
[ info ] [ BEHAVIOR ] Run app\common\behavior\Config @app_begin [ RunTime:0.011166s ]
[ info ] [ BEHAVIOR ] Run app\common\behavior\Hook @app_begin [ RunTime:0.025139s ]
[ info ] [ LOG ] INIT File
---------------------------------------------------------------
[ 2018-11-01T15:35:21+08:00 ] ::1 ::1 GET /feichangcelue/public/static/static/home/js/moblie/mui.min.js
[ info ] localhost/feichangcelue/public/static/static/home/js/moblie/mui.min.js [运行时间：0.288622s][吞吐率：3.46req/s] [内存消耗：2,014.21kb] [文件加载：47]
[ info ] [ LANG ] D:\phpStudy\WWW\feichangcelue\thinkphp\lang\zh-cn.php
[ info ] [ ROUTE ] array (
  'type' => 'module',
  'module' => 
  array (
    0 => 'public',
    1 => 'static',
    2 => 'static',
  ),
)
[ info ] [ HEADER ] array (
  'host' => 'localhost',
  'connection' => 'keep-alive',
  'user-agent' => 'Mozilla/5.0 (Windows NT 6.3; WOW64) AppleWebKit/537.36 (KHTML, like Gecko) Chrome/59.0.3071.86 Safari/537.36',
  'accept' => '*/*',
  'referer' => 'http://localhost/feichangcelue/',
  'accept-encoding' => 'gzip, deflate, br',
  'accept-language' => 'zh-CN,zh;q=0.8',
  'cookie' => 'PHPSESSID=ldo5cbnl0rvm8fjo0j2evfva30; firstEnterUrlInSession=http%3A//localhost/feichangcelue/; dolphin_home___forward__=%2Ffeichangcelue%2Fadmin.php%2Fadmin%2Fnotemsg%2Funread.html; pageReferrInSession=http%3A//localhost/feichangcelue/doLogin.html',
)
[ info ] [ PARAM ] array (
  'home' => 'js',
  'moblie' => 'mui.min.js',
)
[ info ] [ CACHE ] INIT File
[ info ] [ BEHAVIOR ] Run app\common\behavior\Config @app_begin [ RunTime:0.017855s ]
[ info ] [ BEHAVIOR ] Run app\common\behavior\Hook @app_begin [ RunTime:0.069818s ]
[ info ] [ LOG ] INIT File
---------------------------------------------------------------
[ 2018-11-01T15:35:21+08:00 ] ::1 ::1 GET /feichangcelue/public/static/static/home/js/moblie/reg.js
[ info ] localhost/feichangcelue/public/static/static/home/js/moblie/reg.js [运行时间：0.227211s][吞吐率：4.40req/s] [内存消耗：2,014.16kb] [文件加载：47]
[ info ] [ LANG ] D:\phpStudy\WWW\feichangcelue\thinkphp\lang\zh-cn.php
[ info ] [ ROUTE ] array (
  'type' => 'module',
  'module' => 
  array (
    0 => 'public',
    1 => 'static',
    2 => 'static',
  ),
)
[ info ] [ HEADER ] array (
  'host' => 'localhost',
  'connection' => 'keep-alive',
  'user-agent' => 'Mozilla/5.0 (Windows NT 6.3; WOW64) AppleWebKit/537.36 (KHTML, like Gecko) Chrome/59.0.3071.86 Safari/537.36',
  'accept' => '*/*',
  'referer' => 'http://localhost/feichangcelue/',
  'accept-encoding' => 'gzip, deflate, br',
  'accept-language' => 'zh-CN,zh;q=0.8',
  'cookie' => 'PHPSESSID=ldo5cbnl0rvm8fjo0j2evfva30; firstEnterUrlInSession=http%3A//localhost/feichangcelue/; dolphin_home___forward__=%2Ffeichangcelue%2Fadmin.php%2Fadmin%2Fnotemsg%2Funread.html; pageReferrInSession=http%3A//localhost/feichangcelue/doLogin.html',
)
[ info ] [ PARAM ] array (
  'home' => 'js',
  'moblie' => 'reg.js',
)
[ info ] [ CACHE ] INIT File
[ info ] [ BEHAVIOR ] Run app\common\behavior\Config @app_begin [ RunTime:0.015739s ]
[ info ] [ BEHAVIOR ] Run app\common\behavior\Hook @app_begin [ RunTime:0.024813s ]
[ info ] [ LOG ] INIT File
---------------------------------------------------------------
[ 2018-11-01T15:35:22+08:00 ] ::1 ::1 POST /feichangcelue/pc_broadcast.html
[ info ] localhost/feichangcelue/pc_broadcast.html [运行时间：0.467501s][吞吐率：2.14req/s] [内存消耗：3,296.13kb] [文件加载：57]
[ info ] [ LANG ] D:\phpStudy\WWW\feichangcelue\thinkphp\lang\zh-cn.php
[ info ] [ ROUTE ] array (
  'type' => 'module',
  'module' => 
  array (
    0 => 'index',
    1 => 'index',
    2 => 'pc_broadcast',
  ),
  'convert' => false,
)
[ info ] [ HEADER ] array (
  'host' => 'localhost',
  'connection' => 'keep-alive',
  'content-length' => '0',
  'accept' => 'application/json, text/javascript, */*; q=0.01',
  'origin' => 'http://localhost',
  'x-requested-with' => 'XMLHttpRequest',
  'user-agent' => 'Mozilla/5.0 (Windows NT 6.3; WOW64) AppleWebKit/537.36 (KHTML, like Gecko) Chrome/59.0.3071.86 Safari/537.36',
  'referer' => 'http://localhost/feichangcelue/',
  'accept-encoding' => 'gzip, deflate, br',
  'accept-language' => 'zh-CN,zh;q=0.8',
  'cookie' => 'PHPSESSID=ldo5cbnl0rvm8fjo0j2evfva30; firstEnterUrlInSession=http%3A//localhost/feichangcelue/; dolphin_home___forward__=%2Ffeichangcelue%2Fadmin.php%2Fadmin%2Fnotemsg%2Funread.html; pageReferrInSession=http%3A//localhost/feichangcelue/doLogin.html',
)
[ info ] [ PARAM ] array (
)
[ info ] [ CACHE ] INIT File
[ info ] [ BEHAVIOR ] Run app\common\behavior\Config @app_begin [ RunTime:0.013083s ]
[ info ] [ BEHAVIOR ] Run app\common\behavior\Hook @app_begin [ RunTime:0.025529s ]
[ info ] [ DB ] INIT mysql
[ info ] [ RUN ] app\index\controller\Index->pc_broadcast[ D:\phpStudy\WWW\feichangcelue\application\index\controller\Index.php ]
[ info ] [ LOG ] INIT File
[ sql ] [ DB ] CONNECT:[ UseTime:0.029423s ] mysql:dbname=peizi;host=rm-wz9l3z92630ora5wjwo.mysql.rds.aliyuncs.com;port=3306;charset=utf8
[ sql ] [ SQL ] SHOW COLUMNS FROM `xh_member` [ RunTime:0.013856s ]
[ sql ] [ SQL ] SELECT `usableSum` FROM `xh_member` WHERE  (  id=1348 ) LIMIT 1 [ RunTime:0.012771s ]
[ sql ] [ SQL ] SHOW COLUMNS FROM `xh_images` [ RunTime:0.012728s ]
[ sql ] [ SQL ] SELECT `src`,`href` FROM `xh_images` WHERE  `type` = 1 ORDER BY `id`  desc LIMIT 0,3 [ RunTime:0.012814s ]
---------------------------------------------------------------
[ 2018-11-01T15:35:22+08:00 ] ::1 ::1 GET /feichangcelue/index_information.html
[ info ] localhost/feichangcelue/index_information.html [运行时间：0.961284s][吞吐率：1.04req/s] [内存消耗：3,680.84kb] [文件加载：64]
[ info ] [ LANG ] D:\phpStudy\WWW\feichangcelue\thinkphp\lang\zh-cn.php
[ info ] [ ROUTE ] array (
  'type' => 'module',
  'module' => 
  array (
    0 => 'index',
    1 => 'index',
    2 => 'index_information',
  ),
  'convert' => false,
)
[ info ] [ HEADER ] array (
  'host' => 'localhost',
  'connection' => 'keep-alive',
  'accept' => 'text/html, */*; q=0.01',
  'x-requested-with' => 'XMLHttpRequest',
  'user-agent' => 'Mozilla/5.0 (Windows NT 6.3; WOW64) AppleWebKit/537.36 (KHTML, like Gecko) Chrome/59.0.3071.86 Safari/537.36',
  'referer' => 'http://localhost/feichangcelue/',
  'accept-encoding' => 'gzip, deflate, br',
  'accept-language' => 'zh-CN,zh;q=0.8',
  'cookie' => 'PHPSESSID=ldo5cbnl0rvm8fjo0j2evfva30; firstEnterUrlInSession=http%3A//localhost/feichangcelue/; dolphin_home___forward__=%2Ffeichangcelue%2Fadmin.php%2Fadmin%2Fnotemsg%2Funread.html; pageReferrInSession=http%3A//localhost/feichangcelue/doLogin.html',
)
[ info ] [ PARAM ] array (
)
[ info ] [ CACHE ] INIT File
[ info ] [ BEHAVIOR ] Run app\common\behavior\Config @app_begin [ RunTime:0.010505s ]
[ info ] [ BEHAVIOR ] Run app\common\behavior\Hook @app_begin [ RunTime:0.034049s ]
[ info ] [ DB ] INIT mysql
[ info ] [ RUN ] app\index\controller\Index->index_information[ D:\phpStudy\WWW\feichangcelue\application\index\controller\Index.php ]
[ info ] [ VIEW ] D:\phpStudy\WWW\feichangcelue/application/index\view\index\index_information.html [ array (
  0 => 'phone',
  1 => 'QQ',
  2 => 'usableSum',
  3 => 'res_bei',
  4 => 'res_money',
  5 => 'cordon_line',
  6 => 'loss_line',
  7 => 'levers_1',
  8 => 'levers_2',
  9 => 'levers_3',
  10 => 'levers_4',
  11 => 'levers_5',
  12 => 'levers_6',
  13 => 'levers_7',
  14 => 'levers_8',
  15 => 'levers_9',
  16 => 'levers_10',
  17 => 'lossLine',
  18 => 'stopLossRate',
) ]
[ info ] [ LOG ] INIT File
[ sql ] [ DB ] CONNECT:[ UseTime:0.039751s ] mysql:dbname=peizi;host=rm-wz9l3z92630ora5wjwo.mysql.rds.aliyuncs.com;port=3306;charset=utf8
[ sql ] [ SQL ] SHOW COLUMNS FROM `xh_member` [ RunTime:0.019655s ]
[ sql ] [ SQL ] SELECT `usableSum` FROM `xh_member` WHERE  (  id=1348 ) LIMIT 1 [ RunTime:0.018059s ]
[ sql ] [ SQL ] SHOW COLUMNS FROM `xh_stock_interest_lever` [ RunTime:0.018947s ]
[ sql ] [ SQL ] SELECT `interest` FROM `xh_stock_interest_lever` WHERE  (  `levers`='5' ) LIMIT 1 [ RunTime:0.017321s ]
[ sql ] [ SQL ] SHOW COLUMNS FROM `xh_sys_params` [ RunTime:0.018311s ]
[ sql ] [ SQL ] SELECT `value` FROM `xh_sys_params` WHERE  (  `key` = 'lossLine' ) LIMIT 1 [ RunTime:0.017992s ]
[ sql ] [ SQL ] SELECT `value` FROM `xh_sys_params` WHERE  (  `key` = 'stopLossRate' ) LIMIT 1 [ RunTime:0.017725s ]
[ sql ] [ SQL ] SELECT `interest` FROM `xh_stock_interest_lever` WHERE  (  `levers`='1' ) LIMIT 1 [ RunTime:0.017635s ]
[ sql ] [ SQL ] SELECT `interest` FROM `xh_stock_interest_lever` WHERE  (  `levers`='2' ) LIMIT 1 [ RunTime:0.017847s ]
[ sql ] [ SQL ] SELECT `interest` FROM `xh_stock_interest_lever` WHERE  (  `levers`='3' ) LIMIT 1 [ RunTime:0.018359s ]
[ sql ] [ SQL ] SELECT `interest` FROM `xh_stock_interest_lever` WHERE  (  `levers`='4' ) LIMIT 1 [ RunTime:0.017670s ]
[ sql ] [ SQL ] SELECT `interest` FROM `xh_stock_interest_lever` WHERE  (  `levers`='5' ) LIMIT 1 [ RunTime:0.018628s ]
[ sql ] [ SQL ] SELECT `interest` FROM `xh_stock_interest_lever` WHERE  (  `levers`='6' ) LIMIT 1 [ RunTime:0.018693s ]
[ sql ] [ SQL ] SELECT `interest` FROM `xh_stock_interest_lever` WHERE  (  `levers`='7' ) LIMIT 1 [ RunTime:0.018679s ]
[ sql ] [ SQL ] SELECT `interest` FROM `xh_stock_interest_lever` WHERE  (  `levers`='8' ) LIMIT 1 [ RunTime:0.018603s ]
[ sql ] [ SQL ] SELECT `interest` FROM `xh_stock_interest_lever` WHERE  (  `levers`='9' ) LIMIT 1 [ RunTime:0.018021s ]
[ sql ] [ SQL ] SELECT `interest` FROM `xh_stock_interest_lever` WHERE  (  `levers`='10' ) LIMIT 1 [ RunTime:0.018637s ]
[ sql ] [ SQL ] SELECT `value` FROM `xh_sys_params` WHERE  (  `key` = 'lossLine' ) LIMIT 1 [ RunTime:0.018192s ]
[ sql ] [ SQL ] SELECT `value` FROM `xh_sys_params` WHERE  (  `key` = 'stopLossRate' ) LIMIT 1 [ RunTime:0.018556s ]
---------------------------------------------------------------
[ 2018-11-01T15:35:29+08:00 ] ::1 ::1 GET /feichangcelue/
[ info ] localhost/feichangcelue/ [运行时间：1.347986s][吞吐率：0.74req/s] [内存消耗：4,141.00kb] [文件加载：69]
[ info ] [ LANG ] D:\phpStudy\WWW\feichangcelue\thinkphp\lang\zh-cn.php
[ info ] [ ROUTE ] array (
  'type' => 'module',
  'module' => 
  array (
    0 => '',
    1 => NULL,
    2 => NULL,
  ),
)
[ info ] [ HEADER ] array (
  'host' => 'localhost',
  'connection' => 'keep-alive',
  'pragma' => 'no-cache',
  'cache-control' => 'no-cache',
  'upgrade-insecure-requests' => '1',
  'user-agent' => 'Mozilla/5.0 (iPhone; CPU iPhone OS 9_1 like Mac OS X) AppleWebKit/601.1.46 (KHTML, like Gecko) Version/9.0 Mobile/13B143 Safari/601.1',
  'accept' => 'text/html,application/xhtml+xml,application/xml;q=0.9,image/webp,image/apng,*/*;q=0.8',
  'accept-encoding' => 'gzip, deflate, br',
  'accept-language' => 'zh-CN,zh;q=0.8',
  'cookie' => 'PHPSESSID=ldo5cbnl0rvm8fjo0j2evfva30; firstEnterUrlInSession=http%3A//localhost/feichangcelue/; dolphin_home___forward__=%2Ffeichangcelue%2Fadmin.php%2Fadmin%2Fnotemsg%2Funread.html; pageReferrInSession=http%3A//localhost/feichangcelue/doLogin.html; Hm_lvt_f571b55302a951627ab98145b99cdaab=1541057722; Hm_lpvt_f571b55302a951627ab98145b99cdaab=1541057722; VisitorCapacity=1',
)
[ info ] [ PARAM ] array (
)
[ info ] [ CACHE ] INIT File
[ info ] [ BEHAVIOR ] Run app\common\behavior\Config @app_begin [ RunTime:0.019231s ]
[ info ] [ BEHAVIOR ] Run app\common\behavior\Hook @app_begin [ RunTime:0.031597s ]
[ info ] [ DB ] INIT mysql
[ info ] [ RUN ] app\index\controller\Index->index[ D:\phpStudy\WWW\feichangcelue\application\index\controller\Index.php ]
[ info ] [ VIEW ] D:\phpStudy\WWW\feichangcelue/application/index\view\index\mobile\index.html [ array (
  0 => 'phone',
  1 => 'QQ',
  2 => 'usableSum',
  3 => 'member',
  4 => 'profitSum',
  5 => 'peizi',
  6 => 'res',
  7 => 'balance',
  8 => 'ablePrice',
  9 => 'real_disk_sum',
  10 => 'guaranteeFee',
  11 => 'buyList',
) ]
[ info ] [ LOG ] INIT File
[ sql ] [ DB ] CONNECT:[ UseTime:0.037337s ] mysql:dbname=peizi;host=rm-wz9l3z92630ora5wjwo.mysql.rds.aliyuncs.com;port=3306;charset=utf8
[ sql ] [ SQL ] SHOW COLUMNS FROM `xh_member` [ RunTime:0.018532s ]
[ sql ] [ SQL ] SELECT `usableSum` FROM `xh_member` WHERE  (  id=1348 ) LIMIT 1 [ RunTime:0.017055s ]
[ sql ] [ SQL ] select a.stockCode, c.`name` as stockName,  a.createTime, b.username,b.mobile
			from xh_stock_order as a, xh_member as b, xh_shares as c
			 WHERE isFreetrial=0 and a.memberId = b.id and a.stockCode=c.`code`
			order by a.id desc limit 7 [ RunTime:0.016497s ]
[ sql ] [ SQL ] SHOW COLUMNS FROM `xh_stock_order` [ RunTime:0.018396s ]
[ sql ] [ SQL ] SELECT COUNT(*) AS tp_count FROM `xh_stock_order` WHERE  (  isFreetrial=0 ) LIMIT 1 [ RunTime:0.016914s ]
[ sql ] [ SQL ] SELECT sum(guaranteeFee) FROM `xh_stock_order` WHERE  `memberId` = 1348  AND `status` = 1  AND `isFreetrial` = 0 [ RunTime:0.017513s ]
[ sql ] [ SQL ] SELECT `stockCode` FROM `xh_stock_order` WHERE  `memberId` = 1348  AND `status` = 1  AND `isFreetrial` = 0 ORDER BY createTime desc [ RunTime:0.017271s ]
[ sql ] [ SQL ] SHOW COLUMNS FROM `xh_shares` [ RunTime:0.017792s ]
[ sql ] [ SQL ] SELECT `market` FROM `xh_shares` WHERE  `code` = '000001' LIMIT 1 [ RunTime:0.015271s ]
[ sql ] [ SQL ] SELECT `market` FROM `xh_shares` WHERE  `code` = '000001' LIMIT 1 [ RunTime:0.015290s ]
[ sql ] [ SQL ] SELECT `market` FROM `xh_shares` WHERE  `code` = '000001' LIMIT 1 [ RunTime:0.016119s ]
[ sql ] [ SQL ] SELECT `xh_stock_order`.*,xh_shares.name as stockName,`xh_shares`.`market` FROM `xh_stock_order`,`xh_shares` WHERE  (   xh_stock_order.stockCode = xh_shares.`code` and xh_stock_order.memberId=1348 and isFreetrial=0 and status = 1 ) ORDER BY createTime desc [ RunTime:0.018278s ]
[ sql ] [ SQL ] SELECT `usableSum` FROM `xh_member` WHERE  (  id=1348 ) LIMIT 1 [ RunTime:0.016579s ]
[ sql ] [ SQL ] SELECT * FROM `xh_member` WHERE  (  id=1348 ) LIMIT 1 [ RunTime:0.017741s ]
[ sql ] [ SQL ] SELECT `usableSum` FROM `xh_member` WHERE  (  id=1348 ) LIMIT 1 [ RunTime:0.016013s ]
[ sql ] [ SQL ] SELECT * FROM `xh_member` WHERE  (  id=1348 ) LIMIT 1 [ RunTime:0.017811s ]
[ sql ] [ SQL ] SELECT `usableSum` FROM `xh_member` WHERE  (  id=1348 ) LIMIT 1 [ RunTime:0.016166s ]
[ sql ] [ SQL ] SELECT * FROM `xh_member` WHERE  (  id=1348 ) LIMIT 1 [ RunTime:0.017456s ]
[ sql ] [ SQL ] SELECT sum(dealAmount) FROM `xh_stock_order` WHERE  `memberId` = 1348  AND `status` = 1  AND `isFreetrial` = 0 [ RunTime:0.016220s ]
[ sql ] [ SQL ] SELECT `usableSum` FROM `xh_member` WHERE  `id` = 1348 LIMIT 1 [ RunTime:0.017169s ]
[ sql ] [ SQL ] SELECT `stockCode` FROM `xh_stock_order` WHERE  `memberId` = 1348  AND `status` = 1 [ RunTime:0.017407s ]
[ sql ] [ SQL ] SELECT `market` FROM `xh_shares` WHERE  `code` = '000001' LIMIT 1 [ RunTime:0.016974s ]
[ sql ] [ SQL ] SELECT `usableSum` FROM `xh_member` WHERE  (  id=1348 ) LIMIT 1 [ RunTime:0.016012s ]
[ error ] [8]未定义数组下标: 1[D:\phpStudy\WWW\feichangcelue\thinkphp\library\think\db\Query.php:1365]
[ error ] [8]未定义数组下标: 1[D:\phpStudy\WWW\feichangcelue\thinkphp\library\think\db\Query.php:1365]
[ error ] [8]未定义数组索引: ajax_html[D:\phpStudy\WWW\feichangcelue\application\index\controller\Index.php:90]
[ error ] [2]trim() expects parameter 1 to be string, array given[D:\phpStudy\WWW\feichangcelue\application\index\controller\Index.php:99]
[ error ] [2]trim() expects parameter 1 to be string, array given[D:\phpStudy\WWW\feichangcelue\application\index\controller\Index.php:104]
[ error ] [8]Trying to get property of non-object[D:\phpStudy\WWW\feichangcelue\application\index\controller\Index.php:115]
[ error ] [8]未定义变量: earnSum[D:\phpStudy\WWW\feichangcelue\runtime\temp\92ab0b2d433299508c9c6b711f69d093.php:140]
---------------------------------------------------------------
[ 2018-11-01T15:35:30+08:00 ] ::1 ::1 GET /feichangcelue/public/stock/js/maps/swiper.jquery.min.js.map
[ info ] localhost/feichangcelue/public/stock/js/maps/swiper.jquery.min.js.map [运行时间：0.426641s][吞吐率：2.34req/s] [内存消耗：2,014.41kb] [文件加载：47]
[ info ] [ LANG ] D:\phpStudy\WWW\feichangcelue\thinkphp\lang\zh-cn.php
[ info ] [ ROUTE ] array (
  'type' => 'module',
  'module' => 
  array (
    0 => 'public',
    1 => 'stock',
    2 => 'js',
  ),
)
[ info ] [ HEADER ] array (
  'host' => 'localhost',
  'connection' => 'keep-alive',
  'user-agent' => 'Mozilla/5.0 (iPhone; CPU iPhone OS 9_1 like Mac OS X) AppleWebKit/601.1.46 (KHTML, like Gecko) Version/9.0 Mobile/13B143 Safari/601.1',
  'cache-control' => 'no-cache',
  'accept-encoding' => 'gzip, deflate, br',
  'accept-language' => 'zh-CN,zh;q=0.8',
  'cookie' => 'PHPSESSID=ldo5cbnl0rvm8fjo0j2evfva30; firstEnterUrlInSession=http%3A//localhost/feichangcelue/; dolphin_home___forward__=%2Ffeichangcelue%2Fadmin.php%2Fadmin%2Fnotemsg%2Funread.html; pageReferrInSession=http%3A//localhost/feichangcelue/doLogin.html; Hm_lvt_f571b55302a951627ab98145b99cdaab=1541057722; Hm_lpvt_f571b55302a951627ab98145b99cdaab=1541057722; VisitorCapacity=1',
)
[ info ] [ PARAM ] array (
  'maps' => 'swiper.jquery.min.js.map',
)
[ info ] [ CACHE ] INIT File
[ info ] [ BEHAVIOR ] Run app\common\behavior\Config @app_begin [ RunTime:0.035285s ]
[ info ] [ BEHAVIOR ] Run app\common\behavior\Hook @app_begin [ RunTime:0.028894s ]
[ info ] [ LOG ] INIT File
---------------------------------------------------------------
[ 2018-11-01T15:35:30+08:00 ] ::1 ::1 POST /feichangcelue/app_broadcast.html
[ info ] localhost/feichangcelue/app_broadcast.html [运行时间：0.617852s][吞吐率：1.62req/s] [内存消耗：3,297.16kb] [文件加载：57]
[ info ] [ LANG ] D:\phpStudy\WWW\feichangcelue\thinkphp\lang\zh-cn.php
[ info ] [ ROUTE ] array (
  'type' => 'module',
  'module' => 
  array (
    0 => 'index',
    1 => 'index',
    2 => 'app_broadcast',
  ),
  'convert' => false,
)
[ info ] [ HEADER ] array (
  'host' => 'localhost',
  'connection' => 'keep-alive',
  'content-length' => '0',
  'pragma' => 'no-cache',
  'cache-control' => 'no-cache',
  'accept' => 'application/json, text/javascript, */*; q=0.01',
  'origin' => 'http://localhost',
  'x-requested-with' => 'XMLHttpRequest',
  'user-agent' => 'Mozilla/5.0 (iPhone; CPU iPhone OS 9_1 like Mac OS X) AppleWebKit/601.1.46 (KHTML, like Gecko) Version/9.0 Mobile/13B143 Safari/601.1',
  'referer' => 'http://localhost/feichangcelue/',
  'accept-encoding' => 'gzip, deflate, br',
  'accept-language' => 'zh-CN,zh;q=0.8',
  'cookie' => 'PHPSESSID=ldo5cbnl0rvm8fjo0j2evfva30; firstEnterUrlInSession=http%3A//localhost/feichangcelue/; dolphin_home___forward__=%2Ffeichangcelue%2Fadmin.php%2Fadmin%2Fnotemsg%2Funread.html; pageReferrInSession=http%3A//localhost/feichangcelue/doLogin.html; Hm_lvt_f571b55302a951627ab98145b99cdaab=1541057722; Hm_lpvt_f571b55302a951627ab98145b99cdaab=1541057722; VisitorCapacity=1',
)
[ info ] [ PARAM ] array (
)
[ info ] [ CACHE ] INIT File
[ info ] [ BEHAVIOR ] Run app\common\behavior\Config @app_begin [ RunTime:0.015860s ]
[ info ] [ BEHAVIOR ] Run app\common\behavior\Hook @app_begin [ RunTime:0.078257s ]
[ info ] [ DB ] INIT mysql
[ info ] [ RUN ] app\index\controller\Index->app_broadcast[ D:\phpStudy\WWW\feichangcelue\application\index\controller\Index.php ]
[ info ] [ LOG ] INIT File
[ sql ] [ DB ] CONNECT:[ UseTime:0.034658s ] mysql:dbname=peizi;host=rm-wz9l3z92630ora5wjwo.mysql.rds.aliyuncs.com;port=3306;charset=utf8
[ sql ] [ SQL ] SHOW COLUMNS FROM `xh_member` [ RunTime:0.013603s ]
[ sql ] [ SQL ] SELECT `usableSum` FROM `xh_member` WHERE  (  id=1348 ) LIMIT 1 [ RunTime:0.012008s ]
[ sql ] [ SQL ] SHOW COLUMNS FROM `xh_images` [ RunTime:0.011838s ]
[ sql ] [ SQL ] SELECT `src`,`href` FROM `xh_images` WHERE  `type` = 2 ORDER BY `id`  desc LIMIT 0,3 [ RunTime:0.008774s ]
---------------------------------------------------------------
[ 2018-11-01T15:35:31+08:00 ] ::1 ::1 POST /feichangcelue/stock_exponential_sh.html
[ info ] localhost/feichangcelue/stock_exponential_sh.html [运行时间：0.772047s][吞吐率：1.30req/s] [内存消耗：3,390.26kb] [文件加载：57]
[ info ] [ LANG ] D:\phpStudy\WWW\feichangcelue\thinkphp\lang\zh-cn.php
[ info ] [ ROUTE ] array (
  'type' => 'module',
  'module' => 
  array (
    0 => 'index',
    1 => 'index',
    2 => 'stock_exponential_sh',
  ),
  'convert' => false,
)
[ info ] [ HEADER ] array (
  'host' => 'localhost',
  'connection' => 'keep-alive',
  'content-length' => '0',
  'pragma' => 'no-cache',
  'cache-control' => 'no-cache',
  'accept' => 'application/json, text/javascript, */*; q=0.01',
  'origin' => 'http://localhost',
  'x-requested-with' => 'XMLHttpRequest',
  'user-agent' => 'Mozilla/5.0 (iPhone; CPU iPhone OS 9_1 like Mac OS X) AppleWebKit/601.1.46 (KHTML, like Gecko) Version/9.0 Mobile/13B143 Safari/601.1',
  'referer' => 'http://localhost/feichangcelue/',
  'accept-encoding' => 'gzip, deflate, br',
  'accept-language' => 'zh-CN,zh;q=0.8',
  'cookie' => 'PHPSESSID=ldo5cbnl0rvm8fjo0j2evfva30; firstEnterUrlInSession=http%3A//localhost/feichangcelue/; dolphin_home___forward__=%2Ffeichangcelue%2Fadmin.php%2Fadmin%2Fnotemsg%2Funread.html; pageReferrInSession=http%3A//localhost/feichangcelue/doLogin.html; Hm_lvt_f571b55302a951627ab98145b99cdaab=1541057722; Hm_lpvt_f571b55302a951627ab98145b99cdaab=1541057722; VisitorCapacity=1',
)
[ info ] [ PARAM ] array (
)
[ info ] [ CACHE ] INIT File
[ info ] [ BEHAVIOR ] Run app\common\behavior\Config @app_begin [ RunTime:0.022862s ]
[ info ] [ BEHAVIOR ] Run app\common\behavior\Hook @app_begin [ RunTime:0.066531s ]
[ info ] [ DB ] INIT mysql
[ info ] [ RUN ] app\index\controller\Index->stock_exponential_sh[ D:\phpStudy\WWW\feichangcelue\application\index\controller\Index.php ]
[ info ] [ LOG ] INIT File
[ sql ] [ DB ] CONNECT:[ UseTime:0.038609s ] mysql:dbname=peizi;host=rm-wz9l3z92630ora5wjwo.mysql.rds.aliyuncs.com;port=3306;charset=utf8
[ sql ] [ SQL ] SHOW COLUMNS FROM `xh_member` [ RunTime:0.019523s ]
[ sql ] [ SQL ] SELECT `usableSum` FROM `xh_member` WHERE  (  id=1348 ) LIMIT 1 [ RunTime:0.018435s ]
---------------------------------------------------------------
[ 2018-11-01T15:35:31+08:00 ] ::1 ::1 POST /feichangcelue/stock_exponential_sz.html
[ info ] localhost/feichangcelue/stock_exponential_sz.html [运行时间：1.055123s][吞吐率：0.95req/s] [内存消耗：3,391.35kb] [文件加载：57]
[ info ] [ LANG ] D:\phpStudy\WWW\feichangcelue\thinkphp\lang\zh-cn.php
[ info ] [ ROUTE ] array (
  'type' => 'module',
  'module' => 
  array (
    0 => 'index',
    1 => 'index',
    2 => 'stock_exponential_sz',
  ),
  'convert' => false,
)
[ info ] [ HEADER ] array (
  'host' => 'localhost',
  'connection' => 'keep-alive',
  'content-length' => '0',
  'pragma' => 'no-cache',
  'cache-control' => 'no-cache',
  'accept' => 'application/json, text/javascript, */*; q=0.01',
  'origin' => 'http://localhost',
  'x-requested-with' => 'XMLHttpRequest',
  'user-agent' => 'Mozilla/5.0 (iPhone; CPU iPhone OS 9_1 like Mac OS X) AppleWebKit/601.1.46 (KHTML, like Gecko) Version/9.0 Mobile/13B143 Safari/601.1',
  'referer' => 'http://localhost/feichangcelue/',
  'accept-encoding' => 'gzip, deflate, br',
  'accept-language' => 'zh-CN,zh;q=0.8',
  'cookie' => 'PHPSESSID=ldo5cbnl0rvm8fjo0j2evfva30; firstEnterUrlInSession=http%3A//localhost/feichangcelue/; dolphin_home___forward__=%2Ffeichangcelue%2Fadmin.php%2Fadmin%2Fnotemsg%2Funread.html; pageReferrInSession=http%3A//localhost/feichangcelue/doLogin.html; Hm_lvt_f571b55302a951627ab98145b99cdaab=1541057722; Hm_lpvt_f571b55302a951627ab98145b99cdaab=1541057722; VisitorCapacity=1',
)
[ info ] [ PARAM ] array (
)
[ info ] [ CACHE ] INIT File
[ info ] [ BEHAVIOR ] Run app\common\behavior\Config @app_begin [ RunTime:0.030843s ]
[ info ] [ BEHAVIOR ] Run app\common\behavior\Hook @app_begin [ RunTime:0.047061s ]
[ info ] [ DB ] INIT mysql
[ info ] [ RUN ] app\index\controller\Index->stock_exponential_sz[ D:\phpStudy\WWW\feichangcelue\application\index\controller\Index.php ]
[ info ] [ LOG ] INIT File
[ sql ] [ DB ] CONNECT:[ UseTime:0.054743s ] mysql:dbname=peizi;host=rm-wz9l3z92630ora5wjwo.mysql.rds.aliyuncs.com;port=3306;charset=utf8
[ sql ] [ SQL ] SHOW COLUMNS FROM `xh_member` [ RunTime:0.014426s ]
[ sql ] [ SQL ] SELECT `usableSum` FROM `xh_member` WHERE  (  id=1348 ) LIMIT 1 [ RunTime:0.013390s ]
---------------------------------------------------------------
[ 2018-11-01T15:35:32+08:00 ] ::1 ::1 GET /feichangcelue/ucenter/home.html
[ info ] localhost/feichangcelue/ucenter/home.html [运行时间：0.743474s][吞吐率：1.35req/s] [内存消耗：3,564.40kb] [文件加载：64]
[ info ] [ LANG ] D:\phpStudy\WWW\feichangcelue\thinkphp\lang\zh-cn.php
[ info ] [ ROUTE ] array (
  'type' => 'module',
  'module' => 
  array (
    0 => 'index',
    1 => 'ucenter',
    2 => 'home',
  ),
  'convert' => false,
)
[ info ] [ HEADER ] array (
  'host' => 'localhost',
  'connection' => 'keep-alive',
  'pragma' => 'no-cache',
  'cache-control' => 'no-cache',
  'upgrade-insecure-requests' => '1',
  'user-agent' => 'Mozilla/5.0 (iPhone; CPU iPhone OS 9_1 like Mac OS X) AppleWebKit/601.1.46 (KHTML, like Gecko) Version/9.0 Mobile/13B143 Safari/601.1',
  'accept' => 'text/html,application/xhtml+xml,application/xml;q=0.9,image/webp,image/apng,*/*;q=0.8',
  'referer' => 'http://localhost/feichangcelue/',
  'accept-encoding' => 'gzip, deflate, br',
  'accept-language' => 'zh-CN,zh;q=0.8',
  'cookie' => 'PHPSESSID=ldo5cbnl0rvm8fjo0j2evfva30; firstEnterUrlInSession=http%3A//localhost/feichangcelue/; dolphin_home___forward__=%2Ffeichangcelue%2Fadmin.php%2Fadmin%2Fnotemsg%2Funread.html; pageReferrInSession=http%3A//localhost/feichangcelue/doLogin.html; Hm_lvt_f571b55302a951627ab98145b99cdaab=1541057722; Hm_lpvt_f571b55302a951627ab98145b99cdaab=1541057722; VisitorCapacity=1',
)
[ info ] [ PARAM ] array (
)
[ info ] [ CACHE ] INIT File
[ info ] [ BEHAVIOR ] Run app\common\behavior\Config @app_begin [ RunTime:0.014518s ]
[ info ] [ BEHAVIOR ] Run app\common\behavior\Hook @app_begin [ RunTime:0.021638s ]
[ info ] [ DB ] INIT mysql
[ info ] [ RUN ] app\index\controller\Ucenter->home[ D:\phpStudy\WWW\feichangcelue\application\index\controller\Ucenter.php ]
[ info ] [ VIEW ] D:\phpStudy\WWW\feichangcelue/application/index\view\ucenter\mobile\home.html [ array (
  0 => 'phone',
  1 => 'QQ',
  2 => 'usableSum',
  3 => 'member',
) ]
[ info ] [ LOG ] INIT File
[ sql ] [ DB ] CONNECT:[ UseTime:0.034301s ] mysql:dbname=peizi;host=rm-wz9l3z92630ora5wjwo.mysql.rds.aliyuncs.com;port=3306;charset=utf8
[ sql ] [ SQL ] SHOW COLUMNS FROM `xh_member` [ RunTime:0.017480s ]
[ sql ] [ SQL ] SELECT `usableSum` FROM `xh_member` WHERE  (  id=1348 ) LIMIT 1 [ RunTime:0.016963s ]
[ sql ] [ SQL ] SELECT * FROM `xh_member` WHERE  (  id=1348 ) LIMIT 1 [ RunTime:0.017599s ]
---------------------------------------------------------------
[ 2018-11-01T15:35:38+08:00 ] ::1 ::1 GET /feichangcelue/ucenter/payment.html
[ info ] localhost/feichangcelue/ucenter/payment.html [运行时间：0.329592s][吞吐率：3.03req/s] [内存消耗：3,497.49kb] [文件加载：63]
[ info ] [ LANG ] D:\phpStudy\WWW\feichangcelue\thinkphp\lang\zh-cn.php
[ info ] [ ROUTE ] array (
  'type' => 'module',
  'module' => 
  array (
    0 => 'index',
    1 => 'ucenter',
    2 => 'payment',
  ),
  'convert' => false,
)
[ info ] [ HEADER ] array (
  'host' => 'localhost',
  'connection' => 'keep-alive',
  'pragma' => 'no-cache',
  'cache-control' => 'no-cache',
  'upgrade-insecure-requests' => '1',
  'user-agent' => 'Mozilla/5.0 (iPhone; CPU iPhone OS 9_1 like Mac OS X) AppleWebKit/601.1.46 (KHTML, like Gecko) Version/9.0 Mobile/13B143 Safari/601.1',
  'accept' => 'text/html,application/xhtml+xml,application/xml;q=0.9,image/webp,image/apng,*/*;q=0.8',
  'referer' => 'http://localhost/feichangcelue/ucenter/home.html',
  'accept-encoding' => 'gzip, deflate, br',
  'accept-language' => 'zh-CN,zh;q=0.8',
  'cookie' => 'PHPSESSID=ldo5cbnl0rvm8fjo0j2evfva30; firstEnterUrlInSession=http%3A//localhost/feichangcelue/; dolphin_home___forward__=%2Ffeichangcelue%2Fadmin.php%2Fadmin%2Fnotemsg%2Funread.html; pageReferrInSession=http%3A//localhost/feichangcelue/doLogin.html; Hm_lvt_f571b55302a951627ab98145b99cdaab=1541057722; Hm_lpvt_f571b55302a951627ab98145b99cdaab=1541057722; VisitorCapacity=1',
)
[ info ] [ PARAM ] array (
)
[ info ] [ CACHE ] INIT File
[ info ] [ BEHAVIOR ] Run app\common\behavior\Config @app_begin [ RunTime:0.005558s ]
[ info ] [ BEHAVIOR ] Run app\common\behavior\Hook @app_begin [ RunTime:0.014253s ]
[ info ] [ DB ] INIT mysql
[ info ] [ RUN ] app\index\controller\Ucenter->payment[ D:\phpStudy\WWW\feichangcelue\application\index\controller\Ucenter.php ]
[ info ] [ VIEW ] D:\phpStudy\WWW\feichangcelue/application/index\view\ucenter\mobile\payment.html [ array (
  0 => 'phone',
  1 => 'QQ',
  2 => 'usableSum',
  3 => 'member',
) ]
[ info ] [ LOG ] INIT File
[ sql ] [ DB ] CONNECT:[ UseTime:0.037706s ] mysql:dbname=peizi;host=rm-wz9l3z92630ora5wjwo.mysql.rds.aliyuncs.com;port=3306;charset=utf8
[ sql ] [ SQL ] SHOW COLUMNS FROM `xh_member` [ RunTime:0.017898s ]
[ sql ] [ SQL ] SELECT `usableSum` FROM `xh_member` WHERE  (  id=1348 ) LIMIT 1 [ RunTime:0.019021s ]
[ sql ] [ SQL ] SELECT * FROM `xh_member` WHERE  (  id=1348 ) LIMIT 1 [ RunTime:0.019147s ]
---------------------------------------------------------------
[ 2018-11-01T15:35:40+08:00 ] ::1 ::1 GET /feichangcelue/ucenter/wechatpay.html
[ info ] localhost/feichangcelue/ucenter/wechatpay.html [运行时间：0.346065s][吞吐率：2.89req/s] [内存消耗：3,566.27kb] [文件加载：64]
[ info ] [ LANG ] D:\phpStudy\WWW\feichangcelue\thinkphp\lang\zh-cn.php
[ info ] [ ROUTE ] array (
  'type' => 'module',
  'module' => 
  array (
    0 => 'index',
    1 => 'ucenter',
    2 => 'wechatpay',
  ),
  'convert' => false,
)
[ info ] [ HEADER ] array (
  'host' => 'localhost',
  'connection' => 'keep-alive',
  'pragma' => 'no-cache',
  'cache-control' => 'no-cache',
  'upgrade-insecure-requests' => '1',
  'user-agent' => 'Mozilla/5.0 (iPhone; CPU iPhone OS 9_1 like Mac OS X) AppleWebKit/601.1.46 (KHTML, like Gecko) Version/9.0 Mobile/13B143 Safari/601.1',
  'accept' => 'text/html,application/xhtml+xml,application/xml;q=0.9,image/webp,image/apng,*/*;q=0.8',
  'referer' => 'http://localhost/feichangcelue/ucenter/payment.html',
  'accept-encoding' => 'gzip, deflate, br',
  'accept-language' => 'zh-CN,zh;q=0.8',
  'cookie' => 'PHPSESSID=ldo5cbnl0rvm8fjo0j2evfva30; firstEnterUrlInSession=http%3A//localhost/feichangcelue/; dolphin_home___forward__=%2Ffeichangcelue%2Fadmin.php%2Fadmin%2Fnotemsg%2Funread.html; pageReferrInSession=http%3A//localhost/feichangcelue/doLogin.html; Hm_lvt_f571b55302a951627ab98145b99cdaab=1541057722; Hm_lpvt_f571b55302a951627ab98145b99cdaab=1541057722; VisitorCapacity=1',
)
[ info ] [ PARAM ] array (
)
[ info ] [ CACHE ] INIT File
[ info ] [ BEHAVIOR ] Run app\common\behavior\Config @app_begin [ RunTime:0.008879s ]
[ info ] [ BEHAVIOR ] Run app\common\behavior\Hook @app_begin [ RunTime:0.018742s ]
[ info ] [ DB ] INIT mysql
[ info ] [ RUN ] app\index\controller\Ucenter->wechatpay[ D:\phpStudy\WWW\feichangcelue\application\index\controller\Ucenter.php ]
[ info ] [ VIEW ] D:\phpStudy\WWW\feichangcelue/application/index\view\ucenter\mobile\wechatpay.html [ array (
  0 => 'phone',
  1 => 'QQ',
  2 => 'usableSum',
  3 => 'member',
  4 => 'realName',
) ]
[ info ] [ LOG ] INIT File
[ sql ] [ DB ] CONNECT:[ UseTime:0.025868s ] mysql:dbname=peizi;host=rm-wz9l3z92630ora5wjwo.mysql.rds.aliyuncs.com;port=3306;charset=utf8
[ sql ] [ SQL ] SHOW COLUMNS FROM `xh_member` [ RunTime:0.012732s ]
[ sql ] [ SQL ] SELECT `usableSum` FROM `xh_member` WHERE  (  id=1348 ) LIMIT 1 [ RunTime:0.011610s ]
[ sql ] [ SQL ] SELECT * FROM `xh_member` WHERE  (  id=1348 ) LIMIT 1 [ RunTime:0.012093s ]
[ sql ] [ SQL ] SELECT * FROM `xh_member` WHERE  (  id = 1348 ) LIMIT 1 [ RunTime:0.010635s ]
---------------------------------------------------------------
[ 2018-11-01T15:35:49+08:00 ] ::1 ::1 POST /feichangcelue/ucenter/getInformaiotnWeChat.html
[ info ] localhost/feichangcelue/ucenter/getInformaiotnWeChat.html [运行时间：0.337857s][吞吐率：2.96req/s] [内存消耗：3,271.54kb] [文件加载：57]
[ info ] [ LANG ] D:\phpStudy\WWW\feichangcelue\thinkphp\lang\zh-cn.php
[ info ] [ ROUTE ] array (
  'type' => 'module',
  'module' => 
  array (
    0 => 'index',
    1 => 'ucenter',
    2 => 'getInformationWeChat',
  ),
  'convert' => false,
)
[ info ] [ HEADER ] array (
  'host' => 'localhost',
  'connection' => 'keep-alive',
  'content-length' => '33',
  'pragma' => 'no-cache',
  'cache-control' => 'no-cache',
  'origin' => 'http://localhost',
  'user-agent' => 'Mozilla/5.0 (iPhone; CPU iPhone OS 9_1 like Mac OS X) AppleWebKit/601.1.46 (KHTML, like Gecko) Version/9.0 Mobile/13B143 Safari/601.1',
  'content-type' => 'application/x-www-form-urlencoded; charset=UTF-8',
  'accept' => 'application/json, text/javascript, */*; q=0.01',
  'x-requested-with' => 'XMLHttpRequest',
  'referer' => 'http://localhost/feichangcelue/ucenter/wechatpay.html',
  'accept-encoding' => 'gzip, deflate, br',
  'accept-language' => 'zh-CN,zh;q=0.8',
  'cookie' => 'PHPSESSID=ldo5cbnl0rvm8fjo0j2evfva30; firstEnterUrlInSession=http%3A//localhost/feichangcelue/; dolphin_home___forward__=%2Ffeichangcelue%2Fadmin.php%2Fadmin%2Fnotemsg%2Funread.html; pageReferrInSession=http%3A//localhost/feichangcelue/doLogin.html; Hm_lvt_f571b55302a951627ab98145b99cdaab=1541057722; Hm_lpvt_f571b55302a951627ab98145b99cdaab=1541057722; VisitorCapacity=1',
)
[ info ] [ PARAM ] array (
  'amount' => '1',
  'instructions' => '1',
  'alipay' => '23',
)
[ info ] [ CACHE ] INIT File
[ info ] [ BEHAVIOR ] Run app\common\behavior\Config @app_begin [ RunTime:0.011318s ]
[ info ] [ BEHAVIOR ] Run app\common\behavior\Hook @app_begin [ RunTime:0.019137s ]
[ info ] [ DB ] INIT mysql
[ info ] [ RUN ] app\index\controller\Ucenter->getInformationWeChat[ D:\phpStudy\WWW\feichangcelue\application\index\controller\Ucenter.php ]
[ info ] [ LOG ] INIT File
[ sql ] [ DB ] CONNECT:[ UseTime:0.026826s ] mysql:dbname=peizi;host=rm-wz9l3z92630ora5wjwo.mysql.rds.aliyuncs.com;port=3306;charset=utf8
[ sql ] [ SQL ] SHOW COLUMNS FROM `xh_member` [ RunTime:0.012646s ]
[ sql ] [ SQL ] SELECT `usableSum` FROM `xh_member` WHERE  (  id=1348 ) LIMIT 1 [ RunTime:0.011166s ]
[ sql ] [ SQL ] SELECT * FROM `xh_member` WHERE  (  id=1348 ) LIMIT 1 [ RunTime:0.011894s ]
[ sql ] [ SQL ] SHOW COLUMNS FROM `xh_wechat_examine` [ RunTime:0.011856s ]
[ sql ] [ SQL ] INSERT INTO `xh_wechat_examine` (`pay_money` , `pay_explain` , `pay_number` , `user_id` , `createTime` , `status`) VALUES (1 , '1' , '23' , 1348 , '2018-11-01 15:35:49' , 0) [ RunTime:0.015909s ]
[ sql ] [ SQL ] SHOW COLUMNS FROM `xh_music` [ RunTime:0.011800s ]
[ sql ] [ SQL ] INSERT INTO `xh_music` (`content`) VALUES ('微信充值申请') [ RunTime:0.015723s ]
---------------------------------------------------------------
[ 2018-11-01T15:35:52+08:00 ] ::1 ::1 GET /feichangcelue/ucenter/home.html
[ info ] localhost/feichangcelue/ucenter/home.html [运行时间：0.383935s][吞吐率：2.60req/s] [内存消耗：3,414.03kb] [文件加载：62]
[ info ] [ LANG ] D:\phpStudy\WWW\feichangcelue\thinkphp\lang\zh-cn.php
[ info ] [ ROUTE ] array (
  'type' => 'module',
  'module' => 
  array (
    0 => 'index',
    1 => 'ucenter',
    2 => 'home',
  ),
  'convert' => false,
)
[ info ] [ HEADER ] array (
  'host' => 'localhost',
  'connection' => 'keep-alive',
  'pragma' => 'no-cache',
  'cache-control' => 'no-cache',
  'upgrade-insecure-requests' => '1',
  'user-agent' => 'Mozilla/5.0 (iPhone; CPU iPhone OS 9_1 like Mac OS X) AppleWebKit/601.1.46 (KHTML, like Gecko) Version/9.0 Mobile/13B143 Safari/601.1',
  'accept' => 'text/html,application/xhtml+xml,application/xml;q=0.9,image/webp,image/apng,*/*;q=0.8',
  'referer' => 'http://localhost/feichangcelue/ucenter/wechatpay.html',
  'accept-encoding' => 'gzip, deflate, br',
  'accept-language' => 'zh-CN,zh;q=0.8',
  'cookie' => 'PHPSESSID=ldo5cbnl0rvm8fjo0j2evfva30; firstEnterUrlInSession=http%3A//localhost/feichangcelue/; dolphin_home___forward__=%2Ffeichangcelue%2Fadmin.php%2Fadmin%2Fnotemsg%2Funread.html; pageReferrInSession=http%3A//localhost/feichangcelue/doLogin.html; Hm_lvt_f571b55302a951627ab98145b99cdaab=1541057722; Hm_lpvt_f571b55302a951627ab98145b99cdaab=1541057722; VisitorCapacity=1',
)
[ info ] [ PARAM ] array (
)
[ info ] [ CACHE ] INIT File
[ info ] [ BEHAVIOR ] Run app\common\behavior\Config @app_begin [ RunTime:0.012391s ]
[ info ] [ BEHAVIOR ] Run app\common\behavior\Hook @app_begin [ RunTime:0.024180s ]
[ info ] [ DB ] INIT mysql
[ info ] [ RUN ] app\index\controller\Ucenter->home[ D:\phpStudy\WWW\feichangcelue\application\index\controller\Ucenter.php ]
[ info ] [ VIEW ] D:\phpStudy\WWW\feichangcelue/application/index\view\ucenter\mobile\home.html [ array (
  0 => 'phone',
  1 => 'QQ',
  2 => 'usableSum',
  3 => 'member',
) ]
[ info ] [ LOG ] INIT File
[ sql ] [ DB ] CONNECT:[ UseTime:0.034643s ] mysql:dbname=peizi;host=rm-wz9l3z92630ora5wjwo.mysql.rds.aliyuncs.com;port=3306;charset=utf8
[ sql ] [ SQL ] SHOW COLUMNS FROM `xh_member` [ RunTime:0.018146s ]
[ sql ] [ SQL ] SELECT `usableSum` FROM `xh_member` WHERE  (  id=1348 ) LIMIT 1 [ RunTime:0.017099s ]
[ sql ] [ SQL ] SELECT * FROM `xh_member` WHERE  (  id=1348 ) LIMIT 1 [ RunTime:0.017271s ]
---------------------------------------------------------------
[ 2018-11-01T15:36:03+08:00 ] ::1 ::1 GET /feichangcelue/
[ info ] localhost/feichangcelue/ [运行时间：0.965339s][吞吐率：1.04req/s] [内存消耗：3,934.52kb] [文件加载：66]
[ info ] [ LANG ] D:\phpStudy\WWW\feichangcelue\thinkphp\lang\zh-cn.php
[ info ] [ ROUTE ] array (
  'type' => 'module',
  'module' => 
  array (
    0 => '',
    1 => NULL,
    2 => NULL,
  ),
)
[ info ] [ HEADER ] array (
  'host' => 'localhost',
  'connection' => 'keep-alive',
  'upgrade-insecure-requests' => '1',
  'user-agent' => 'Mozilla/5.0 (Windows NT 6.3; WOW64) AppleWebKit/537.36 (KHTML, like Gecko) Chrome/59.0.3071.86 Safari/537.36',
  'accept' => 'text/html,application/xhtml+xml,application/xml;q=0.9,image/webp,image/apng,*/*;q=0.8',
  'accept-encoding' => 'gzip, deflate, br',
  'accept-language' => 'zh-CN,zh;q=0.8',
  'cookie' => 'PHPSESSID=ldo5cbnl0rvm8fjo0j2evfva30; firstEnterUrlInSession=http%3A//localhost/feichangcelue/; dolphin_home___forward__=%2Ffeichangcelue%2Fadmin.php%2Fadmin%2Fnotemsg%2Funread.html; pageReferrInSession=http%3A//localhost/feichangcelue/doLogin.html; Hm_lvt_f571b55302a951627ab98145b99cdaab=1541057722; Hm_lpvt_f571b55302a951627ab98145b99cdaab=1541057722; VisitorCapacity=1',
)
[ info ] [ PARAM ] array (
)
[ info ] [ CACHE ] INIT File
[ info ] [ BEHAVIOR ] Run app\common\behavior\Config @app_begin [ RunTime:0.009631s ]
[ info ] [ BEHAVIOR ] Run app\common\behavior\Hook @app_begin [ RunTime:0.019996s ]
[ info ] [ DB ] INIT mysql
[ info ] [ RUN ] app\index\controller\Index->index[ D:\phpStudy\WWW\feichangcelue\application\index\controller\Index.php ]
[ info ] [ VIEW ] D:\phpStudy\WWW\feichangcelue/application/index\view\index\index.html [ array (
  0 => 'phone',
  1 => 'QQ',
  2 => 'usableSum',
  3 => 'member',
  4 => 'profitSum',
  5 => 'peizi',
  6 => 'res',
  7 => 'news_informations',
  8 => 'news_informations_tow',
  9 => 'notice_content',
  10 => 'btn_emergency',
) ]
[ info ] [ LOG ] INIT File
[ sql ] [ DB ] CONNECT:[ UseTime:0.036075s ] mysql:dbname=peizi;host=rm-wz9l3z92630ora5wjwo.mysql.rds.aliyuncs.com;port=3306;charset=utf8
[ sql ] [ SQL ] SHOW COLUMNS FROM `xh_member` [ RunTime:0.016217s ]
[ sql ] [ SQL ] SELECT `usableSum` FROM `xh_member` WHERE  (  id=1348 ) LIMIT 1 [ RunTime:0.016013s ]
[ sql ] [ SQL ] select a.stockCode, c.`name` as stockName,  a.createTime, b.username,b.mobile
			from xh_stock_order as a, xh_member as b, xh_shares as c
			 WHERE isFreetrial=0 and a.memberId = b.id and a.stockCode=c.`code`
			order by a.id desc limit 7 [ RunTime:0.019540s ]
[ sql ] [ SQL ] SHOW COLUMNS FROM `xh_stock_order` [ RunTime:0.017280s ]
[ sql ] [ SQL ] SELECT COUNT(*) AS tp_count FROM `xh_stock_order` WHERE  (  isFreetrial=0 ) LIMIT 1 [ RunTime:0.016465s ]
[ sql ] [ SQL ] SELECT sum(guaranteeFee) FROM `xh_stock_order` WHERE  `memberId` = 1348  AND `status` = 1  AND `isFreetrial` = 0 [ RunTime:0.017228s ]
[ sql ] [ SQL ] SELECT `stockCode` FROM `xh_stock_order` WHERE  `memberId` = 1348  AND `status` = 1  AND `isFreetrial` = 0 ORDER BY createTime desc [ RunTime:0.017126s ]
[ sql ] [ SQL ] SHOW COLUMNS FROM `xh_shares` [ RunTime:0.018683s ]
[ sql ] [ SQL ] SELECT `market` FROM `xh_shares` WHERE  `code` = '000001' LIMIT 1 [ RunTime:0.016925s ]
[ sql ] [ SQL ] SELECT `market` FROM `xh_shares` WHERE  `code` = '000001' LIMIT 1 [ RunTime:0.014760s ]
[ sql ] [ SQL ] SELECT `market` FROM `xh_shares` WHERE  `code` = '000001' LIMIT 1 [ RunTime:0.015114s ]
[ sql ] [ SQL ] SELECT `xh_stock_order`.*,xh_shares.name as stockName,`xh_shares`.`market` FROM `xh_stock_order`,`xh_shares` WHERE  (   xh_stock_order.stockCode = xh_shares.`code` and xh_stock_order.memberId=1348 and isFreetrial=0 and status = 1 ) ORDER BY createTime desc [ RunTime:0.019306s ]
[ sql ] [ SQL ] SELECT `usableSum` FROM `xh_member` WHERE  (  id=1348 ) LIMIT 1 [ RunTime:0.016519s ]
[ sql ] [ SQL ] SELECT * FROM `xh_member` WHERE  (  id=1348 ) LIMIT 1 [ RunTime:0.017462s ]
[ sql ] [ SQL ] SELECT `usableSum` FROM `xh_member` WHERE  (  id=1348 ) LIMIT 1 [ RunTime:0.016049s ]
[ sql ] [ SQL ] SELECT * FROM `xh_member` WHERE  (  id=1348 ) LIMIT 1 [ RunTime:0.016451s ]
[ sql ] [ SQL ] SELECT `usableSum` FROM `xh_member` WHERE  (  id=1348 ) LIMIT 1 [ RunTime:0.016205s ]
[ sql ] [ SQL ] SELECT * FROM `xh_member` WHERE  (  id=1348 ) LIMIT 1 [ RunTime:0.017059s ]
[ sql ] [ SQL ] SELECT sum(dealAmount) FROM `xh_stock_order` WHERE  `memberId` = 1348  AND `status` = 1  AND `isFreetrial` = 0 [ RunTime:0.016376s ]
[ sql ] [ SQL ] SELECT `usableSum` FROM `xh_member` WHERE  `id` = 1348 LIMIT 1 [ RunTime:0.016068s ]
[ sql ] [ SQL ] SELECT `stockCode` FROM `xh_stock_order` WHERE  `memberId` = 1348  AND `status` = 1 [ RunTime:0.015948s ]
[ sql ] [ SQL ] SELECT `market` FROM `xh_shares` WHERE  `code` = '000001' LIMIT 1 [ RunTime:0.016218s ]
[ sql ] [ SQL ] SHOW COLUMNS FROM `xh_article` [ RunTime:0.014758s ]
[ sql ] [ SQL ] SELECT * FROM `xh_article` ORDER BY `createTime`  desc LIMIT 7 [ RunTime:0.018573s ]
[ sql ] [ SQL ] SHOW COLUMNS FROM `xh_notice` [ RunTime:0.016262s ]
[ sql ] [ SQL ] SELECT * FROM `xh_notice` ORDER BY `createTime`  desc LIMIT 7 [ RunTime:0.017516s ]
[ sql ] [ SQL ] SELECT COUNT(*) AS tp_count FROM `xh_notice` LIMIT 1 [ RunTime:0.015151s ]
[ sql ] [ SQL ] SELECT * FROM `xh_notice` ORDER BY `createTime`  desc LIMIT 1 [ RunTime:0.016654s ]
[ sql ] [ SQL ] SHOW COLUMNS FROM `xh_emergency_notice` [ RunTime:0.015366s ]
[ sql ] [ SQL ] SELECT * FROM `xh_emergency_notice` LIMIT 1 [ RunTime:0.015869s ]
[ error ] [8]未定义数组下标: 1[D:\phpStudy\WWW\feichangcelue\thinkphp\library\think\db\Query.php:1365]
[ error ] [8]未定义数组下标: 1[D:\phpStudy\WWW\feichangcelue\thinkphp\library\think\db\Query.php:1365]
[ error ] [8]未定义数组索引: ajax_html[D:\phpStudy\WWW\feichangcelue\application\index\controller\Index.php:90]
[ error ] [2]trim() expects parameter 1 to be string, array given[D:\phpStudy\WWW\feichangcelue\application\index\controller\Index.php:99]
[ error ] [2]trim() expects parameter 1 to be string, array given[D:\phpStudy\WWW\feichangcelue\application\index\controller\Index.php:104]
[ error ] [8]未定义变量: count[D:\phpStudy\WWW\feichangcelue\runtime\temp\24d5ec5380bee8b19256d0f24a3c7af8.php:242]
[ error ] [8]未定义变量: earnSum[D:\phpStudy\WWW\feichangcelue\runtime\temp\24d5ec5380bee8b19256d0f24a3c7af8.php:243]
---------------------------------------------------------------
[ 2018-11-01T15:36:04+08:00 ] ::1 ::1 GET /feichangcelue/public/static/static/home/js/moblie/mui.min.js
[ info ] localhost/feichangcelue/public/static/static/home/js/moblie/mui.min.js [运行时间：0.264353s][吞吐率：3.78req/s] [内存消耗：2,014.61kb] [文件加载：47]
[ info ] [ LANG ] D:\phpStudy\WWW\feichangcelue\thinkphp\lang\zh-cn.php
[ info ] [ ROUTE ] array (
  'type' => 'module',
  'module' => 
  array (
    0 => 'public',
    1 => 'static',
    2 => 'static',
  ),
)
[ info ] [ HEADER ] array (
  'host' => 'localhost',
  'connection' => 'keep-alive',
  'user-agent' => 'Mozilla/5.0 (Windows NT 6.3; WOW64) AppleWebKit/537.36 (KHTML, like Gecko) Chrome/59.0.3071.86 Safari/537.36',
  'accept' => '*/*',
  'referer' => 'http://localhost/feichangcelue/',
  'accept-encoding' => 'gzip, deflate, br',
  'accept-language' => 'zh-CN,zh;q=0.8',
  'cookie' => 'PHPSESSID=ldo5cbnl0rvm8fjo0j2evfva30; firstEnterUrlInSession=http%3A//localhost/feichangcelue/; dolphin_home___forward__=%2Ffeichangcelue%2Fadmin.php%2Fadmin%2Fnotemsg%2Funread.html; pageReferrInSession=http%3A//localhost/feichangcelue/doLogin.html; Hm_lvt_f571b55302a951627ab98145b99cdaab=1541057722; Hm_lpvt_f571b55302a951627ab98145b99cdaab=1541057722; VisitorCapacity=1',
)
[ info ] [ PARAM ] array (
  'home' => 'js',
  'moblie' => 'mui.min.js',
)
[ info ] [ CACHE ] INIT File
[ info ] [ BEHAVIOR ] Run app\common\behavior\Config @app_begin [ RunTime:0.013609s ]
[ info ] [ BEHAVIOR ] Run app\common\behavior\Hook @app_begin [ RunTime:0.034355s ]
[ info ] [ LOG ] INIT File
---------------------------------------------------------------
[ 2018-11-01T15:36:04+08:00 ] ::1 ::1 GET /feichangcelue/public/static/static/home/js/moblie/reg.js
[ info ] localhost/feichangcelue/public/static/static/home/js/moblie/reg.js [运行时间：0.299077s][吞吐率：3.34req/s] [内存消耗：2,014.48kb] [文件加载：47]
[ info ] [ LANG ] D:\phpStudy\WWW\feichangcelue\thinkphp\lang\zh-cn.php
[ info ] [ ROUTE ] array (
  'type' => 'module',
  'module' => 
  array (
    0 => 'public',
    1 => 'static',
    2 => 'static',
  ),
)
[ info ] [ HEADER ] array (
  'host' => 'localhost',
  'connection' => 'keep-alive',
  'user-agent' => 'Mozilla/5.0 (Windows NT 6.3; WOW64) AppleWebKit/537.36 (KHTML, like Gecko) Chrome/59.0.3071.86 Safari/537.36',
  'accept' => '*/*',
  'referer' => 'http://localhost/feichangcelue/',
  'accept-encoding' => 'gzip, deflate, br',
  'accept-language' => 'zh-CN,zh;q=0.8',
  'cookie' => 'PHPSESSID=ldo5cbnl0rvm8fjo0j2evfva30; firstEnterUrlInSession=http%3A//localhost/feichangcelue/; dolphin_home___forward__=%2Ffeichangcelue%2Fadmin.php%2Fadmin%2Fnotemsg%2Funread.html; pageReferrInSession=http%3A//localhost/feichangcelue/doLogin.html; Hm_lvt_f571b55302a951627ab98145b99cdaab=1541057722; Hm_lpvt_f571b55302a951627ab98145b99cdaab=1541057722; VisitorCapacity=1',
)
[ info ] [ PARAM ] array (
  'home' => 'js',
  'moblie' => 'reg.js',
)
[ info ] [ CACHE ] INIT File
[ info ] [ BEHAVIOR ] Run app\common\behavior\Config @app_begin [ RunTime:0.016992s ]
[ info ] [ BEHAVIOR ] Run app\common\behavior\Hook @app_begin [ RunTime:0.065634s ]
[ info ] [ LOG ] INIT File
---------------------------------------------------------------
[ 2018-11-01T15:36:04+08:00 ] ::1 ::1 GET /feichangcelue/public/static/home/img/index_tr_up.jpg
[ info ] localhost/feichangcelue/public/static/home/img/index_tr_up.jpg [运行时间：0.182141s][吞吐率：5.49req/s] [内存消耗：2,014.69kb] [文件加载：47]
[ info ] [ LANG ] D:\phpStudy\WWW\feichangcelue\thinkphp\lang\zh-cn.php
[ info ] [ ROUTE ] array (
  'type' => 'module',
  'module' => 
  array (
    0 => 'public',
    1 => 'static',
    2 => 'home',
  ),
)
[ info ] [ HEADER ] array (
  'host' => 'localhost',
  'connection' => 'keep-alive',
  'user-agent' => 'Mozilla/5.0 (Windows NT 6.3; WOW64) AppleWebKit/537.36 (KHTML, like Gecko) Chrome/59.0.3071.86 Safari/537.36',
  'accept' => 'image/webp,image/apng,image/*,*/*;q=0.8',
  'referer' => 'http://localhost/feichangcelue/public/static/home/css/index.css',
  'accept-encoding' => 'gzip, deflate, br',
  'accept-language' => 'zh-CN,zh;q=0.8',
  'cookie' => 'PHPSESSID=ldo5cbnl0rvm8fjo0j2evfva30; firstEnterUrlInSession=http%3A//localhost/feichangcelue/; dolphin_home___forward__=%2Ffeichangcelue%2Fadmin.php%2Fadmin%2Fnotemsg%2Funread.html; pageReferrInSession=http%3A//localhost/feichangcelue/doLogin.html; Hm_lvt_f571b55302a951627ab98145b99cdaab=1541057722; Hm_lpvt_f571b55302a951627ab98145b99cdaab=1541057722; VisitorCapacity=1',
)
[ info ] [ PARAM ] array (
  'img' => 'index_tr_up.jpg',
)
[ info ] [ CACHE ] INIT File
[ info ] [ BEHAVIOR ] Run app\common\behavior\Config @app_begin [ RunTime:0.010117s ]
[ info ] [ BEHAVIOR ] Run app\common\behavior\Hook @app_begin [ RunTime:0.026140s ]
[ info ] [ LOG ] INIT File
---------------------------------------------------------------
[ 2018-11-01T15:36:05+08:00 ] ::1 ::1 GET /feichangcelue/public/static/static/home/js/moblie/mui.min.js
[ info ] localhost/feichangcelue/public/static/static/home/js/moblie/mui.min.js [运行时间：0.188012s][吞吐率：5.32req/s] [内存消耗：2,014.61kb] [文件加载：47]
[ info ] [ LANG ] D:\phpStudy\WWW\feichangcelue\thinkphp\lang\zh-cn.php
[ info ] [ ROUTE ] array (
  'type' => 'module',
  'module' => 
  array (
    0 => 'public',
    1 => 'static',
    2 => 'static',
  ),
)
[ info ] [ HEADER ] array (
  'host' => 'localhost',
  'connection' => 'keep-alive',
  'user-agent' => 'Mozilla/5.0 (Windows NT 6.3; WOW64) AppleWebKit/537.36 (KHTML, like Gecko) Chrome/59.0.3071.86 Safari/537.36',
  'accept' => '*/*',
  'referer' => 'http://localhost/feichangcelue/',
  'accept-encoding' => 'gzip, deflate, br',
  'accept-language' => 'zh-CN,zh;q=0.8',
  'cookie' => 'PHPSESSID=ldo5cbnl0rvm8fjo0j2evfva30; firstEnterUrlInSession=http%3A//localhost/feichangcelue/; dolphin_home___forward__=%2Ffeichangcelue%2Fadmin.php%2Fadmin%2Fnotemsg%2Funread.html; Hm_lvt_f571b55302a951627ab98145b99cdaab=1541057722; Hm_lpvt_f571b55302a951627ab98145b99cdaab=1541057722; VisitorCapacity=1; pageReferrInSession=http%3A//localhost/feichangcelue/doLogin.html',
)
[ info ] [ PARAM ] array (
  'home' => 'js',
  'moblie' => 'mui.min.js',
)
[ info ] [ CACHE ] INIT File
[ info ] [ BEHAVIOR ] Run app\common\behavior\Config @app_begin [ RunTime:0.025254s ]
[ info ] [ BEHAVIOR ] Run app\common\behavior\Hook @app_begin [ RunTime:0.022381s ]
[ info ] [ LOG ] INIT File
---------------------------------------------------------------
[ 2018-11-01T15:36:05+08:00 ] ::1 ::1 GET /feichangcelue/public/static/static/home/js/moblie/reg.js
[ info ] localhost/feichangcelue/public/static/static/home/js/moblie/reg.js [运行时间：0.178875s][吞吐率：5.59req/s] [内存消耗：2,014.48kb] [文件加载：47]
[ info ] [ LANG ] D:\phpStudy\WWW\feichangcelue\thinkphp\lang\zh-cn.php
[ info ] [ ROUTE ] array (
  'type' => 'module',
  'module' => 
  array (
    0 => 'public',
    1 => 'static',
    2 => 'static',
  ),
)
[ info ] [ HEADER ] array (
  'host' => 'localhost',
  'connection' => 'keep-alive',
  'user-agent' => 'Mozilla/5.0 (Windows NT 6.3; WOW64) AppleWebKit/537.36 (KHTML, like Gecko) Chrome/59.0.3071.86 Safari/537.36',
  'accept' => '*/*',
  'referer' => 'http://localhost/feichangcelue/',
  'accept-encoding' => 'gzip, deflate, br',
  'accept-language' => 'zh-CN,zh;q=0.8',
  'cookie' => 'PHPSESSID=ldo5cbnl0rvm8fjo0j2evfva30; firstEnterUrlInSession=http%3A//localhost/feichangcelue/; dolphin_home___forward__=%2Ffeichangcelue%2Fadmin.php%2Fadmin%2Fnotemsg%2Funread.html; Hm_lvt_f571b55302a951627ab98145b99cdaab=1541057722; Hm_lpvt_f571b55302a951627ab98145b99cdaab=1541057722; VisitorCapacity=1; pageReferrInSession=http%3A//localhost/feichangcelue/doLogin.html',
)
[ info ] [ PARAM ] array (
  'home' => 'js',
  'moblie' => 'reg.js',
)
[ info ] [ CACHE ] INIT File
[ info ] [ BEHAVIOR ] Run app\common\behavior\Config @app_begin [ RunTime:0.010050s ]
[ info ] [ BEHAVIOR ] Run app\common\behavior\Hook @app_begin [ RunTime:0.022359s ]
[ info ] [ LOG ] INIT File
---------------------------------------------------------------
[ 2018-11-01T15:36:06+08:00 ] ::1 ::1 GET /feichangcelue/admin
[ info ] localhost/feichangcelue/admin [运行时间：0.190686s][吞吐率：5.24req/s] [内存消耗：1,483.85kb] [文件加载：36]
[ info ] [ LANG ] D:\phpStudy\WWW\feichangcelue\thinkphp\lang\zh-cn.php
[ info ] [ ROUTE ] array (
  'type' => 'module',
  'module' => 
  array (
    0 => 'admin',
    1 => NULL,
    2 => NULL,
  ),
)
[ info ] [ HEADER ] array (
  'host' => 'localhost',
  'connection' => 'keep-alive',
  'upgrade-insecure-requests' => '1',
  'user-agent' => 'Mozilla/5.0 (Windows NT 6.3; WOW64) AppleWebKit/537.36 (KHTML, like Gecko) Chrome/59.0.3071.86 Safari/537.36',
  'accept' => 'text/html,application/xhtml+xml,application/xml;q=0.9,image/webp,image/apng,*/*;q=0.8',
  'accept-encoding' => 'gzip, deflate, br',
  'accept-language' => 'zh-CN,zh;q=0.8',
  'cookie' => 'PHPSESSID=ldo5cbnl0rvm8fjo0j2evfva30; firstEnterUrlInSession=http%3A//localhost/feichangcelue/; dolphin_home___forward__=%2Ffeichangcelue%2Fadmin.php%2Fadmin%2Fnotemsg%2Funread.html; Hm_lvt_f571b55302a951627ab98145b99cdaab=1541057722; Hm_lpvt_f571b55302a951627ab98145b99cdaab=1541057722; VisitorCapacity=1; pageReferrInSession=http%3A//localhost/feichangcelue/doLogin.html',
)
[ info ] [ PARAM ] array (
)
[ info ] [ LOG ] INIT File
---------------------------------------------------------------
[ 2018-11-01T15:36:06+08:00 ] ::1 ::1 POST /feichangcelue/pc_broadcast.html
[ info ] localhost/feichangcelue/pc_broadcast.html [运行时间：0.502433s][吞吐率：1.99req/s] [内存消耗：3,296.73kb] [文件加载：57]
[ info ] [ LANG ] D:\phpStudy\WWW\feichangcelue\thinkphp\lang\zh-cn.php
[ info ] [ ROUTE ] array (
  'type' => 'module',
  'module' => 
  array (
    0 => 'index',
    1 => 'index',
    2 => 'pc_broadcast',
  ),
  'convert' => false,
)
[ info ] [ HEADER ] array (
  'host' => 'localhost',
  'connection' => 'keep-alive',
  'content-length' => '0',
  'accept' => 'application/json, text/javascript, */*; q=0.01',
  'origin' => 'http://localhost',
  'x-requested-with' => 'XMLHttpRequest',
  'user-agent' => 'Mozilla/5.0 (Windows NT 6.3; WOW64) AppleWebKit/537.36 (KHTML, like Gecko) Chrome/59.0.3071.86 Safari/537.36',
  'referer' => 'http://localhost/feichangcelue/',
  'accept-encoding' => 'gzip, deflate, br',
  'accept-language' => 'zh-CN,zh;q=0.8',
  'cookie' => 'PHPSESSID=ldo5cbnl0rvm8fjo0j2evfva30; firstEnterUrlInSession=http%3A//localhost/feichangcelue/; dolphin_home___forward__=%2Ffeichangcelue%2Fadmin.php%2Fadmin%2Fnotemsg%2Funread.html; Hm_lvt_f571b55302a951627ab98145b99cdaab=1541057722; Hm_lpvt_f571b55302a951627ab98145b99cdaab=1541057722; VisitorCapacity=1; pageReferrInSession=http%3A//localhost/feichangcelue/doLogin.html',
)
[ info ] [ PARAM ] array (
)
[ info ] [ CACHE ] INIT File
[ info ] [ BEHAVIOR ] Run app\common\behavior\Config @app_begin [ RunTime:0.017558s ]
[ info ] [ BEHAVIOR ] Run app\common\behavior\Hook @app_begin [ RunTime:0.032738s ]
[ info ] [ DB ] INIT mysql
[ info ] [ RUN ] app\index\controller\Index->pc_broadcast[ D:\phpStudy\WWW\feichangcelue\application\index\controller\Index.php ]
[ info ] [ LOG ] INIT File
[ sql ] [ DB ] CONNECT:[ UseTime:0.038640s ] mysql:dbname=peizi;host=rm-wz9l3z92630ora5wjwo.mysql.rds.aliyuncs.com;port=3306;charset=utf8
[ sql ] [ SQL ] SHOW COLUMNS FROM `xh_member` [ RunTime:0.016975s ]
[ sql ] [ SQL ] SELECT `usableSum` FROM `xh_member` WHERE  (  id=1348 ) LIMIT 1 [ RunTime:0.017573s ]
[ sql ] [ SQL ] SHOW COLUMNS FROM `xh_images` [ RunTime:0.018310s ]
[ sql ] [ SQL ] SELECT `src`,`href` FROM `xh_images` WHERE  `type` = 1 ORDER BY `id`  desc LIMIT 0,3 [ RunTime:0.017873s ]
---------------------------------------------------------------
[ 2018-11-01T15:36:06+08:00 ] ::1 ::1 GET /feichangcelue/index_information.html
[ info ] localhost/feichangcelue/index_information.html [运行时间：0.932130s][吞吐率：1.07req/s] [内存消耗：3,510.81kb] [文件加载：62]
[ info ] [ LANG ] D:\phpStudy\WWW\feichangcelue\thinkphp\lang\zh-cn.php
[ info ] [ ROUTE ] array (
  'type' => 'module',
  'module' => 
  array (
    0 => 'index',
    1 => 'index',
    2 => 'index_information',
  ),
  'convert' => false,
)
[ info ] [ HEADER ] array (
  'host' => 'localhost',
  'connection' => 'keep-alive',
  'accept' => 'text/html, */*; q=0.01',
  'x-requested-with' => 'XMLHttpRequest',
  'user-agent' => 'Mozilla/5.0 (Windows NT 6.3; WOW64) AppleWebKit/537.36 (KHTML, like Gecko) Chrome/59.0.3071.86 Safari/537.36',
  'referer' => 'http://localhost/feichangcelue/',
  'accept-encoding' => 'gzip, deflate, br',
  'accept-language' => 'zh-CN,zh;q=0.8',
  'cookie' => 'PHPSESSID=ldo5cbnl0rvm8fjo0j2evfva30; firstEnterUrlInSession=http%3A//localhost/feichangcelue/; dolphin_home___forward__=%2Ffeichangcelue%2Fadmin.php%2Fadmin%2Fnotemsg%2Funread.html; Hm_lvt_f571b55302a951627ab98145b99cdaab=1541057722; Hm_lpvt_f571b55302a951627ab98145b99cdaab=1541057722; VisitorCapacity=1; pageReferrInSession=http%3A//localhost/feichangcelue/doLogin.html',
)
[ info ] [ PARAM ] array (
)
[ info ] [ CACHE ] INIT File
[ info ] [ BEHAVIOR ] Run app\common\behavior\Config @app_begin [ RunTime:0.016753s ]
[ info ] [ BEHAVIOR ] Run app\common\behavior\Hook @app_begin [ RunTime:0.037265s ]
[ info ] [ DB ] INIT mysql
[ info ] [ RUN ] app\index\controller\Index->index_information[ D:\phpStudy\WWW\feichangcelue\application\index\controller\Index.php ]
[ info ] [ VIEW ] D:\phpStudy\WWW\feichangcelue/application/index\view\index\index_information.html [ array (
  0 => 'phone',
  1 => 'QQ',
  2 => 'usableSum',
  3 => 'res_bei',
  4 => 'res_money',
  5 => 'cordon_line',
  6 => 'loss_line',
  7 => 'levers_1',
  8 => 'levers_2',
  9 => 'levers_3',
  10 => 'levers_4',
  11 => 'levers_5',
  12 => 'levers_6',
  13 => 'levers_7',
  14 => 'levers_8',
  15 => 'levers_9',
  16 => 'levers_10',
  17 => 'lossLine',
  18 => 'stopLossRate',
) ]
[ info ] [ LOG ] INIT File
[ sql ] [ DB ] CONNECT:[ UseTime:0.039401s ] mysql:dbname=peizi;host=rm-wz9l3z92630ora5wjwo.mysql.rds.aliyuncs.com;port=3306;charset=utf8
[ sql ] [ SQL ] SHOW COLUMNS FROM `xh_member` [ RunTime:0.017000s ]
[ sql ] [ SQL ] SELECT `usableSum` FROM `xh_member` WHERE  (  id=1348 ) LIMIT 1 [ RunTime:0.015762s ]
[ sql ] [ SQL ] SHOW COLUMNS FROM `xh_stock_interest_lever` [ RunTime:0.016426s ]
[ sql ] [ SQL ] SELECT `interest` FROM `xh_stock_interest_lever` WHERE  (  `levers`='5' ) LIMIT 1 [ RunTime:0.015845s ]
[ sql ] [ SQL ] SHOW COLUMNS FROM `xh_sys_params` [ RunTime:0.016277s ]
[ sql ] [ SQL ] SELECT `value` FROM `xh_sys_params` WHERE  (  `key` = 'lossLine' ) LIMIT 1 [ RunTime:0.015718s ]
[ sql ] [ SQL ] SELECT `value` FROM `xh_sys_params` WHERE  (  `key` = 'stopLossRate' ) LIMIT 1 [ RunTime:0.014668s ]
[ sql ] [ SQL ] SELECT `interest` FROM `xh_stock_interest_lever` WHERE  (  `levers`='1' ) LIMIT 1 [ RunTime:0.015935s ]
[ sql ] [ SQL ] SELECT `interest` FROM `xh_stock_interest_lever` WHERE  (  `levers`='2' ) LIMIT 1 [ RunTime:0.015554s ]
[ sql ] [ SQL ] SELECT `interest` FROM `xh_stock_interest_lever` WHERE  (  `levers`='3' ) LIMIT 1 [ RunTime:0.014967s ]
[ sql ] [ SQL ] SELECT `interest` FROM `xh_stock_interest_lever` WHERE  (  `levers`='4' ) LIMIT 1 [ RunTime:0.014944s ]
[ sql ] [ SQL ] SELECT `interest` FROM `xh_stock_interest_lever` WHERE  (  `levers`='5' ) LIMIT 1 [ RunTime:0.015910s ]
[ sql ] [ SQL ] SELECT `interest` FROM `xh_stock_interest_lever` WHERE  (  `levers`='6' ) LIMIT 1 [ RunTime:0.016003s ]
[ sql ] [ SQL ] SELECT `interest` FROM `xh_stock_interest_lever` WHERE  (  `levers`='7' ) LIMIT 1 [ RunTime:0.015761s ]
[ sql ] [ SQL ] SELECT `interest` FROM `xh_stock_interest_lever` WHERE  (  `levers`='8' ) LIMIT 1 [ RunTime:0.015248s ]
[ sql ] [ SQL ] SELECT `interest` FROM `xh_stock_interest_lever` WHERE  (  `levers`='9' ) LIMIT 1 [ RunTime:0.015754s ]
[ sql ] [ SQL ] SELECT `interest` FROM `xh_stock_interest_lever` WHERE  (  `levers`='10' ) LIMIT 1 [ RunTime:0.015351s ]
[ sql ] [ SQL ] SELECT `value` FROM `xh_sys_params` WHERE  (  `key` = 'lossLine' ) LIMIT 1 [ RunTime:0.015316s ]
[ sql ] [ SQL ] SELECT `value` FROM `xh_sys_params` WHERE  (  `key` = 'stopLossRate' ) LIMIT 1 [ RunTime:0.015269s ]
---------------------------------------------------------------
[ 2018-11-01T15:36:07+08:00 ] ::1 ::1 GET /feichangcelue/admin.php/admin
[ info ] localhost/feichangcelue/admin.php/admin [运行时间：1.398276s][吞吐率：0.72req/s] [内存消耗：3,599.93kb] [文件加载：70]
[ info ] [ LANG ] D:\phpStudy\WWW\feichangcelue\thinkphp\lang\zh-cn.php
[ info ] [ ROUTE ] array (
  'type' => 'module',
  'module' => 
  array (
    0 => 'admin',
    1 => NULL,
    2 => NULL,
  ),
)
[ info ] [ HEADER ] array (
  'host' => 'localhost',
  'connection' => 'keep-alive',
  'upgrade-insecure-requests' => '1',
  'user-agent' => 'Mozilla/5.0 (Windows NT 6.3; WOW64) AppleWebKit/537.36 (KHTML, like Gecko) Chrome/59.0.3071.86 Safari/537.36',
  'accept' => 'text/html,application/xhtml+xml,application/xml;q=0.9,image/webp,image/apng,*/*;q=0.8',
  'accept-encoding' => 'gzip, deflate, br',
  'accept-language' => 'zh-CN,zh;q=0.8',
  'cookie' => 'PHPSESSID=ldo5cbnl0rvm8fjo0j2evfva30; firstEnterUrlInSession=http%3A//localhost/feichangcelue/; dolphin_home___forward__=%2Ffeichangcelue%2Fadmin.php%2Fadmin%2Fnotemsg%2Funread.html; VisitorCapacity=1; pageReferrInSession=http%3A//localhost/feichangcelue/doLogin.html; Hm_lvt_f571b55302a951627ab98145b99cdaab=1541057722; Hm_lpvt_f571b55302a951627ab98145b99cdaab=1541057766',
)
[ info ] [ PARAM ] array (
)
[ info ] [ CACHE ] INIT File
[ info ] [ BEHAVIOR ] Run app\common\behavior\Config @app_begin [ RunTime:0.018486s ]
[ info ] [ BEHAVIOR ] Run app\common\behavior\Hook @app_begin [ RunTime:0.024051s ]
[ info ] [ DB ] INIT mysql
[ info ] [ SESSION ] INIT array (
  'id' => '',
  'var_session_id' => '',
  'prefix' => 'xinhuo_admin_',
  'type' => '',
  'auto_start' => true,
)
[ info ] [ RUN ] app\admin\controller\Index->index[ D:\phpStudy\WWW\feichangcelue\application\admin\controller\Index.php ]
[ info ] [ VIEW ] D:\phpStudy\WWW\feichangcelue/application/admin\view\index\index.html [ array (
  0 => '_admin_base_layout',
  1 => 'system_color',
  2 => '_top_menus',
  3 => '_top_menus_all',
  4 => '_sidebar_menus',
  5 => '_location',
  6 => 'aside',
  7 => '_pop',
) ]
[ info ] [ LOG ] INIT File
[ sql ] [ DB ] CONNECT:[ UseTime:0.036309s ] mysql:dbname=peizi;host=rm-wz9l3z92630ora5wjwo.mysql.rds.aliyuncs.com;port=3306;charset=utf8
[ sql ] [ SQL ] SHOW COLUMNS FROM `xh_admin_menu` [ RunTime:0.015265s ]
[ sql ] [ SQL ] SELECT `id` FROM `xh_admin_menu` WHERE  `pid` <> 0  AND `url_value` = 'admin/index/index' LIMIT 1 [ RunTime:0.014078s ]
[ sql ] [ SQL ] SELECT `id`,`pid`,`title`,`url_value` FROM `xh_admin_menu` [ RunTime:0.017016s ]
[ sql ] [ SQL ] SELECT `id`,`pid`,`module`,`title`,`url_value`,`url_type`,`url_target`,`icon` FROM `xh_admin_menu` WHERE  `status` = 1  AND `module` = 'admin'  AND `online_hide` = 0 ORDER BY sort,id [ RunTime:0.020672s ]
[ sql ] [ SQL ] SHOW COLUMNS FROM `xh_admin_config` [ RunTime:0.015319s ]
[ sql ] [ SQL ] SELECT `value` FROM `xh_admin_config` WHERE  `id` = 1 LIMIT 1 [ RunTime:0.013748s ]
[ sql ] [ SQL ] SHOW COLUMNS FROM `xh_admin_user` [ RunTime:0.015195s ]
[ sql ] [ SQL ] SELECT `password` FROM `xh_admin_user` WHERE  `id` = 1 LIMIT 1 [ RunTime:0.013880s ]
[ sql ] [ SQL ] SHOW COLUMNS FROM `xh_admin_attachment` [ RunTime:0.015311s ]
[ sql ] [ SQL ] SELECT `path` FROM `xh_admin_attachment` WHERE  `id` = 14 LIMIT 1 [ RunTime:0.013978s ]
[ sql ] [ SQL ] SELECT `avatar` FROM `xh_admin_user` WHERE  `id` = 38 LIMIT 1 [ RunTime:0.014095s ]
[ sql ] [ SQL ] SELECT `path` FROM `xh_admin_attachment` WHERE  `id` IS NULL LIMIT 1 [ RunTime:0.014078s ]
---------------------------------------------------------------
[ 2018-11-01T15:36:14+08:00 ] ::1 ::1 POST /feichangcelue/admin.php/admin/index/informationhint.html
[ info ] localhost/feichangcelue/admin.php/admin/index/informationhint.html [运行时间：0.251346s][吞吐率：3.98req/s] [内存消耗：2,978.70kb] [文件加载：58]
[ info ] [ LANG ] D:\phpStudy\WWW\feichangcelue\thinkphp\lang\zh-cn.php
[ info ] [ ROUTE ] array (
  'type' => 'module',
  'module' => 
  array (
    0 => 'admin',
    1 => 'index',
    2 => 'informationhint',
  ),
)
[ info ] [ HEADER ] array (
  'host' => 'localhost',
  'connection' => 'keep-alive',
  'content-length' => '0',
  'accept' => 'application/json, text/javascript, */*; q=0.01',
  'origin' => 'http://localhost',
  'x-requested-with' => 'XMLHttpRequest',
  'user-agent' => 'Mozilla/5.0 (Windows NT 6.3; WOW64) AppleWebKit/537.36 (KHTML, like Gecko) Chrome/59.0.3071.86 Safari/537.36',
  'referer' => 'http://localhost/feichangcelue/admin.php/admin',
  'accept-encoding' => 'gzip, deflate, br',
  'accept-language' => 'zh-CN,zh;q=0.8',
  'cookie' => 'PHPSESSID=ldo5cbnl0rvm8fjo0j2evfva30; firstEnterUrlInSession=http%3A//localhost/feichangcelue/; dolphin_home___forward__=%2Ffeichangcelue%2Fadmin.php%2Fadmin%2Fnotemsg%2Funread.html; VisitorCapacity=1; pageReferrInSession=http%3A//localhost/feichangcelue/doLogin.html; Hm_lvt_f571b55302a951627ab98145b99cdaab=1541057722; Hm_lpvt_f571b55302a951627ab98145b99cdaab=1541057766',
)
[ info ] [ PARAM ] array (
)
[ info ] [ CACHE ] INIT File
[ info ] [ BEHAVIOR ] Run app\common\behavior\Config @app_begin [ RunTime:0.008423s ]
[ info ] [ BEHAVIOR ] Run app\common\behavior\Hook @app_begin [ RunTime:0.018984s ]
[ info ] [ DB ] INIT mysql
[ info ] [ SESSION ] INIT array (
  'id' => '',
  'var_session_id' => '',
  'prefix' => 'xinhuo_admin_',
  'type' => '',
  'auto_start' => true,
)
[ info ] [ RUN ] app\admin\controller\Index->informationHint[ D:\phpStudy\WWW\feichangcelue\application\admin\controller\Index.php ]
[ info ] [ LOG ] INIT File
[ sql ] [ DB ] CONNECT:[ UseTime:0.036453s ] mysql:dbname=peizi;host=rm-wz9l3z92630ora5wjwo.mysql.rds.aliyuncs.com;port=3306;charset=utf8
[ sql ] [ SQL ] SHOW COLUMNS FROM `xh_music` [ RunTime:0.017751s ]
[ sql ] [ SQL ] SELECT * FROM `xh_music` [ RunTime:0.017161s ]
---------------------------------------------------------------
[ 2018-11-01T15:36:15+08:00 ] ::1 ::1 POST /feichangcelue/admin.php/admin/index/setinformationhint.html
[ info ] localhost/feichangcelue/admin.php/admin/index/setinformationhint.html [运行时间：0.365680s][吞吐率：2.73req/s] [内存消耗：2,986.49kb] [文件加载：58]
[ info ] [ LANG ] D:\phpStudy\WWW\feichangcelue\thinkphp\lang\zh-cn.php
[ info ] [ ROUTE ] array (
  'type' => 'module',
  'module' => 
  array (
    0 => 'admin',
    1 => 'index',
    2 => 'setinformationhint',
  ),
)
[ info ] [ HEADER ] array (
  'host' => 'localhost',
  'connection' => 'keep-alive',
  'content-length' => '9',
  'accept' => 'application/json, text/javascript, */*; q=0.01',
  'origin' => 'http://localhost',
  'x-requested-with' => 'XMLHttpRequest',
  'user-agent' => 'Mozilla/5.0 (Windows NT 6.3; WOW64) AppleWebKit/537.36 (KHTML, like Gecko) Chrome/59.0.3071.86 Safari/537.36',
  'content-type' => 'application/x-www-form-urlencoded; charset=UTF-8',
  'referer' => 'http://localhost/feichangcelue/admin.php/admin',
  'accept-encoding' => 'gzip, deflate, br',
  'accept-language' => 'zh-CN,zh;q=0.8',
  'cookie' => 'PHPSESSID=ldo5cbnl0rvm8fjo0j2evfva30; firstEnterUrlInSession=http%3A//localhost/feichangcelue/; dolphin_home___forward__=%2Ffeichangcelue%2Fadmin.php%2Fadmin%2Fnotemsg%2Funread.html; VisitorCapacity=1; pageReferrInSession=http%3A//localhost/feichangcelue/doLogin.html; Hm_lvt_f571b55302a951627ab98145b99cdaab=1541057722; Hm_lpvt_f571b55302a951627ab98145b99cdaab=1541057766',
)
[ info ] [ PARAM ] array (
  'name' => 'wxcz',
)
[ info ] [ CACHE ] INIT File
[ info ] [ BEHAVIOR ] Run app\common\behavior\Config @app_begin [ RunTime:0.013870s ]
[ info ] [ BEHAVIOR ] Run app\common\behavior\Hook @app_begin [ RunTime:0.017010s ]
[ info ] [ DB ] INIT mysql
[ info ] [ SESSION ] INIT array (
  'id' => '',
  'var_session_id' => '',
  'prefix' => 'xinhuo_admin_',
  'type' => '',
  'auto_start' => true,
)
[ info ] [ RUN ] app\admin\controller\Index->setInformationHint[ D:\phpStudy\WWW\feichangcelue\application\admin\controller\Index.php ]
[ info ] [ LOG ] INIT File
[ sql ] [ DB ] CONNECT:[ UseTime:0.035566s ] mysql:dbname=peizi;host=rm-wz9l3z92630ora5wjwo.mysql.rds.aliyuncs.com;port=3306;charset=utf8
[ sql ] [ SQL ] SHOW COLUMNS FROM `xh_music` [ RunTime:0.015361s ]
[ sql ] [ SQL ] SELECT COUNT(*) AS tp_count FROM `xh_music` LIMIT 1 [ RunTime:0.015367s ]
[ sql ] [ SQL ] SELECT * FROM `xh_music` [ RunTime:0.014859s ]
[ sql ] [ SQL ] DELETE FROM `xh_music`    WHERE  `id` = 19 [ RunTime:0.082307s ]
---------------------------------------------------------------
[ 2018-11-01T15:36:20+08:00 ] ::1 ::1 POST /feichangcelue/admin.php/admin/index/informationhint.html
[ info ] localhost/feichangcelue/admin.php/admin/index/informationhint.html [运行时间：0.342404s][吞吐率：2.92req/s] [内存消耗：2,994.00kb] [文件加载：59]
[ info ] [ LANG ] D:\phpStudy\WWW\feichangcelue\thinkphp\lang\zh-cn.php
[ info ] [ ROUTE ] array (
  'type' => 'module',
  'module' => 
  array (
    0 => 'admin',
    1 => 'index',
    2 => 'informationhint',
  ),
)
[ info ] [ HEADER ] array (
  'host' => 'localhost',
  'connection' => 'keep-alive',
  'content-length' => '0',
  'pragma' => 'no-cache',
  'cache-control' => 'no-cache',
  'accept' => 'application/json, text/javascript, */*; q=0.01',
  'origin' => 'http://localhost',
  'x-requested-with' => 'XMLHttpRequest',
  'user-agent' => 'Mozilla/5.0 (iPhone; CPU iPhone OS 9_1 like Mac OS X) AppleWebKit/601.1.46 (KHTML, like Gecko) Version/9.0 Mobile/13B143 Safari/601.1',
  'referer' => 'http://localhost/feichangcelue/admin.php/admin',
  'accept-encoding' => 'gzip, deflate, br',
  'accept-language' => 'zh-CN,zh;q=0.8',
  'cookie' => 'PHPSESSID=ldo5cbnl0rvm8fjo0j2evfva30; firstEnterUrlInSession=http%3A//localhost/feichangcelue/; dolphin_home___forward__=%2Ffeichangcelue%2Fadmin.php%2Fadmin%2Fnotemsg%2Funread.html; VisitorCapacity=1; pageReferrInSession=http%3A//localhost/feichangcelue/doLogin.html; Hm_lvt_f571b55302a951627ab98145b99cdaab=1541057722; Hm_lpvt_f571b55302a951627ab98145b99cdaab=1541057766',
)
[ info ] [ PARAM ] array (
)
[ info ] [ CACHE ] INIT File
[ info ] [ BEHAVIOR ] Run app\common\behavior\Config @app_begin [ RunTime:0.015531s ]
[ info ] [ BEHAVIOR ] Run app\common\behavior\Hook @app_begin [ RunTime:0.022246s ]
[ info ] [ DB ] INIT mysql
[ info ] [ SESSION ] INIT array (
  'id' => '',
  'var_session_id' => '',
  'prefix' => 'xinhuo_admin_',
  'type' => '',
  'auto_start' => true,
)
[ info ] [ RUN ] app\admin\controller\Index->informationHint[ D:\phpStudy\WWW\feichangcelue\application\admin\controller\Index.php ]
[ info ] [ LOG ] INIT File
[ sql ] [ DB ] CONNECT:[ UseTime:0.036183s ] mysql:dbname=peizi;host=rm-wz9l3z92630ora5wjwo.mysql.rds.aliyuncs.com;port=3306;charset=utf8
[ sql ] [ SQL ] SHOW COLUMNS FROM `xh_music` [ RunTime:0.017691s ]
[ sql ] [ SQL ] SELECT * FROM `xh_music` [ RunTime:0.015739s ]
---------------------------------------------------------------
[ 2018-11-01T15:36:26+08:00 ] ::1 ::1 POST /feichangcelue/admin.php/admin/index/informationhint.html
[ info ] localhost/feichangcelue/admin.php/admin/index/informationhint.html [运行时间：0.268024s][吞吐率：3.73req/s] [内存消耗：2,994.00kb] [文件加载：59]
[ info ] [ LANG ] D:\phpStudy\WWW\feichangcelue\thinkphp\lang\zh-cn.php
[ info ] [ ROUTE ] array (
  'type' => 'module',
  'module' => 
  array (
    0 => 'admin',
    1 => 'index',
    2 => 'informationhint',
  ),
)
[ info ] [ HEADER ] array (
  'host' => 'localhost',
  'connection' => 'keep-alive',
  'content-length' => '0',
  'pragma' => 'no-cache',
  'cache-control' => 'no-cache',
  'accept' => 'application/json, text/javascript, */*; q=0.01',
  'origin' => 'http://localhost',
  'x-requested-with' => 'XMLHttpRequest',
  'user-agent' => 'Mozilla/5.0 (iPhone; CPU iPhone OS 9_1 like Mac OS X) AppleWebKit/601.1.46 (KHTML, like Gecko) Version/9.0 Mobile/13B143 Safari/601.1',
  'referer' => 'http://localhost/feichangcelue/admin.php/admin',
  'accept-encoding' => 'gzip, deflate, br',
  'accept-language' => 'zh-CN,zh;q=0.8',
  'cookie' => 'PHPSESSID=ldo5cbnl0rvm8fjo0j2evfva30; firstEnterUrlInSession=http%3A//localhost/feichangcelue/; dolphin_home___forward__=%2Ffeichangcelue%2Fadmin.php%2Fadmin%2Fnotemsg%2Funread.html; VisitorCapacity=1; pageReferrInSession=http%3A//localhost/feichangcelue/doLogin.html; Hm_lvt_f571b55302a951627ab98145b99cdaab=1541057722; Hm_lpvt_f571b55302a951627ab98145b99cdaab=1541057766',
)
[ info ] [ PARAM ] array (
)
[ info ] [ CACHE ] INIT File
[ info ] [ BEHAVIOR ] Run app\common\behavior\Config @app_begin [ RunTime:0.010823s ]
[ info ] [ BEHAVIOR ] Run app\common\behavior\Hook @app_begin [ RunTime:0.019364s ]
[ info ] [ DB ] INIT mysql
[ info ] [ SESSION ] INIT array (
  'id' => '',
  'var_session_id' => '',
  'prefix' => 'xinhuo_admin_',
  'type' => '',
  'auto_start' => true,
)
[ info ] [ RUN ] app\admin\controller\Index->informationHint[ D:\phpStudy\WWW\feichangcelue\application\admin\controller\Index.php ]
[ info ] [ LOG ] INIT File
[ sql ] [ DB ] CONNECT:[ UseTime:0.027241s ] mysql:dbname=peizi;host=rm-wz9l3z92630ora5wjwo.mysql.rds.aliyuncs.com;port=3306;charset=utf8
[ sql ] [ SQL ] SHOW COLUMNS FROM `xh_music` [ RunTime:0.012382s ]
[ sql ] [ SQL ] SELECT * FROM `xh_music` [ RunTime:0.011985s ]
---------------------------------------------------------------
[ 2018-11-01T15:36:32+08:00 ] ::1 ::1 POST /feichangcelue/admin.php/admin/index/informationhint.html
[ info ] localhost/feichangcelue/admin.php/admin/index/informationhint.html [运行时间：0.321039s][吞吐率：3.11req/s] [内存消耗：2,994.00kb] [文件加载：59]
[ info ] [ LANG ] D:\phpStudy\WWW\feichangcelue\thinkphp\lang\zh-cn.php
[ info ] [ ROUTE ] array (
  'type' => 'module',
  'module' => 
  array (
    0 => 'admin',
    1 => 'index',
    2 => 'informationhint',
  ),
)
[ info ] [ HEADER ] array (
  'host' => 'localhost',
  'connection' => 'keep-alive',
  'content-length' => '0',
  'pragma' => 'no-cache',
  'cache-control' => 'no-cache',
  'accept' => 'application/json, text/javascript, */*; q=0.01',
  'origin' => 'http://localhost',
  'x-requested-with' => 'XMLHttpRequest',
  'user-agent' => 'Mozilla/5.0 (iPhone; CPU iPhone OS 9_1 like Mac OS X) AppleWebKit/601.1.46 (KHTML, like Gecko) Version/9.0 Mobile/13B143 Safari/601.1',
  'referer' => 'http://localhost/feichangcelue/admin.php/admin',
  'accept-encoding' => 'gzip, deflate, br',
  'accept-language' => 'zh-CN,zh;q=0.8',
  'cookie' => 'PHPSESSID=ldo5cbnl0rvm8fjo0j2evfva30; firstEnterUrlInSession=http%3A//localhost/feichangcelue/; dolphin_home___forward__=%2Ffeichangcelue%2Fadmin.php%2Fadmin%2Fnotemsg%2Funread.html; VisitorCapacity=1; pageReferrInSession=http%3A//localhost/feichangcelue/doLogin.html; Hm_lvt_f571b55302a951627ab98145b99cdaab=1541057722; Hm_lpvt_f571b55302a951627ab98145b99cdaab=1541057766',
)
[ info ] [ PARAM ] array (
)
[ info ] [ CACHE ] INIT File
[ info ] [ BEHAVIOR ] Run app\common\behavior\Config @app_begin [ RunTime:0.011265s ]
[ info ] [ BEHAVIOR ] Run app\common\behavior\Hook @app_begin [ RunTime:0.023009s ]
[ info ] [ DB ] INIT mysql
[ info ] [ SESSION ] INIT array (
  'id' => '',
  'var_session_id' => '',
  'prefix' => 'xinhuo_admin_',
  'type' => '',
  'auto_start' => true,
)
[ info ] [ RUN ] app\admin\controller\Index->informationHint[ D:\phpStudy\WWW\feichangcelue\application\admin\controller\Index.php ]
[ info ] [ LOG ] INIT File
[ sql ] [ DB ] CONNECT:[ UseTime:0.034355s ] mysql:dbname=peizi;host=rm-wz9l3z92630ora5wjwo.mysql.rds.aliyuncs.com;port=3306;charset=utf8
[ sql ] [ SQL ] SHOW COLUMNS FROM `xh_music` [ RunTime:0.011587s ]
[ sql ] [ SQL ] SELECT * FROM `xh_music` [ RunTime:0.012235s ]
---------------------------------------------------------------
[ 2018-11-01T15:36:38+08:00 ] ::1 ::1 POST /feichangcelue/admin.php/admin/index/informationhint.html
[ info ] localhost/feichangcelue/admin.php/admin/index/informationhint.html [运行时间：0.286505s][吞吐率：3.49req/s] [内存消耗：2,994.00kb] [文件加载：59]
[ info ] [ LANG ] D:\phpStudy\WWW\feichangcelue\thinkphp\lang\zh-cn.php
[ info ] [ ROUTE ] array (
  'type' => 'module',
  'module' => 
  array (
    0 => 'admin',
    1 => 'index',
    2 => 'informationhint',
  ),
)
[ info ] [ HEADER ] array (
  'host' => 'localhost',
  'connection' => 'keep-alive',
  'content-length' => '0',
  'pragma' => 'no-cache',
  'cache-control' => 'no-cache',
  'accept' => 'application/json, text/javascript, */*; q=0.01',
  'origin' => 'http://localhost',
  'x-requested-with' => 'XMLHttpRequest',
  'user-agent' => 'Mozilla/5.0 (iPhone; CPU iPhone OS 9_1 like Mac OS X) AppleWebKit/601.1.46 (KHTML, like Gecko) Version/9.0 Mobile/13B143 Safari/601.1',
  'referer' => 'http://localhost/feichangcelue/admin.php/admin',
  'accept-encoding' => 'gzip, deflate, br',
  'accept-language' => 'zh-CN,zh;q=0.8',
  'cookie' => 'PHPSESSID=ldo5cbnl0rvm8fjo0j2evfva30; firstEnterUrlInSession=http%3A//localhost/feichangcelue/; dolphin_home___forward__=%2Ffeichangcelue%2Fadmin.php%2Fadmin%2Fnotemsg%2Funread.html; VisitorCapacity=1; pageReferrInSession=http%3A//localhost/feichangcelue/doLogin.html; Hm_lvt_f571b55302a951627ab98145b99cdaab=1541057722; Hm_lpvt_f571b55302a951627ab98145b99cdaab=1541057766',
)
[ info ] [ PARAM ] array (
)
[ info ] [ CACHE ] INIT File
[ info ] [ BEHAVIOR ] Run app\common\behavior\Config @app_begin [ RunTime:0.011696s ]
[ info ] [ BEHAVIOR ] Run app\common\behavior\Hook @app_begin [ RunTime:0.019433s ]
[ info ] [ DB ] INIT mysql
[ info ] [ SESSION ] INIT array (
  'id' => '',
  'var_session_id' => '',
  'prefix' => 'xinhuo_admin_',
  'type' => '',
  'auto_start' => true,
)
[ info ] [ RUN ] app\admin\controller\Index->informationHint[ D:\phpStudy\WWW\feichangcelue\application\admin\controller\Index.php ]
[ info ] [ LOG ] INIT File
[ sql ] [ DB ] CONNECT:[ UseTime:0.036142s ] mysql:dbname=peizi;host=rm-wz9l3z92630ora5wjwo.mysql.rds.aliyuncs.com;port=3306;charset=utf8
[ sql ] [ SQL ] SHOW COLUMNS FROM `xh_music` [ RunTime:0.019047s ]
[ sql ] [ SQL ] SELECT * FROM `xh_music` [ RunTime:0.018051s ]
---------------------------------------------------------------
[ 2018-11-01T15:36:44+08:00 ] ::1 ::1 POST /feichangcelue/admin.php/admin/index/informationhint.html
[ info ] localhost/feichangcelue/admin.php/admin/index/informationhint.html [运行时间：0.310013s][吞吐率：3.23req/s] [内存消耗：2,994.00kb] [文件加载：59]
[ info ] [ LANG ] D:\phpStudy\WWW\feichangcelue\thinkphp\lang\zh-cn.php
[ info ] [ ROUTE ] array (
  'type' => 'module',
  'module' => 
  array (
    0 => 'admin',
    1 => 'index',
    2 => 'informationhint',
  ),
)
[ info ] [ HEADER ] array (
  'host' => 'localhost',
  'connection' => 'keep-alive',
  'content-length' => '0',
  'pragma' => 'no-cache',
  'cache-control' => 'no-cache',
  'accept' => 'application/json, text/javascript, */*; q=0.01',
  'origin' => 'http://localhost',
  'x-requested-with' => 'XMLHttpRequest',
  'user-agent' => 'Mozilla/5.0 (iPhone; CPU iPhone OS 9_1 like Mac OS X) AppleWebKit/601.1.46 (KHTML, like Gecko) Version/9.0 Mobile/13B143 Safari/601.1',
  'referer' => 'http://localhost/feichangcelue/admin.php/admin',
  'accept-encoding' => 'gzip, deflate, br',
  'accept-language' => 'zh-CN,zh;q=0.8',
  'cookie' => 'PHPSESSID=ldo5cbnl0rvm8fjo0j2evfva30; firstEnterUrlInSession=http%3A//localhost/feichangcelue/; dolphin_home___forward__=%2Ffeichangcelue%2Fadmin.php%2Fadmin%2Fnotemsg%2Funread.html; VisitorCapacity=1; pageReferrInSession=http%3A//localhost/feichangcelue/doLogin.html; Hm_lvt_f571b55302a951627ab98145b99cdaab=1541057722; Hm_lpvt_f571b55302a951627ab98145b99cdaab=1541057766',
)
[ info ] [ PARAM ] array (
)
[ info ] [ CACHE ] INIT File
[ info ] [ BEHAVIOR ] Run app\common\behavior\Config @app_begin [ RunTime:0.014010s ]
[ info ] [ BEHAVIOR ] Run app\common\behavior\Hook @app_begin [ RunTime:0.023292s ]
[ info ] [ DB ] INIT mysql
[ info ] [ SESSION ] INIT array (
  'id' => '',
  'var_session_id' => '',
  'prefix' => 'xinhuo_admin_',
  'type' => '',
  'auto_start' => true,
)
[ info ] [ RUN ] app\admin\controller\Index->informationHint[ D:\phpStudy\WWW\feichangcelue\application\admin\controller\Index.php ]
[ info ] [ LOG ] INIT File
[ sql ] [ DB ] CONNECT:[ UseTime:0.039890s ] mysql:dbname=peizi;host=rm-wz9l3z92630ora5wjwo.mysql.rds.aliyuncs.com;port=3306;charset=utf8
[ sql ] [ SQL ] SHOW COLUMNS FROM `xh_music` [ RunTime:0.019488s ]
[ sql ] [ SQL ] SELECT * FROM `xh_music` [ RunTime:0.019040s ]
