---------------------------------------------------------------
[ 2018-11-06T13:47:07+08:00 ] ::1 ::1 GET /feichangcelue/
[ info ] localhost/feichangcelue/ [运行时间：0.583985s][吞吐率：1.71req/s] [内存消耗：4,058.76kb] [文件加载：71]
[ info ] [ LANG ] D:\phpStudy\PHPTutorial\WWW\feichangcelue\thinkphp\lang\zh-cn.php
[ info ] [ ROUTE ] array (
  'type' => 'module',
  'module' => 
  array (
    0 => '',
    1 => NULL,
    2 => NULL,
  ),
)
[ info ] [ HEADER ] array (
  'host' => 'localhost',
  'connection' => 'keep-alive',
  'upgrade-insecure-requests' => '1',
  'user-agent' => 'Mozilla/5.0 (Windows NT 6.1; WOW64) AppleWebKit/537.36 (KHTML, like Gecko) Chrome/69.0.3497.81 Safari/537.36',
  'accept' => 'text/html,application/xhtml+xml,application/xml;q=0.9,image/webp,image/apng,*/*;q=0.8',
  'referer' => 'http://localhost/',
  'accept-encoding' => 'gzip, deflate, br',
  'accept-language' => 'zh-CN,zh;q=0.9',
  'cookie' => 'PHPSESSID=q78ddj0ib0up2ls1ifqpho06m0',
)
[ info ] [ PARAM ] array (
)
[ info ] [ CACHE ] INIT File
[ info ] [ DB ] INIT mysql
[ info ] [ BEHAVIOR ] Run app\common\behavior\Config @app_begin [ RunTime:0.130859s ]
[ info ] [ BEHAVIOR ] Run app\common\behavior\Hook @app_begin [ RunTime:0.116211s ]
[ info ] [ RUN ] app\index\controller\Index->index[ D:\phpStudy\PHPTutorial\WWW\feichangcelue\application\index\controller\Index.php ]
[ info ] [ VIEW ] D:\phpStudy\PHPTutorial\WWW\feichangcelue/application/index\view\index\index.html [ array (
  0 => 'phone',
  1 => 'QQ',
  2 => 'news_informations',
  3 => 'news_informations_tow',
  4 => 'notice_content',
  5 => 'btn_emergency',
  6 => 'sz_info_arr',
) ]
[ info ] [ LOG ] INIT File
[ sql ] [ DB ] CONNECT:[ UseTime:0.027343s ] mysql:dbname=peizi;host=rm-wz9l3z92630ora5wjwo.mysql.rds.aliyuncs.com;port=3306;charset=utf8
[ sql ] [ SQL ] SHOW COLUMNS FROM `xh_admin_config` [ RunTime:0.016602s ]
[ sql ] [ SQL ] SELECT `name`,`value`,`type` FROM `xh_admin_config` [ RunTime:0.018554s ]
[ sql ] [ SQL ] SHOW COLUMNS FROM `xh_admin_module` [ RunTime:0.015625s ]
[ sql ] [ SQL ] SELECT `name`,`config` FROM `xh_admin_module` WHERE  `config` <> '' [ RunTime:0.016602s ]
[ sql ] [ SQL ] SHOW COLUMNS FROM `xh_admin_hook` [ RunTime:0.016602s ]
[ sql ] [ SQL ] SELECT `name`,`status` FROM `xh_admin_hook` WHERE  `status` = 1 [ RunTime:0.016601s ]
[ sql ] [ SQL ] SHOW COLUMNS FROM `xh_admin_plugin` [ RunTime:0.017578s ]
[ sql ] [ SQL ] SELECT `name`,`status` FROM `xh_admin_plugin` WHERE  `status` = 1 [ RunTime:0.016602s ]
[ sql ] [ SQL ] SHOW COLUMNS FROM `xh_admin_hook_plugin` [ RunTime:0.018555s ]
[ sql ] [ SQL ] SELECT * FROM `xh_admin_hook_plugin` WHERE  `status` = 1 ORDER BY hook,sort [ RunTime:0.017578s ]
[ sql ] [ SQL ] select a.stockCode, c.`name` as stockName,  a.createTime, b.username,b.mobile
			from xh_stock_order as a, xh_member as b, xh_shares as c
			 WHERE isFreetrial=0 and a.memberId = b.id and a.stockCode=c.`code`
			order by a.id desc limit 7 [ RunTime:0.015625s ]
[ sql ] [ SQL ] SHOW COLUMNS FROM `xh_article` [ RunTime:0.017579s ]
[ sql ] [ SQL ] SELECT * FROM `xh_article` ORDER BY `createTime`  desc LIMIT 7 [ RunTime:0.016601s ]
[ sql ] [ SQL ] SHOW COLUMNS FROM `xh_notice` [ RunTime:0.015625s ]
[ sql ] [ SQL ] SELECT * FROM `xh_notice` ORDER BY `createTime`  desc LIMIT 7 [ RunTime:0.017578s ]
[ sql ] [ SQL ] SELECT COUNT(*) AS tp_count FROM `xh_notice` LIMIT 1 [ RunTime:0.014648s ]
[ sql ] [ SQL ] SELECT * FROM `xh_notice` ORDER BY `createTime`  desc LIMIT 1 [ RunTime:0.015625s ]
[ sql ] [ SQL ] SHOW COLUMNS FROM `xh_emergency_notice` [ RunTime:0.015625s ]
[ sql ] [ SQL ] SELECT * FROM `xh_emergency_notice` LIMIT 1 [ RunTime:0.017579s ]
[ sql ] [ SQL ] SHOW COLUMNS FROM `xh_shares` [ RunTime:0.018554s ]
[ sql ] [ SQL ] SELECT `market` FROM `xh_shares` WHERE  `code` = '000001' LIMIT 1 [ RunTime:0.017578s ]
[ error ] [8]未定义数组索引: member[D:\phpStudy\PHPTutorial\WWW\feichangcelue\application\index\controller\Index.php:52]
[ error ] [8]未定义数组索引: member[D:\phpStudy\PHPTutorial\WWW\feichangcelue\runtime\temp\76fdcc8d18ffb1f5a59f76a0a98f1388.php:38]
[ error ] [8]未定义数组索引: member[D:\phpStudy\PHPTutorial\WWW\feichangcelue\runtime\temp\76fdcc8d18ffb1f5a59f76a0a98f1388.php:43]
[ error ] [8]未定义数组索引: member[D:\phpStudy\PHPTutorial\WWW\feichangcelue\runtime\temp\76fdcc8d18ffb1f5a59f76a0a98f1388.php:50]
[ error ] [8]未定义变量: usableSum[D:\phpStudy\PHPTutorial\WWW\feichangcelue\runtime\temp\76fdcc8d18ffb1f5a59f76a0a98f1388.php:55]
[ error ] [8]未定义数组索引: member[D:\phpStudy\PHPTutorial\WWW\feichangcelue\runtime\temp\76fdcc8d18ffb1f5a59f76a0a98f1388.php:179]
[ error ] [8]未定义变量: count[D:\phpStudy\PHPTutorial\WWW\feichangcelue\runtime\temp\76fdcc8d18ffb1f5a59f76a0a98f1388.php:249]
[ error ] [8]未定义变量: earnSum[D:\phpStudy\PHPTutorial\WWW\feichangcelue\runtime\temp\76fdcc8d18ffb1f5a59f76a0a98f1388.php:250]
---------------------------------------------------------------
[ 2018-11-06T13:47:07+08:00 ] ::1 ::1 GET /feichangcelue/public/static/static/home/js/moblie/mui.min.js
[ info ] localhost/feichangcelue/public/static/static/home/js/moblie/mui.min.js [运行时间：0.051758s][吞吐率：19.32req/s] [内存消耗：2,015.63kb] [文件加载：47]
[ info ] [ LANG ] D:\phpStudy\PHPTutorial\WWW\feichangcelue\thinkphp\lang\zh-cn.php
[ info ] [ ROUTE ] array (
  'type' => 'module',
  'module' => 
  array (
    0 => 'public',
    1 => 'static',
    2 => 'static',
  ),
)
[ info ] [ HEADER ] array (
  'host' => 'localhost',
  'connection' => 'keep-alive',
  'user-agent' => 'Mozilla/5.0 (Windows NT 6.1; WOW64) AppleWebKit/537.36 (KHTML, like Gecko) Chrome/69.0.3497.81 Safari/537.36',
  'accept' => '*/*',
  'referer' => 'http://localhost/feichangcelue/',
  'accept-encoding' => 'gzip, deflate, br',
  'accept-language' => 'zh-CN,zh;q=0.9',
  'cookie' => 'PHPSESSID=q78ddj0ib0up2ls1ifqpho06m0',
)
[ info ] [ PARAM ] array (
  'home' => 'js',
  'moblie' => 'mui.min.js',
)
[ info ] [ CACHE ] INIT File
[ info ] [ BEHAVIOR ] Run app\common\behavior\Config @app_begin [ RunTime:0.002930s ]
[ info ] [ BEHAVIOR ] Run app\common\behavior\Hook @app_begin [ RunTime:0.007812s ]
[ info ] [ LOG ] INIT File
---------------------------------------------------------------
[ 2018-11-06T13:47:07+08:00 ] ::1 ::1 GET /feichangcelue/public/static/static/home/js/moblie/reg.js
[ info ] localhost/feichangcelue/public/static/static/home/js/moblie/reg.js [运行时间：0.048828s][吞吐率：20.48req/s] [内存消耗：2,015.59kb] [文件加载：47]
[ info ] [ LANG ] D:\phpStudy\PHPTutorial\WWW\feichangcelue\thinkphp\lang\zh-cn.php
[ info ] [ ROUTE ] array (
  'type' => 'module',
  'module' => 
  array (
    0 => 'public',
    1 => 'static',
    2 => 'static',
  ),
)
[ info ] [ HEADER ] array (
  'host' => 'localhost',
  'connection' => 'keep-alive',
  'user-agent' => 'Mozilla/5.0 (Windows NT 6.1; WOW64) AppleWebKit/537.36 (KHTML, like Gecko) Chrome/69.0.3497.81 Safari/537.36',
  'accept' => '*/*',
  'referer' => 'http://localhost/feichangcelue/',
  'accept-encoding' => 'gzip, deflate, br',
  'accept-language' => 'zh-CN,zh;q=0.9',
  'cookie' => 'PHPSESSID=q78ddj0ib0up2ls1ifqpho06m0',
)
[ info ] [ PARAM ] array (
  'home' => 'js',
  'moblie' => 'reg.js',
)
[ info ] [ CACHE ] INIT File
[ info ] [ BEHAVIOR ] Run app\common\behavior\Config @app_begin [ RunTime:0.002929s ]
[ info ] [ BEHAVIOR ] Run app\common\behavior\Hook @app_begin [ RunTime:0.008789s ]
[ info ] [ LOG ] INIT File
---------------------------------------------------------------
[ 2018-11-06T13:47:07+08:00 ] ::1 ::1 GET /feichangcelue/public/static/home/img/index_tr_up.jpg
[ info ] localhost/feichangcelue/public/static/home/img/index_tr_up.jpg [运行时间：0.044922s][吞吐率：22.26req/s] [内存消耗：2,015.62kb] [文件加载：47]
[ info ] [ LANG ] D:\phpStudy\PHPTutorial\WWW\feichangcelue\thinkphp\lang\zh-cn.php
[ info ] [ ROUTE ] array (
  'type' => 'module',
  'module' => 
  array (
    0 => 'public',
    1 => 'static',
    2 => 'home',
  ),
)
[ info ] [ HEADER ] array (
  'host' => 'localhost',
  'connection' => 'keep-alive',
  'user-agent' => 'Mozilla/5.0 (Windows NT 6.1; WOW64) AppleWebKit/537.36 (KHTML, like Gecko) Chrome/69.0.3497.81 Safari/537.36',
  'accept' => 'image/webp,image/apng,image/*,*/*;q=0.8',
  'referer' => 'http://localhost/feichangcelue/public/static/home/css/index.css',
  'accept-encoding' => 'gzip, deflate, br',
  'accept-language' => 'zh-CN,zh;q=0.9',
  'cookie' => 'PHPSESSID=q78ddj0ib0up2ls1ifqpho06m0',
)
[ info ] [ PARAM ] array (
  'img' => 'index_tr_up.jpg',
)
[ info ] [ CACHE ] INIT File
[ info ] [ BEHAVIOR ] Run app\common\behavior\Config @app_begin [ RunTime:0.001953s ]
[ info ] [ BEHAVIOR ] Run app\common\behavior\Hook @app_begin [ RunTime:0.006836s ]
[ info ] [ LOG ] INIT File
---------------------------------------------------------------
[ 2018-11-06T13:47:07+08:00 ] ::1 ::1 GET /feichangcelue/public/static/static/home/js/moblie/mui.min.js
[ info ] localhost/feichangcelue/public/static/static/home/js/moblie/mui.min.js [运行时间：0.047851s][吞吐率：20.90req/s] [内存消耗：2,016.02kb] [文件加载：47]
[ info ] [ LANG ] D:\phpStudy\PHPTutorial\WWW\feichangcelue\thinkphp\lang\zh-cn.php
[ info ] [ ROUTE ] array (
  'type' => 'module',
  'module' => 
  array (
    0 => 'public',
    1 => 'static',
    2 => 'static',
  ),
)
[ info ] [ HEADER ] array (
  'host' => 'localhost',
  'connection' => 'keep-alive',
  'user-agent' => 'Mozilla/5.0 (Windows NT 6.1; WOW64) AppleWebKit/537.36 (KHTML, like Gecko) Chrome/69.0.3497.81 Safari/537.36',
  'accept' => '*/*',
  'referer' => 'http://localhost/feichangcelue/',
  'accept-encoding' => 'gzip, deflate, br',
  'accept-language' => 'zh-CN,zh;q=0.9',
  'cookie' => 'PHPSESSID=q78ddj0ib0up2ls1ifqpho06m0; pageReferrInSession=http%3A//localhost/; firstEnterUrlInSession=http%3A//localhost/feichangcelue/',
)
[ info ] [ PARAM ] array (
  'home' => 'js',
  'moblie' => 'mui.min.js',
)
[ info ] [ CACHE ] INIT File
[ info ] [ BEHAVIOR ] Run app\common\behavior\Config @app_begin [ RunTime:0.003907s ]
[ info ] [ BEHAVIOR ] Run app\common\behavior\Hook @app_begin [ RunTime:0.006835s ]
[ info ] [ LOG ] INIT File
---------------------------------------------------------------
[ 2018-11-06T13:47:07+08:00 ] ::1 ::1 GET /feichangcelue/public/static/static/home/js/moblie/reg.js
[ info ] localhost/feichangcelue/public/static/static/home/js/moblie/reg.js [运行时间：0.045898s][吞吐率：21.79req/s] [内存消耗：2,015.98kb] [文件加载：47]
[ info ] [ LANG ] D:\phpStudy\PHPTutorial\WWW\feichangcelue\thinkphp\lang\zh-cn.php
[ info ] [ ROUTE ] array (
  'type' => 'module',
  'module' => 
  array (
    0 => 'public',
    1 => 'static',
    2 => 'static',
  ),
)
[ info ] [ HEADER ] array (
  'host' => 'localhost',
  'connection' => 'keep-alive',
  'user-agent' => 'Mozilla/5.0 (Windows NT 6.1; WOW64) AppleWebKit/537.36 (KHTML, like Gecko) Chrome/69.0.3497.81 Safari/537.36',
  'accept' => '*/*',
  'referer' => 'http://localhost/feichangcelue/',
  'accept-encoding' => 'gzip, deflate, br',
  'accept-language' => 'zh-CN,zh;q=0.9',
  'cookie' => 'PHPSESSID=q78ddj0ib0up2ls1ifqpho06m0; pageReferrInSession=http%3A//localhost/; firstEnterUrlInSession=http%3A//localhost/feichangcelue/',
)
[ info ] [ PARAM ] array (
  'home' => 'js',
  'moblie' => 'reg.js',
)
[ info ] [ CACHE ] INIT File
[ info ] [ BEHAVIOR ] Run app\common\behavior\Config @app_begin [ RunTime:0.002930s ]
[ info ] [ BEHAVIOR ] Run app\common\behavior\Hook @app_begin [ RunTime:0.005859s ]
[ info ] [ LOG ] INIT File
---------------------------------------------------------------
[ 2018-11-06T13:47:08+08:00 ] ::1 ::1 POST /feichangcelue/pc_broadcast.html
[ info ] localhost/feichangcelue/pc_broadcast.html [运行时间：0.131836s][吞吐率：7.59req/s] [内存消耗：3,288.98kb] [文件加载：57]
[ info ] [ LANG ] D:\phpStudy\PHPTutorial\WWW\feichangcelue\thinkphp\lang\zh-cn.php
[ info ] [ ROUTE ] array (
  'type' => 'module',
  'module' => 
  array (
    0 => 'index',
    1 => 'index',
    2 => 'pc_broadcast',
  ),
  'convert' => false,
)
[ info ] [ HEADER ] array (
  'host' => 'localhost',
  'connection' => 'keep-alive',
  'content-length' => '0',
  'accept' => 'application/json, text/javascript, */*; q=0.01',
  'origin' => 'http://localhost',
  'x-requested-with' => 'XMLHttpRequest',
  'user-agent' => 'Mozilla/5.0 (Windows NT 6.1; WOW64) AppleWebKit/537.36 (KHTML, like Gecko) Chrome/69.0.3497.81 Safari/537.36',
  'referer' => 'http://localhost/feichangcelue/',
  'accept-encoding' => 'gzip, deflate, br',
  'accept-language' => 'zh-CN,zh;q=0.9',
  'cookie' => 'PHPSESSID=q78ddj0ib0up2ls1ifqpho06m0; pageReferrInSession=http%3A//localhost/; firstEnterUrlInSession=http%3A//localhost/feichangcelue/',
)
[ info ] [ PARAM ] array (
)
[ info ] [ CACHE ] INIT File
[ info ] [ BEHAVIOR ] Run app\common\behavior\Config @app_begin [ RunTime:0.002930s ]
[ info ] [ BEHAVIOR ] Run app\common\behavior\Hook @app_begin [ RunTime:0.005859s ]
[ info ] [ RUN ] app\index\controller\Index->pc_broadcast[ D:\phpStudy\PHPTutorial\WWW\feichangcelue\application\index\controller\Index.php ]
[ info ] [ DB ] INIT mysql
[ info ] [ LOG ] INIT File
[ sql ] [ DB ] CONNECT:[ UseTime:0.030274s ] mysql:dbname=peizi;host=rm-wz9l3z92630ora5wjwo.mysql.rds.aliyuncs.com;port=3306;charset=utf8
[ sql ] [ SQL ] SHOW COLUMNS FROM `xh_images` [ RunTime:0.018554s ]
[ sql ] [ SQL ] SELECT `src`,`href` FROM `xh_images` WHERE  `type` = 1 ORDER BY `id`  desc LIMIT 0,3 [ RunTime:0.018554s ]
---------------------------------------------------------------
[ 2018-11-06T13:47:08+08:00 ] ::1 ::1 GET /feichangcelue/index_information.html
[ info ] localhost/feichangcelue/index_information.html [运行时间：0.495117s][吞吐率：2.02req/s] [内存消耗：3,673.89kb] [文件加载：64]
[ info ] [ LANG ] D:\phpStudy\PHPTutorial\WWW\feichangcelue\thinkphp\lang\zh-cn.php
[ info ] [ ROUTE ] array (
  'type' => 'module',
  'module' => 
  array (
    0 => 'index',
    1 => 'index',
    2 => 'index_information',
  ),
  'convert' => false,
)
[ info ] [ HEADER ] array (
  'host' => 'localhost',
  'connection' => 'keep-alive',
  'accept' => 'text/html, */*; q=0.01',
  'x-requested-with' => 'XMLHttpRequest',
  'user-agent' => 'Mozilla/5.0 (Windows NT 6.1; WOW64) AppleWebKit/537.36 (KHTML, like Gecko) Chrome/69.0.3497.81 Safari/537.36',
  'referer' => 'http://localhost/feichangcelue/',
  'accept-encoding' => 'gzip, deflate, br',
  'accept-language' => 'zh-CN,zh;q=0.9',
  'cookie' => 'PHPSESSID=q78ddj0ib0up2ls1ifqpho06m0; pageReferrInSession=http%3A//localhost/; firstEnterUrlInSession=http%3A//localhost/feichangcelue/',
)
[ info ] [ PARAM ] array (
)
[ info ] [ CACHE ] INIT File
[ info ] [ BEHAVIOR ] Run app\common\behavior\Config @app_begin [ RunTime:0.002929s ]
[ info ] [ BEHAVIOR ] Run app\common\behavior\Hook @app_begin [ RunTime:0.006836s ]
[ info ] [ RUN ] app\index\controller\Index->index_information[ D:\phpStudy\PHPTutorial\WWW\feichangcelue\application\index\controller\Index.php ]
[ info ] [ DB ] INIT mysql
[ info ] [ VIEW ] D:\phpStudy\PHPTutorial\WWW\feichangcelue/application/index\view\index\index_information.html [ array (
  0 => 'phone',
  1 => 'QQ',
  2 => 'res_bei',
  3 => 'res_money',
  4 => 'cordon_line',
  5 => 'loss_line',
  6 => 'levers_1',
  7 => 'levers_2',
  8 => 'levers_3',
  9 => 'levers_4',
  10 => 'levers_5',
  11 => 'levers_6',
  12 => 'levers_7',
  13 => 'levers_8',
  14 => 'levers_9',
  15 => 'levers_10',
  16 => 'lossLine',
  17 => 'stopLossRate',
) ]
[ info ] [ LOG ] INIT File
[ sql ] [ DB ] CONNECT:[ UseTime:0.025391s ] mysql:dbname=peizi;host=rm-wz9l3z92630ora5wjwo.mysql.rds.aliyuncs.com;port=3306;charset=utf8
[ sql ] [ SQL ] SHOW COLUMNS FROM `xh_stock_interest_lever` [ RunTime:0.016602s ]
[ sql ] [ SQL ] SELECT `interest` FROM `xh_stock_interest_lever` WHERE  (  `levers`='5' ) LIMIT 1 [ RunTime:0.018555s ]
[ sql ] [ SQL ] SHOW COLUMNS FROM `xh_sys_params` [ RunTime:0.018554s ]
[ sql ] [ SQL ] SELECT `value` FROM `xh_sys_params` WHERE  (  `key` = 'lossLine' ) LIMIT 1 [ RunTime:0.018555s ]
[ sql ] [ SQL ] SELECT `value` FROM `xh_sys_params` WHERE  (  `key` = 'stopLossRate' ) LIMIT 1 [ RunTime:0.017578s ]
[ sql ] [ SQL ] SELECT `interest` FROM `xh_stock_interest_lever` WHERE  (  `levers`='1' ) LIMIT 1 [ RunTime:0.016602s ]
[ sql ] [ SQL ] SELECT `interest` FROM `xh_stock_interest_lever` WHERE  (  `levers`='2' ) LIMIT 1 [ RunTime:0.017579s ]
[ sql ] [ SQL ] SELECT `interest` FROM `xh_stock_interest_lever` WHERE  (  `levers`='3' ) LIMIT 1 [ RunTime:0.017578s ]
[ sql ] [ SQL ] SELECT `interest` FROM `xh_stock_interest_lever` WHERE  (  `levers`='4' ) LIMIT 1 [ RunTime:0.017578s ]
[ sql ] [ SQL ] SELECT `interest` FROM `xh_stock_interest_lever` WHERE  (  `levers`='5' ) LIMIT 1 [ RunTime:0.018555s ]
[ sql ] [ SQL ] SELECT `interest` FROM `xh_stock_interest_lever` WHERE  (  `levers`='6' ) LIMIT 1 [ RunTime:0.018555s ]
[ sql ] [ SQL ] SELECT `interest` FROM `xh_stock_interest_lever` WHERE  (  `levers`='7' ) LIMIT 1 [ RunTime:0.018554s ]
[ sql ] [ SQL ] SELECT `interest` FROM `xh_stock_interest_lever` WHERE  (  `levers`='8' ) LIMIT 1 [ RunTime:0.018555s ]
[ sql ] [ SQL ] SELECT `interest` FROM `xh_stock_interest_lever` WHERE  (  `levers`='9' ) LIMIT 1 [ RunTime:0.017578s ]
[ sql ] [ SQL ] SELECT `interest` FROM `xh_stock_interest_lever` WHERE  (  `levers`='10' ) LIMIT 1 [ RunTime:0.018555s ]
[ sql ] [ SQL ] SELECT `value` FROM `xh_sys_params` WHERE  (  `key` = 'lossLine' ) LIMIT 1 [ RunTime:0.017578s ]
[ sql ] [ SQL ] SELECT `value` FROM `xh_sys_params` WHERE  (  `key` = 'stopLossRate' ) LIMIT 1 [ RunTime:0.017578s ]
---------------------------------------------------------------
[ 2018-11-06T13:48:35+08:00 ] ::1 ::1 POST /feichangcelue/stock_exponential_sz.html
[ info ] localhost/feichangcelue/stock_exponential_sz.html [运行时间：0.180664s][吞吐率：5.54req/s] [内存消耗：2,662.52kb] [文件加载：51]
[ info ] [ LANG ] D:\phpStudy\PHPTutorial\WWW\feichangcelue\thinkphp\lang\zh-cn.php
[ info ] [ ROUTE ] array (
  'type' => 'module',
  'module' => 
  array (
    0 => 'index',
    1 => 'index',
    2 => 'stock_exponential_sz',
  ),
  'convert' => false,
)
[ info ] [ HEADER ] array (
  'host' => 'localhost',
  'connection' => 'keep-alive',
  'content-length' => '0',
  'accept' => 'application/json, text/javascript, */*; q=0.01',
  'origin' => 'http://localhost',
  'x-requested-with' => 'XMLHttpRequest',
  'user-agent' => 'Mozilla/5.0 (Windows NT 6.1; WOW64) AppleWebKit/537.36 (KHTML, like Gecko) Chrome/69.0.3497.81 Safari/537.36',
  'referer' => 'http://localhost/feichangcelue/',
  'accept-encoding' => 'gzip, deflate, br',
  'accept-language' => 'zh-CN,zh;q=0.9',
  'cookie' => 'PHPSESSID=q78ddj0ib0up2ls1ifqpho06m0; pageReferrInSession=http%3A//localhost/; firstEnterUrlInSession=http%3A//localhost/feichangcelue/; Hm_lvt_f571b55302a951627ab98145b99cdaab=1541483228; Hm_lpvt_f571b55302a951627ab98145b99cdaab=1541483228; VisitorCapacity=1',
)
[ info ] [ PARAM ] array (
)
[ info ] [ CACHE ] INIT File
[ info ] [ BEHAVIOR ] Run app\common\behavior\Config @app_begin [ RunTime:0.001953s ]
[ info ] [ BEHAVIOR ] Run app\common\behavior\Hook @app_begin [ RunTime:0.006836s ]
[ info ] [ RUN ] app\index\controller\Index->stock_exponential_sz[ D:\phpStudy\PHPTutorial\WWW\feichangcelue\application\index\controller\Index.php ]
[ info ] [ LOG ] INIT File
---------------------------------------------------------------
[ 2018-11-06T13:50:39+08:00 ] ::1 ::1 GET /feichangcelue/
[ info ] localhost/feichangcelue/ [运行时间：0.231445s][吞吐率：4.32req/s] [内存消耗：3,798.39kb] [文件加载：67]
[ info ] [ LANG ] D:\phpStudy\PHPTutorial\WWW\feichangcelue\thinkphp\lang\zh-cn.php
[ info ] [ ROUTE ] array (
  'type' => 'module',
  'module' => 
  array (
    0 => '',
    1 => NULL,
    2 => NULL,
  ),
)
[ info ] [ HEADER ] array (
  'host' => 'localhost',
  'connection' => 'keep-alive',
  'cache-control' => 'max-age=0',
  'upgrade-insecure-requests' => '1',
  'user-agent' => 'Mozilla/5.0 (Windows NT 6.1; WOW64) AppleWebKit/537.36 (KHTML, like Gecko) Chrome/69.0.3497.81 Safari/537.36',
  'accept' => 'text/html,application/xhtml+xml,application/xml;q=0.9,image/webp,image/apng,*/*;q=0.8',
  'referer' => 'http://localhost/',
  'accept-encoding' => 'gzip, deflate, br',
  'accept-language' => 'zh-CN,zh;q=0.9',
  'cookie' => 'PHPSESSID=q78ddj0ib0up2ls1ifqpho06m0; pageReferrInSession=http%3A//localhost/; firstEnterUrlInSession=http%3A//localhost/feichangcelue/; Hm_lvt_f571b55302a951627ab98145b99cdaab=1541483228; Hm_lpvt_f571b55302a951627ab98145b99cdaab=1541483228; VisitorCapacity=1',
)
[ info ] [ PARAM ] array (
)
[ info ] [ CACHE ] INIT File
[ info ] [ BEHAVIOR ] Run app\common\behavior\Config @app_begin [ RunTime:0.002930s ]
[ info ] [ BEHAVIOR ] Run app\common\behavior\Hook @app_begin [ RunTime:0.005859s ]
[ info ] [ RUN ] app\index\controller\Index->index[ D:\phpStudy\PHPTutorial\WWW\feichangcelue\application\index\controller\Index.php ]
[ info ] [ DB ] INIT mysql
[ info ] [ VIEW ] D:\phpStudy\PHPTutorial\WWW\feichangcelue/application/index\view\index\index.html [ array (
  0 => 'phone',
  1 => 'QQ',
  2 => 'news_informations',
  3 => 'news_informations_tow',
  4 => 'notice_content',
  5 => 'btn_emergency',
  6 => 'sz_info_arr',
) ]
[ info ] [ LOG ] INIT File
[ sql ] [ DB ] CONNECT:[ UseTime:0.020508s ] mysql:dbname=peizi;host=rm-wz9l3z92630ora5wjwo.mysql.rds.aliyuncs.com;port=3306;charset=utf8
[ sql ] [ SQL ] select a.stockCode, c.`name` as stockName,  a.createTime, b.username,b.mobile
			from xh_stock_order as a, xh_member as b, xh_shares as c
			 WHERE isFreetrial=0 and a.memberId = b.id and a.stockCode=c.`code`
			order by a.id desc limit 7 [ RunTime:0.007813s ]
[ sql ] [ SQL ] SHOW COLUMNS FROM `xh_article` [ RunTime:0.010742s ]
[ sql ] [ SQL ] SELECT * FROM `xh_article` ORDER BY `createTime`  desc LIMIT 7 [ RunTime:0.009766s ]
[ sql ] [ SQL ] SHOW COLUMNS FROM `xh_notice` [ RunTime:0.009766s ]
[ sql ] [ SQL ] SELECT * FROM `xh_notice` ORDER BY `createTime`  desc LIMIT 7 [ RunTime:0.011718s ]
[ sql ] [ SQL ] SELECT COUNT(*) AS tp_count FROM `xh_notice` LIMIT 1 [ RunTime:0.009766s ]
[ sql ] [ SQL ] SELECT * FROM `xh_notice` ORDER BY `createTime`  desc LIMIT 1 [ RunTime:0.010742s ]
[ sql ] [ SQL ] SHOW COLUMNS FROM `xh_emergency_notice` [ RunTime:0.010742s ]
[ sql ] [ SQL ] SELECT * FROM `xh_emergency_notice` LIMIT 1 [ RunTime:0.010743s ]
[ sql ] [ SQL ] SHOW COLUMNS FROM `xh_shares` [ RunTime:0.009765s ]
[ sql ] [ SQL ] SELECT `market` FROM `xh_shares` WHERE  `code` = '000001' LIMIT 1 [ RunTime:0.010742s ]
[ error ] [8]未定义数组索引: member[D:\phpStudy\PHPTutorial\WWW\feichangcelue\application\index\controller\Index.php:52]
[ error ] [8]未定义数组索引: member[D:\phpStudy\PHPTutorial\WWW\feichangcelue\runtime\temp\76fdcc8d18ffb1f5a59f76a0a98f1388.php:38]
[ error ] [8]未定义数组索引: member[D:\phpStudy\PHPTutorial\WWW\feichangcelue\runtime\temp\76fdcc8d18ffb1f5a59f76a0a98f1388.php:43]
[ error ] [8]未定义数组索引: member[D:\phpStudy\PHPTutorial\WWW\feichangcelue\runtime\temp\76fdcc8d18ffb1f5a59f76a0a98f1388.php:50]
[ error ] [8]未定义变量: usableSum[D:\phpStudy\PHPTutorial\WWW\feichangcelue\runtime\temp\76fdcc8d18ffb1f5a59f76a0a98f1388.php:55]
[ error ] [8]未定义数组索引: member[D:\phpStudy\PHPTutorial\WWW\feichangcelue\runtime\temp\76fdcc8d18ffb1f5a59f76a0a98f1388.php:179]
[ error ] [8]未定义变量: count[D:\phpStudy\PHPTutorial\WWW\feichangcelue\runtime\temp\76fdcc8d18ffb1f5a59f76a0a98f1388.php:249]
[ error ] [8]未定义变量: earnSum[D:\phpStudy\PHPTutorial\WWW\feichangcelue\runtime\temp\76fdcc8d18ffb1f5a59f76a0a98f1388.php:250]
---------------------------------------------------------------
[ 2018-11-06T13:50:39+08:00 ] ::1 ::1 GET /feichangcelue/public/static/static/home/js/moblie/reg.js
[ info ] localhost/feichangcelue/public/static/static/home/js/moblie/reg.js [运行时间：0.044922s][吞吐率：22.26req/s] [内存消耗：2,016.41kb] [文件加载：47]
[ info ] [ LANG ] D:\phpStudy\PHPTutorial\WWW\feichangcelue\thinkphp\lang\zh-cn.php
[ info ] [ ROUTE ] array (
  'type' => 'module',
  'module' => 
  array (
    0 => 'public',
    1 => 'static',
    2 => 'static',
  ),
)
[ info ] [ HEADER ] array (
  'host' => 'localhost',
  'connection' => 'keep-alive',
  'user-agent' => 'Mozilla/5.0 (Windows NT 6.1; WOW64) AppleWebKit/537.36 (KHTML, like Gecko) Chrome/69.0.3497.81 Safari/537.36',
  'accept' => '*/*',
  'referer' => 'http://localhost/feichangcelue/',
  'accept-encoding' => 'gzip, deflate, br',
  'accept-language' => 'zh-CN,zh;q=0.9',
  'cookie' => 'PHPSESSID=q78ddj0ib0up2ls1ifqpho06m0; pageReferrInSession=http%3A//localhost/; firstEnterUrlInSession=http%3A//localhost/feichangcelue/; Hm_lvt_f571b55302a951627ab98145b99cdaab=1541483228; Hm_lpvt_f571b55302a951627ab98145b99cdaab=1541483228; VisitorCapacity=1',
)
[ info ] [ PARAM ] array (
  'home' => 'js',
  'moblie' => 'reg.js',
)
[ info ] [ CACHE ] INIT File
[ info ] [ BEHAVIOR ] Run app\common\behavior\Config @app_begin [ RunTime:0.002930s ]
[ info ] [ BEHAVIOR ] Run app\common\behavior\Hook @app_begin [ RunTime:0.005859s ]
[ info ] [ LOG ] INIT File
---------------------------------------------------------------
[ 2018-11-06T13:50:39+08:00 ] ::1 ::1 GET /feichangcelue/public/static/static/home/js/moblie/mui.min.js
[ info ] localhost/feichangcelue/public/static/static/home/js/moblie/mui.min.js [运行时间：0.043945s][吞吐率：22.76req/s] [内存消耗：2,016.53kb] [文件加载：47]
[ info ] [ LANG ] D:\phpStudy\PHPTutorial\WWW\feichangcelue\thinkphp\lang\zh-cn.php
[ info ] [ ROUTE ] array (
  'type' => 'module',
  'module' => 
  array (
    0 => 'public',
    1 => 'static',
    2 => 'static',
  ),
)
[ info ] [ HEADER ] array (
  'host' => 'localhost',
  'connection' => 'keep-alive',
  'user-agent' => 'Mozilla/5.0 (Windows NT 6.1; WOW64) AppleWebKit/537.36 (KHTML, like Gecko) Chrome/69.0.3497.81 Safari/537.36',
  'accept' => '*/*',
  'referer' => 'http://localhost/feichangcelue/',
  'accept-encoding' => 'gzip, deflate, br',
  'accept-language' => 'zh-CN,zh;q=0.9',
  'cookie' => 'PHPSESSID=q78ddj0ib0up2ls1ifqpho06m0; pageReferrInSession=http%3A//localhost/; firstEnterUrlInSession=http%3A//localhost/feichangcelue/; Hm_lvt_f571b55302a951627ab98145b99cdaab=1541483228; Hm_lpvt_f571b55302a951627ab98145b99cdaab=1541483228; VisitorCapacity=1',
)
[ info ] [ PARAM ] array (
  'home' => 'js',
  'moblie' => 'mui.min.js',
)
[ info ] [ CACHE ] INIT File
[ info ] [ BEHAVIOR ] Run app\common\behavior\Config @app_begin [ RunTime:0.001953s ]
[ info ] [ BEHAVIOR ] Run app\common\behavior\Hook @app_begin [ RunTime:0.006836s ]
[ info ] [ LOG ] INIT File
---------------------------------------------------------------
[ 2018-11-06T13:50:39+08:00 ] ::1 ::1 GET /feichangcelue/public/static/home/img/index_tr_up.jpg
[ info ] localhost/feichangcelue/public/static/home/img/index_tr_up.jpg [运行时间：0.042969s][吞吐率：23.27req/s] [内存消耗：2,016.49kb] [文件加载：47]
[ info ] [ LANG ] D:\phpStudy\PHPTutorial\WWW\feichangcelue\thinkphp\lang\zh-cn.php
[ info ] [ ROUTE ] array (
  'type' => 'module',
  'module' => 
  array (
    0 => 'public',
    1 => 'static',
    2 => 'home',
  ),
)
[ info ] [ HEADER ] array (
  'host' => 'localhost',
  'connection' => 'keep-alive',
  'user-agent' => 'Mozilla/5.0 (Windows NT 6.1; WOW64) AppleWebKit/537.36 (KHTML, like Gecko) Chrome/69.0.3497.81 Safari/537.36',
  'accept' => 'image/webp,image/apng,image/*,*/*;q=0.8',
  'referer' => 'http://localhost/feichangcelue/public/static/home/css/index.css',
  'accept-encoding' => 'gzip, deflate, br',
  'accept-language' => 'zh-CN,zh;q=0.9',
  'cookie' => 'PHPSESSID=q78ddj0ib0up2ls1ifqpho06m0; pageReferrInSession=http%3A//localhost/; firstEnterUrlInSession=http%3A//localhost/feichangcelue/; Hm_lvt_f571b55302a951627ab98145b99cdaab=1541483228; Hm_lpvt_f571b55302a951627ab98145b99cdaab=1541483228; VisitorCapacity=1',
)
[ info ] [ PARAM ] array (
  'img' => 'index_tr_up.jpg',
)
[ info ] [ CACHE ] INIT File
[ info ] [ BEHAVIOR ] Run app\common\behavior\Config @app_begin [ RunTime:0.002929s ]
[ info ] [ BEHAVIOR ] Run app\common\behavior\Hook @app_begin [ RunTime:0.005860s ]
[ info ] [ LOG ] INIT File
---------------------------------------------------------------
[ 2018-11-06T13:50:39+08:00 ] ::1 ::1 GET /feichangcelue/public/static/static/home/js/moblie/mui.min.js
[ info ] localhost/feichangcelue/public/static/static/home/js/moblie/mui.min.js [运行时间：0.046875s][吞吐率：21.33req/s] [内存消耗：2,016.53kb] [文件加载：47]
[ info ] [ LANG ] D:\phpStudy\PHPTutorial\WWW\feichangcelue\thinkphp\lang\zh-cn.php
[ info ] [ ROUTE ] array (
  'type' => 'module',
  'module' => 
  array (
    0 => 'public',
    1 => 'static',
    2 => 'static',
  ),
)
[ info ] [ HEADER ] array (
  'host' => 'localhost',
  'connection' => 'keep-alive',
  'user-agent' => 'Mozilla/5.0 (Windows NT 6.1; WOW64) AppleWebKit/537.36 (KHTML, like Gecko) Chrome/69.0.3497.81 Safari/537.36',
  'accept' => '*/*',
  'referer' => 'http://localhost/feichangcelue/',
  'accept-encoding' => 'gzip, deflate, br',
  'accept-language' => 'zh-CN,zh;q=0.9',
  'cookie' => 'PHPSESSID=q78ddj0ib0up2ls1ifqpho06m0; pageReferrInSession=http%3A//localhost/; firstEnterUrlInSession=http%3A//localhost/feichangcelue/; Hm_lvt_f571b55302a951627ab98145b99cdaab=1541483228; Hm_lpvt_f571b55302a951627ab98145b99cdaab=1541483228; VisitorCapacity=1',
)
[ info ] [ PARAM ] array (
  'home' => 'js',
  'moblie' => 'mui.min.js',
)
[ info ] [ CACHE ] INIT File
[ info ] [ BEHAVIOR ] Run app\common\behavior\Config @app_begin [ RunTime:0.002930s ]
[ info ] [ BEHAVIOR ] Run app\common\behavior\Hook @app_begin [ RunTime:0.006836s ]
[ info ] [ LOG ] INIT File
---------------------------------------------------------------
[ 2018-11-06T13:50:39+08:00 ] ::1 ::1 GET /feichangcelue/public/static/static/home/js/moblie/reg.js
[ info ] localhost/feichangcelue/public/static/static/home/js/moblie/reg.js [运行时间：0.043945s][吞吐率：22.76req/s] [内存消耗：2,016.41kb] [文件加载：47]
[ info ] [ LANG ] D:\phpStudy\PHPTutorial\WWW\feichangcelue\thinkphp\lang\zh-cn.php
[ info ] [ ROUTE ] array (
  'type' => 'module',
  'module' => 
  array (
    0 => 'public',
    1 => 'static',
    2 => 'static',
  ),
)
[ info ] [ HEADER ] array (
  'host' => 'localhost',
  'connection' => 'keep-alive',
  'user-agent' => 'Mozilla/5.0 (Windows NT 6.1; WOW64) AppleWebKit/537.36 (KHTML, like Gecko) Chrome/69.0.3497.81 Safari/537.36',
  'accept' => '*/*',
  'referer' => 'http://localhost/feichangcelue/',
  'accept-encoding' => 'gzip, deflate, br',
  'accept-language' => 'zh-CN,zh;q=0.9',
  'cookie' => 'PHPSESSID=q78ddj0ib0up2ls1ifqpho06m0; pageReferrInSession=http%3A//localhost/; firstEnterUrlInSession=http%3A//localhost/feichangcelue/; Hm_lvt_f571b55302a951627ab98145b99cdaab=1541483228; Hm_lpvt_f571b55302a951627ab98145b99cdaab=1541483228; VisitorCapacity=1',
)
[ info ] [ PARAM ] array (
  'home' => 'js',
  'moblie' => 'reg.js',
)
[ info ] [ CACHE ] INIT File
[ info ] [ BEHAVIOR ] Run app\common\behavior\Config @app_begin [ RunTime:0.001953s ]
[ info ] [ BEHAVIOR ] Run app\common\behavior\Hook @app_begin [ RunTime:0.006836s ]
[ info ] [ LOG ] INIT File
---------------------------------------------------------------
[ 2018-11-06T13:50:39+08:00 ] ::1 ::1 POST /feichangcelue/pc_broadcast.html
[ info ] localhost/feichangcelue/pc_broadcast.html [运行时间：0.136718s][吞吐率：7.31req/s] [内存消耗：3,289.22kb] [文件加载：57]
[ info ] [ LANG ] D:\phpStudy\PHPTutorial\WWW\feichangcelue\thinkphp\lang\zh-cn.php
[ info ] [ ROUTE ] array (
  'type' => 'module',
  'module' => 
  array (
    0 => 'index',
    1 => 'index',
    2 => 'pc_broadcast',
  ),
  'convert' => false,
)
[ info ] [ HEADER ] array (
  'host' => 'localhost',
  'connection' => 'keep-alive',
  'content-length' => '0',
  'accept' => 'application/json, text/javascript, */*; q=0.01',
  'origin' => 'http://localhost',
  'x-requested-with' => 'XMLHttpRequest',
  'user-agent' => 'Mozilla/5.0 (Windows NT 6.1; WOW64) AppleWebKit/537.36 (KHTML, like Gecko) Chrome/69.0.3497.81 Safari/537.36',
  'referer' => 'http://localhost/feichangcelue/',
  'accept-encoding' => 'gzip, deflate, br',
  'accept-language' => 'zh-CN,zh;q=0.9',
  'cookie' => 'PHPSESSID=q78ddj0ib0up2ls1ifqpho06m0; pageReferrInSession=http%3A//localhost/; firstEnterUrlInSession=http%3A//localhost/feichangcelue/; Hm_lvt_f571b55302a951627ab98145b99cdaab=1541483228; Hm_lpvt_f571b55302a951627ab98145b99cdaab=1541483228; VisitorCapacity=1',
)
[ info ] [ PARAM ] array (
)
[ info ] [ CACHE ] INIT File
[ info ] [ BEHAVIOR ] Run app\common\behavior\Config @app_begin [ RunTime:0.001954s ]
[ info ] [ BEHAVIOR ] Run app\common\behavior\Hook @app_begin [ RunTime:0.007812s ]
[ info ] [ RUN ] app\index\controller\Index->pc_broadcast[ D:\phpStudy\PHPTutorial\WWW\feichangcelue\application\index\controller\Index.php ]
[ info ] [ DB ] INIT mysql
[ info ] [ LOG ] INIT File
[ sql ] [ DB ] CONNECT:[ UseTime:0.031250s ] mysql:dbname=peizi;host=rm-wz9l3z92630ora5wjwo.mysql.rds.aliyuncs.com;port=3306;charset=utf8
[ sql ] [ SQL ] SHOW COLUMNS FROM `xh_images` [ RunTime:0.019531s ]
[ sql ] [ SQL ] SELECT `src`,`href` FROM `xh_images` WHERE  `type` = 1 ORDER BY `id`  desc LIMIT 0,3 [ RunTime:0.019531s ]
---------------------------------------------------------------
[ 2018-11-06T13:50:39+08:00 ] ::1 ::1 GET /feichangcelue/index_information.html
[ info ] localhost/feichangcelue/index_information.html [运行时间：0.386719s][吞吐率：2.59req/s] [内存消耗：3,504.00kb] [文件加载：62]
[ info ] [ LANG ] D:\phpStudy\PHPTutorial\WWW\feichangcelue\thinkphp\lang\zh-cn.php
[ info ] [ ROUTE ] array (
  'type' => 'module',
  'module' => 
  array (
    0 => 'index',
    1 => 'index',
    2 => 'index_information',
  ),
  'convert' => false,
)
[ info ] [ HEADER ] array (
  'host' => 'localhost',
  'connection' => 'keep-alive',
  'accept' => 'text/html, */*; q=0.01',
  'x-requested-with' => 'XMLHttpRequest',
  'user-agent' => 'Mozilla/5.0 (Windows NT 6.1; WOW64) AppleWebKit/537.36 (KHTML, like Gecko) Chrome/69.0.3497.81 Safari/537.36',
  'referer' => 'http://localhost/feichangcelue/',
  'accept-encoding' => 'gzip, deflate, br',
  'accept-language' => 'zh-CN,zh;q=0.9',
  'cookie' => 'PHPSESSID=q78ddj0ib0up2ls1ifqpho06m0; pageReferrInSession=http%3A//localhost/; firstEnterUrlInSession=http%3A//localhost/feichangcelue/; Hm_lvt_f571b55302a951627ab98145b99cdaab=1541483228; Hm_lpvt_f571b55302a951627ab98145b99cdaab=1541483228; VisitorCapacity=1',
)
[ info ] [ PARAM ] array (
)
[ info ] [ CACHE ] INIT File
[ info ] [ BEHAVIOR ] Run app\common\behavior\Config @app_begin [ RunTime:0.002929s ]
[ info ] [ BEHAVIOR ] Run app\common\behavior\Hook @app_begin [ RunTime:0.006836s ]
[ info ] [ RUN ] app\index\controller\Index->index_information[ D:\phpStudy\PHPTutorial\WWW\feichangcelue\application\index\controller\Index.php ]
[ info ] [ DB ] INIT mysql
[ info ] [ VIEW ] D:\phpStudy\PHPTutorial\WWW\feichangcelue/application/index\view\index\index_information.html [ array (
  0 => 'phone',
  1 => 'QQ',
  2 => 'res_bei',
  3 => 'res_money',
  4 => 'cordon_line',
  5 => 'loss_line',
  6 => 'levers_1',
  7 => 'levers_2',
  8 => 'levers_3',
  9 => 'levers_4',
  10 => 'levers_5',
  11 => 'levers_6',
  12 => 'levers_7',
  13 => 'levers_8',
  14 => 'levers_9',
  15 => 'levers_10',
  16 => 'lossLine',
  17 => 'stopLossRate',
) ]
[ info ] [ LOG ] INIT File
[ sql ] [ DB ] CONNECT:[ UseTime:0.017578s ] mysql:dbname=peizi;host=rm-wz9l3z92630ora5wjwo.mysql.rds.aliyuncs.com;port=3306;charset=utf8
[ sql ] [ SQL ] SHOW COLUMNS FROM `xh_stock_interest_lever` [ RunTime:0.010742s ]
[ sql ] [ SQL ] SELECT `interest` FROM `xh_stock_interest_lever` WHERE  (  `levers`='5' ) LIMIT 1 [ RunTime:0.012696s ]
[ sql ] [ SQL ] SHOW COLUMNS FROM `xh_sys_params` [ RunTime:0.012695s ]
[ sql ] [ SQL ] SELECT `value` FROM `xh_sys_params` WHERE  (  `key` = 'lossLine' ) LIMIT 1 [ RunTime:0.012695s ]
[ sql ] [ SQL ] SELECT `value` FROM `xh_sys_params` WHERE  (  `key` = 'stopLossRate' ) LIMIT 1 [ RunTime:0.012695s ]
[ sql ] [ SQL ] SELECT `interest` FROM `xh_stock_interest_lever` WHERE  (  `levers`='1' ) LIMIT 1 [ RunTime:0.011719s ]
[ sql ] [ SQL ] SELECT `interest` FROM `xh_stock_interest_lever` WHERE  (  `levers`='2' ) LIMIT 1 [ RunTime:0.011719s ]
[ sql ] [ SQL ] SELECT `interest` FROM `xh_stock_interest_lever` WHERE  (  `levers`='3' ) LIMIT 1 [ RunTime:0.011719s ]
[ sql ] [ SQL ] SELECT `interest` FROM `xh_stock_interest_lever` WHERE  (  `levers`='4' ) LIMIT 1 [ RunTime:0.012695s ]
[ sql ] [ SQL ] SELECT `interest` FROM `xh_stock_interest_lever` WHERE  (  `levers`='5' ) LIMIT 1 [ RunTime:0.012695s ]
[ sql ] [ SQL ] SELECT `interest` FROM `xh_stock_interest_lever` WHERE  (  `levers`='6' ) LIMIT 1 [ RunTime:0.011719s ]
[ sql ] [ SQL ] SELECT `interest` FROM `xh_stock_interest_lever` WHERE  (  `levers`='7' ) LIMIT 1 [ RunTime:0.010742s ]
[ sql ] [ SQL ] SELECT `interest` FROM `xh_stock_interest_lever` WHERE  (  `levers`='8' ) LIMIT 1 [ RunTime:0.010743s ]
[ sql ] [ SQL ] SELECT `interest` FROM `xh_stock_interest_lever` WHERE  (  `levers`='9' ) LIMIT 1 [ RunTime:0.011718s ]
[ sql ] [ SQL ] SELECT `interest` FROM `xh_stock_interest_lever` WHERE  (  `levers`='10' ) LIMIT 1 [ RunTime:0.011719s ]
[ sql ] [ SQL ] SELECT `value` FROM `xh_sys_params` WHERE  (  `key` = 'lossLine' ) LIMIT 1 [ RunTime:0.011718s ]
[ sql ] [ SQL ] SELECT `value` FROM `xh_sys_params` WHERE  (  `key` = 'stopLossRate' ) LIMIT 1 [ RunTime:0.012696s ]
---------------------------------------------------------------
[ 2018-11-06T13:52:29+08:00 ] ::1 ::1 GET /feichangcelue/
[ info ] localhost/feichangcelue/ [运行时间：0.276367s][吞吐率：3.62req/s] [内存消耗：3,798.41kb] [文件加载：67]
[ info ] [ LANG ] D:\phpStudy\PHPTutorial\WWW\feichangcelue\thinkphp\lang\zh-cn.php
[ info ] [ ROUTE ] array (
  'type' => 'module',
  'module' => 
  array (
    0 => '',
    1 => NULL,
    2 => NULL,
  ),
)
[ info ] [ HEADER ] array (
  'host' => 'localhost',
  'connection' => 'keep-alive',
  'cache-control' => 'max-age=0',
  'upgrade-insecure-requests' => '1',
  'user-agent' => 'Mozilla/5.0 (Windows NT 6.1; WOW64) AppleWebKit/537.36 (KHTML, like Gecko) Chrome/69.0.3497.81 Safari/537.36',
  'accept' => 'text/html,application/xhtml+xml,application/xml;q=0.9,image/webp,image/apng,*/*;q=0.8',
  'referer' => 'http://localhost/',
  'accept-encoding' => 'gzip, deflate, br',
  'accept-language' => 'zh-CN,zh;q=0.9',
  'cookie' => 'PHPSESSID=q78ddj0ib0up2ls1ifqpho06m0; pageReferrInSession=http%3A//localhost/; firstEnterUrlInSession=http%3A//localhost/feichangcelue/; Hm_lvt_f571b55302a951627ab98145b99cdaab=1541483228; VisitorCapacity=1; Hm_lpvt_f571b55302a951627ab98145b99cdaab=1541483440',
)
[ info ] [ PARAM ] array (
)
[ info ] [ CACHE ] INIT File
[ info ] [ BEHAVIOR ] Run app\common\behavior\Config @app_begin [ RunTime:0.002930s ]
[ info ] [ BEHAVIOR ] Run app\common\behavior\Hook @app_begin [ RunTime:0.005859s ]
[ info ] [ RUN ] app\index\controller\Index->index[ D:\phpStudy\PHPTutorial\WWW\feichangcelue\application\index\controller\Index.php ]
[ info ] [ DB ] INIT mysql
[ info ] [ VIEW ] D:\phpStudy\PHPTutorial\WWW\feichangcelue/application/index\view\index\index.html [ array (
  0 => 'phone',
  1 => 'QQ',
  2 => 'news_informations',
  3 => 'news_informations_tow',
  4 => 'notice_content',
  5 => 'btn_emergency',
  6 => 'sz_info_arr',
) ]
[ info ] [ LOG ] INIT File
[ sql ] [ DB ] CONNECT:[ UseTime:0.021485s ] mysql:dbname=peizi;host=rm-wz9l3z92630ora5wjwo.mysql.rds.aliyuncs.com;port=3306;charset=utf8
[ sql ] [ SQL ] select a.stockCode, c.`name` as stockName,  a.createTime, b.username,b.mobile
			from xh_stock_order as a, xh_member as b, xh_shares as c
			 WHERE isFreetrial=0 and a.memberId = b.id and a.stockCode=c.`code`
			order by a.id desc limit 7 [ RunTime:0.012695s ]
[ sql ] [ SQL ] SHOW COLUMNS FROM `xh_article` [ RunTime:0.012695s ]
[ sql ] [ SQL ] SELECT * FROM `xh_article` ORDER BY `createTime`  desc LIMIT 7 [ RunTime:0.013672s ]
[ sql ] [ SQL ] SHOW COLUMNS FROM `xh_notice` [ RunTime:0.012695s ]
[ sql ] [ SQL ] SELECT * FROM `xh_notice` ORDER BY `createTime`  desc LIMIT 7 [ RunTime:0.013672s ]
[ sql ] [ SQL ] SELECT COUNT(*) AS tp_count FROM `xh_notice` LIMIT 1 [ RunTime:0.011718s ]
[ sql ] [ SQL ] SELECT * FROM `xh_notice` ORDER BY `createTime`  desc LIMIT 1 [ RunTime:0.012695s ]
[ sql ] [ SQL ] SHOW COLUMNS FROM `xh_emergency_notice` [ RunTime:0.012695s ]
[ sql ] [ SQL ] SELECT * FROM `xh_emergency_notice` LIMIT 1 [ RunTime:0.012696s ]
[ sql ] [ SQL ] SHOW COLUMNS FROM `xh_shares` [ RunTime:0.012695s ]
[ sql ] [ SQL ] SELECT `market` FROM `xh_shares` WHERE  `code` = '000001' LIMIT 1 [ RunTime:0.012695s ]
[ error ] [8]未定义数组索引: member[D:\phpStudy\PHPTutorial\WWW\feichangcelue\application\index\controller\Index.php:52]
[ error ] [8]未定义数组索引: member[D:\phpStudy\PHPTutorial\WWW\feichangcelue\runtime\temp\76fdcc8d18ffb1f5a59f76a0a98f1388.php:38]
[ error ] [8]未定义数组索引: member[D:\phpStudy\PHPTutorial\WWW\feichangcelue\runtime\temp\76fdcc8d18ffb1f5a59f76a0a98f1388.php:43]
[ error ] [8]未定义数组索引: member[D:\phpStudy\PHPTutorial\WWW\feichangcelue\runtime\temp\76fdcc8d18ffb1f5a59f76a0a98f1388.php:50]
[ error ] [8]未定义变量: usableSum[D:\phpStudy\PHPTutorial\WWW\feichangcelue\runtime\temp\76fdcc8d18ffb1f5a59f76a0a98f1388.php:55]
[ error ] [8]未定义数组索引: member[D:\phpStudy\PHPTutorial\WWW\feichangcelue\runtime\temp\76fdcc8d18ffb1f5a59f76a0a98f1388.php:179]
[ error ] [8]未定义变量: count[D:\phpStudy\PHPTutorial\WWW\feichangcelue\runtime\temp\76fdcc8d18ffb1f5a59f76a0a98f1388.php:249]
[ error ] [8]未定义变量: earnSum[D:\phpStudy\PHPTutorial\WWW\feichangcelue\runtime\temp\76fdcc8d18ffb1f5a59f76a0a98f1388.php:250]
---------------------------------------------------------------
[ 2018-11-06T13:52:29+08:00 ] ::1 ::1 GET /feichangcelue/public/static/static/home/js/moblie/reg.js
[ info ] localhost/feichangcelue/public/static/static/home/js/moblie/reg.js [运行时间：0.045899s][吞吐率：21.79req/s] [内存消耗：2,016.41kb] [文件加载：47]
[ info ] [ LANG ] D:\phpStudy\PHPTutorial\WWW\feichangcelue\thinkphp\lang\zh-cn.php
[ info ] [ ROUTE ] array (
  'type' => 'module',
  'module' => 
  array (
    0 => 'public',
    1 => 'static',
    2 => 'static',
  ),
)
[ info ] [ HEADER ] array (
  'host' => 'localhost',
  'connection' => 'keep-alive',
  'user-agent' => 'Mozilla/5.0 (Windows NT 6.1; WOW64) AppleWebKit/537.36 (KHTML, like Gecko) Chrome/69.0.3497.81 Safari/537.36',
  'accept' => '*/*',
  'referer' => 'http://localhost/feichangcelue/',
  'accept-encoding' => 'gzip, deflate, br',
  'accept-language' => 'zh-CN,zh;q=0.9',
  'cookie' => 'PHPSESSID=q78ddj0ib0up2ls1ifqpho06m0; pageReferrInSession=http%3A//localhost/; firstEnterUrlInSession=http%3A//localhost/feichangcelue/; Hm_lvt_f571b55302a951627ab98145b99cdaab=1541483228; VisitorCapacity=1; Hm_lpvt_f571b55302a951627ab98145b99cdaab=1541483440',
)
[ info ] [ PARAM ] array (
  'home' => 'js',
  'moblie' => 'reg.js',
)
[ info ] [ CACHE ] INIT File
[ info ] [ BEHAVIOR ] Run app\common\behavior\Config @app_begin [ RunTime:0.002929s ]
[ info ] [ BEHAVIOR ] Run app\common\behavior\Hook @app_begin [ RunTime:0.005860s ]
[ info ] [ LOG ] INIT File
---------------------------------------------------------------
[ 2018-11-06T13:52:29+08:00 ] ::1 ::1 GET /feichangcelue/public/static/static/home/js/moblie/mui.min.js
[ info ] localhost/feichangcelue/public/static/static/home/js/moblie/mui.min.js [运行时间：0.045899s][吞吐率：21.79req/s] [内存消耗：2,016.52kb] [文件加载：47]
[ info ] [ LANG ] D:\phpStudy\PHPTutorial\WWW\feichangcelue\thinkphp\lang\zh-cn.php
[ info ] [ ROUTE ] array (
  'type' => 'module',
  'module' => 
  array (
    0 => 'public',
    1 => 'static',
    2 => 'static',
  ),
)
[ info ] [ HEADER ] array (
  'host' => 'localhost',
  'connection' => 'keep-alive',
  'user-agent' => 'Mozilla/5.0 (Windows NT 6.1; WOW64) AppleWebKit/537.36 (KHTML, like Gecko) Chrome/69.0.3497.81 Safari/537.36',
  'accept' => '*/*',
  'referer' => 'http://localhost/feichangcelue/',
  'accept-encoding' => 'gzip, deflate, br',
  'accept-language' => 'zh-CN,zh;q=0.9',
  'cookie' => 'PHPSESSID=q78ddj0ib0up2ls1ifqpho06m0; pageReferrInSession=http%3A//localhost/; firstEnterUrlInSession=http%3A//localhost/feichangcelue/; Hm_lvt_f571b55302a951627ab98145b99cdaab=1541483228; VisitorCapacity=1; Hm_lpvt_f571b55302a951627ab98145b99cdaab=1541483440',
)
[ info ] [ PARAM ] array (
  'home' => 'js',
  'moblie' => 'mui.min.js',
)
[ info ] [ CACHE ] INIT File
[ info ] [ BEHAVIOR ] Run app\common\behavior\Config @app_begin [ RunTime:0.002929s ]
[ info ] [ BEHAVIOR ] Run app\common\behavior\Hook @app_begin [ RunTime:0.005860s ]
[ info ] [ LOG ] INIT File
---------------------------------------------------------------
[ 2018-11-06T13:52:29+08:00 ] ::1 ::1 GET /feichangcelue/public/static/home/img/index_tr_up.jpg
[ info ] localhost/feichangcelue/public/static/home/img/index_tr_up.jpg [运行时间：0.048828s][吞吐率：20.48req/s] [内存消耗：2,016.49kb] [文件加载：47]
[ info ] [ LANG ] D:\phpStudy\PHPTutorial\WWW\feichangcelue\thinkphp\lang\zh-cn.php
[ info ] [ ROUTE ] array (
  'type' => 'module',
  'module' => 
  array (
    0 => 'public',
    1 => 'static',
    2 => 'home',
  ),
)
[ info ] [ HEADER ] array (
  'host' => 'localhost',
  'connection' => 'keep-alive',
  'user-agent' => 'Mozilla/5.0 (Windows NT 6.1; WOW64) AppleWebKit/537.36 (KHTML, like Gecko) Chrome/69.0.3497.81 Safari/537.36',
  'accept' => 'image/webp,image/apng,image/*,*/*;q=0.8',
  'referer' => 'http://localhost/feichangcelue/public/static/home/css/index.css',
  'accept-encoding' => 'gzip, deflate, br',
  'accept-language' => 'zh-CN,zh;q=0.9',
  'cookie' => 'PHPSESSID=q78ddj0ib0up2ls1ifqpho06m0; pageReferrInSession=http%3A//localhost/; firstEnterUrlInSession=http%3A//localhost/feichangcelue/; Hm_lvt_f571b55302a951627ab98145b99cdaab=1541483228; VisitorCapacity=1; Hm_lpvt_f571b55302a951627ab98145b99cdaab=1541483440',
)
[ info ] [ PARAM ] array (
  'img' => 'index_tr_up.jpg',
)
[ info ] [ CACHE ] INIT File
[ info ] [ BEHAVIOR ] Run app\common\behavior\Config @app_begin [ RunTime:0.002929s ]
[ info ] [ BEHAVIOR ] Run app\common\behavior\Hook @app_begin [ RunTime:0.006836s ]
[ info ] [ LOG ] INIT File
---------------------------------------------------------------
[ 2018-11-06T13:52:29+08:00 ] ::1 ::1 GET /feichangcelue/public/static/static/home/js/moblie/mui.min.js
[ info ] localhost/feichangcelue/public/static/static/home/js/moblie/mui.min.js [运行时间：0.044922s][吞吐率：22.26req/s] [内存消耗：2,016.53kb] [文件加载：47]
[ info ] [ LANG ] D:\phpStudy\PHPTutorial\WWW\feichangcelue\thinkphp\lang\zh-cn.php
[ info ] [ ROUTE ] array (
  'type' => 'module',
  'module' => 
  array (
    0 => 'public',
    1 => 'static',
    2 => 'static',
  ),
)
[ info ] [ HEADER ] array (
  'host' => 'localhost',
  'connection' => 'keep-alive',
  'user-agent' => 'Mozilla/5.0 (Windows NT 6.1; WOW64) AppleWebKit/537.36 (KHTML, like Gecko) Chrome/69.0.3497.81 Safari/537.36',
  'accept' => '*/*',
  'referer' => 'http://localhost/feichangcelue/',
  'accept-encoding' => 'gzip, deflate, br',
  'accept-language' => 'zh-CN,zh;q=0.9',
  'cookie' => 'PHPSESSID=q78ddj0ib0up2ls1ifqpho06m0; pageReferrInSession=http%3A//localhost/; firstEnterUrlInSession=http%3A//localhost/feichangcelue/; Hm_lvt_f571b55302a951627ab98145b99cdaab=1541483228; VisitorCapacity=1; Hm_lpvt_f571b55302a951627ab98145b99cdaab=1541483440',
)
[ info ] [ PARAM ] array (
  'home' => 'js',
  'moblie' => 'mui.min.js',
)
[ info ] [ CACHE ] INIT File
[ info ] [ BEHAVIOR ] Run app\common\behavior\Config @app_begin [ RunTime:0.002930s ]
[ info ] [ BEHAVIOR ] Run app\common\behavior\Hook @app_begin [ RunTime:0.005859s ]
[ info ] [ LOG ] INIT File
---------------------------------------------------------------
[ 2018-11-06T13:52:29+08:00 ] ::1 ::1 GET /feichangcelue/public/static/static/home/js/moblie/reg.js
[ info ] localhost/feichangcelue/public/static/static/home/js/moblie/reg.js [运行时间：0.044922s][吞吐率：22.26req/s] [内存消耗：2,016.41kb] [文件加载：47]
[ info ] [ LANG ] D:\phpStudy\PHPTutorial\WWW\feichangcelue\thinkphp\lang\zh-cn.php
[ info ] [ ROUTE ] array (
  'type' => 'module',
  'module' => 
  array (
    0 => 'public',
    1 => 'static',
    2 => 'static',
  ),
)
[ info ] [ HEADER ] array (
  'host' => 'localhost',
  'connection' => 'keep-alive',
  'user-agent' => 'Mozilla/5.0 (Windows NT 6.1; WOW64) AppleWebKit/537.36 (KHTML, like Gecko) Chrome/69.0.3497.81 Safari/537.36',
  'accept' => '*/*',
  'referer' => 'http://localhost/feichangcelue/',
  'accept-encoding' => 'gzip, deflate, br',
  'accept-language' => 'zh-CN,zh;q=0.9',
  'cookie' => 'PHPSESSID=q78ddj0ib0up2ls1ifqpho06m0; pageReferrInSession=http%3A//localhost/; firstEnterUrlInSession=http%3A//localhost/feichangcelue/; Hm_lvt_f571b55302a951627ab98145b99cdaab=1541483228; VisitorCapacity=1; Hm_lpvt_f571b55302a951627ab98145b99cdaab=1541483440',
)
[ info ] [ PARAM ] array (
  'home' => 'js',
  'moblie' => 'reg.js',
)
[ info ] [ CACHE ] INIT File
[ info ] [ BEHAVIOR ] Run app\common\behavior\Config @app_begin [ RunTime:0.002929s ]
[ info ] [ BEHAVIOR ] Run app\common\behavior\Hook @app_begin [ RunTime:0.007813s ]
[ info ] [ LOG ] INIT File
---------------------------------------------------------------
[ 2018-11-06T13:52:29+08:00 ] ::1 ::1 POST /feichangcelue/pc_broadcast.html
[ info ] localhost/feichangcelue/pc_broadcast.html [运行时间：0.124023s][吞吐率：8.06req/s] [内存消耗：3,289.22kb] [文件加载：57]
[ info ] [ LANG ] D:\phpStudy\PHPTutorial\WWW\feichangcelue\thinkphp\lang\zh-cn.php
[ info ] [ ROUTE ] array (
  'type' => 'module',
  'module' => 
  array (
    0 => 'index',
    1 => 'index',
    2 => 'pc_broadcast',
  ),
  'convert' => false,
)
[ info ] [ HEADER ] array (
  'host' => 'localhost',
  'connection' => 'keep-alive',
  'content-length' => '0',
  'accept' => 'application/json, text/javascript, */*; q=0.01',
  'origin' => 'http://localhost',
  'x-requested-with' => 'XMLHttpRequest',
  'user-agent' => 'Mozilla/5.0 (Windows NT 6.1; WOW64) AppleWebKit/537.36 (KHTML, like Gecko) Chrome/69.0.3497.81 Safari/537.36',
  'referer' => 'http://localhost/feichangcelue/',
  'accept-encoding' => 'gzip, deflate, br',
  'accept-language' => 'zh-CN,zh;q=0.9',
  'cookie' => 'PHPSESSID=q78ddj0ib0up2ls1ifqpho06m0; pageReferrInSession=http%3A//localhost/; firstEnterUrlInSession=http%3A//localhost/feichangcelue/; Hm_lvt_f571b55302a951627ab98145b99cdaab=1541483228; VisitorCapacity=1; Hm_lpvt_f571b55302a951627ab98145b99cdaab=1541483440',
)
[ info ] [ PARAM ] array (
)
[ info ] [ CACHE ] INIT File
[ info ] [ BEHAVIOR ] Run app\common\behavior\Config @app_begin [ RunTime:0.003907s ]
[ info ] [ BEHAVIOR ] Run app\common\behavior\Hook @app_begin [ RunTime:0.005859s ]
[ info ] [ RUN ] app\index\controller\Index->pc_broadcast[ D:\phpStudy\PHPTutorial\WWW\feichangcelue\application\index\controller\Index.php ]
[ info ] [ DB ] INIT mysql
[ info ] [ LOG ] INIT File
[ sql ] [ DB ] CONNECT:[ UseTime:0.026368s ] mysql:dbname=peizi;host=rm-wz9l3z92630ora5wjwo.mysql.rds.aliyuncs.com;port=3306;charset=utf8
[ sql ] [ SQL ] SHOW COLUMNS FROM `xh_images` [ RunTime:0.018554s ]
[ sql ] [ SQL ] SELECT `src`,`href` FROM `xh_images` WHERE  `type` = 1 ORDER BY `id`  desc LIMIT 0,3 [ RunTime:0.016602s ]
---------------------------------------------------------------
[ 2018-11-06T13:52:30+08:00 ] ::1 ::1 GET /feichangcelue/index_information.html
[ info ] localhost/feichangcelue/index_information.html [运行时间：0.407227s][吞吐率：2.46req/s] [内存消耗：3,504.00kb] [文件加载：62]
[ info ] [ LANG ] D:\phpStudy\PHPTutorial\WWW\feichangcelue\thinkphp\lang\zh-cn.php
[ info ] [ ROUTE ] array (
  'type' => 'module',
  'module' => 
  array (
    0 => 'index',
    1 => 'index',
    2 => 'index_information',
  ),
  'convert' => false,
)
[ info ] [ HEADER ] array (
  'host' => 'localhost',
  'connection' => 'keep-alive',
  'accept' => 'text/html, */*; q=0.01',
  'x-requested-with' => 'XMLHttpRequest',
  'user-agent' => 'Mozilla/5.0 (Windows NT 6.1; WOW64) AppleWebKit/537.36 (KHTML, like Gecko) Chrome/69.0.3497.81 Safari/537.36',
  'referer' => 'http://localhost/feichangcelue/',
  'accept-encoding' => 'gzip, deflate, br',
  'accept-language' => 'zh-CN,zh;q=0.9',
  'cookie' => 'PHPSESSID=q78ddj0ib0up2ls1ifqpho06m0; pageReferrInSession=http%3A//localhost/; firstEnterUrlInSession=http%3A//localhost/feichangcelue/; Hm_lvt_f571b55302a951627ab98145b99cdaab=1541483228; VisitorCapacity=1; Hm_lpvt_f571b55302a951627ab98145b99cdaab=1541483440',
)
[ info ] [ PARAM ] array (
)
[ info ] [ CACHE ] INIT File
[ info ] [ BEHAVIOR ] Run app\common\behavior\Config @app_begin [ RunTime:0.002930s ]
[ info ] [ BEHAVIOR ] Run app\common\behavior\Hook @app_begin [ RunTime:0.006836s ]
[ info ] [ RUN ] app\index\controller\Index->index_information[ D:\phpStudy\PHPTutorial\WWW\feichangcelue\application\index\controller\Index.php ]
[ info ] [ DB ] INIT mysql
[ info ] [ VIEW ] D:\phpStudy\PHPTutorial\WWW\feichangcelue/application/index\view\index\index_information.html [ array (
  0 => 'phone',
  1 => 'QQ',
  2 => 'res_bei',
  3 => 'res_money',
  4 => 'cordon_line',
  5 => 'loss_line',
  6 => 'levers_1',
  7 => 'levers_2',
  8 => 'levers_3',
  9 => 'levers_4',
  10 => 'levers_5',
  11 => 'levers_6',
  12 => 'levers_7',
  13 => 'levers_8',
  14 => 'levers_9',
  15 => 'levers_10',
  16 => 'lossLine',
  17 => 'stopLossRate',
) ]
[ info ] [ LOG ] INIT File
[ sql ] [ DB ] CONNECT:[ UseTime:0.022461s ] mysql:dbname=peizi;host=rm-wz9l3z92630ora5wjwo.mysql.rds.aliyuncs.com;port=3306;charset=utf8
[ sql ] [ SQL ] SHOW COLUMNS FROM `xh_stock_interest_lever` [ RunTime:0.015625s ]
[ sql ] [ SQL ] SELECT `interest` FROM `xh_stock_interest_lever` WHERE  (  `levers`='5' ) LIMIT 1 [ RunTime:0.013672s ]
[ sql ] [ SQL ] SHOW COLUMNS FROM `xh_sys_params` [ RunTime:0.012695s ]
[ sql ] [ SQL ] SELECT `value` FROM `xh_sys_params` WHERE  (  `key` = 'lossLine' ) LIMIT 1 [ RunTime:0.013672s ]
[ sql ] [ SQL ] SELECT `value` FROM `xh_sys_params` WHERE  (  `key` = 'stopLossRate' ) LIMIT 1 [ RunTime:0.013672s ]
[ sql ] [ SQL ] SELECT `interest` FROM `xh_stock_interest_lever` WHERE  (  `levers`='1' ) LIMIT 1 [ RunTime:0.013672s ]
[ sql ] [ SQL ] SELECT `interest` FROM `xh_stock_interest_lever` WHERE  (  `levers`='2' ) LIMIT 1 [ RunTime:0.013672s ]
[ sql ] [ SQL ] SELECT `interest` FROM `xh_stock_interest_lever` WHERE  (  `levers`='3' ) LIMIT 1 [ RunTime:0.014648s ]
[ sql ] [ SQL ] SELECT `interest` FROM `xh_stock_interest_lever` WHERE  (  `levers`='4' ) LIMIT 1 [ RunTime:0.013672s ]
[ sql ] [ SQL ] SELECT `interest` FROM `xh_stock_interest_lever` WHERE  (  `levers`='5' ) LIMIT 1 [ RunTime:0.013671s ]
[ sql ] [ SQL ] SELECT `interest` FROM `xh_stock_interest_lever` WHERE  (  `levers`='6' ) LIMIT 1 [ RunTime:0.014649s ]
[ sql ] [ SQL ] SELECT `interest` FROM `xh_stock_interest_lever` WHERE  (  `levers`='7' ) LIMIT 1 [ RunTime:0.015625s ]
[ sql ] [ SQL ] SELECT `interest` FROM `xh_stock_interest_lever` WHERE  (  `levers`='8' ) LIMIT 1 [ RunTime:0.012695s ]
[ sql ] [ SQL ] SELECT `interest` FROM `xh_stock_interest_lever` WHERE  (  `levers`='9' ) LIMIT 1 [ RunTime:0.010742s ]
[ sql ] [ SQL ] SELECT `interest` FROM `xh_stock_interest_lever` WHERE  (  `levers`='10' ) LIMIT 1 [ RunTime:0.010742s ]
[ sql ] [ SQL ] SELECT `value` FROM `xh_sys_params` WHERE  (  `key` = 'lossLine' ) LIMIT 1 [ RunTime:0.011718s ]
[ sql ] [ SQL ] SELECT `value` FROM `xh_sys_params` WHERE  (  `key` = 'stopLossRate' ) LIMIT 1 [ RunTime:0.013672s ]
---------------------------------------------------------------
[ 2018-11-06T14:02:46+08:00 ] ::1 ::1 GET /feichangcelue/
[ info ] localhost/feichangcelue/ [运行时间：0.291992s][吞吐率：3.42req/s] [内存消耗：3,799.31kb] [文件加载：67]
[ info ] [ LANG ] D:\phpStudy\PHPTutorial\WWW\feichangcelue\thinkphp\lang\zh-cn.php
[ info ] [ ROUTE ] array (
  'type' => 'module',
  'module' => 
  array (
    0 => '',
    1 => NULL,
    2 => NULL,
  ),
)
[ info ] [ HEADER ] array (
  'host' => 'localhost',
  'connection' => 'keep-alive',
  'cache-control' => 'max-age=0',
  'upgrade-insecure-requests' => '1',
  'user-agent' => 'Mozilla/5.0 (Windows NT 6.1; WOW64) AppleWebKit/537.36 (KHTML, like Gecko) Chrome/69.0.3497.81 Safari/537.36',
  'accept' => 'text/html,application/xhtml+xml,application/xml;q=0.9,image/webp,image/apng,*/*;q=0.8',
  'referer' => 'http://localhost/',
  'accept-encoding' => 'gzip, deflate, br',
  'accept-language' => 'zh-CN,zh;q=0.9',
  'cookie' => 'PHPSESSID=q78ddj0ib0up2ls1ifqpho06m0; pageReferrInSession=http%3A//localhost/; firstEnterUrlInSession=http%3A//localhost/feichangcelue/; Hm_lvt_f571b55302a951627ab98145b99cdaab=1541483228; VisitorCapacity=1; Hm_lpvt_f571b55302a951627ab98145b99cdaab=1541483550',
)
[ info ] [ PARAM ] array (
)
[ info ] [ CACHE ] INIT File
[ info ] [ BEHAVIOR ] Run app\common\behavior\Config @app_begin [ RunTime:0.002930s ]
[ info ] [ BEHAVIOR ] Run app\common\behavior\Hook @app_begin [ RunTime:0.005859s ]
[ info ] [ RUN ] app\index\controller\Index->index[ D:\phpStudy\PHPTutorial\WWW\feichangcelue\application\index\controller\Index.php ]
[ info ] [ DB ] INIT mysql
[ info ] [ VIEW ] D:\phpStudy\PHPTutorial\WWW\feichangcelue/application/index\view\index\index.html [ array (
  0 => 'phone',
  1 => 'QQ',
  2 => 'news_informations',
  3 => 'news_informations_tow',
  4 => 'notice_content',
  5 => 'btn_emergency',
  6 => 'sz_info_arr',
) ]
[ info ] [ LOG ] INIT File
[ sql ] [ DB ] CONNECT:[ UseTime:0.021485s ] mysql:dbname=peizi;host=rm-wz9l3z92630ora5wjwo.mysql.rds.aliyuncs.com;port=3306;charset=utf8
[ sql ] [ SQL ] select a.stockCode, c.`name` as stockName,  a.createTime, b.username,b.mobile
			from xh_stock_order as a, xh_member as b, xh_shares as c
			 WHERE isFreetrial=0 and a.memberId = b.id and a.stockCode=c.`code`
			order by a.id desc limit 7 [ RunTime:0.013672s ]
[ sql ] [ SQL ] SHOW COLUMNS FROM `xh_article` [ RunTime:0.013672s ]
[ sql ] [ SQL ] SELECT * FROM `xh_article` ORDER BY `createTime`  desc LIMIT 7 [ RunTime:0.014648s ]
[ sql ] [ SQL ] SHOW COLUMNS FROM `xh_notice` [ RunTime:0.014649s ]
[ sql ] [ SQL ] SELECT * FROM `xh_notice` ORDER BY `createTime`  desc LIMIT 7 [ RunTime:0.015625s ]
[ sql ] [ SQL ] SELECT COUNT(*) AS tp_count FROM `xh_notice` LIMIT 1 [ RunTime:0.012695s ]
[ sql ] [ SQL ] SELECT * FROM `xh_notice` ORDER BY `createTime`  desc LIMIT 1 [ RunTime:0.014648s ]
[ sql ] [ SQL ] SHOW COLUMNS FROM `xh_emergency_notice` [ RunTime:0.013672s ]
[ sql ] [ SQL ] SELECT * FROM `xh_emergency_notice` LIMIT 1 [ RunTime:0.013672s ]
[ sql ] [ SQL ] SHOW COLUMNS FROM `xh_shares` [ RunTime:0.013672s ]
[ sql ] [ SQL ] SELECT `market` FROM `xh_shares` WHERE  `code` = '000001' LIMIT 1 [ RunTime:0.013672s ]
[ error ] [8]未定义数组索引: member[D:\phpStudy\PHPTutorial\WWW\feichangcelue\application\index\controller\Index.php:52]
[ error ] [8]未定义数组索引: member[D:\phpStudy\PHPTutorial\WWW\feichangcelue\runtime\temp\76fdcc8d18ffb1f5a59f76a0a98f1388.php:38]
[ error ] [8]未定义数组索引: member[D:\phpStudy\PHPTutorial\WWW\feichangcelue\runtime\temp\76fdcc8d18ffb1f5a59f76a0a98f1388.php:43]
[ error ] [8]未定义数组索引: member[D:\phpStudy\PHPTutorial\WWW\feichangcelue\runtime\temp\76fdcc8d18ffb1f5a59f76a0a98f1388.php:50]
[ error ] [8]未定义变量: usableSum[D:\phpStudy\PHPTutorial\WWW\feichangcelue\runtime\temp\76fdcc8d18ffb1f5a59f76a0a98f1388.php:55]
[ error ] [8]未定义数组索引: member[D:\phpStudy\PHPTutorial\WWW\feichangcelue\runtime\temp\76fdcc8d18ffb1f5a59f76a0a98f1388.php:179]
[ error ] [8]未定义变量: count[D:\phpStudy\PHPTutorial\WWW\feichangcelue\runtime\temp\76fdcc8d18ffb1f5a59f76a0a98f1388.php:249]
[ error ] [8]未定义变量: earnSum[D:\phpStudy\PHPTutorial\WWW\feichangcelue\runtime\temp\76fdcc8d18ffb1f5a59f76a0a98f1388.php:250]
---------------------------------------------------------------
[ 2018-11-06T14:02:46+08:00 ] ::1 ::1 GET /feichangcelue/public/static/static/home/js/moblie/mui.min.js
[ info ] localhost/feichangcelue/public/static/static/home/js/moblie/mui.min.js [运行时间：0.046875s][吞吐率：21.33req/s] [内存消耗：2,016.53kb] [文件加载：47]
[ info ] [ LANG ] D:\phpStudy\PHPTutorial\WWW\feichangcelue\thinkphp\lang\zh-cn.php
[ info ] [ ROUTE ] array (
  'type' => 'module',
  'module' => 
  array (
    0 => 'public',
    1 => 'static',
    2 => 'static',
  ),
)
[ info ] [ HEADER ] array (
  'host' => 'localhost',
  'connection' => 'keep-alive',
  'user-agent' => 'Mozilla/5.0 (Windows NT 6.1; WOW64) AppleWebKit/537.36 (KHTML, like Gecko) Chrome/69.0.3497.81 Safari/537.36',
  'accept' => '*/*',
  'referer' => 'http://localhost/feichangcelue/',
  'accept-encoding' => 'gzip, deflate, br',
  'accept-language' => 'zh-CN,zh;q=0.9',
  'cookie' => 'PHPSESSID=q78ddj0ib0up2ls1ifqpho06m0; pageReferrInSession=http%3A//localhost/; firstEnterUrlInSession=http%3A//localhost/feichangcelue/; Hm_lvt_f571b55302a951627ab98145b99cdaab=1541483228; VisitorCapacity=1; Hm_lpvt_f571b55302a951627ab98145b99cdaab=1541483550',
)
[ info ] [ PARAM ] array (
  'home' => 'js',
  'moblie' => 'mui.min.js',
)
[ info ] [ CACHE ] INIT File
[ info ] [ BEHAVIOR ] Run app\common\behavior\Config @app_begin [ RunTime:0.001953s ]
[ info ] [ BEHAVIOR ] Run app\common\behavior\Hook @app_begin [ RunTime:0.006836s ]
[ info ] [ LOG ] INIT File
---------------------------------------------------------------
[ 2018-11-06T14:02:46+08:00 ] ::1 ::1 GET /feichangcelue/public/static/static/home/js/moblie/reg.js
[ info ] localhost/feichangcelue/public/static/static/home/js/moblie/reg.js [运行时间：0.051758s][吞吐率：19.32req/s] [内存消耗：2,016.41kb] [文件加载：47]
[ info ] [ LANG ] D:\phpStudy\PHPTutorial\WWW\feichangcelue\thinkphp\lang\zh-cn.php
[ info ] [ ROUTE ] array (
  'type' => 'module',
  'module' => 
  array (
    0 => 'public',
    1 => 'static',
    2 => 'static',
  ),
)
[ info ] [ HEADER ] array (
  'host' => 'localhost',
  'connection' => 'keep-alive',
  'user-agent' => 'Mozilla/5.0 (Windows NT 6.1; WOW64) AppleWebKit/537.36 (KHTML, like Gecko) Chrome/69.0.3497.81 Safari/537.36',
  'accept' => '*/*',
  'referer' => 'http://localhost/feichangcelue/',
  'accept-encoding' => 'gzip, deflate, br',
  'accept-language' => 'zh-CN,zh;q=0.9',
  'cookie' => 'PHPSESSID=q78ddj0ib0up2ls1ifqpho06m0; pageReferrInSession=http%3A//localhost/; firstEnterUrlInSession=http%3A//localhost/feichangcelue/; Hm_lvt_f571b55302a951627ab98145b99cdaab=1541483228; VisitorCapacity=1; Hm_lpvt_f571b55302a951627ab98145b99cdaab=1541483550',
)
[ info ] [ PARAM ] array (
  'home' => 'js',
  'moblie' => 'reg.js',
)
[ info ] [ CACHE ] INIT File
[ info ] [ BEHAVIOR ] Run app\common\behavior\Config @app_begin [ RunTime:0.004882s ]
[ info ] [ BEHAVIOR ] Run app\common\behavior\Hook @app_begin [ RunTime:0.010743s ]
[ info ] [ LOG ] INIT File
---------------------------------------------------------------
[ 2018-11-06T14:02:46+08:00 ] ::1 ::1 GET /feichangcelue/public/static/home/img/index_tr_up.jpg
[ info ] localhost/feichangcelue/public/static/home/img/index_tr_up.jpg [运行时间：0.045899s][吞吐率：21.79req/s] [内存消耗：2,016.49kb] [文件加载：47]
[ info ] [ LANG ] D:\phpStudy\PHPTutorial\WWW\feichangcelue\thinkphp\lang\zh-cn.php
[ info ] [ ROUTE ] array (
  'type' => 'module',
  'module' => 
  array (
    0 => 'public',
    1 => 'static',
    2 => 'home',
  ),
)
[ info ] [ HEADER ] array (
  'host' => 'localhost',
  'connection' => 'keep-alive',
  'user-agent' => 'Mozilla/5.0 (Windows NT 6.1; WOW64) AppleWebKit/537.36 (KHTML, like Gecko) Chrome/69.0.3497.81 Safari/537.36',
  'accept' => 'image/webp,image/apng,image/*,*/*;q=0.8',
  'referer' => 'http://localhost/feichangcelue/public/static/home/css/index.css',
  'accept-encoding' => 'gzip, deflate, br',
  'accept-language' => 'zh-CN,zh;q=0.9',
  'cookie' => 'PHPSESSID=q78ddj0ib0up2ls1ifqpho06m0; pageReferrInSession=http%3A//localhost/; firstEnterUrlInSession=http%3A//localhost/feichangcelue/; Hm_lvt_f571b55302a951627ab98145b99cdaab=1541483228; VisitorCapacity=1; Hm_lpvt_f571b55302a951627ab98145b99cdaab=1541483550',
)
[ info ] [ PARAM ] array (
  'img' => 'index_tr_up.jpg',
)
[ info ] [ CACHE ] INIT File
[ info ] [ BEHAVIOR ] Run app\common\behavior\Config @app_begin [ RunTime:0.003906s ]
[ info ] [ BEHAVIOR ] Run app\common\behavior\Hook @app_begin [ RunTime:0.006836s ]
[ info ] [ LOG ] INIT File
---------------------------------------------------------------
[ 2018-11-06T14:02:46+08:00 ] ::1 ::1 GET /feichangcelue/public/static/static/home/js/moblie/mui.min.js
[ info ] localhost/feichangcelue/public/static/static/home/js/moblie/mui.min.js [运行时间：0.043945s][吞吐率：22.76req/s] [内存消耗：2,016.53kb] [文件加载：47]
[ info ] [ LANG ] D:\phpStudy\PHPTutorial\WWW\feichangcelue\thinkphp\lang\zh-cn.php
[ info ] [ ROUTE ] array (
  'type' => 'module',
  'module' => 
  array (
    0 => 'public',
    1 => 'static',
    2 => 'static',
  ),
)
[ info ] [ HEADER ] array (
  'host' => 'localhost',
  'connection' => 'keep-alive',
  'user-agent' => 'Mozilla/5.0 (Windows NT 6.1; WOW64) AppleWebKit/537.36 (KHTML, like Gecko) Chrome/69.0.3497.81 Safari/537.36',
  'accept' => '*/*',
  'referer' => 'http://localhost/feichangcelue/',
  'accept-encoding' => 'gzip, deflate, br',
  'accept-language' => 'zh-CN,zh;q=0.9',
  'cookie' => 'PHPSESSID=q78ddj0ib0up2ls1ifqpho06m0; pageReferrInSession=http%3A//localhost/; firstEnterUrlInSession=http%3A//localhost/feichangcelue/; Hm_lvt_f571b55302a951627ab98145b99cdaab=1541483228; VisitorCapacity=1; Hm_lpvt_f571b55302a951627ab98145b99cdaab=1541483550',
)
[ info ] [ PARAM ] array (
  'home' => 'js',
  'moblie' => 'mui.min.js',
)
[ info ] [ CACHE ] INIT File
[ info ] [ BEHAVIOR ] Run app\common\behavior\Config @app_begin [ RunTime:0.002930s ]
[ info ] [ BEHAVIOR ] Run app\common\behavior\Hook @app_begin [ RunTime:0.005859s ]
[ info ] [ LOG ] INIT File
---------------------------------------------------------------
[ 2018-11-06T14:02:46+08:00 ] ::1 ::1 GET /feichangcelue/public/static/static/home/js/moblie/reg.js
[ info ] localhost/feichangcelue/public/static/static/home/js/moblie/reg.js [运行时间：0.044922s][吞吐率：22.26req/s] [内存消耗：2,016.41kb] [文件加载：47]
[ info ] [ LANG ] D:\phpStudy\PHPTutorial\WWW\feichangcelue\thinkphp\lang\zh-cn.php
[ info ] [ ROUTE ] array (
  'type' => 'module',
  'module' => 
  array (
    0 => 'public',
    1 => 'static',
    2 => 'static',
  ),
)
[ info ] [ HEADER ] array (
  'host' => 'localhost',
  'connection' => 'keep-alive',
  'user-agent' => 'Mozilla/5.0 (Windows NT 6.1; WOW64) AppleWebKit/537.36 (KHTML, like Gecko) Chrome/69.0.3497.81 Safari/537.36',
  'accept' => '*/*',
  'referer' => 'http://localhost/feichangcelue/',
  'accept-encoding' => 'gzip, deflate, br',
  'accept-language' => 'zh-CN,zh;q=0.9',
  'cookie' => 'PHPSESSID=q78ddj0ib0up2ls1ifqpho06m0; pageReferrInSession=http%3A//localhost/; firstEnterUrlInSession=http%3A//localhost/feichangcelue/; Hm_lvt_f571b55302a951627ab98145b99cdaab=1541483228; VisitorCapacity=1; Hm_lpvt_f571b55302a951627ab98145b99cdaab=1541483550',
)
[ info ] [ PARAM ] array (
  'home' => 'js',
  'moblie' => 'reg.js',
)
[ info ] [ CACHE ] INIT File
[ info ] [ BEHAVIOR ] Run app\common\behavior\Config @app_begin [ RunTime:0.002930s ]
[ info ] [ BEHAVIOR ] Run app\common\behavior\Hook @app_begin [ RunTime:0.005859s ]
[ info ] [ LOG ] INIT File
---------------------------------------------------------------
[ 2018-11-06T14:02:47+08:00 ] ::1 ::1 GET /feichangcelue/index_information.html
[ info ] localhost/feichangcelue/index_information.html [运行时间：0.381836s][吞吐率：2.62req/s] [内存消耗：3,504.00kb] [文件加载：62]
[ info ] [ LANG ] D:\phpStudy\PHPTutorial\WWW\feichangcelue\thinkphp\lang\zh-cn.php
[ info ] [ ROUTE ] array (
  'type' => 'module',
  'module' => 
  array (
    0 => 'index',
    1 => 'index',
    2 => 'index_information',
  ),
  'convert' => false,
)
[ info ] [ HEADER ] array (
  'host' => 'localhost',
  'connection' => 'keep-alive',
  'accept' => 'text/html, */*; q=0.01',
  'x-requested-with' => 'XMLHttpRequest',
  'user-agent' => 'Mozilla/5.0 (Windows NT 6.1; WOW64) AppleWebKit/537.36 (KHTML, like Gecko) Chrome/69.0.3497.81 Safari/537.36',
  'referer' => 'http://localhost/feichangcelue/',
  'accept-encoding' => 'gzip, deflate, br',
  'accept-language' => 'zh-CN,zh;q=0.9',
  'cookie' => 'PHPSESSID=q78ddj0ib0up2ls1ifqpho06m0; pageReferrInSession=http%3A//localhost/; firstEnterUrlInSession=http%3A//localhost/feichangcelue/; Hm_lvt_f571b55302a951627ab98145b99cdaab=1541483228; VisitorCapacity=1; Hm_lpvt_f571b55302a951627ab98145b99cdaab=1541483550',
)
[ info ] [ PARAM ] array (
)
[ info ] [ CACHE ] INIT File
[ info ] [ BEHAVIOR ] Run app\common\behavior\Config @app_begin [ RunTime:0.001954s ]
[ info ] [ BEHAVIOR ] Run app\common\behavior\Hook @app_begin [ RunTime:0.006835s ]
[ info ] [ RUN ] app\index\controller\Index->index_information[ D:\phpStudy\PHPTutorial\WWW\feichangcelue\application\index\controller\Index.php ]
[ info ] [ DB ] INIT mysql
[ info ] [ VIEW ] D:\phpStudy\PHPTutorial\WWW\feichangcelue/application/index\view\index\index_information.html [ array (
  0 => 'phone',
  1 => 'QQ',
  2 => 'res_bei',
  3 => 'res_money',
  4 => 'cordon_line',
  5 => 'loss_line',
  6 => 'levers_1',
  7 => 'levers_2',
  8 => 'levers_3',
  9 => 'levers_4',
  10 => 'levers_5',
  11 => 'levers_6',
  12 => 'levers_7',
  13 => 'levers_8',
  14 => 'levers_9',
  15 => 'levers_10',
  16 => 'lossLine',
  17 => 'stopLossRate',
) ]
[ info ] [ LOG ] INIT File
[ sql ] [ DB ] CONNECT:[ UseTime:0.025391s ] mysql:dbname=peizi;host=rm-wz9l3z92630ora5wjwo.mysql.rds.aliyuncs.com;port=3306;charset=utf8
[ sql ] [ SQL ] SHOW COLUMNS FROM `xh_stock_interest_lever` [ RunTime:0.018554s ]
[ sql ] [ SQL ] SELECT `interest` FROM `xh_stock_interest_lever` WHERE  (  `levers`='5' ) LIMIT 1 [ RunTime:0.015625s ]
[ sql ] [ SQL ] SHOW COLUMNS FROM `xh_sys_params` [ RunTime:0.018555s ]
[ sql ] [ SQL ] SELECT `value` FROM `xh_sys_params` WHERE  (  `key` = 'lossLine' ) LIMIT 1 [ RunTime:0.016602s ]
[ sql ] [ SQL ] SELECT `value` FROM `xh_sys_params` WHERE  (  `key` = 'stopLossRate' ) LIMIT 1 [ RunTime:0.015625s ]
[ sql ] [ SQL ] SELECT `interest` FROM `xh_stock_interest_lever` WHERE  (  `levers`='1' ) LIMIT 1 [ RunTime:0.016602s ]
[ sql ] [ SQL ] SELECT `interest` FROM `xh_stock_interest_lever` WHERE  (  `levers`='2' ) LIMIT 1 [ RunTime:0.016602s ]
[ sql ] [ SQL ] SELECT `interest` FROM `xh_stock_interest_lever` WHERE  (  `levers`='3' ) LIMIT 1 [ RunTime:0.016601s ]
[ sql ] [ SQL ] SELECT `interest` FROM `xh_stock_interest_lever` WHERE  (  `levers`='4' ) LIMIT 1 [ RunTime:0.016602s ]
[ sql ] [ SQL ] SELECT `interest` FROM `xh_stock_interest_lever` WHERE  (  `levers`='5' ) LIMIT 1 [ RunTime:0.016602s ]
[ sql ] [ SQL ] SELECT `interest` FROM `xh_stock_interest_lever` WHERE  (  `levers`='6' ) LIMIT 1 [ RunTime:0.016602s ]
[ sql ] [ SQL ] SELECT `interest` FROM `xh_stock_interest_lever` WHERE  (  `levers`='7' ) LIMIT 1 [ RunTime:0.016601s ]
[ sql ] [ SQL ] SELECT `interest` FROM `xh_stock_interest_lever` WHERE  (  `levers`='8' ) LIMIT 1 [ RunTime:0.016601s ]
[ sql ] [ SQL ] SELECT `interest` FROM `xh_stock_interest_lever` WHERE  (  `levers`='9' ) LIMIT 1 [ RunTime:0.016602s ]
[ sql ] [ SQL ] SELECT `interest` FROM `xh_stock_interest_lever` WHERE  (  `levers`='10' ) LIMIT 1 [ RunTime:0.016602s ]
[ sql ] [ SQL ] SELECT `value` FROM `xh_sys_params` WHERE  (  `key` = 'lossLine' ) LIMIT 1 [ RunTime:0.017578s ]
[ sql ] [ SQL ] SELECT `value` FROM `xh_sys_params` WHERE  (  `key` = 'stopLossRate' ) LIMIT 1 [ RunTime:0.015625s ]
---------------------------------------------------------------
[ 2018-11-06T14:02:47+08:00 ] ::1 ::1 POST /feichangcelue/pc_broadcast.html
[ info ] localhost/feichangcelue/pc_broadcast.html [运行时间：0.459960s][吞吐率：2.17req/s] [内存消耗：3,289.22kb] [文件加载：57]
[ info ] [ LANG ] D:\phpStudy\PHPTutorial\WWW\feichangcelue\thinkphp\lang\zh-cn.php
[ info ] [ ROUTE ] array (
  'type' => 'module',
  'module' => 
  array (
    0 => 'index',
    1 => 'index',
    2 => 'pc_broadcast',
  ),
  'convert' => false,
)
[ info ] [ HEADER ] array (
  'host' => 'localhost',
  'connection' => 'keep-alive',
  'content-length' => '0',
  'accept' => 'application/json, text/javascript, */*; q=0.01',
  'origin' => 'http://localhost',
  'x-requested-with' => 'XMLHttpRequest',
  'user-agent' => 'Mozilla/5.0 (Windows NT 6.1; WOW64) AppleWebKit/537.36 (KHTML, like Gecko) Chrome/69.0.3497.81 Safari/537.36',
  'referer' => 'http://localhost/feichangcelue/',
  'accept-encoding' => 'gzip, deflate, br',
  'accept-language' => 'zh-CN,zh;q=0.9',
  'cookie' => 'PHPSESSID=q78ddj0ib0up2ls1ifqpho06m0; pageReferrInSession=http%3A//localhost/; firstEnterUrlInSession=http%3A//localhost/feichangcelue/; Hm_lvt_f571b55302a951627ab98145b99cdaab=1541483228; VisitorCapacity=1; Hm_lpvt_f571b55302a951627ab98145b99cdaab=1541483550',
)
[ info ] [ PARAM ] array (
)
[ info ] [ CACHE ] INIT File
[ info ] [ BEHAVIOR ] Run app\common\behavior\Config @app_begin [ RunTime:0.001954s ]
[ info ] [ BEHAVIOR ] Run app\common\behavior\Hook @app_begin [ RunTime:0.006835s ]
[ info ] [ RUN ] app\index\controller\Index->pc_broadcast[ D:\phpStudy\PHPTutorial\WWW\feichangcelue\application\index\controller\Index.php ]
[ info ] [ DB ] INIT mysql
[ info ] [ LOG ] INIT File
[ sql ] [ DB ] CONNECT:[ UseTime:0.024414s ] mysql:dbname=peizi;host=rm-wz9l3z92630ora5wjwo.mysql.rds.aliyuncs.com;port=3306;charset=utf8
[ sql ] [ SQL ] SHOW COLUMNS FROM `xh_images` [ RunTime:0.016601s ]
[ sql ] [ SQL ] SELECT `src`,`href` FROM `xh_images` WHERE  `type` = 1 ORDER BY `id`  desc LIMIT 0,3 [ RunTime:0.015625s ]
---------------------------------------------------------------
[ 2018-11-06T14:02:51+08:00 ] ::1 ::1 POST /feichangcelue/stock_exponential_sz.html
[ info ] localhost/feichangcelue/stock_exponential_sz.html [运行时间：0.532227s][吞吐率：1.88req/s] [内存消耗：2,667.22kb] [文件加载：51]
[ info ] [ LANG ] D:\phpStudy\PHPTutorial\WWW\feichangcelue\thinkphp\lang\zh-cn.php
[ info ] [ ROUTE ] array (
  'type' => 'module',
  'module' => 
  array (
    0 => 'index',
    1 => 'index',
    2 => 'stock_exponential_sz',
  ),
  'convert' => false,
)
[ info ] [ HEADER ] array (
  'host' => 'localhost',
  'connection' => 'keep-alive',
  'content-length' => '0',
  'accept' => 'application/json, text/javascript, */*; q=0.01',
  'origin' => 'http://localhost',
  'x-requested-with' => 'XMLHttpRequest',
  'user-agent' => 'Mozilla/5.0 (Windows NT 6.1; WOW64) AppleWebKit/537.36 (KHTML, like Gecko) Chrome/69.0.3497.81 Safari/537.36',
  'referer' => 'http://localhost/feichangcelue/',
  'accept-encoding' => 'gzip, deflate, br',
  'accept-language' => 'zh-CN,zh;q=0.9',
  'cookie' => 'PHPSESSID=q78ddj0ib0up2ls1ifqpho06m0; pageReferrInSession=http%3A//localhost/; firstEnterUrlInSession=http%3A//localhost/feichangcelue/; Hm_lvt_f571b55302a951627ab98145b99cdaab=1541483228; VisitorCapacity=1; Hm_lpvt_f571b55302a951627ab98145b99cdaab=1541484167',
)
[ info ] [ PARAM ] array (
)
[ info ] [ CACHE ] INIT File
[ info ] [ BEHAVIOR ] Run app\common\behavior\Config @app_begin [ RunTime:0.002930s ]
[ info ] [ BEHAVIOR ] Run app\common\behavior\Hook @app_begin [ RunTime:0.005859s ]
[ info ] [ RUN ] app\index\controller\Index->stock_exponential_sz[ D:\phpStudy\PHPTutorial\WWW\feichangcelue\application\index\controller\Index.php ]
[ info ] [ LOG ] INIT File
---------------------------------------------------------------
[ 2018-11-06T14:04:30+08:00 ] ::1 ::1 GET /feichangcelue/
[ info ] localhost/feichangcelue/ [运行时间：0.305665s][吞吐率：3.27req/s] [内存消耗：3,799.18kb] [文件加载：67]
[ info ] [ LANG ] D:\phpStudy\PHPTutorial\WWW\feichangcelue\thinkphp\lang\zh-cn.php
[ info ] [ ROUTE ] array (
  'type' => 'module',
  'module' => 
  array (
    0 => '',
    1 => NULL,
    2 => NULL,
  ),
)
[ info ] [ HEADER ] array (
  'host' => 'localhost',
  'connection' => 'keep-alive',
  'cache-control' => 'max-age=0',
  'upgrade-insecure-requests' => '1',
  'user-agent' => 'Mozilla/5.0 (Windows NT 6.1; WOW64) AppleWebKit/537.36 (KHTML, like Gecko) Chrome/69.0.3497.81 Safari/537.36',
  'accept' => 'text/html,application/xhtml+xml,application/xml;q=0.9,image/webp,image/apng,*/*;q=0.8',
  'referer' => 'http://localhost/',
  'accept-encoding' => 'gzip, deflate, br',
  'accept-language' => 'zh-CN,zh;q=0.9',
  'cookie' => 'PHPSESSID=q78ddj0ib0up2ls1ifqpho06m0; pageReferrInSession=http%3A//localhost/; firstEnterUrlInSession=http%3A//localhost/feichangcelue/; Hm_lvt_f571b55302a951627ab98145b99cdaab=1541483228; VisitorCapacity=1; Hm_lpvt_f571b55302a951627ab98145b99cdaab=1541484167',
)
[ info ] [ PARAM ] array (
)
[ info ] [ CACHE ] INIT File
[ info ] [ BEHAVIOR ] Run app\common\behavior\Config @app_begin [ RunTime:0.002929s ]
[ info ] [ BEHAVIOR ] Run app\common\behavior\Hook @app_begin [ RunTime:0.005860s ]
[ info ] [ RUN ] app\index\controller\Index->index[ D:\phpStudy\PHPTutorial\WWW\feichangcelue\application\index\controller\Index.php ]
[ info ] [ DB ] INIT mysql
[ info ] [ VIEW ] D:\phpStudy\PHPTutorial\WWW\feichangcelue/application/index\view\index\index.html [ array (
  0 => 'phone',
  1 => 'QQ',
  2 => 'news_informations',
  3 => 'news_informations_tow',
  4 => 'notice_content',
  5 => 'btn_emergency',
  6 => 'sz_info_arr',
) ]
[ info ] [ LOG ] INIT File
[ sql ] [ DB ] CONNECT:[ UseTime:0.027344s ] mysql:dbname=peizi;host=rm-wz9l3z92630ora5wjwo.mysql.rds.aliyuncs.com;port=3306;charset=utf8
[ sql ] [ SQL ] select a.stockCode, c.`name` as stockName,  a.createTime, b.username,b.mobile
			from xh_stock_order as a, xh_member as b, xh_shares as c
			 WHERE isFreetrial=0 and a.memberId = b.id and a.stockCode=c.`code`
			order by a.id desc limit 7 [ RunTime:0.013671s ]
[ sql ] [ SQL ] SHOW COLUMNS FROM `xh_article` [ RunTime:0.016602s ]
[ sql ] [ SQL ] SELECT * FROM `xh_article` ORDER BY `createTime`  desc LIMIT 7 [ RunTime:0.015625s ]
[ sql ] [ SQL ] SHOW COLUMNS FROM `xh_notice` [ RunTime:0.016601s ]
[ sql ] [ SQL ] SELECT * FROM `xh_notice` ORDER BY `createTime`  desc LIMIT 7 [ RunTime:0.016602s ]
[ sql ] [ SQL ] SELECT COUNT(*) AS tp_count FROM `xh_notice` LIMIT 1 [ RunTime:0.014649s ]
[ sql ] [ SQL ] SELECT * FROM `xh_notice` ORDER BY `createTime`  desc LIMIT 1 [ RunTime:0.015625s ]
[ sql ] [ SQL ] SHOW COLUMNS FROM `xh_emergency_notice` [ RunTime:0.015625s ]
[ sql ] [ SQL ] SELECT * FROM `xh_emergency_notice` LIMIT 1 [ RunTime:0.014648s ]
[ sql ] [ SQL ] SHOW COLUMNS FROM `xh_shares` [ RunTime:0.015625s ]
[ sql ] [ SQL ] SELECT `market` FROM `xh_shares` WHERE  `code` = '000001' LIMIT 1 [ RunTime:0.016601s ]
[ error ] [8]未定义数组索引: member[D:\phpStudy\PHPTutorial\WWW\feichangcelue\application\index\controller\Index.php:52]
[ error ] [8]未定义数组索引: member[D:\phpStudy\PHPTutorial\WWW\feichangcelue\runtime\temp\76fdcc8d18ffb1f5a59f76a0a98f1388.php:38]
[ error ] [8]未定义数组索引: member[D:\phpStudy\PHPTutorial\WWW\feichangcelue\runtime\temp\76fdcc8d18ffb1f5a59f76a0a98f1388.php:43]
[ error ] [8]未定义数组索引: member[D:\phpStudy\PHPTutorial\WWW\feichangcelue\runtime\temp\76fdcc8d18ffb1f5a59f76a0a98f1388.php:50]
[ error ] [8]未定义变量: usableSum[D:\phpStudy\PHPTutorial\WWW\feichangcelue\runtime\temp\76fdcc8d18ffb1f5a59f76a0a98f1388.php:55]
[ error ] [8]未定义数组索引: member[D:\phpStudy\PHPTutorial\WWW\feichangcelue\runtime\temp\76fdcc8d18ffb1f5a59f76a0a98f1388.php:179]
[ error ] [8]未定义变量: count[D:\phpStudy\PHPTutorial\WWW\feichangcelue\runtime\temp\76fdcc8d18ffb1f5a59f76a0a98f1388.php:249]
[ error ] [8]未定义变量: earnSum[D:\phpStudy\PHPTutorial\WWW\feichangcelue\runtime\temp\76fdcc8d18ffb1f5a59f76a0a98f1388.php:250]
---------------------------------------------------------------
[ 2018-11-06T14:04:30+08:00 ] ::1 ::1 GET /feichangcelue/public/static/static/home/js/moblie/mui.min.js
[ info ] localhost/feichangcelue/public/static/static/home/js/moblie/mui.min.js [运行时间：0.046875s][吞吐率：21.33req/s] [内存消耗：2,016.53kb] [文件加载：47]
[ info ] [ LANG ] D:\phpStudy\PHPTutorial\WWW\feichangcelue\thinkphp\lang\zh-cn.php
[ info ] [ ROUTE ] array (
  'type' => 'module',
  'module' => 
  array (
    0 => 'public',
    1 => 'static',
    2 => 'static',
  ),
)
[ info ] [ HEADER ] array (
  'host' => 'localhost',
  'connection' => 'keep-alive',
  'user-agent' => 'Mozilla/5.0 (Windows NT 6.1; WOW64) AppleWebKit/537.36 (KHTML, like Gecko) Chrome/69.0.3497.81 Safari/537.36',
  'accept' => '*/*',
  'referer' => 'http://localhost/feichangcelue/',
  'accept-encoding' => 'gzip, deflate, br',
  'accept-language' => 'zh-CN,zh;q=0.9',
  'cookie' => 'PHPSESSID=q78ddj0ib0up2ls1ifqpho06m0; pageReferrInSession=http%3A//localhost/; firstEnterUrlInSession=http%3A//localhost/feichangcelue/; Hm_lvt_f571b55302a951627ab98145b99cdaab=1541483228; VisitorCapacity=1; Hm_lpvt_f571b55302a951627ab98145b99cdaab=1541484167',
)
[ info ] [ PARAM ] array (
  'home' => 'js',
  'moblie' => 'mui.min.js',
)
[ info ] [ CACHE ] INIT File
[ info ] [ BEHAVIOR ] Run app\common\behavior\Config @app_begin [ RunTime:0.002929s ]
[ info ] [ BEHAVIOR ] Run app\common\behavior\Hook @app_begin [ RunTime:0.006836s ]
[ info ] [ LOG ] INIT File
---------------------------------------------------------------
[ 2018-11-06T14:04:30+08:00 ] ::1 ::1 GET /feichangcelue/public/static/static/home/js/moblie/reg.js
[ info ] localhost/feichangcelue/public/static/static/home/js/moblie/reg.js [运行时间：0.046875s][吞吐率：21.33req/s] [内存消耗：2,016.41kb] [文件加载：47]
[ info ] [ LANG ] D:\phpStudy\PHPTutorial\WWW\feichangcelue\thinkphp\lang\zh-cn.php
[ info ] [ ROUTE ] array (
  'type' => 'module',
  'module' => 
  array (
    0 => 'public',
    1 => 'static',
    2 => 'static',
  ),
)
[ info ] [ HEADER ] array (
  'host' => 'localhost',
  'connection' => 'keep-alive',
  'user-agent' => 'Mozilla/5.0 (Windows NT 6.1; WOW64) AppleWebKit/537.36 (KHTML, like Gecko) Chrome/69.0.3497.81 Safari/537.36',
  'accept' => '*/*',
  'referer' => 'http://localhost/feichangcelue/',
  'accept-encoding' => 'gzip, deflate, br',
  'accept-language' => 'zh-CN,zh;q=0.9',
  'cookie' => 'PHPSESSID=q78ddj0ib0up2ls1ifqpho06m0; pageReferrInSession=http%3A//localhost/; firstEnterUrlInSession=http%3A//localhost/feichangcelue/; Hm_lvt_f571b55302a951627ab98145b99cdaab=1541483228; VisitorCapacity=1; Hm_lpvt_f571b55302a951627ab98145b99cdaab=1541484167',
)
[ info ] [ PARAM ] array (
  'home' => 'js',
  'moblie' => 'reg.js',
)
[ info ] [ CACHE ] INIT File
[ info ] [ BEHAVIOR ] Run app\common\behavior\Config @app_begin [ RunTime:0.002929s ]
[ info ] [ BEHAVIOR ] Run app\common\behavior\Hook @app_begin [ RunTime:0.007813s ]
[ info ] [ LOG ] INIT File
---------------------------------------------------------------
[ 2018-11-06T14:04:30+08:00 ] ::1 ::1 GET /feichangcelue/public/static/home/img/index_tr_up.jpg
[ info ] localhost/feichangcelue/public/static/home/img/index_tr_up.jpg [运行时间：0.047852s][吞吐率：20.90req/s] [内存消耗：2,016.49kb] [文件加载：47]
[ info ] [ LANG ] D:\phpStudy\PHPTutorial\WWW\feichangcelue\thinkphp\lang\zh-cn.php
[ info ] [ ROUTE ] array (
  'type' => 'module',
  'module' => 
  array (
    0 => 'public',
    1 => 'static',
    2 => 'home',
  ),
)
[ info ] [ HEADER ] array (
  'host' => 'localhost',
  'connection' => 'keep-alive',
  'user-agent' => 'Mozilla/5.0 (Windows NT 6.1; WOW64) AppleWebKit/537.36 (KHTML, like Gecko) Chrome/69.0.3497.81 Safari/537.36',
  'accept' => 'image/webp,image/apng,image/*,*/*;q=0.8',
  'referer' => 'http://localhost/feichangcelue/public/static/home/css/index.css',
  'accept-encoding' => 'gzip, deflate, br',
  'accept-language' => 'zh-CN,zh;q=0.9',
  'cookie' => 'PHPSESSID=q78ddj0ib0up2ls1ifqpho06m0; pageReferrInSession=http%3A//localhost/; firstEnterUrlInSession=http%3A//localhost/feichangcelue/; Hm_lvt_f571b55302a951627ab98145b99cdaab=1541483228; VisitorCapacity=1; Hm_lpvt_f571b55302a951627ab98145b99cdaab=1541484167',
)
[ info ] [ PARAM ] array (
  'img' => 'index_tr_up.jpg',
)
[ info ] [ CACHE ] INIT File
[ info ] [ BEHAVIOR ] Run app\common\behavior\Config @app_begin [ RunTime:0.002929s ]
[ info ] [ BEHAVIOR ] Run app\common\behavior\Hook @app_begin [ RunTime:0.008789s ]
[ info ] [ LOG ] INIT File
---------------------------------------------------------------
[ 2018-11-06T14:04:30+08:00 ] ::1 ::1 GET /feichangcelue/public/static/static/home/js/moblie/mui.min.js
[ info ] localhost/feichangcelue/public/static/static/home/js/moblie/mui.min.js [运行时间：0.046875s][吞吐率：21.33req/s] [内存消耗：2,016.53kb] [文件加载：47]
[ info ] [ LANG ] D:\phpStudy\PHPTutorial\WWW\feichangcelue\thinkphp\lang\zh-cn.php
[ info ] [ ROUTE ] array (
  'type' => 'module',
  'module' => 
  array (
    0 => 'public',
    1 => 'static',
    2 => 'static',
  ),
)
[ info ] [ HEADER ] array (
  'host' => 'localhost',
  'connection' => 'keep-alive',
  'user-agent' => 'Mozilla/5.0 (Windows NT 6.1; WOW64) AppleWebKit/537.36 (KHTML, like Gecko) Chrome/69.0.3497.81 Safari/537.36',
  'accept' => '*/*',
  'referer' => 'http://localhost/feichangcelue/',
  'accept-encoding' => 'gzip, deflate, br',
  'accept-language' => 'zh-CN,zh;q=0.9',
  'cookie' => 'PHPSESSID=q78ddj0ib0up2ls1ifqpho06m0; pageReferrInSession=http%3A//localhost/; firstEnterUrlInSession=http%3A//localhost/feichangcelue/; Hm_lvt_f571b55302a951627ab98145b99cdaab=1541483228; VisitorCapacity=1; Hm_lpvt_f571b55302a951627ab98145b99cdaab=1541484167',
)
[ info ] [ PARAM ] array (
  'home' => 'js',
  'moblie' => 'mui.min.js',
)
[ info ] [ CACHE ] INIT File
[ info ] [ BEHAVIOR ] Run app\common\behavior\Config @app_begin [ RunTime:0.002930s ]
[ info ] [ BEHAVIOR ] Run app\common\behavior\Hook @app_begin [ RunTime:0.005859s ]
[ info ] [ LOG ] INIT File
---------------------------------------------------------------
[ 2018-11-06T14:04:30+08:00 ] ::1 ::1 GET /feichangcelue/public/static/static/home/js/moblie/reg.js
[ info ] localhost/feichangcelue/public/static/static/home/js/moblie/reg.js [运行时间：0.046875s][吞吐率：21.33req/s] [内存消耗：2,016.41kb] [文件加载：47]
[ info ] [ LANG ] D:\phpStudy\PHPTutorial\WWW\feichangcelue\thinkphp\lang\zh-cn.php
[ info ] [ ROUTE ] array (
  'type' => 'module',
  'module' => 
  array (
    0 => 'public',
    1 => 'static',
    2 => 'static',
  ),
)
[ info ] [ HEADER ] array (
  'host' => 'localhost',
  'connection' => 'keep-alive',
  'user-agent' => 'Mozilla/5.0 (Windows NT 6.1; WOW64) AppleWebKit/537.36 (KHTML, like Gecko) Chrome/69.0.3497.81 Safari/537.36',
  'accept' => '*/*',
  'referer' => 'http://localhost/feichangcelue/',
  'accept-encoding' => 'gzip, deflate, br',
  'accept-language' => 'zh-CN,zh;q=0.9',
  'cookie' => 'PHPSESSID=q78ddj0ib0up2ls1ifqpho06m0; pageReferrInSession=http%3A//localhost/; firstEnterUrlInSession=http%3A//localhost/feichangcelue/; Hm_lvt_f571b55302a951627ab98145b99cdaab=1541483228; VisitorCapacity=1; Hm_lpvt_f571b55302a951627ab98145b99cdaab=1541484167',
)
[ info ] [ PARAM ] array (
  'home' => 'js',
  'moblie' => 'reg.js',
)
[ info ] [ CACHE ] INIT File
[ info ] [ BEHAVIOR ] Run app\common\behavior\Config @app_begin [ RunTime:0.002929s ]
[ info ] [ BEHAVIOR ] Run app\common\behavior\Hook @app_begin [ RunTime:0.005860s ]
[ info ] [ LOG ] INIT File
---------------------------------------------------------------
[ 2018-11-06T14:04:30+08:00 ] ::1 ::1 POST /feichangcelue/pc_broadcast.html
[ info ] localhost/feichangcelue/pc_broadcast.html [运行时间：0.123047s][吞吐率：8.13req/s] [内存消耗：3,289.22kb] [文件加载：57]
[ info ] [ LANG ] D:\phpStudy\PHPTutorial\WWW\feichangcelue\thinkphp\lang\zh-cn.php
[ info ] [ ROUTE ] array (
  'type' => 'module',
  'module' => 
  array (
    0 => 'index',
    1 => 'index',
    2 => 'pc_broadcast',
  ),
  'convert' => false,
)
[ info ] [ HEADER ] array (
  'host' => 'localhost',
  'connection' => 'keep-alive',
  'content-length' => '0',
  'accept' => 'application/json, text/javascript, */*; q=0.01',
  'origin' => 'http://localhost',
  'x-requested-with' => 'XMLHttpRequest',
  'user-agent' => 'Mozilla/5.0 (Windows NT 6.1; WOW64) AppleWebKit/537.36 (KHTML, like Gecko) Chrome/69.0.3497.81 Safari/537.36',
  'referer' => 'http://localhost/feichangcelue/',
  'accept-encoding' => 'gzip, deflate, br',
  'accept-language' => 'zh-CN,zh;q=0.9',
  'cookie' => 'PHPSESSID=q78ddj0ib0up2ls1ifqpho06m0; pageReferrInSession=http%3A//localhost/; firstEnterUrlInSession=http%3A//localhost/feichangcelue/; Hm_lvt_f571b55302a951627ab98145b99cdaab=1541483228; VisitorCapacity=1; Hm_lpvt_f571b55302a951627ab98145b99cdaab=1541484167',
)
[ info ] [ PARAM ] array (
)
[ info ] [ CACHE ] INIT File
[ info ] [ BEHAVIOR ] Run app\common\behavior\Config @app_begin [ RunTime:0.001953s ]
[ info ] [ BEHAVIOR ] Run app\common\behavior\Hook @app_begin [ RunTime:0.006836s ]
[ info ] [ RUN ] app\index\controller\Index->pc_broadcast[ D:\phpStudy\PHPTutorial\WWW\feichangcelue\application\index\controller\Index.php ]
[ info ] [ DB ] INIT mysql
[ info ] [ LOG ] INIT File
[ sql ] [ DB ] CONNECT:[ UseTime:0.026367s ] mysql:dbname=peizi;host=rm-wz9l3z92630ora5wjwo.mysql.rds.aliyuncs.com;port=3306;charset=utf8
[ sql ] [ SQL ] SHOW COLUMNS FROM `xh_images` [ RunTime:0.016602s ]
[ sql ] [ SQL ] SELECT `src`,`href` FROM `xh_images` WHERE  `type` = 1 ORDER BY `id`  desc LIMIT 0,3 [ RunTime:0.014649s ]
---------------------------------------------------------------
[ 2018-11-06T14:04:31+08:00 ] ::1 ::1 GET /feichangcelue/index_information.html
[ info ] localhost/feichangcelue/index_information.html [运行时间：0.355469s][吞吐率：2.81req/s] [内存消耗：3,504.00kb] [文件加载：62]
[ info ] [ LANG ] D:\phpStudy\PHPTutorial\WWW\feichangcelue\thinkphp\lang\zh-cn.php
[ info ] [ ROUTE ] array (
  'type' => 'module',
  'module' => 
  array (
    0 => 'index',
    1 => 'index',
    2 => 'index_information',
  ),
  'convert' => false,
)
[ info ] [ HEADER ] array (
  'host' => 'localhost',
  'connection' => 'keep-alive',
  'accept' => 'text/html, */*; q=0.01',
  'x-requested-with' => 'XMLHttpRequest',
  'user-agent' => 'Mozilla/5.0 (Windows NT 6.1; WOW64) AppleWebKit/537.36 (KHTML, like Gecko) Chrome/69.0.3497.81 Safari/537.36',
  'referer' => 'http://localhost/feichangcelue/',
  'accept-encoding' => 'gzip, deflate, br',
  'accept-language' => 'zh-CN,zh;q=0.9',
  'cookie' => 'PHPSESSID=q78ddj0ib0up2ls1ifqpho06m0; pageReferrInSession=http%3A//localhost/; firstEnterUrlInSession=http%3A//localhost/feichangcelue/; Hm_lvt_f571b55302a951627ab98145b99cdaab=1541483228; VisitorCapacity=1; Hm_lpvt_f571b55302a951627ab98145b99cdaab=1541484167',
)
[ info ] [ PARAM ] array (
)
[ info ] [ CACHE ] INIT File
[ info ] [ BEHAVIOR ] Run app\common\behavior\Config @app_begin [ RunTime:0.003907s ]
[ info ] [ BEHAVIOR ] Run app\common\behavior\Hook @app_begin [ RunTime:0.005859s ]
[ info ] [ RUN ] app\index\controller\Index->index_information[ D:\phpStudy\PHPTutorial\WWW\feichangcelue\application\index\controller\Index.php ]
[ info ] [ DB ] INIT mysql
[ info ] [ VIEW ] D:\phpStudy\PHPTutorial\WWW\feichangcelue/application/index\view\index\index_information.html [ array (
  0 => 'phone',
  1 => 'QQ',
  2 => 'res_bei',
  3 => 'res_money',
  4 => 'cordon_line',
  5 => 'loss_line',
  6 => 'levers_1',
  7 => 'levers_2',
  8 => 'levers_3',
  9 => 'levers_4',
  10 => 'levers_5',
  11 => 'levers_6',
  12 => 'levers_7',
  13 => 'levers_8',
  14 => 'levers_9',
  15 => 'levers_10',
  16 => 'lossLine',
  17 => 'stopLossRate',
) ]
[ info ] [ LOG ] INIT File
[ sql ] [ DB ] CONNECT:[ UseTime:0.021484s ] mysql:dbname=peizi;host=rm-wz9l3z92630ora5wjwo.mysql.rds.aliyuncs.com;port=3306;charset=utf8
[ sql ] [ SQL ] SHOW COLUMNS FROM `xh_stock_interest_lever` [ RunTime:0.010742s ]
[ sql ] [ SQL ] SELECT `interest` FROM `xh_stock_interest_lever` WHERE  (  `levers`='5' ) LIMIT 1 [ RunTime:0.010743s ]
[ sql ] [ SQL ] SHOW COLUMNS FROM `xh_sys_params` [ RunTime:0.011718s ]
[ sql ] [ SQL ] SELECT `value` FROM `xh_sys_params` WHERE  (  `key` = 'lossLine' ) LIMIT 1 [ RunTime:0.011719s ]
[ sql ] [ SQL ] SELECT `value` FROM `xh_sys_params` WHERE  (  `key` = 'stopLossRate' ) LIMIT 1 [ RunTime:0.011719s ]
[ sql ] [ SQL ] SELECT `interest` FROM `xh_stock_interest_lever` WHERE  (  `levers`='1' ) LIMIT 1 [ RunTime:0.009765s ]
[ sql ] [ SQL ] SELECT `interest` FROM `xh_stock_interest_lever` WHERE  (  `levers`='2' ) LIMIT 1 [ RunTime:0.010743s ]
[ sql ] [ SQL ] SELECT `interest` FROM `xh_stock_interest_lever` WHERE  (  `levers`='3' ) LIMIT 1 [ RunTime:0.010742s ]
[ sql ] [ SQL ] SELECT `interest` FROM `xh_stock_interest_lever` WHERE  (  `levers`='4' ) LIMIT 1 [ RunTime:0.010743s ]
[ sql ] [ SQL ] SELECT `interest` FROM `xh_stock_interest_lever` WHERE  (  `levers`='5' ) LIMIT 1 [ RunTime:0.010742s ]
[ sql ] [ SQL ] SELECT `interest` FROM `xh_stock_interest_lever` WHERE  (  `levers`='6' ) LIMIT 1 [ RunTime:0.010743s ]
[ sql ] [ SQL ] SELECT `interest` FROM `xh_stock_interest_lever` WHERE  (  `levers`='7' ) LIMIT 1 [ RunTime:0.011718s ]
[ sql ] [ SQL ] SELECT `interest` FROM `xh_stock_interest_lever` WHERE  (  `levers`='8' ) LIMIT 1 [ RunTime:0.010742s ]
[ sql ] [ SQL ] SELECT `interest` FROM `xh_stock_interest_lever` WHERE  (  `levers`='9' ) LIMIT 1 [ RunTime:0.010742s ]
[ sql ] [ SQL ] SELECT `interest` FROM `xh_stock_interest_lever` WHERE  (  `levers`='10' ) LIMIT 1 [ RunTime:0.011719s ]
[ sql ] [ SQL ] SELECT `value` FROM `xh_sys_params` WHERE  (  `key` = 'lossLine' ) LIMIT 1 [ RunTime:0.010742s ]
[ sql ] [ SQL ] SELECT `value` FROM `xh_sys_params` WHERE  (  `key` = 'stopLossRate' ) LIMIT 1 [ RunTime:0.010742s ]
---------------------------------------------------------------
[ 2018-11-06T14:04:40+08:00 ] ::1 ::1 POST /feichangcelue/stock_exponential_sz.html
[ info ] localhost/feichangcelue/stock_exponential_sz.html [运行时间：0.301758s][吞吐率：3.31req/s] [内存消耗：2,668.63kb] [文件加载：51]
[ info ] [ LANG ] D:\phpStudy\PHPTutorial\WWW\feichangcelue\thinkphp\lang\zh-cn.php
[ info ] [ ROUTE ] array (
  'type' => 'module',
  'module' => 
  array (
    0 => 'index',
    1 => 'index',
    2 => 'stock_exponential_sz',
  ),
  'convert' => false,
)
[ info ] [ HEADER ] array (
  'host' => 'localhost',
  'connection' => 'keep-alive',
  'content-length' => '0',
  'accept' => 'application/json, text/javascript, */*; q=0.01',
  'origin' => 'http://localhost',
  'x-requested-with' => 'XMLHttpRequest',
  'user-agent' => 'Mozilla/5.0 (Windows NT 6.1; WOW64) AppleWebKit/537.36 (KHTML, like Gecko) Chrome/69.0.3497.81 Safari/537.36',
  'referer' => 'http://localhost/feichangcelue/',
  'accept-encoding' => 'gzip, deflate, br',
  'accept-language' => 'zh-CN,zh;q=0.9',
  'cookie' => 'PHPSESSID=q78ddj0ib0up2ls1ifqpho06m0; pageReferrInSession=http%3A//localhost/; firstEnterUrlInSession=http%3A//localhost/feichangcelue/; Hm_lvt_f571b55302a951627ab98145b99cdaab=1541483228; VisitorCapacity=1; Hm_lpvt_f571b55302a951627ab98145b99cdaab=1541484271',
)
[ info ] [ PARAM ] array (
)
[ info ] [ CACHE ] INIT File
[ info ] [ BEHAVIOR ] Run app\common\behavior\Config @app_begin [ RunTime:0.002929s ]
[ info ] [ BEHAVIOR ] Run app\common\behavior\Hook @app_begin [ RunTime:0.006836s ]
[ info ] [ RUN ] app\index\controller\Index->stock_exponential_sz[ D:\phpStudy\PHPTutorial\WWW\feichangcelue\application\index\controller\Index.php ]
[ info ] [ LOG ] INIT File
