---------------------------------------------------------------
[ 2018-11-09T17:55:36+08:00 ] ::1 ::1 GET /feichangcelue/
[ info ] localhost/feichangcelue/ [运行时间：0.434239s][吞吐率：2.30req/s] [内存消耗：4,086.37kb] [文件加载：71]
[ info ] [ LANG ] E:\WWW\feichangcelue\thinkphp\lang\zh-cn.php
[ info ] [ ROUTE ] array (
  'type' => 'module',
  'module' => 
  array (
    0 => '',
    1 => NULL,
    2 => NULL,
  ),
)
[ info ] [ HEADER ] array (
  'host' => 'localhost',
  'connection' => 'keep-alive',
  'upgrade-insecure-requests' => '1',
  'user-agent' => 'Mozilla/5.0 (Windows NT 10.0; Win64; x64) AppleWebKit/537.36 (KHTML, like Gecko) Chrome/71.0.3578.10 Safari/537.36',
  'accept' => 'text/html,application/xhtml+xml,application/xml;q=0.9,image/webp,image/apng,*/*;q=0.8',
  'accept-encoding' => 'gzip, deflate, br',
  'accept-language' => 'zh-CN,zh;q=0.9',
  'cookie' => 'PHPSESSID=c95g2dilq9dc93roe23oqoknl7',
)
[ info ] [ PARAM ] array (
)
[ info ] [ CACHE ] INIT File
[ info ] [ DB ] INIT mysql
[ info ] [ BEHAVIOR ] Run app\common\behavior\Config @app_begin [ RunTime:0.106643s ]
[ info ] [ BEHAVIOR ] Run app\common\behavior\Hook @app_begin [ RunTime:0.098441s ]
[ info ] [ RUN ] app\index\controller\Index->index[ E:\WWW\feichangcelue\application\index\controller\Index.php ]
[ info ] [ VIEW ] E:\WWW\feichangcelue/application/index\view\index\index.html [ array (
  0 => 'phone',
  1 => 'QQ',
  2 => 'news_informations',
  3 => 'news_informations_tow',
  4 => 'notice_content',
  5 => 'btn_emergency',
) ]
[ info ] [ LOG ] INIT File
[ sql ] [ DB ] CONNECT:[ UseTime:0.022493s ] mysql:dbname=peizi;host=rm-wz9l3z92630ora5wjwo.mysql.rds.aliyuncs.com;port=3306;charset=utf8
[ sql ] [ SQL ] SHOW COLUMNS FROM `xh_admin_config` [ RunTime:0.010222s ]
[ sql ] [ SQL ] SELECT `name`,`value`,`type` FROM `xh_admin_config` [ RunTime:0.012552s ]
[ sql ] [ SQL ] SHOW COLUMNS FROM `xh_admin_module` [ RunTime:0.013135s ]
[ sql ] [ SQL ] SELECT `name`,`config` FROM `xh_admin_module` WHERE  `config` <> '' [ RunTime:0.011922s ]
[ sql ] [ SQL ] SHOW COLUMNS FROM `xh_admin_hook` [ RunTime:0.011725s ]
[ sql ] [ SQL ] SELECT `name`,`status` FROM `xh_admin_hook` WHERE  `status` = 1 [ RunTime:0.012032s ]
[ sql ] [ SQL ] SHOW COLUMNS FROM `xh_admin_plugin` [ RunTime:0.013017s ]
[ sql ] [ SQL ] SELECT `name`,`status` FROM `xh_admin_plugin` WHERE  `status` = 1 [ RunTime:0.011348s ]
[ sql ] [ SQL ] SHOW COLUMNS FROM `xh_admin_hook_plugin` [ RunTime:0.012436s ]
[ sql ] [ SQL ] SELECT * FROM `xh_admin_hook_plugin` WHERE  `status` = 1 ORDER BY hook,sort [ RunTime:0.012517s ]
[ sql ] [ SQL ] select a.stockCode, c.`name` as stockName,  a.createTime, b.username,b.mobile
			from xh_stock_order as a, xh_member as b, xh_shares as c
			 WHERE isFreetrial=0 and a.memberId = b.id and a.stockCode=c.`code`
			order by a.id desc limit 7 [ RunTime:0.012403s ]
[ sql ] [ SQL ] SHOW COLUMNS FROM `xh_article` [ RunTime:0.012274s ]
[ sql ] [ SQL ] SELECT * FROM `xh_article` ORDER BY `createTime`  desc LIMIT 7 [ RunTime:0.010580s ]
[ sql ] [ SQL ] SHOW COLUMNS FROM `xh_notice` [ RunTime:0.011173s ]
[ sql ] [ SQL ] SELECT * FROM `xh_notice` ORDER BY `createTime`  desc LIMIT 7 [ RunTime:0.010200s ]
[ sql ] [ SQL ] SELECT COUNT(*) AS tp_count FROM `xh_notice` LIMIT 1 [ RunTime:0.009830s ]
[ sql ] [ SQL ] SELECT * FROM `xh_notice` ORDER BY `createTime`  desc LIMIT 1 [ RunTime:0.009590s ]
[ sql ] [ SQL ] SHOW COLUMNS FROM `xh_emergency_notice` [ RunTime:0.011822s ]
[ sql ] [ SQL ] SELECT * FROM `xh_emergency_notice` LIMIT 1 [ RunTime:0.012330s ]
[ error ] [8]未定义数组索引: member[E:\WWW\feichangcelue\application\index\controller\Index.php:52]
[ error ] [8]未定义数组索引: member[E:\WWW\feichangcelue\runtime\temp\4a6b2a037d43107d6c6262f4573aa9be.php:38]
[ error ] [8]未定义数组索引: member[E:\WWW\feichangcelue\runtime\temp\4a6b2a037d43107d6c6262f4573aa9be.php:43]
[ error ] [8]未定义数组索引: member[E:\WWW\feichangcelue\runtime\temp\4a6b2a037d43107d6c6262f4573aa9be.php:50]
[ error ] [8]未定义变量: usableSum[E:\WWW\feichangcelue\runtime\temp\4a6b2a037d43107d6c6262f4573aa9be.php:55]
[ error ] [8]未定义数组索引: member[E:\WWW\feichangcelue\runtime\temp\4a6b2a037d43107d6c6262f4573aa9be.php:179]
[ error ] [8]未定义变量: count[E:\WWW\feichangcelue\runtime\temp\4a6b2a037d43107d6c6262f4573aa9be.php:249]
[ error ] [8]未定义变量: earnSum[E:\WWW\feichangcelue\runtime\temp\4a6b2a037d43107d6c6262f4573aa9be.php:250]
---------------------------------------------------------------
[ 2018-11-09T17:55:36+08:00 ] ::1 ::1 GET /feichangcelue/public/static/static/home/js/moblie/reg.js
[ info ] localhost/feichangcelue/public/static/static/home/js/moblie/reg.js [运行时间：0.045083s][吞吐率：22.18req/s] [内存消耗：2,018.23kb] [文件加载：47]
[ info ] [ LANG ] E:\WWW\feichangcelue\thinkphp\lang\zh-cn.php
[ info ] [ ROUTE ] array (
  'type' => 'module',
  'module' => 
  array (
    0 => 'public',
    1 => 'static',
    2 => 'static',
  ),
)
[ info ] [ HEADER ] array (
  'host' => 'localhost',
  'connection' => 'keep-alive',
  'user-agent' => 'Mozilla/5.0 (Windows NT 10.0; Win64; x64) AppleWebKit/537.36 (KHTML, like Gecko) Chrome/71.0.3578.10 Safari/537.36',
  'accept' => '*/*',
  'referer' => 'http://localhost/feichangcelue/',
  'accept-encoding' => 'gzip, deflate, br',
  'accept-language' => 'zh-CN,zh;q=0.9',
  'cookie' => 'PHPSESSID=c95g2dilq9dc93roe23oqoknl7',
)
[ info ] [ PARAM ] array (
  'home' => 'js',
  'moblie' => 'reg.js',
)
[ info ] [ CACHE ] INIT File
[ info ] [ BEHAVIOR ] Run app\common\behavior\Config @app_begin [ RunTime:0.002615s ]
[ info ] [ BEHAVIOR ] Run app\common\behavior\Hook @app_begin [ RunTime:0.005868s ]
[ info ] [ LOG ] INIT File
---------------------------------------------------------------
[ 2018-11-09T17:55:36+08:00 ] ::1 ::1 GET /feichangcelue/public/static/static/home/js/moblie/mui.min.js
[ info ] localhost/feichangcelue/public/static/static/home/js/moblie/mui.min.js [运行时间：0.052306s][吞吐率：19.12req/s] [内存消耗：2,018.20kb] [文件加载：47]
[ info ] [ LANG ] E:\WWW\feichangcelue\thinkphp\lang\zh-cn.php
[ info ] [ ROUTE ] array (
  'type' => 'module',
  'module' => 
  array (
    0 => 'public',
    1 => 'static',
    2 => 'static',
  ),
)
[ info ] [ HEADER ] array (
  'host' => 'localhost',
  'connection' => 'keep-alive',
  'user-agent' => 'Mozilla/5.0 (Windows NT 10.0; Win64; x64) AppleWebKit/537.36 (KHTML, like Gecko) Chrome/71.0.3578.10 Safari/537.36',
  'accept' => '*/*',
  'referer' => 'http://localhost/feichangcelue/',
  'accept-encoding' => 'gzip, deflate, br',
  'accept-language' => 'zh-CN,zh;q=0.9',
  'cookie' => 'PHPSESSID=c95g2dilq9dc93roe23oqoknl7',
)
[ info ] [ PARAM ] array (
  'home' => 'js',
  'moblie' => 'mui.min.js',
)
[ info ] [ CACHE ] INIT File
[ info ] [ BEHAVIOR ] Run app\common\behavior\Config @app_begin [ RunTime:0.004148s ]
[ info ] [ BEHAVIOR ] Run app\common\behavior\Hook @app_begin [ RunTime:0.008063s ]
[ info ] [ LOG ] INIT File
---------------------------------------------------------------
[ 2018-11-09T17:55:36+08:00 ] ::1 ::1 GET /feichangcelue/public/static/home/img/index_tr_up.jpg
[ info ] localhost/feichangcelue/public/static/home/img/index_tr_up.jpg [运行时间：0.036728s][吞吐率：27.23req/s] [内存消耗：2,018.31kb] [文件加载：47]
[ info ] [ LANG ] E:\WWW\feichangcelue\thinkphp\lang\zh-cn.php
[ info ] [ ROUTE ] array (
  'type' => 'module',
  'module' => 
  array (
    0 => 'public',
    1 => 'static',
    2 => 'home',
  ),
)
[ info ] [ HEADER ] array (
  'host' => 'localhost',
  'connection' => 'keep-alive',
  'user-agent' => 'Mozilla/5.0 (Windows NT 10.0; Win64; x64) AppleWebKit/537.36 (KHTML, like Gecko) Chrome/71.0.3578.10 Safari/537.36',
  'accept' => 'image/webp,image/apng,image/*,*/*;q=0.8',
  'referer' => 'http://localhost/feichangcelue/public/static/home/css/index.css',
  'accept-encoding' => 'gzip, deflate, br',
  'accept-language' => 'zh-CN,zh;q=0.9',
  'cookie' => 'PHPSESSID=c95g2dilq9dc93roe23oqoknl7',
)
[ info ] [ PARAM ] array (
  'img' => 'index_tr_up.jpg',
)
[ info ] [ CACHE ] INIT File
[ info ] [ BEHAVIOR ] Run app\common\behavior\Config @app_begin [ RunTime:0.002031s ]
[ info ] [ BEHAVIOR ] Run app\common\behavior\Hook @app_begin [ RunTime:0.004819s ]
[ info ] [ LOG ] INIT File
---------------------------------------------------------------
[ 2018-11-09T17:55:36+08:00 ] ::1 ::1 GET /feichangcelue/public/static/static/home/js/moblie/mui.min.js
[ info ] localhost/feichangcelue/public/static/static/home/js/moblie/mui.min.js [运行时间：0.043003s][吞吐率：23.25req/s] [内存消耗：2,018.48kb] [文件加载：47]
[ info ] [ LANG ] E:\WWW\feichangcelue\thinkphp\lang\zh-cn.php
[ info ] [ ROUTE ] array (
  'type' => 'module',
  'module' => 
  array (
    0 => 'public',
    1 => 'static',
    2 => 'static',
  ),
)
[ info ] [ HEADER ] array (
  'host' => 'localhost',
  'connection' => 'keep-alive',
  'user-agent' => 'Mozilla/5.0 (Windows NT 10.0; Win64; x64) AppleWebKit/537.36 (KHTML, like Gecko) Chrome/71.0.3578.10 Safari/537.36',
  'accept' => '*/*',
  'referer' => 'http://localhost/feichangcelue/',
  'accept-encoding' => 'gzip, deflate, br',
  'accept-language' => 'zh-CN,zh;q=0.9',
  'cookie' => 'PHPSESSID=c95g2dilq9dc93roe23oqoknl7; firstEnterUrlInSession=http%3A//localhost/feichangcelue/',
)
[ info ] [ PARAM ] array (
  'home' => 'js',
  'moblie' => 'mui.min.js',
)
[ info ] [ CACHE ] INIT File
[ info ] [ BEHAVIOR ] Run app\common\behavior\Config @app_begin [ RunTime:0.002547s ]
[ info ] [ BEHAVIOR ] Run app\common\behavior\Hook @app_begin [ RunTime:0.005742s ]
[ info ] [ LOG ] INIT File
---------------------------------------------------------------
[ 2018-11-09T17:55:36+08:00 ] ::1 ::1 GET /feichangcelue/public/static/static/home/js/moblie/reg.js
[ info ] localhost/feichangcelue/public/static/static/home/js/moblie/reg.js [运行时间：0.042030s][吞吐率：23.79req/s] [内存消耗：2,018.38kb] [文件加载：47]
[ info ] [ LANG ] E:\WWW\feichangcelue\thinkphp\lang\zh-cn.php
[ info ] [ ROUTE ] array (
  'type' => 'module',
  'module' => 
  array (
    0 => 'public',
    1 => 'static',
    2 => 'static',
  ),
)
[ info ] [ HEADER ] array (
  'host' => 'localhost',
  'connection' => 'keep-alive',
  'user-agent' => 'Mozilla/5.0 (Windows NT 10.0; Win64; x64) AppleWebKit/537.36 (KHTML, like Gecko) Chrome/71.0.3578.10 Safari/537.36',
  'accept' => '*/*',
  'referer' => 'http://localhost/feichangcelue/',
  'accept-encoding' => 'gzip, deflate, br',
  'accept-language' => 'zh-CN,zh;q=0.9',
  'cookie' => 'PHPSESSID=c95g2dilq9dc93roe23oqoknl7; firstEnterUrlInSession=http%3A//localhost/feichangcelue/',
)
[ info ] [ PARAM ] array (
  'home' => 'js',
  'moblie' => 'reg.js',
)
[ info ] [ CACHE ] INIT File
[ info ] [ BEHAVIOR ] Run app\common\behavior\Config @app_begin [ RunTime:0.002476s ]
[ info ] [ BEHAVIOR ] Run app\common\behavior\Hook @app_begin [ RunTime:0.005596s ]
[ info ] [ LOG ] INIT File
---------------------------------------------------------------
[ 2018-11-09T17:55:36+08:00 ] ::1 ::1 POST /feichangcelue/stock_information_index_sh.html
[ info ] localhost/feichangcelue/stock_information_index_sh.html [运行时间：0.112542s][吞吐率：8.89req/s] [内存消耗：2,612.02kb] [文件加载：51]
[ info ] [ LANG ] E:\WWW\feichangcelue\thinkphp\lang\zh-cn.php
[ info ] [ ROUTE ] array (
  'type' => 'module',
  'module' => 
  array (
    0 => 'index',
    1 => 'index',
    2 => 'stock_information_index_sh',
  ),
  'convert' => false,
)
[ info ] [ HEADER ] array (
  'host' => 'localhost',
  'connection' => 'keep-alive',
  'content-length' => '11',
  'accept' => 'application/json, text/javascript, */*; q=0.01',
  'origin' => 'http://localhost',
  'x-requested-with' => 'XMLHttpRequest',
  'user-agent' => 'Mozilla/5.0 (Windows NT 10.0; Win64; x64) AppleWebKit/537.36 (KHTML, like Gecko) Chrome/71.0.3578.10 Safari/537.36',
  'content-type' => 'application/x-www-form-urlencoded; charset=UTF-8',
  'referer' => 'http://localhost/feichangcelue/',
  'accept-encoding' => 'gzip, deflate, br',
  'accept-language' => 'zh-CN,zh;q=0.9',
  'cookie' => 'PHPSESSID=c95g2dilq9dc93roe23oqoknl7; firstEnterUrlInSession=http%3A//localhost/feichangcelue/',
)
[ info ] [ PARAM ] array (
  'code' => '000001',
)
[ info ] [ CACHE ] INIT File
[ info ] [ BEHAVIOR ] Run app\common\behavior\Config @app_begin [ RunTime:0.003766s ]
[ info ] [ BEHAVIOR ] Run app\common\behavior\Hook @app_begin [ RunTime:0.008260s ]
[ info ] [ RUN ] app\index\controller\Index->stock_information_index_sh[ E:\WWW\feichangcelue\application\index\controller\Index.php ]
[ info ] [ LOG ] INIT File
---------------------------------------------------------------
[ 2018-11-09T17:55:36+08:00 ] ::1 ::1 POST /feichangcelue/pc_broadcast.html
[ info ] localhost/feichangcelue/pc_broadcast.html [运行时间：0.170522s][吞吐率：5.86req/s] [内存消耗：3,308.38kb] [文件加载：57]
[ info ] [ LANG ] E:\WWW\feichangcelue\thinkphp\lang\zh-cn.php
[ info ] [ ROUTE ] array (
  'type' => 'module',
  'module' => 
  array (
    0 => 'index',
    1 => 'index',
    2 => 'pc_broadcast',
  ),
  'convert' => false,
)
[ info ] [ HEADER ] array (
  'host' => 'localhost',
  'connection' => 'keep-alive',
  'content-length' => '0',
  'accept' => 'application/json, text/javascript, */*; q=0.01',
  'origin' => 'http://localhost',
  'x-requested-with' => 'XMLHttpRequest',
  'user-agent' => 'Mozilla/5.0 (Windows NT 10.0; Win64; x64) AppleWebKit/537.36 (KHTML, like Gecko) Chrome/71.0.3578.10 Safari/537.36',
  'referer' => 'http://localhost/feichangcelue/',
  'accept-encoding' => 'gzip, deflate, br',
  'accept-language' => 'zh-CN,zh;q=0.9',
  'cookie' => 'PHPSESSID=c95g2dilq9dc93roe23oqoknl7; firstEnterUrlInSession=http%3A//localhost/feichangcelue/',
)
[ info ] [ PARAM ] array (
)
[ info ] [ CACHE ] INIT File
[ info ] [ BEHAVIOR ] Run app\common\behavior\Config @app_begin [ RunTime:0.003901s ]
[ info ] [ BEHAVIOR ] Run app\common\behavior\Hook @app_begin [ RunTime:0.005049s ]
[ info ] [ RUN ] app\index\controller\Index->pc_broadcast[ E:\WWW\feichangcelue\application\index\controller\Index.php ]
[ info ] [ DB ] INIT mysql
[ info ] [ LOG ] INIT File
[ sql ] [ DB ] CONNECT:[ UseTime:0.020070s ] mysql:dbname=peizi;host=rm-wz9l3z92630ora5wjwo.mysql.rds.aliyuncs.com;port=3306;charset=utf8
[ sql ] [ SQL ] SHOW COLUMNS FROM `xh_images` [ RunTime:0.013073s ]
[ sql ] [ SQL ] SELECT `src`,`href` FROM `xh_images` WHERE  `type` = 1 ORDER BY `id`  desc LIMIT 0,3 [ RunTime:0.012645s ]
---------------------------------------------------------------
[ 2018-11-09T17:55:37+08:00 ] ::1 ::1 GET /feichangcelue/index_information.html
[ info ] localhost/feichangcelue/index_information.html [运行时间：0.565149s][吞吐率：1.77req/s] [内存消耗：3,693.05kb] [文件加载：64]
[ info ] [ LANG ] E:\WWW\feichangcelue\thinkphp\lang\zh-cn.php
[ info ] [ ROUTE ] array (
  'type' => 'module',
  'module' => 
  array (
    0 => 'index',
    1 => 'index',
    2 => 'index_information',
  ),
  'convert' => false,
)
[ info ] [ HEADER ] array (
  'host' => 'localhost',
  'connection' => 'keep-alive',
  'accept' => 'text/html, */*; q=0.01',
  'x-requested-with' => 'XMLHttpRequest',
  'user-agent' => 'Mozilla/5.0 (Windows NT 10.0; Win64; x64) AppleWebKit/537.36 (KHTML, like Gecko) Chrome/71.0.3578.10 Safari/537.36',
  'referer' => 'http://localhost/feichangcelue/',
  'accept-encoding' => 'gzip, deflate, br',
  'accept-language' => 'zh-CN,zh;q=0.9',
  'cookie' => 'PHPSESSID=c95g2dilq9dc93roe23oqoknl7; firstEnterUrlInSession=http%3A//localhost/feichangcelue/',
)
[ info ] [ PARAM ] array (
)
[ info ] [ CACHE ] INIT File
[ info ] [ BEHAVIOR ] Run app\common\behavior\Config @app_begin [ RunTime:0.004727s ]
[ info ] [ BEHAVIOR ] Run app\common\behavior\Hook @app_begin [ RunTime:0.008269s ]
[ info ] [ RUN ] app\index\controller\Index->index_information[ E:\WWW\feichangcelue\application\index\controller\Index.php ]
[ info ] [ DB ] INIT mysql
[ info ] [ VIEW ] E:\WWW\feichangcelue/application/index\view\index\index_information.html [ array (
  0 => 'phone',
  1 => 'QQ',
  2 => 'res_bei',
  3 => 'res_money',
  4 => 'cordon_line',
  5 => 'loss_line',
  6 => 'levers_1',
  7 => 'levers_2',
  8 => 'levers_3',
  9 => 'levers_4',
  10 => 'levers_5',
  11 => 'levers_6',
  12 => 'levers_7',
  13 => 'levers_8',
  14 => 'levers_9',
  15 => 'levers_10',
  16 => 'lossLine',
  17 => 'stopLossRate',
) ]
[ info ] [ LOG ] INIT File
[ sql ] [ DB ] CONNECT:[ UseTime:0.029565s ] mysql:dbname=peizi;host=rm-wz9l3z92630ora5wjwo.mysql.rds.aliyuncs.com;port=3306;charset=utf8
[ sql ] [ SQL ] SHOW COLUMNS FROM `xh_stock_interest_lever` [ RunTime:0.017476s ]
[ sql ] [ SQL ] SELECT `interest` FROM `xh_stock_interest_lever` WHERE  (  `levers`='5' ) LIMIT 1 [ RunTime:0.018544s ]
[ sql ] [ SQL ] SHOW COLUMNS FROM `xh_sys_params` [ RunTime:0.018410s ]
[ sql ] [ SQL ] SELECT `value` FROM `xh_sys_params` WHERE  (  `key` = 'lossLine' ) LIMIT 1 [ RunTime:0.017953s ]
[ sql ] [ SQL ] SELECT `value` FROM `xh_sys_params` WHERE  (  `key` = 'stopLossRate' ) LIMIT 1 [ RunTime:0.018816s ]
[ sql ] [ SQL ] SELECT `interest` FROM `xh_stock_interest_lever` WHERE  (  `levers`='1' ) LIMIT 1 [ RunTime:0.019000s ]
[ sql ] [ SQL ] SELECT `interest` FROM `xh_stock_interest_lever` WHERE  (  `levers`='2' ) LIMIT 1 [ RunTime:0.018727s ]
[ sql ] [ SQL ] SELECT `interest` FROM `xh_stock_interest_lever` WHERE  (  `levers`='3' ) LIMIT 1 [ RunTime:0.018634s ]
[ sql ] [ SQL ] SELECT `interest` FROM `xh_stock_interest_lever` WHERE  (  `levers`='4' ) LIMIT 1 [ RunTime:0.018269s ]
[ sql ] [ SQL ] SELECT `interest` FROM `xh_stock_interest_lever` WHERE  (  `levers`='5' ) LIMIT 1 [ RunTime:0.019679s ]
[ sql ] [ SQL ] SELECT `interest` FROM `xh_stock_interest_lever` WHERE  (  `levers`='6' ) LIMIT 1 [ RunTime:0.017957s ]
[ sql ] [ SQL ] SELECT `interest` FROM `xh_stock_interest_lever` WHERE  (  `levers`='7' ) LIMIT 1 [ RunTime:0.018757s ]
[ sql ] [ SQL ] SELECT `interest` FROM `xh_stock_interest_lever` WHERE  (  `levers`='8' ) LIMIT 1 [ RunTime:0.018937s ]
[ sql ] [ SQL ] SELECT `interest` FROM `xh_stock_interest_lever` WHERE  (  `levers`='9' ) LIMIT 1 [ RunTime:0.016999s ]
[ sql ] [ SQL ] SELECT `interest` FROM `xh_stock_interest_lever` WHERE  (  `levers`='10' ) LIMIT 1 [ RunTime:0.018143s ]
[ sql ] [ SQL ] SELECT `value` FROM `xh_sys_params` WHERE  (  `key` = 'lossLine' ) LIMIT 1 [ RunTime:0.018984s ]
[ sql ] [ SQL ] SELECT `value` FROM `xh_sys_params` WHERE  (  `key` = 'stopLossRate' ) LIMIT 1 [ RunTime:0.018601s ]
---------------------------------------------------------------
[ 2018-11-09T17:55:45+08:00 ] ::1 ::1 GET /feichangcelue/
[ info ] localhost/feichangcelue/ [运行时间：0.416227s][吞吐率：2.40req/s] [内存消耗：3,269.38kb] [文件加载：65]
[ info ] [ LANG ] E:\WWW\feichangcelue\thinkphp\lang\zh-cn.php
[ info ] [ ROUTE ] array (
  'type' => 'module',
  'module' => 
  array (
    0 => '',
    1 => NULL,
    2 => NULL,
  ),
)
[ info ] [ HEADER ] array (
  'host' => 'localhost',
  'connection' => 'keep-alive',
  'cache-control' => 'max-age=0',
  'upgrade-insecure-requests' => '1',
  'user-agent' => 'Mozilla/5.0 (Linux; Android 6.0; Nexus 5 Build/MRA58N) AppleWebKit/537.36 (KHTML, like Gecko) Chrome/71.0.3578.10 Mobile Safari/537.36',
  'accept' => 'text/html,application/xhtml+xml,application/xml;q=0.9,image/webp,image/apng,*/*;q=0.8',
  'accept-encoding' => 'gzip, deflate, br',
  'accept-language' => 'zh-CN,zh;q=0.9',
  'cookie' => 'PHPSESSID=c95g2dilq9dc93roe23oqoknl7; firstEnterUrlInSession=http%3A//localhost/feichangcelue/; Hm_lvt_f571b55302a951627ab98145b99cdaab=1541757337; Hm_lpvt_f571b55302a951627ab98145b99cdaab=1541757337; VisitorCapacity=1',
)
[ info ] [ PARAM ] array (
)
[ info ] [ CACHE ] INIT File
[ info ] [ BEHAVIOR ] Run app\common\behavior\Config @app_begin [ RunTime:0.002008s ]
[ info ] [ BEHAVIOR ] Run app\common\behavior\Hook @app_begin [ RunTime:0.004830s ]
[ info ] [ RUN ] app\index\controller\Index->index[ E:\WWW\feichangcelue\application\index\controller\Index.php ]
[ info ] [ DB ] INIT mysql
[ info ] [ VIEW ] E:\WWW\feichangcelue/application/index\view\index\mobile\index.html [ array (
  0 => 'phone',
  1 => 'QQ',
  2 => 'balance',
  3 => 'ablePrice',
  4 => 'real_disk_sum',
  5 => 'guaranteeFee',
  6 => 'buyList',
) ]
[ info ] [ LOG ] INIT File
[ sql ] [ DB ] CONNECT:[ UseTime:0.026388s ] mysql:dbname=peizi;host=rm-wz9l3z92630ora5wjwo.mysql.rds.aliyuncs.com;port=3306;charset=utf8
[ sql ] [ SQL ] select a.stockCode, c.`name` as stockName,  a.createTime, b.username,b.mobile
			from xh_stock_order as a, xh_member as b, xh_shares as c
			 WHERE isFreetrial=0 and a.memberId = b.id and a.stockCode=c.`code`
			order by a.id desc limit 7 [ RunTime:0.018204s ]
[ error ] [8]未定义数组索引: member[E:\WWW\feichangcelue\application\index\controller\Index.php:52]
[ error ] [8]Trying to get property of non-object[E:\WWW\feichangcelue\application\index\controller\Index.php:115]
[ error ] [8]未定义变量: balance[E:\WWW\feichangcelue\application\index\controller\Index.php:119]
[ error ] [8]未定义变量: ablePrice[E:\WWW\feichangcelue\application\index\controller\Index.php:120]
[ error ] [8]未定义变量: real_disk_sum[E:\WWW\feichangcelue\application\index\controller\Index.php:122]
[ error ] [8]未定义变量: guaranteeFee[E:\WWW\feichangcelue\application\index\controller\Index.php:123]
---------------------------------------------------------------
[ 2018-11-09T17:55:45+08:00 ] ::1 ::1 GET /feichangcelue/public/stock/js/maps/swiper.jquery.min.js.map
[ info ] localhost/feichangcelue/public/stock/js/maps/swiper.jquery.min.js.map [运行时间：0.042290s][吞吐率：23.65req/s] [内存消耗：2,018.40kb] [文件加载：47]
[ info ] [ LANG ] E:\WWW\feichangcelue\thinkphp\lang\zh-cn.php
[ info ] [ ROUTE ] array (
  'type' => 'module',
  'module' => 
  array (
    0 => 'public',
    1 => 'stock',
    2 => 'js',
  ),
)
[ info ] [ HEADER ] array (
  'host' => 'localhost',
  'connection' => 'keep-alive',
  'user-agent' => 'Mozilla/5.0 (Linux; Android 6.0; Nexus 5 Build/MRA58N) AppleWebKit/537.36 (KHTML, like Gecko) Chrome/71.0.3578.10 Mobile Safari/537.36',
  'accept-encoding' => 'gzip, deflate, br',
  'accept-language' => 'zh-CN,zh;q=0.9',
  'cookie' => 'PHPSESSID=c95g2dilq9dc93roe23oqoknl7; firstEnterUrlInSession=http%3A//localhost/feichangcelue/; Hm_lvt_f571b55302a951627ab98145b99cdaab=1541757337; Hm_lpvt_f571b55302a951627ab98145b99cdaab=1541757337; VisitorCapacity=1',
)
[ info ] [ PARAM ] array (
  'maps' => 'swiper.jquery.min.js.map',
)
[ info ] [ CACHE ] INIT File
[ info ] [ BEHAVIOR ] Run app\common\behavior\Config @app_begin [ RunTime:0.002142s ]
[ info ] [ BEHAVIOR ] Run app\common\behavior\Hook @app_begin [ RunTime:0.005734s ]
[ info ] [ LOG ] INIT File
---------------------------------------------------------------
[ 2018-11-09T17:55:45+08:00 ] ::1 ::1 POST /feichangcelue/app_broadcast.html
[ info ] localhost/feichangcelue/app_broadcast.html [运行时间：0.137756s][吞吐率：7.26req/s] [内存消耗：3,308.77kb] [文件加载：57]
[ info ] [ LANG ] E:\WWW\feichangcelue\thinkphp\lang\zh-cn.php
[ info ] [ ROUTE ] array (
  'type' => 'module',
  'module' => 
  array (
    0 => 'index',
    1 => 'index',
    2 => 'app_broadcast',
  ),
  'convert' => false,
)
[ info ] [ HEADER ] array (
  'host' => 'localhost',
  'connection' => 'keep-alive',
  'content-length' => '0',
  'accept' => 'application/json, text/javascript, */*; q=0.01',
  'origin' => 'http://localhost',
  'x-requested-with' => 'XMLHttpRequest',
  'user-agent' => 'Mozilla/5.0 (Linux; Android 6.0; Nexus 5 Build/MRA58N) AppleWebKit/537.36 (KHTML, like Gecko) Chrome/71.0.3578.10 Mobile Safari/537.36',
  'referer' => 'http://localhost/feichangcelue/',
  'accept-encoding' => 'gzip, deflate, br',
  'accept-language' => 'zh-CN,zh;q=0.9',
  'cookie' => 'PHPSESSID=c95g2dilq9dc93roe23oqoknl7; firstEnterUrlInSession=http%3A//localhost/feichangcelue/; Hm_lvt_f571b55302a951627ab98145b99cdaab=1541757337; Hm_lpvt_f571b55302a951627ab98145b99cdaab=1541757337; VisitorCapacity=1',
)
[ info ] [ PARAM ] array (
)
[ info ] [ CACHE ] INIT File
[ info ] [ BEHAVIOR ] Run app\common\behavior\Config @app_begin [ RunTime:0.004343s ]
[ info ] [ BEHAVIOR ] Run app\common\behavior\Hook @app_begin [ RunTime:0.008470s ]
[ info ] [ RUN ] app\index\controller\Index->app_broadcast[ E:\WWW\feichangcelue\application\index\controller\Index.php ]
[ info ] [ DB ] INIT mysql
[ info ] [ LOG ] INIT File
[ sql ] [ DB ] CONNECT:[ UseTime:0.023232s ] mysql:dbname=peizi;host=rm-wz9l3z92630ora5wjwo.mysql.rds.aliyuncs.com;port=3306;charset=utf8
[ sql ] [ SQL ] SHOW COLUMNS FROM `xh_images` [ RunTime:0.014522s ]
[ sql ] [ SQL ] SELECT `src`,`href` FROM `xh_images` WHERE  `type` = 2 ORDER BY `id`  desc LIMIT 0,3 [ RunTime:0.014303s ]
---------------------------------------------------------------
[ 2018-11-09T17:55:45+08:00 ] ::1 ::1 POST /feichangcelue/stock_exponential_sz.html
[ info ] localhost/feichangcelue/stock_exponential_sz.html [运行时间：0.213144s][吞吐率：4.69req/s] [内存消耗：2,708.68kb] [文件加载：51]
[ info ] [ LANG ] E:\WWW\feichangcelue\thinkphp\lang\zh-cn.php
[ info ] [ ROUTE ] array (
  'type' => 'module',
  'module' => 
  array (
    0 => 'index',
    1 => 'index',
    2 => 'stock_exponential_sz',
  ),
  'convert' => false,
)
[ info ] [ HEADER ] array (
  'host' => 'localhost',
  'connection' => 'keep-alive',
  'content-length' => '0',
  'accept' => 'application/json, text/javascript, */*; q=0.01',
  'origin' => 'http://localhost',
  'x-requested-with' => 'XMLHttpRequest',
  'user-agent' => 'Mozilla/5.0 (Linux; Android 6.0; Nexus 5 Build/MRA58N) AppleWebKit/537.36 (KHTML, like Gecko) Chrome/71.0.3578.10 Mobile Safari/537.36',
  'referer' => 'http://localhost/feichangcelue/',
  'accept-encoding' => 'gzip, deflate, br',
  'accept-language' => 'zh-CN,zh;q=0.9',
  'cookie' => 'PHPSESSID=c95g2dilq9dc93roe23oqoknl7; firstEnterUrlInSession=http%3A//localhost/feichangcelue/; Hm_lvt_f571b55302a951627ab98145b99cdaab=1541757337; Hm_lpvt_f571b55302a951627ab98145b99cdaab=1541757337; VisitorCapacity=1',
)
[ info ] [ PARAM ] array (
)
[ info ] [ CACHE ] INIT File
[ info ] [ BEHAVIOR ] Run app\common\behavior\Config @app_begin [ RunTime:0.002062s ]
[ info ] [ BEHAVIOR ] Run app\common\behavior\Hook @app_begin [ RunTime:0.005088s ]
[ info ] [ RUN ] app\index\controller\Index->stock_exponential_sz[ E:\WWW\feichangcelue\application\index\controller\Index.php ]
[ info ] [ LOG ] INIT File
---------------------------------------------------------------
[ 2018-11-09T17:55:45+08:00 ] ::1 ::1 POST /feichangcelue/stock_exponential_sh.html
[ info ] localhost/feichangcelue/stock_exponential_sh.html [运行时间：0.337168s][吞吐率：2.97req/s] [内存消耗：2,708.68kb] [文件加载：51]
[ info ] [ LANG ] E:\WWW\feichangcelue\thinkphp\lang\zh-cn.php
[ info ] [ ROUTE ] array (
  'type' => 'module',
  'module' => 
  array (
    0 => 'index',
    1 => 'index',
    2 => 'stock_exponential_sh',
  ),
  'convert' => false,
)
[ info ] [ HEADER ] array (
  'host' => 'localhost',
  'connection' => 'keep-alive',
  'content-length' => '0',
  'accept' => 'application/json, text/javascript, */*; q=0.01',
  'origin' => 'http://localhost',
  'x-requested-with' => 'XMLHttpRequest',
  'user-agent' => 'Mozilla/5.0 (Linux; Android 6.0; Nexus 5 Build/MRA58N) AppleWebKit/537.36 (KHTML, like Gecko) Chrome/71.0.3578.10 Mobile Safari/537.36',
  'referer' => 'http://localhost/feichangcelue/',
  'accept-encoding' => 'gzip, deflate, br',
  'accept-language' => 'zh-CN,zh;q=0.9',
  'cookie' => 'PHPSESSID=c95g2dilq9dc93roe23oqoknl7; firstEnterUrlInSession=http%3A//localhost/feichangcelue/; Hm_lvt_f571b55302a951627ab98145b99cdaab=1541757337; Hm_lpvt_f571b55302a951627ab98145b99cdaab=1541757337; VisitorCapacity=1',
)
[ info ] [ PARAM ] array (
)
[ info ] [ CACHE ] INIT File
[ info ] [ BEHAVIOR ] Run app\common\behavior\Config @app_begin [ RunTime:0.002039s ]
[ info ] [ BEHAVIOR ] Run app\common\behavior\Hook @app_begin [ RunTime:0.004968s ]
[ info ] [ RUN ] app\index\controller\Index->stock_exponential_sh[ E:\WWW\feichangcelue\application\index\controller\Index.php ]
[ info ] [ LOG ] INIT File
---------------------------------------------------------------
[ 2018-11-09T17:55:46+08:00 ] ::1 ::1 GET /feichangcelue/ucenter/home.html
[ info ] localhost/feichangcelue/ucenter/home.html [运行时间：0.044905s][吞吐率：22.27req/s] [内存消耗：2,682.53kb] [文件加载：55]
[ info ] [ LANG ] E:\WWW\feichangcelue\thinkphp\lang\zh-cn.php
[ info ] [ ROUTE ] array (
  'type' => 'module',
  'module' => 
  array (
    0 => 'index',
    1 => 'ucenter',
    2 => 'home',
  ),
  'convert' => false,
)
[ info ] [ HEADER ] array (
  'host' => 'localhost',
  'connection' => 'keep-alive',
  'upgrade-insecure-requests' => '1',
  'user-agent' => 'Mozilla/5.0 (Linux; Android 6.0; Nexus 5 Build/MRA58N) AppleWebKit/537.36 (KHTML, like Gecko) Chrome/71.0.3578.10 Mobile Safari/537.36',
  'accept' => 'text/html,application/xhtml+xml,application/xml;q=0.9,image/webp,image/apng,*/*;q=0.8',
  'referer' => 'http://localhost/feichangcelue/',
  'accept-encoding' => 'gzip, deflate, br',
  'accept-language' => 'zh-CN,zh;q=0.9',
  'cookie' => 'PHPSESSID=c95g2dilq9dc93roe23oqoknl7; firstEnterUrlInSession=http%3A//localhost/feichangcelue/; Hm_lvt_f571b55302a951627ab98145b99cdaab=1541757337; Hm_lpvt_f571b55302a951627ab98145b99cdaab=1541757337; VisitorCapacity=1',
)
[ info ] [ PARAM ] array (
)
[ info ] [ CACHE ] INIT File
[ info ] [ BEHAVIOR ] Run app\common\behavior\Config @app_begin [ RunTime:0.002073s ]
[ info ] [ BEHAVIOR ] Run app\common\behavior\Hook @app_begin [ RunTime:0.004807s ]
[ info ] [ LOG ] INIT File
---------------------------------------------------------------
[ 2018-11-09T17:55:46+08:00 ] ::1 ::1 GET /feichangcelue/login.html
[ info ] localhost/feichangcelue/login.html [运行时间：0.052261s][吞吐率：19.13req/s] [内存消耗：2,898.58kb] [文件加载：58]
[ info ] [ LANG ] E:\WWW\feichangcelue\thinkphp\lang\zh-cn.php
[ info ] [ ROUTE ] array (
  'type' => 'module',
  'module' => 
  array (
    0 => 'index',
    1 => 'index',
    2 => 'login',
  ),
  'convert' => false,
)
[ info ] [ HEADER ] array (
  'host' => 'localhost',
  'connection' => 'keep-alive',
  'upgrade-insecure-requests' => '1',
  'user-agent' => 'Mozilla/5.0 (Linux; Android 6.0; Nexus 5 Build/MRA58N) AppleWebKit/537.36 (KHTML, like Gecko) Chrome/71.0.3578.10 Mobile Safari/537.36',
  'accept' => 'text/html,application/xhtml+xml,application/xml;q=0.9,image/webp,image/apng,*/*;q=0.8',
  'referer' => 'http://localhost/feichangcelue/',
  'accept-encoding' => 'gzip, deflate, br',
  'accept-language' => 'zh-CN,zh;q=0.9',
  'cookie' => 'PHPSESSID=c95g2dilq9dc93roe23oqoknl7; firstEnterUrlInSession=http%3A//localhost/feichangcelue/; Hm_lvt_f571b55302a951627ab98145b99cdaab=1541757337; Hm_lpvt_f571b55302a951627ab98145b99cdaab=1541757337; VisitorCapacity=1',
)
[ info ] [ PARAM ] array (
)
[ info ] [ CACHE ] INIT File
[ info ] [ BEHAVIOR ] Run app\common\behavior\Config @app_begin [ RunTime:0.002160s ]
[ info ] [ BEHAVIOR ] Run app\common\behavior\Hook @app_begin [ RunTime:0.005162s ]
[ info ] [ RUN ] app\index\controller\Index->login[ E:\WWW\feichangcelue\application\index\controller\Index.php ]
[ info ] [ VIEW ] E:\WWW\feichangcelue/application/index\view\index\mobile\login.html [ array (
  0 => 'phone',
  1 => 'QQ',
) ]
[ info ] [ LOG ] INIT File
---------------------------------------------------------------
[ 2018-11-09T17:55:56+08:00 ] ::1 ::1 POST /feichangcelue/doLogin.html
[ info ] localhost/feichangcelue/doLogin.html [运行时间：0.136649s][吞吐率：7.32req/s] [内存消耗：3,603.16kb] [文件加载：64]
[ info ] [ LANG ] E:\WWW\feichangcelue\thinkphp\lang\zh-cn.php
[ info ] [ ROUTE ] array (
  'type' => 'module',
  'module' => 
  array (
    0 => 'index',
    1 => 'index',
    2 => 'doLogin',
  ),
  'convert' => false,
)
[ info ] [ HEADER ] array (
  'host' => 'localhost',
  'connection' => 'keep-alive',
  'content-length' => '38',
  'cache-control' => 'max-age=0',
  'origin' => 'http://localhost',
  'upgrade-insecure-requests' => '1',
  'content-type' => 'application/x-www-form-urlencoded',
  'user-agent' => 'Mozilla/5.0 (Linux; Android 6.0; Nexus 5 Build/MRA58N) AppleWebKit/537.36 (KHTML, like Gecko) Chrome/71.0.3578.10 Mobile Safari/537.36',
  'accept' => 'text/html,application/xhtml+xml,application/xml;q=0.9,image/webp,image/apng,*/*;q=0.8',
  'referer' => 'http://localhost/feichangcelue/login.html',
  'accept-encoding' => 'gzip, deflate, br',
  'accept-language' => 'zh-CN,zh;q=0.9',
  'cookie' => 'PHPSESSID=c95g2dilq9dc93roe23oqoknl7; firstEnterUrlInSession=http%3A//localhost/feichangcelue/; Hm_lvt_f571b55302a951627ab98145b99cdaab=1541757337; Hm_lpvt_f571b55302a951627ab98145b99cdaab=1541757337; VisitorCapacity=1',
)
[ info ] [ PARAM ] array (
  'nick_name' => '18998906797',
  'login_pwd' => '123456',
)
[ info ] [ CACHE ] INIT File
[ info ] [ BEHAVIOR ] Run app\common\behavior\Config @app_begin [ RunTime:0.002044s ]
[ info ] [ BEHAVIOR ] Run app\common\behavior\Hook @app_begin [ RunTime:0.004883s ]
[ info ] [ RUN ] app\index\controller\Index->doLogin[ E:\WWW\feichangcelue\application\index\controller\Index.php ]
[ info ] [ DB ] INIT mysql
[ info ] [ VIEW ] E:\WWW\feichangcelue/application/admin/view/dispatch_jump.tpl [ array (
  0 => 'phone',
  1 => 'QQ',
  2 => 'code',
  3 => 'msg',
  4 => 'data',
  5 => 'url',
  6 => 'wait',
) ]
[ info ] [ LOG ] INIT File
[ sql ] [ DB ] CONNECT:[ UseTime:0.028323s ] mysql:dbname=peizi;host=rm-wz9l3z92630ora5wjwo.mysql.rds.aliyuncs.com;port=3306;charset=utf8
[ sql ] [ SQL ] SHOW COLUMNS FROM `xh_member` [ RunTime:0.019161s ]
[ sql ] [ SQL ] SELECT * FROM `xh_member` WHERE  (  username='18998906797' or mobile = '18998906797' ) LIMIT 1 [ RunTime:0.018780s ]
---------------------------------------------------------------
[ 2018-11-09T17:55:56+08:00 ] ::1 ::1 GET /feichangcelue/public/static/img/favicons/favicon.png
[ info ] localhost/feichangcelue/public/static/img/favicons/favicon.png [运行时间：0.041730s][吞吐率：23.96req/s] [内存消耗：2,019.02kb] [文件加载：47]
[ info ] [ LANG ] E:\WWW\feichangcelue\thinkphp\lang\zh-cn.php
[ info ] [ ROUTE ] array (
  'type' => 'module',
  'module' => 
  array (
    0 => 'public',
    1 => 'static',
    2 => 'img',
  ),
)
[ info ] [ HEADER ] array (
  'host' => 'localhost',
  'connection' => 'keep-alive',
  'user-agent' => 'Mozilla/5.0 (Linux; Android 6.0; Nexus 5 Build/MRA58N) AppleWebKit/537.36 (KHTML, like Gecko) Chrome/71.0.3578.10 Mobile Safari/537.36',
  'accept' => 'image/webp,image/apng,image/*,*/*;q=0.8',
  'referer' => 'http://localhost/feichangcelue/doLogin.html',
  'accept-encoding' => 'gzip, deflate, br',
  'accept-language' => 'zh-CN,zh;q=0.9',
  'cookie' => 'PHPSESSID=c95g2dilq9dc93roe23oqoknl7; firstEnterUrlInSession=http%3A//localhost/feichangcelue/; Hm_lvt_f571b55302a951627ab98145b99cdaab=1541757337; Hm_lpvt_f571b55302a951627ab98145b99cdaab=1541757337; VisitorCapacity=1',
)
[ info ] [ PARAM ] array (
  'favicons' => 'favicon.png',
)
[ info ] [ CACHE ] INIT File
[ info ] [ BEHAVIOR ] Run app\common\behavior\Config @app_begin [ RunTime:0.002413s ]
[ info ] [ BEHAVIOR ] Run app\common\behavior\Hook @app_begin [ RunTime:0.005066s ]
[ info ] [ LOG ] INIT File
---------------------------------------------------------------
[ 2018-11-09T17:55:59+08:00 ] ::1 ::1 GET /feichangcelue/
[ info ] localhost/feichangcelue/ [运行时间：0.488054s][吞吐率：2.05req/s] [内存消耗：3,680.53kb] [文件加载：66]
[ info ] [ LANG ] E:\WWW\feichangcelue\thinkphp\lang\zh-cn.php
[ info ] [ ROUTE ] array (
  'type' => 'module',
  'module' => 
  array (
    0 => '',
    1 => NULL,
    2 => NULL,
  ),
)
[ info ] [ HEADER ] array (
  'host' => 'localhost',
  'connection' => 'keep-alive',
  'upgrade-insecure-requests' => '1',
  'user-agent' => 'Mozilla/5.0 (Linux; Android 6.0; Nexus 5 Build/MRA58N) AppleWebKit/537.36 (KHTML, like Gecko) Chrome/71.0.3578.10 Mobile Safari/537.36',
  'accept' => 'text/html,application/xhtml+xml,application/xml;q=0.9,image/webp,image/apng,*/*;q=0.8',
  'referer' => 'http://localhost/feichangcelue/doLogin.html',
  'accept-encoding' => 'gzip, deflate, br',
  'accept-language' => 'zh-CN,zh;q=0.9',
  'cookie' => 'PHPSESSID=c95g2dilq9dc93roe23oqoknl7; firstEnterUrlInSession=http%3A//localhost/feichangcelue/; Hm_lvt_f571b55302a951627ab98145b99cdaab=1541757337; Hm_lpvt_f571b55302a951627ab98145b99cdaab=1541757337; VisitorCapacity=1',
)
[ info ] [ PARAM ] array (
)
[ info ] [ CACHE ] INIT File
[ info ] [ BEHAVIOR ] Run app\common\behavior\Config @app_begin [ RunTime:0.002025s ]
[ info ] [ BEHAVIOR ] Run app\common\behavior\Hook @app_begin [ RunTime:0.004842s ]
[ info ] [ DB ] INIT mysql
[ info ] [ RUN ] app\index\controller\Index->index[ E:\WWW\feichangcelue\application\index\controller\Index.php ]
[ info ] [ VIEW ] E:\WWW\feichangcelue/application/index\view\index\mobile\index.html [ array (
  0 => 'phone',
  1 => 'QQ',
  2 => 'usableSum',
  3 => 'profitSum',
  4 => 'peizi',
  5 => 'res',
  6 => 'balance',
  7 => 'ablePrice',
  8 => 'real_disk_sum',
  9 => 'guaranteeFee',
  10 => 'buyList',
) ]
[ info ] [ LOG ] INIT File
[ sql ] [ DB ] CONNECT:[ UseTime:0.024280s ] mysql:dbname=peizi;host=rm-wz9l3z92630ora5wjwo.mysql.rds.aliyuncs.com;port=3306;charset=utf8
[ sql ] [ SQL ] SHOW COLUMNS FROM `xh_member` [ RunTime:0.013506s ]
[ sql ] [ SQL ] SELECT `usableSum` FROM `xh_member` WHERE  (  id=1348 ) LIMIT 1 [ RunTime:0.012695s ]
[ sql ] [ SQL ] select a.stockCode, c.`name` as stockName,  a.createTime, b.username,b.mobile
			from xh_stock_order as a, xh_member as b, xh_shares as c
			 WHERE isFreetrial=0 and a.memberId = b.id and a.stockCode=c.`code`
			order by a.id desc limit 7 [ RunTime:0.012803s ]
[ sql ] [ SQL ] SHOW COLUMNS FROM `xh_stock_order` [ RunTime:0.014111s ]
[ sql ] [ SQL ] SELECT COUNT(*) AS tp_count FROM `xh_stock_order` WHERE  (  isFreetrial=0 ) LIMIT 1 [ RunTime:0.013053s ]
[ sql ] [ SQL ] SELECT sum(guaranteeFee) FROM `xh_stock_order` WHERE  `memberId` = 1348  AND `status` = 1  AND `isFreetrial` = 0 [ RunTime:0.012941s ]
[ sql ] [ SQL ] SELECT `stockCode` FROM `xh_stock_order` WHERE  `memberId` = 1348  AND `status` = 1  AND `isFreetrial` = 0 ORDER BY createTime desc [ RunTime:0.012948s ]
[ sql ] [ SQL ] SELECT `xh_stock_order`.*,xh_shares.name as stockName,`xh_shares`.`market` FROM `xh_stock_order`,`xh_shares` WHERE  (   xh_stock_order.stockCode = xh_shares.`code` and xh_stock_order.memberId=1348 and isFreetrial=0 and status = 1 ) ORDER BY createTime desc [ RunTime:0.013621s ]
[ sql ] [ SQL ] SELECT sum(dealAmount) FROM `xh_stock_order` WHERE  `memberId` = 1348  AND `status` = 1  AND `isFreetrial` = 0 [ RunTime:0.012202s ]
[ sql ] [ SQL ] SELECT `usableSum` FROM `xh_member` WHERE  `id` = 1348 LIMIT 1 [ RunTime:0.012180s ]
[ sql ] [ SQL ] SELECT `stockCode` FROM `xh_stock_order` WHERE  `memberId` = 1348  AND `status` = 1 [ RunTime:0.011408s ]
[ sql ] [ SQL ] SHOW COLUMNS FROM `xh_shares` [ RunTime:0.012722s ]
[ sql ] [ SQL ] SELECT `market` FROM `xh_shares` WHERE  `code` = '000001' LIMIT 1 [ RunTime:0.013082s ]
[ sql ] [ SQL ] SELECT `usableSum` FROM `xh_member` WHERE  (  id=1348 ) LIMIT 1 [ RunTime:0.012975s ]
[ error ] [8]未定义数组下标: 1[E:\WWW\feichangcelue\thinkphp\library\think\db\Query.php:1365]
[ error ] [8]未定义数组下标: 1[E:\WWW\feichangcelue\thinkphp\library\think\db\Query.php:1365]
[ error ] [8]未定义数组索引: ajax_html[E:\WWW\feichangcelue\application\index\controller\Index.php:90]
[ error ] [2]trim() expects parameter 1 to be string, array given[E:\WWW\feichangcelue\application\index\controller\Index.php:99]
[ error ] [2]trim() expects parameter 1 to be string, array given[E:\WWW\feichangcelue\application\index\controller\Index.php:104]
[ error ] [8]Trying to get property of non-object[E:\WWW\feichangcelue\application\index\controller\Index.php:115]
[ error ] [8]未定义变量: earnSum[E:\WWW\feichangcelue\runtime\temp\c0715366aa102af2287a8ba051602e1e.php:140]
---------------------------------------------------------------
[ 2018-11-09T17:55:59+08:00 ] ::1 ::1 GET /feichangcelue/public/stock/js/maps/swiper.jquery.min.js.map
[ info ] localhost/feichangcelue/public/stock/js/maps/swiper.jquery.min.js.map [运行时间：0.042188s][吞吐率：23.70req/s] [内存消耗：2,018.41kb] [文件加载：47]
[ info ] [ LANG ] E:\WWW\feichangcelue\thinkphp\lang\zh-cn.php
[ info ] [ ROUTE ] array (
  'type' => 'module',
  'module' => 
  array (
    0 => 'public',
    1 => 'stock',
    2 => 'js',
  ),
)
[ info ] [ HEADER ] array (
  'host' => 'localhost',
  'connection' => 'keep-alive',
  'user-agent' => 'Mozilla/5.0 (Linux; Android 6.0; Nexus 5 Build/MRA58N) AppleWebKit/537.36 (KHTML, like Gecko) Chrome/71.0.3578.10 Mobile Safari/537.36',
  'accept-encoding' => 'gzip, deflate, br',
  'accept-language' => 'zh-CN,zh;q=0.9',
  'cookie' => 'PHPSESSID=c95g2dilq9dc93roe23oqoknl7; firstEnterUrlInSession=http%3A//localhost/feichangcelue/; Hm_lvt_f571b55302a951627ab98145b99cdaab=1541757337; Hm_lpvt_f571b55302a951627ab98145b99cdaab=1541757337; VisitorCapacity=1',
)
[ info ] [ PARAM ] array (
  'maps' => 'swiper.jquery.min.js.map',
)
[ info ] [ CACHE ] INIT File
[ info ] [ BEHAVIOR ] Run app\common\behavior\Config @app_begin [ RunTime:0.002867s ]
[ info ] [ BEHAVIOR ] Run app\common\behavior\Hook @app_begin [ RunTime:0.005239s ]
[ info ] [ LOG ] INIT File
---------------------------------------------------------------
[ 2018-11-09T17:55:59+08:00 ] ::1 ::1 POST /feichangcelue/app_broadcast.html
[ info ] localhost/feichangcelue/app_broadcast.html [运行时间：0.125115s][吞吐率：7.99req/s] [内存消耗：3,319.67kb] [文件加载：57]
[ info ] [ LANG ] E:\WWW\feichangcelue\thinkphp\lang\zh-cn.php
[ info ] [ ROUTE ] array (
  'type' => 'module',
  'module' => 
  array (
    0 => 'index',
    1 => 'index',
    2 => 'app_broadcast',
  ),
  'convert' => false,
)
[ info ] [ HEADER ] array (
  'host' => 'localhost',
  'connection' => 'keep-alive',
  'content-length' => '0',
  'accept' => 'application/json, text/javascript, */*; q=0.01',
  'origin' => 'http://localhost',
  'x-requested-with' => 'XMLHttpRequest',
  'user-agent' => 'Mozilla/5.0 (Linux; Android 6.0; Nexus 5 Build/MRA58N) AppleWebKit/537.36 (KHTML, like Gecko) Chrome/71.0.3578.10 Mobile Safari/537.36',
  'referer' => 'http://localhost/feichangcelue/',
  'accept-encoding' => 'gzip, deflate, br',
  'accept-language' => 'zh-CN,zh;q=0.9',
  'cookie' => 'PHPSESSID=c95g2dilq9dc93roe23oqoknl7; firstEnterUrlInSession=http%3A//localhost/feichangcelue/; Hm_lvt_f571b55302a951627ab98145b99cdaab=1541757337; Hm_lpvt_f571b55302a951627ab98145b99cdaab=1541757337; VisitorCapacity=1',
)
[ info ] [ PARAM ] array (
)
[ info ] [ CACHE ] INIT File
[ info ] [ BEHAVIOR ] Run app\common\behavior\Config @app_begin [ RunTime:0.002040s ]
[ info ] [ BEHAVIOR ] Run app\common\behavior\Hook @app_begin [ RunTime:0.004929s ]
[ info ] [ DB ] INIT mysql
[ info ] [ RUN ] app\index\controller\Index->app_broadcast[ E:\WWW\feichangcelue\application\index\controller\Index.php ]
[ info ] [ LOG ] INIT File
[ sql ] [ DB ] CONNECT:[ UseTime:0.020903s ] mysql:dbname=peizi;host=rm-wz9l3z92630ora5wjwo.mysql.rds.aliyuncs.com;port=3306;charset=utf8
[ sql ] [ SQL ] SHOW COLUMNS FROM `xh_member` [ RunTime:0.013211s ]
[ sql ] [ SQL ] SELECT `usableSum` FROM `xh_member` WHERE  (  id=1348 ) LIMIT 1 [ RunTime:0.012790s ]
[ sql ] [ SQL ] SHOW COLUMNS FROM `xh_images` [ RunTime:0.013220s ]
[ sql ] [ SQL ] SELECT `src`,`href` FROM `xh_images` WHERE  `type` = 2 ORDER BY `id`  desc LIMIT 0,3 [ RunTime:0.012744s ]
---------------------------------------------------------------
[ 2018-11-09T17:56:00+08:00 ] ::1 ::1 POST /feichangcelue/stock_exponential_sh.html
[ info ] localhost/feichangcelue/stock_exponential_sh.html [运行时间：0.264515s][吞吐率：3.78req/s] [内存消耗：3,414.86kb] [文件加载：57]
[ info ] [ LANG ] E:\WWW\feichangcelue\thinkphp\lang\zh-cn.php
[ info ] [ ROUTE ] array (
  'type' => 'module',
  'module' => 
  array (
    0 => 'index',
    1 => 'index',
    2 => 'stock_exponential_sh',
  ),
  'convert' => false,
)
[ info ] [ HEADER ] array (
  'host' => 'localhost',
  'connection' => 'keep-alive',
  'content-length' => '0',
  'accept' => 'application/json, text/javascript, */*; q=0.01',
  'origin' => 'http://localhost',
  'x-requested-with' => 'XMLHttpRequest',
  'user-agent' => 'Mozilla/5.0 (Linux; Android 6.0; Nexus 5 Build/MRA58N) AppleWebKit/537.36 (KHTML, like Gecko) Chrome/71.0.3578.10 Mobile Safari/537.36',
  'referer' => 'http://localhost/feichangcelue/',
  'accept-encoding' => 'gzip, deflate, br',
  'accept-language' => 'zh-CN,zh;q=0.9',
  'cookie' => 'PHPSESSID=c95g2dilq9dc93roe23oqoknl7; firstEnterUrlInSession=http%3A//localhost/feichangcelue/; Hm_lvt_f571b55302a951627ab98145b99cdaab=1541757337; Hm_lpvt_f571b55302a951627ab98145b99cdaab=1541757337; VisitorCapacity=1; pageReferrInSession=http%3A//localhost/feichangcelue/doLogin.html',
)
[ info ] [ PARAM ] array (
)
[ info ] [ CACHE ] INIT File
[ info ] [ BEHAVIOR ] Run app\common\behavior\Config @app_begin [ RunTime:0.002166s ]
[ info ] [ BEHAVIOR ] Run app\common\behavior\Hook @app_begin [ RunTime:0.006455s ]
[ info ] [ DB ] INIT mysql
[ info ] [ RUN ] app\index\controller\Index->stock_exponential_sh[ E:\WWW\feichangcelue\application\index\controller\Index.php ]
[ info ] [ LOG ] INIT File
[ sql ] [ DB ] CONNECT:[ UseTime:0.029581s ] mysql:dbname=peizi;host=rm-wz9l3z92630ora5wjwo.mysql.rds.aliyuncs.com;port=3306;charset=utf8
[ sql ] [ SQL ] SHOW COLUMNS FROM `xh_member` [ RunTime:0.017674s ]
[ sql ] [ SQL ] SELECT `usableSum` FROM `xh_member` WHERE  (  id=1348 ) LIMIT 1 [ RunTime:0.018039s ]
---------------------------------------------------------------
[ 2018-11-09T17:56:00+08:00 ] ::1 ::1 POST /feichangcelue/stock_exponential_sz.html
[ info ] localhost/feichangcelue/stock_exponential_sz.html [运行时间：0.489496s][吞吐率：2.04req/s] [内存消耗：3,414.95kb] [文件加载：57]
[ info ] [ LANG ] E:\WWW\feichangcelue\thinkphp\lang\zh-cn.php
[ info ] [ ROUTE ] array (
  'type' => 'module',
  'module' => 
  array (
    0 => 'index',
    1 => 'index',
    2 => 'stock_exponential_sz',
  ),
  'convert' => false,
)
[ info ] [ HEADER ] array (
  'host' => 'localhost',
  'connection' => 'keep-alive',
  'content-length' => '0',
  'accept' => 'application/json, text/javascript, */*; q=0.01',
  'origin' => 'http://localhost',
  'x-requested-with' => 'XMLHttpRequest',
  'user-agent' => 'Mozilla/5.0 (Linux; Android 6.0; Nexus 5 Build/MRA58N) AppleWebKit/537.36 (KHTML, like Gecko) Chrome/71.0.3578.10 Mobile Safari/537.36',
  'referer' => 'http://localhost/feichangcelue/',
  'accept-encoding' => 'gzip, deflate, br',
  'accept-language' => 'zh-CN,zh;q=0.9',
  'cookie' => 'PHPSESSID=c95g2dilq9dc93roe23oqoknl7; firstEnterUrlInSession=http%3A//localhost/feichangcelue/; Hm_lvt_f571b55302a951627ab98145b99cdaab=1541757337; Hm_lpvt_f571b55302a951627ab98145b99cdaab=1541757337; VisitorCapacity=1; pageReferrInSession=http%3A//localhost/feichangcelue/doLogin.html',
)
[ info ] [ PARAM ] array (
)
[ info ] [ CACHE ] INIT File
[ info ] [ BEHAVIOR ] Run app\common\behavior\Config @app_begin [ RunTime:0.002741s ]
[ info ] [ BEHAVIOR ] Run app\common\behavior\Hook @app_begin [ RunTime:0.005635s ]
[ info ] [ DB ] INIT mysql
[ info ] [ RUN ] app\index\controller\Index->stock_exponential_sz[ E:\WWW\feichangcelue\application\index\controller\Index.php ]
[ info ] [ LOG ] INIT File
[ sql ] [ DB ] CONNECT:[ UseTime:0.027010s ] mysql:dbname=peizi;host=rm-wz9l3z92630ora5wjwo.mysql.rds.aliyuncs.com;port=3306;charset=utf8
[ sql ] [ SQL ] SHOW COLUMNS FROM `xh_member` [ RunTime:0.016952s ]
[ sql ] [ SQL ] SELECT `usableSum` FROM `xh_member` WHERE  (  id=1348 ) LIMIT 1 [ RunTime:0.015992s ]
---------------------------------------------------------------
[ 2018-11-09T17:56:17+08:00 ] ::1 ::1 GET /feichangcelue/ucenter/home.html
[ info ] localhost/feichangcelue/ucenter/home.html [运行时间：0.144242s][吞吐率：6.93req/s] [内存消耗：3,594.59kb] [文件加载：64]
[ info ] [ LANG ] E:\WWW\feichangcelue\thinkphp\lang\zh-cn.php
[ info ] [ ROUTE ] array (
  'type' => 'module',
  'module' => 
  array (
    0 => 'index',
    1 => 'ucenter',
    2 => 'home',
  ),
  'convert' => false,
)
[ info ] [ HEADER ] array (
  'host' => 'localhost',
  'connection' => 'keep-alive',
  'upgrade-insecure-requests' => '1',
  'user-agent' => 'Mozilla/5.0 (Linux; Android 6.0; Nexus 5 Build/MRA58N) AppleWebKit/537.36 (KHTML, like Gecko) Chrome/71.0.3578.10 Mobile Safari/537.36',
  'accept' => 'text/html,application/xhtml+xml,application/xml;q=0.9,image/webp,image/apng,*/*;q=0.8',
  'referer' => 'http://localhost/feichangcelue/',
  'accept-encoding' => 'gzip, deflate, br',
  'accept-language' => 'zh-CN,zh;q=0.9',
  'cookie' => 'PHPSESSID=c95g2dilq9dc93roe23oqoknl7; firstEnterUrlInSession=http%3A//localhost/feichangcelue/; Hm_lvt_f571b55302a951627ab98145b99cdaab=1541757337; Hm_lpvt_f571b55302a951627ab98145b99cdaab=1541757337; VisitorCapacity=1; pageReferrInSession=http%3A//localhost/feichangcelue/doLogin.html',
)
[ info ] [ PARAM ] array (
)
[ info ] [ CACHE ] INIT File
[ info ] [ BEHAVIOR ] Run app\common\behavior\Config @app_begin [ RunTime:0.002055s ]
[ info ] [ BEHAVIOR ] Run app\common\behavior\Hook @app_begin [ RunTime:0.004952s ]
[ info ] [ DB ] INIT mysql
[ info ] [ RUN ] app\index\controller\Ucenter->home[ E:\WWW\feichangcelue\application\index\controller\Ucenter.php ]
[ info ] [ VIEW ] E:\WWW\feichangcelue/application/index\view\ucenter\mobile\home.html [ array (
  0 => 'phone',
  1 => 'QQ',
  2 => 'usableSum',
  3 => 'member',
) ]
[ info ] [ LOG ] INIT File
[ sql ] [ DB ] CONNECT:[ UseTime:0.024995s ] mysql:dbname=peizi;host=rm-wz9l3z92630ora5wjwo.mysql.rds.aliyuncs.com;port=3306;charset=utf8
[ sql ] [ SQL ] SHOW COLUMNS FROM `xh_member` [ RunTime:0.013972s ]
[ sql ] [ SQL ] SELECT `usableSum` FROM `xh_member` WHERE  (  id=1348 ) LIMIT 1 [ RunTime:0.014524s ]
[ sql ] [ SQL ] SELECT * FROM `xh_member` WHERE  (  id=1348 ) LIMIT 1 [ RunTime:0.014330s ]
---------------------------------------------------------------
[ 2018-11-09T17:56:18+08:00 ] ::1 ::1 GET /feichangcelue/ucenter/payment.html
[ info ] localhost/feichangcelue/ucenter/payment.html [运行时间：0.126493s][吞吐率：7.91req/s] [内存消耗：3,527.45kb] [文件加载：63]
[ info ] [ LANG ] E:\WWW\feichangcelue\thinkphp\lang\zh-cn.php
[ info ] [ ROUTE ] array (
  'type' => 'module',
  'module' => 
  array (
    0 => 'index',
    1 => 'ucenter',
    2 => 'payment',
  ),
  'convert' => false,
)
[ info ] [ HEADER ] array (
  'host' => 'localhost',
  'connection' => 'keep-alive',
  'upgrade-insecure-requests' => '1',
  'user-agent' => 'Mozilla/5.0 (Linux; Android 6.0; Nexus 5 Build/MRA58N) AppleWebKit/537.36 (KHTML, like Gecko) Chrome/71.0.3578.10 Mobile Safari/537.36',
  'accept' => 'text/html,application/xhtml+xml,application/xml;q=0.9,image/webp,image/apng,*/*;q=0.8',
  'referer' => 'http://localhost/feichangcelue/ucenter/home.html',
  'accept-encoding' => 'gzip, deflate, br',
  'accept-language' => 'zh-CN,zh;q=0.9',
  'cookie' => 'PHPSESSID=c95g2dilq9dc93roe23oqoknl7; firstEnterUrlInSession=http%3A//localhost/feichangcelue/; Hm_lvt_f571b55302a951627ab98145b99cdaab=1541757337; Hm_lpvt_f571b55302a951627ab98145b99cdaab=1541757337; VisitorCapacity=1; pageReferrInSession=http%3A//localhost/feichangcelue/doLogin.html',
)
[ info ] [ PARAM ] array (
)
[ info ] [ CACHE ] INIT File
[ info ] [ BEHAVIOR ] Run app\common\behavior\Config @app_begin [ RunTime:0.001994s ]
[ info ] [ BEHAVIOR ] Run app\common\behavior\Hook @app_begin [ RunTime:0.004856s ]
[ info ] [ DB ] INIT mysql
[ info ] [ RUN ] app\index\controller\Ucenter->payment[ E:\WWW\feichangcelue\application\index\controller\Ucenter.php ]
[ info ] [ VIEW ] E:\WWW\feichangcelue/application/index\view\ucenter\mobile\payment.html [ array (
  0 => 'phone',
  1 => 'QQ',
  2 => 'usableSum',
  3 => 'member',
) ]
[ info ] [ LOG ] INIT File
[ sql ] [ DB ] CONNECT:[ UseTime:0.022557s ] mysql:dbname=peizi;host=rm-wz9l3z92630ora5wjwo.mysql.rds.aliyuncs.com;port=3306;charset=utf8
[ sql ] [ SQL ] SHOW COLUMNS FROM `xh_member` [ RunTime:0.012452s ]
[ sql ] [ SQL ] SELECT `usableSum` FROM `xh_member` WHERE  (  id=1348 ) LIMIT 1 [ RunTime:0.012335s ]
[ sql ] [ SQL ] SELECT * FROM `xh_member` WHERE  (  id=1348 ) LIMIT 1 [ RunTime:0.011254s ]
---------------------------------------------------------------
[ 2018-11-09T17:56:19+08:00 ] ::1 ::1 GET /feichangcelue/ucenter/wechatpay.html
[ info ] localhost/feichangcelue/ucenter/wechatpay.html [运行时间：0.144395s][吞吐率：6.93req/s] [内存消耗：3,596.31kb] [文件加载：64]
[ info ] [ LANG ] E:\WWW\feichangcelue\thinkphp\lang\zh-cn.php
[ info ] [ ROUTE ] array (
  'type' => 'module',
  'module' => 
  array (
    0 => 'index',
    1 => 'ucenter',
    2 => 'wechatpay',
  ),
  'convert' => false,
)
[ info ] [ HEADER ] array (
  'host' => 'localhost',
  'connection' => 'keep-alive',
  'upgrade-insecure-requests' => '1',
  'user-agent' => 'Mozilla/5.0 (Linux; Android 6.0; Nexus 5 Build/MRA58N) AppleWebKit/537.36 (KHTML, like Gecko) Chrome/71.0.3578.10 Mobile Safari/537.36',
  'accept' => 'text/html,application/xhtml+xml,application/xml;q=0.9,image/webp,image/apng,*/*;q=0.8',
  'referer' => 'http://localhost/feichangcelue/ucenter/payment.html',
  'accept-encoding' => 'gzip, deflate, br',
  'accept-language' => 'zh-CN,zh;q=0.9',
  'cookie' => 'PHPSESSID=c95g2dilq9dc93roe23oqoknl7; firstEnterUrlInSession=http%3A//localhost/feichangcelue/; Hm_lvt_f571b55302a951627ab98145b99cdaab=1541757337; Hm_lpvt_f571b55302a951627ab98145b99cdaab=1541757337; VisitorCapacity=1; pageReferrInSession=http%3A//localhost/feichangcelue/doLogin.html',
)
[ info ] [ PARAM ] array (
)
[ info ] [ CACHE ] INIT File
[ info ] [ BEHAVIOR ] Run app\common\behavior\Config @app_begin [ RunTime:0.002009s ]
[ info ] [ BEHAVIOR ] Run app\common\behavior\Hook @app_begin [ RunTime:0.005304s ]
[ info ] [ DB ] INIT mysql
[ info ] [ RUN ] app\index\controller\Ucenter->wechatpay[ E:\WWW\feichangcelue\application\index\controller\Ucenter.php ]
[ info ] [ VIEW ] E:\WWW\feichangcelue/application/index\view\ucenter\mobile\wechatpay.html [ array (
  0 => 'phone',
  1 => 'QQ',
  2 => 'usableSum',
  3 => 'member',
  4 => 'realName',
) ]
[ info ] [ LOG ] INIT File
[ sql ] [ DB ] CONNECT:[ UseTime:0.023653s ] mysql:dbname=peizi;host=rm-wz9l3z92630ora5wjwo.mysql.rds.aliyuncs.com;port=3306;charset=utf8
[ sql ] [ SQL ] SHOW COLUMNS FROM `xh_member` [ RunTime:0.012001s ]
[ sql ] [ SQL ] SELECT `usableSum` FROM `xh_member` WHERE  (  id=1348 ) LIMIT 1 [ RunTime:0.012180s ]
[ sql ] [ SQL ] SELECT * FROM `xh_member` WHERE  (  id=1348 ) LIMIT 1 [ RunTime:0.012921s ]
[ sql ] [ SQL ] SELECT * FROM `xh_member` WHERE  (  id = 1348 ) LIMIT 1 [ RunTime:0.012513s ]
---------------------------------------------------------------
[ 2018-11-09T18:04:31+08:00 ] ::1 ::1 GET /feichangcelue/ucenter/wechatpay.html
[ info ] localhost/feichangcelue/ucenter/wechatpay.html [运行时间：0.176163s][吞吐率：5.68req/s] [内存消耗：3,596.62kb] [文件加载：64]
[ info ] [ LANG ] E:\WWW\feichangcelue\thinkphp\lang\zh-cn.php
[ info ] [ ROUTE ] array (
  'type' => 'module',
  'module' => 
  array (
    0 => 'index',
    1 => 'ucenter',
    2 => 'wechatpay',
  ),
  'convert' => false,
)
[ info ] [ HEADER ] array (
  'host' => 'localhost',
  'connection' => 'keep-alive',
  'cache-control' => 'max-age=0',
  'upgrade-insecure-requests' => '1',
  'user-agent' => 'Mozilla/5.0 (Linux; Android 6.0; Nexus 5 Build/MRA58N) AppleWebKit/537.36 (KHTML, like Gecko) Chrome/71.0.3578.10 Mobile Safari/537.36',
  'accept' => 'text/html,application/xhtml+xml,application/xml;q=0.9,image/webp,image/apng,*/*;q=0.8',
  'referer' => 'http://localhost/feichangcelue/ucenter/payment.html',
  'accept-encoding' => 'gzip, deflate, br',
  'accept-language' => 'zh-CN,zh;q=0.9',
  'cookie' => 'PHPSESSID=c95g2dilq9dc93roe23oqoknl7; firstEnterUrlInSession=http%3A//localhost/feichangcelue/; Hm_lvt_f571b55302a951627ab98145b99cdaab=1541757337; Hm_lpvt_f571b55302a951627ab98145b99cdaab=1541757337; VisitorCapacity=1; pageReferrInSession=http%3A//localhost/feichangcelue/doLogin.html',
)
[ info ] [ PARAM ] array (
)
[ info ] [ CACHE ] INIT File
[ info ] [ BEHAVIOR ] Run app\common\behavior\Config @app_begin [ RunTime:0.002477s ]
[ info ] [ BEHAVIOR ] Run app\common\behavior\Hook @app_begin [ RunTime:0.005612s ]
[ info ] [ DB ] INIT mysql
[ info ] [ RUN ] app\index\controller\Ucenter->wechatpay[ E:\WWW\feichangcelue\application\index\controller\Ucenter.php ]
[ info ] [ VIEW ] E:\WWW\feichangcelue/application/index\view\ucenter\mobile\wechatpay.html [ array (
  0 => 'phone',
  1 => 'QQ',
  2 => 'usableSum',
  3 => 'member',
  4 => 'realName',
) ]
[ info ] [ LOG ] INIT File
[ sql ] [ DB ] CONNECT:[ UseTime:0.029485s ] mysql:dbname=peizi;host=rm-wz9l3z92630ora5wjwo.mysql.rds.aliyuncs.com;port=3306;charset=utf8
[ sql ] [ SQL ] SHOW COLUMNS FROM `xh_member` [ RunTime:0.017167s ]
[ sql ] [ SQL ] SELECT `usableSum` FROM `xh_member` WHERE  (  id=1348 ) LIMIT 1 [ RunTime:0.016734s ]
[ sql ] [ SQL ] SELECT * FROM `xh_member` WHERE  (  id=1348 ) LIMIT 1 [ RunTime:0.018491s ]
[ sql ] [ SQL ] SELECT * FROM `xh_member` WHERE  (  id = 1348 ) LIMIT 1 [ RunTime:0.018243s ]
---------------------------------------------------------------
[ 2018-11-09T18:05:56+08:00 ] ::1 ::1 GET /feichangcelue/ucenter/wechatpay.html
[ info ] localhost/feichangcelue/ucenter/wechatpay.html [运行时间：0.178505s][吞吐率：5.60req/s] [内存消耗：3,447.57kb] [文件加载：62]
[ info ] [ LANG ] E:\WWW\feichangcelue\thinkphp\lang\zh-cn.php
[ info ] [ ROUTE ] array (
  'type' => 'module',
  'module' => 
  array (
    0 => 'index',
    1 => 'ucenter',
    2 => 'wechatpay',
  ),
  'convert' => false,
)
[ info ] [ HEADER ] array (
  'host' => 'localhost',
  'connection' => 'keep-alive',
  'cache-control' => 'max-age=0',
  'upgrade-insecure-requests' => '1',
  'user-agent' => 'Mozilla/5.0 (Linux; Android 6.0; Nexus 5 Build/MRA58N) AppleWebKit/537.36 (KHTML, like Gecko) Chrome/71.0.3578.10 Mobile Safari/537.36',
  'accept' => 'text/html,application/xhtml+xml,application/xml;q=0.9,image/webp,image/apng,*/*;q=0.8',
  'referer' => 'http://localhost/feichangcelue/ucenter/payment.html',
  'accept-encoding' => 'gzip, deflate, br',
  'accept-language' => 'zh-CN,zh;q=0.9',
  'cookie' => 'PHPSESSID=c95g2dilq9dc93roe23oqoknl7; firstEnterUrlInSession=http%3A//localhost/feichangcelue/; Hm_lvt_f571b55302a951627ab98145b99cdaab=1541757337; Hm_lpvt_f571b55302a951627ab98145b99cdaab=1541757337; VisitorCapacity=1; pageReferrInSession=http%3A//localhost/feichangcelue/doLogin.html',
)
[ info ] [ PARAM ] array (
)
[ info ] [ CACHE ] INIT File
[ info ] [ BEHAVIOR ] Run app\common\behavior\Config @app_begin [ RunTime:0.002447s ]
[ info ] [ BEHAVIOR ] Run app\common\behavior\Hook @app_begin [ RunTime:0.005583s ]
[ info ] [ DB ] INIT mysql
[ info ] [ RUN ] app\index\controller\Ucenter->wechatpay[ E:\WWW\feichangcelue\application\index\controller\Ucenter.php ]
[ info ] [ VIEW ] E:\WWW\feichangcelue/application/index\view\ucenter\mobile\wechatpay.html [ array (
  0 => 'phone',
  1 => 'QQ',
  2 => 'usableSum',
  3 => 'member',
  4 => 'realName',
) ]
[ info ] [ LOG ] INIT File
[ sql ] [ DB ] CONNECT:[ UseTime:0.033845s ] mysql:dbname=peizi;host=rm-wz9l3z92630ora5wjwo.mysql.rds.aliyuncs.com;port=3306;charset=utf8
[ sql ] [ SQL ] SHOW COLUMNS FROM `xh_member` [ RunTime:0.019160s ]
[ sql ] [ SQL ] SELECT `usableSum` FROM `xh_member` WHERE  (  id=1348 ) LIMIT 1 [ RunTime:0.018947s ]
[ sql ] [ SQL ] SELECT * FROM `xh_member` WHERE  (  id=1348 ) LIMIT 1 [ RunTime:0.019464s ]
[ sql ] [ SQL ] SELECT * FROM `xh_member` WHERE  (  id = 1348 ) LIMIT 1 [ RunTime:0.018182s ]
---------------------------------------------------------------
[ 2018-11-09T18:06:16+08:00 ] ::1 ::1 GET /feichangcelue/ucenter/wechatpay.html
[ info ] localhost/feichangcelue/ucenter/wechatpay.html [运行时间：0.129522s][吞吐率：7.72req/s] [内存消耗：3,447.57kb] [文件加载：62]
[ info ] [ LANG ] E:\WWW\feichangcelue\thinkphp\lang\zh-cn.php
[ info ] [ ROUTE ] array (
  'type' => 'module',
  'module' => 
  array (
    0 => 'index',
    1 => 'ucenter',
    2 => 'wechatpay',
  ),
  'convert' => false,
)
[ info ] [ HEADER ] array (
  'host' => 'localhost',
  'connection' => 'keep-alive',
  'cache-control' => 'max-age=0',
  'upgrade-insecure-requests' => '1',
  'user-agent' => 'Mozilla/5.0 (Linux; Android 6.0; Nexus 5 Build/MRA58N) AppleWebKit/537.36 (KHTML, like Gecko) Chrome/71.0.3578.10 Mobile Safari/537.36',
  'accept' => 'text/html,application/xhtml+xml,application/xml;q=0.9,image/webp,image/apng,*/*;q=0.8',
  'referer' => 'http://localhost/feichangcelue/ucenter/payment.html',
  'accept-encoding' => 'gzip, deflate, br',
  'accept-language' => 'zh-CN,zh;q=0.9',
  'cookie' => 'PHPSESSID=c95g2dilq9dc93roe23oqoknl7; firstEnterUrlInSession=http%3A//localhost/feichangcelue/; Hm_lvt_f571b55302a951627ab98145b99cdaab=1541757337; Hm_lpvt_f571b55302a951627ab98145b99cdaab=1541757337; VisitorCapacity=1; pageReferrInSession=http%3A//localhost/feichangcelue/doLogin.html',
)
[ info ] [ PARAM ] array (
)
[ info ] [ CACHE ] INIT File
[ info ] [ BEHAVIOR ] Run app\common\behavior\Config @app_begin [ RunTime:0.001995s ]
[ info ] [ BEHAVIOR ] Run app\common\behavior\Hook @app_begin [ RunTime:0.004836s ]
[ info ] [ DB ] INIT mysql
[ info ] [ RUN ] app\index\controller\Ucenter->wechatpay[ E:\WWW\feichangcelue\application\index\controller\Ucenter.php ]
[ info ] [ VIEW ] E:\WWW\feichangcelue/application/index\view\ucenter\mobile\wechatpay.html [ array (
  0 => 'phone',
  1 => 'QQ',
  2 => 'usableSum',
  3 => 'member',
  4 => 'realName',
) ]
[ info ] [ LOG ] INIT File
[ sql ] [ DB ] CONNECT:[ UseTime:0.022313s ] mysql:dbname=peizi;host=rm-wz9l3z92630ora5wjwo.mysql.rds.aliyuncs.com;port=3306;charset=utf8
[ sql ] [ SQL ] SHOW COLUMNS FROM `xh_member` [ RunTime:0.011656s ]
[ sql ] [ SQL ] SELECT `usableSum` FROM `xh_member` WHERE  (  id=1348 ) LIMIT 1 [ RunTime:0.011547s ]
[ sql ] [ SQL ] SELECT * FROM `xh_member` WHERE  (  id=1348 ) LIMIT 1 [ RunTime:0.011885s ]
[ sql ] [ SQL ] SELECT * FROM `xh_member` WHERE  (  id = 1348 ) LIMIT 1 [ RunTime:0.011249s ]
