---------------------------------------------------------------
[ 2018-11-24T11:59:01+08:00 ] ::1 ::1 GET /feichangcelue/
[ info ] localhost/feichangcelue/ [运行时间：8.942214s][吞吐率：0.11req/s] [内存消耗：4,087.59kb] [文件加载：71]
[ info ] [ LANG ] D:\phpStudy\WWW\feichangcelue\thinkphp\lang\zh-cn.php
[ info ] [ ROUTE ] array (
  'type' => 'module',
  'module' => 
  array (
    0 => '',
    1 => NULL,
    2 => NULL,
  ),
)
[ info ] [ HEADER ] array (
  'host' => 'localhost',
  'connection' => 'keep-alive',
  'upgrade-insecure-requests' => '1',
  'user-agent' => 'Mozilla/5.0 (Windows NT 6.3; WOW64) AppleWebKit/537.36 (KHTML, like Gecko) Chrome/59.0.3071.86 Safari/537.36',
  'accept' => 'text/html,application/xhtml+xml,application/xml;q=0.9,image/webp,image/apng,*/*;q=0.8',
  'referer' => 'http://localhost/',
  'accept-encoding' => 'gzip, deflate, br',
  'accept-language' => 'zh-CN,zh;q=0.8',
  'cookie' => 'Hm_lvt_32e3cb4cf7e5c6772c4dc1f5d496b6af=1542902976',
)
[ info ] [ PARAM ] array (
)
[ info ] [ CACHE ] INIT File
[ info ] [ DB ] INIT mysql
[ info ] [ BEHAVIOR ] Run app\common\behavior\Config @app_begin [ RunTime:2.699451s ]
[ info ] [ BEHAVIOR ] Run app\common\behavior\Hook @app_begin [ RunTime:0.568348s ]
[ info ] [ RUN ] app\index\controller\Index->index[ D:\phpStudy\WWW\feichangcelue\application\index\controller\Index.php ]
[ info ] [ VIEW ] D:\phpStudy\WWW\feichangcelue/application/index\view\index\index.html [ array (
  0 => 'phone',
  1 => 'QQ',
  2 => 'news_informations',
  3 => 'news_informations_tow',
  4 => 'notice_content',
  5 => 'btn_emergency',
) ]
[ info ] [ LOG ] INIT File
[ sql ] [ DB ] CONNECT:[ UseTime:0.942500s ] mysql:dbname=peizi;host=rm-wz9l3z92630ora5wjwo.mysql.rds.aliyuncs.com;port=3306;charset=utf8
[ sql ] [ SQL ] SHOW COLUMNS FROM `xh_admin_config` [ RunTime:0.012416s ]
[ sql ] [ SQL ] SELECT `name`,`value`,`type` FROM `xh_admin_config` [ RunTime:0.011889s ]
[ sql ] [ SQL ] SHOW COLUMNS FROM `xh_admin_module` [ RunTime:0.010615s ]
[ sql ] [ SQL ] SELECT `name`,`config` FROM `xh_admin_module` WHERE  `config` <> '' [ RunTime:0.009648s ]
[ sql ] [ SQL ] SHOW COLUMNS FROM `xh_admin_hook` [ RunTime:0.011028s ]
[ sql ] [ SQL ] SELECT `name`,`status` FROM `xh_admin_hook` WHERE  `status` = 1 [ RunTime:0.010253s ]
[ sql ] [ SQL ] SHOW COLUMNS FROM `xh_admin_plugin` [ RunTime:0.010145s ]
[ sql ] [ SQL ] SELECT `name`,`status` FROM `xh_admin_plugin` WHERE  `status` = 1 [ RunTime:0.009673s ]
[ sql ] [ SQL ] SHOW COLUMNS FROM `xh_admin_hook_plugin` [ RunTime:0.009979s ]
[ sql ] [ SQL ] SELECT * FROM `xh_admin_hook_plugin` WHERE  `status` = 1 ORDER BY hook,sort [ RunTime:0.009863s ]
[ sql ] [ SQL ] select a.stockCode, c.`name` as stockName,  a.createTime, b.username,b.mobile
			from xh_stock_order as a, xh_member as b, xh_shares as c
			 WHERE isFreetrial=0 and a.memberId = b.id and a.stockCode=c.`code`
			order by a.id desc limit 7 [ RunTime:0.010015s ]
[ sql ] [ SQL ] SHOW COLUMNS FROM `xh_article` [ RunTime:0.009591s ]
[ sql ] [ SQL ] SELECT * FROM `xh_article` ORDER BY `createTime`  desc LIMIT 7 [ RunTime:0.009716s ]
[ sql ] [ SQL ] SHOW COLUMNS FROM `xh_notice` [ RunTime:0.010213s ]
[ sql ] [ SQL ] SELECT * FROM `xh_notice` ORDER BY `createTime`  desc LIMIT 7 [ RunTime:0.010682s ]
[ sql ] [ SQL ] SELECT COUNT(*) AS tp_count FROM `xh_notice` LIMIT 1 [ RunTime:0.008960s ]
[ sql ] [ SQL ] SELECT * FROM `xh_notice` ORDER BY `createTime`  desc LIMIT 1 [ RunTime:0.010130s ]
[ sql ] [ SQL ] SHOW COLUMNS FROM `xh_emergency_notice` [ RunTime:0.012307s ]
[ sql ] [ SQL ] SELECT * FROM `xh_emergency_notice` LIMIT 1 [ RunTime:0.009335s ]
[ error ] [8]未定义数组索引: member[D:\phpStudy\WWW\feichangcelue\application\index\controller\Index.php:52]
[ error ] [8]未定义数组索引: member[D:\phpStudy\WWW\feichangcelue\runtime\temp\24d5ec5380bee8b19256d0f24a3c7af8.php:38]
[ error ] [8]未定义数组索引: member[D:\phpStudy\WWW\feichangcelue\runtime\temp\24d5ec5380bee8b19256d0f24a3c7af8.php:43]
[ error ] [8]未定义数组索引: member[D:\phpStudy\WWW\feichangcelue\runtime\temp\24d5ec5380bee8b19256d0f24a3c7af8.php:50]
[ error ] [8]未定义变量: usableSum[D:\phpStudy\WWW\feichangcelue\runtime\temp\24d5ec5380bee8b19256d0f24a3c7af8.php:55]
[ error ] [8]未定义数组索引: member[D:\phpStudy\WWW\feichangcelue\runtime\temp\24d5ec5380bee8b19256d0f24a3c7af8.php:179]
[ error ] [8]未定义变量: count[D:\phpStudy\WWW\feichangcelue\runtime\temp\24d5ec5380bee8b19256d0f24a3c7af8.php:249]
[ error ] [8]未定义变量: earnSum[D:\phpStudy\WWW\feichangcelue\runtime\temp\24d5ec5380bee8b19256d0f24a3c7af8.php:250]
---------------------------------------------------------------
[ 2018-11-24T11:59:03+08:00 ] ::1 ::1 GET /feichangcelue/public/static/static/home/js/moblie/reg.js
[ info ] localhost/feichangcelue/public/static/static/home/js/moblie/reg.js [运行时间：0.933847s][吞吐率：1.07req/s] [内存消耗：2,019.95kb] [文件加载：47]
[ info ] [ LANG ] D:\phpStudy\WWW\feichangcelue\thinkphp\lang\zh-cn.php
[ info ] [ ROUTE ] array (
  'type' => 'module',
  'module' => 
  array (
    0 => 'public',
    1 => 'static',
    2 => 'static',
  ),
)
[ info ] [ HEADER ] array (
  'host' => 'localhost',
  'connection' => 'keep-alive',
  'user-agent' => 'Mozilla/5.0 (Windows NT 6.3; WOW64) AppleWebKit/537.36 (KHTML, like Gecko) Chrome/59.0.3071.86 Safari/537.36',
  'accept' => '*/*',
  'referer' => 'http://localhost/feichangcelue/',
  'accept-encoding' => 'gzip, deflate, br',
  'accept-language' => 'zh-CN,zh;q=0.8',
  'cookie' => 'Hm_lvt_32e3cb4cf7e5c6772c4dc1f5d496b6af=1542902976; PHPSESSID=8pq52qjj7bp8ccl9tevap5qm56',
)
[ info ] [ PARAM ] array (
  'home' => 'js',
  'moblie' => 'reg.js',
)
[ info ] [ CACHE ] INIT File
[ info ] [ BEHAVIOR ] Run app\common\behavior\Config @app_begin [ RunTime:0.013318s ]
[ info ] [ BEHAVIOR ] Run app\common\behavior\Hook @app_begin [ RunTime:0.045965s ]
[ info ] [ LOG ] INIT File
 INIT File
---------------------------------------------------------------
[ 2018-11-24T11:59:05+08:00 ] ::1 ::1 GET /feichangcelue/public/static/static/home/js/moblie/mui.min.js
[ info ] localhost/feichangcelue/public/static/static/home/js/moblie/mui.min.js [运行时间：0.131453s][吞吐率：7.61req/s] [内存消耗：2,020.43kb] [文件加载：47]
[ info ] [ LANG ] D:\phpStudy\WWW\feichangcelue\thinkphp\lang\zh-cn.php
[ info ] [ ROUTE ] array (
  'type' => 'module',
  'module' => 
  array (
    0 => 'public',
    1 => 'static',
    2 => 'static',
  ),
)
[ info ] [ HEADER ] array (
  'host' => 'localhost',
  'connection' => 'keep-alive',
  'user-agent' => 'Mozilla/5.0 (Windows NT 6.3; WOW64) AppleWebKit/537.36 (KHTML, like Gecko) Chrome/59.0.3071.86 Safari/537.36',
  'accept' => '*/*',
  'referer' => 'http://localhost/feichangcelue/',
  'accept-encoding' => 'gzip, deflate, br',
  'accept-language' => 'zh-CN,zh;q=0.8',
  'cookie' => 'Hm_lvt_32e3cb4cf7e5c6772c4dc1f5d496b6af=1542902976; PHPSESSID=8pq52qjj7bp8ccl9tevap5qm56; pageReferrInSession=http%3A//localhost/; firstEnterUrlInSession=http%3A//localhost/feichangcelue/',
)
[ info ] [ PARAM ] array (
  'home' => 'js',
  'moblie' => 'mui.min.js',
)
[ info ] [ CACHE ] INIT File
[ info ] [ BEHAVIOR ] Run app\common\behavior\Config @app_begin [ RunTime:0.006946s ]
[ info ] [ BEHAVIOR ] Run app\common\behavior\Hook @app_begin [ RunTime:0.015302s ]
[ info ] [ LOG ] INIT File
---------------------------------------------------------------
[ 2018-11-24T11:59:05+08:00 ] ::1 ::1 GET /feichangcelue/public/static/static/home/js/moblie/reg.js
[ info ] localhost/feichangcelue/public/static/static/home/js/moblie/reg.js [运行时间：0.173665s][吞吐率：5.76req/s] [内存消耗：2,020.33kb] [文件加载：47]
[ info ] [ LANG ] D:\phpStudy\WWW\feichangcelue\thinkphp\lang\zh-cn.php
[ info ] [ ROUTE ] array (
  'type' => 'module',
  'module' => 
  array (
    0 => 'public',
    1 => 'static',
    2 => 'static',
  ),
)
[ info ] [ HEADER ] array (
  'host' => 'localhost',
  'connection' => 'keep-alive',
  'user-agent' => 'Mozilla/5.0 (Windows NT 6.3; WOW64) AppleWebKit/537.36 (KHTML, like Gecko) Chrome/59.0.3071.86 Safari/537.36',
  'accept' => '*/*',
  'referer' => 'http://localhost/feichangcelue/',
  'accept-encoding' => 'gzip, deflate, br',
  'accept-language' => 'zh-CN,zh;q=0.8',
  'cookie' => 'Hm_lvt_32e3cb4cf7e5c6772c4dc1f5d496b6af=1542902976; PHPSESSID=8pq52qjj7bp8ccl9tevap5qm56; pageReferrInSession=http%3A//localhost/; firstEnterUrlInSession=http%3A//localhost/feichangcelue/',
)
[ info ] [ PARAM ] array (
  'home' => 'js',
  'moblie' => 'reg.js',
)
[ info ] [ CACHE ] INIT File
[ info ] [ BEHAVIOR ] Run app\common\behavior\Config @app_begin [ RunTime:0.010221s ]
[ info ] [ BEHAVIOR ] Run app\common\behavior\Hook @app_begin [ RunTime:0.022234s ]
[ info ] [ LOG ] INIT File
---------------------------------------------------------------
[ 2018-11-24T11:59:06+08:00 ] ::1 ::1 GET /feichangcelue/public/static/home/img/index_tr_up.jpg
[ info ] localhost/feichangcelue/public/static/home/img/index_tr_up.jpg [运行时间：0.150931s][吞吐率：6.63req/s] [内存消耗：2,020.30kb] [文件加载：47]
[ info ] [ LANG ] D:\phpStudy\WWW\feichangcelue\thinkphp\lang\zh-cn.php
[ info ] [ ROUTE ] array (
  'type' => 'module',
  'module' => 
  array (
    0 => 'public',
    1 => 'static',
    2 => 'home',
  ),
)
[ info ] [ HEADER ] array (
  'host' => 'localhost',
  'connection' => 'keep-alive',
  'user-agent' => 'Mozilla/5.0 (Windows NT 6.3; WOW64) AppleWebKit/537.36 (KHTML, like Gecko) Chrome/59.0.3071.86 Safari/537.36',
  'accept' => 'image/webp,image/apng,image/*,*/*;q=0.8',
  'referer' => 'http://localhost/feichangcelue/public/static/home/css/index.css',
  'accept-encoding' => 'gzip, deflate, br',
  'accept-language' => 'zh-CN,zh;q=0.8',
  'cookie' => 'Hm_lvt_32e3cb4cf7e5c6772c4dc1f5d496b6af=1542902976; PHPSESSID=8pq52qjj7bp8ccl9tevap5qm56; pageReferrInSession=http%3A//localhost/; firstEnterUrlInSession=http%3A//localhost/feichangcelue/',
)
[ info ] [ PARAM ] array (
  'img' => 'index_tr_up.jpg',
)
[ info ] [ CACHE ] INIT File
[ info ] [ BEHAVIOR ] Run app\common\behavior\Config @app_begin [ RunTime:0.006812s ]
[ info ] [ BEHAVIOR ] Run app\common\behavior\Hook @app_begin [ RunTime:0.018283s ]
[ info ] [ LOG ] INIT File
---------------------------------------------------------------
[ 2018-11-24T11:59:07+08:00 ] ::1 ::1 POST /feichangcelue/stock_information_index_sh.html
[ info ] localhost/feichangcelue/stock_information_index_sh.html [运行时间：0.892832s][吞吐率：1.12req/s] [内存消耗：2,612.38kb] [文件加载：51]
[ info ] [ LANG ] D:\phpStudy\WWW\feichangcelue\thinkphp\lang\zh-cn.php
[ info ] [ ROUTE ] array (
  'type' => 'module',
  'module' => 
  array (
    0 => 'index',
    1 => 'index',
    2 => 'stock_information_index_sh',
  ),
  'convert' => false,
)
[ info ] [ HEADER ] array (
  'host' => 'localhost',
  'connection' => 'keep-alive',
  'content-length' => '11',
  'accept' => 'application/json, text/javascript, */*; q=0.01',
  'origin' => 'http://localhost',
  'x-requested-with' => 'XMLHttpRequest',
  'user-agent' => 'Mozilla/5.0 (Windows NT 6.3; WOW64) AppleWebKit/537.36 (KHTML, like Gecko) Chrome/59.0.3071.86 Safari/537.36',
  'content-type' => 'application/x-www-form-urlencoded; charset=UTF-8',
  'referer' => 'http://localhost/feichangcelue/',
  'accept-encoding' => 'gzip, deflate, br',
  'accept-language' => 'zh-CN,zh;q=0.8',
  'cookie' => 'Hm_lvt_32e3cb4cf7e5c6772c4dc1f5d496b6af=1542902976; PHPSESSID=8pq52qjj7bp8ccl9tevap5qm56; pageReferrInSession=http%3A//localhost/; firstEnterUrlInSession=http%3A//localhost/feichangcelue/',
)
[ info ] [ PARAM ] array (
  'code' => '000001',
)
[ info ] [ CACHE ] INIT File
[ info ] [ BEHAVIOR ] Run app\common\behavior\Config @app_begin [ RunTime:0.010425s ]
[ info ] [ BEHAVIOR ] Run app\common\behavior\Hook @app_begin [ RunTime:0.054498s ]
[ info ] [ RUN ] app\index\controller\Index->stock_information_index_sh[ D:\phpStudy\WWW\feichangcelue\application\index\controller\Index.php ]
[ info ] [ LOG ] INIT File
---------------------------------------------------------------
[ 2018-11-24T11:59:07+08:00 ] ::1 ::1 POST /feichangcelue/pc_broadcast.html
[ info ] localhost/feichangcelue/pc_broadcast.html [运行时间：0.987922s][吞吐率：1.01req/s] [内存消耗：3,308.81kb] [文件加载：57]
[ info ] [ LANG ] D:\phpStudy\WWW\feichangcelue\thinkphp\lang\zh-cn.php
[ info ] [ ROUTE ] array (
  'type' => 'module',
  'module' => 
  array (
    0 => 'index',
    1 => 'index',
    2 => 'pc_broadcast',
  ),
  'convert' => false,
)
[ info ] [ HEADER ] array (
  'host' => 'localhost',
  'connection' => 'keep-alive',
  'content-length' => '0',
  'accept' => 'application/json, text/javascript, */*; q=0.01',
  'origin' => 'http://localhost',
  'x-requested-with' => 'XMLHttpRequest',
  'user-agent' => 'Mozilla/5.0 (Windows NT 6.3; WOW64) AppleWebKit/537.36 (KHTML, like Gecko) Chrome/59.0.3071.86 Safari/537.36',
  'referer' => 'http://localhost/feichangcelue/',
  'accept-encoding' => 'gzip, deflate, br',
  'accept-language' => 'zh-CN,zh;q=0.8',
  'cookie' => 'Hm_lvt_32e3cb4cf7e5c6772c4dc1f5d496b6af=1542902976; PHPSESSID=8pq52qjj7bp8ccl9tevap5qm56; pageReferrInSession=http%3A//localhost/; firstEnterUrlInSession=http%3A//localhost/feichangcelue/',
)
[ info ] [ PARAM ] array (
)
[ info ] [ CACHE ] INIT File
[ info ] [ BEHAVIOR ] Run app\common\behavior\Config @app_begin [ RunTime:0.013300s ]
[ info ] [ BEHAVIOR ] Run app\common\behavior\Hook @app_begin [ RunTime:0.081742s ]
[ info ] [ RUN ] app\index\controller\Index->pc_broadcast[ D:\phpStudy\WWW\feichangcelue\application\index\controller\Index.php ]
[ info ] [ DB ] INIT mysql
[ info ] [ LOG ] INIT File
[ sql ] [ DB ] CONNECT:[ UseTime:0.035060s ] mysql:dbname=peizi;host=rm-wz9l3z92630ora5wjwo.mysql.rds.aliyuncs.com;port=3306;charset=utf8
[ sql ] [ SQL ] SHOW COLUMNS FROM `xh_images` [ RunTime:0.018429s ]
[ sql ] [ SQL ] SELECT `src`,`href` FROM `xh_images` WHERE  `type` = 1 ORDER BY `id`  desc LIMIT 0,3 [ RunTime:0.017158s ]
---------------------------------------------------------------
[ 2018-11-24T11:59:08+08:00 ] ::1 ::1 GET /feichangcelue/index_information.html
[ info ] localhost/feichangcelue/index_information.html [运行时间：1.497837s][吞吐率：0.67req/s] [内存消耗：3,693.67kb] [文件加载：64]
[ info ] [ LANG ] D:\phpStudy\WWW\feichangcelue\thinkphp\lang\zh-cn.php
[ info ] [ ROUTE ] array (
  'type' => 'module',
  'module' => 
  array (
    0 => 'index',
    1 => 'index',
    2 => 'index_information',
  ),
  'convert' => false,
)
[ info ] [ HEADER ] array (
  'host' => 'localhost',
  'connection' => 'keep-alive',
  'accept' => 'text/html, */*; q=0.01',
  'x-requested-with' => 'XMLHttpRequest',
  'user-agent' => 'Mozilla/5.0 (Windows NT 6.3; WOW64) AppleWebKit/537.36 (KHTML, like Gecko) Chrome/59.0.3071.86 Safari/537.36',
  'referer' => 'http://localhost/feichangcelue/',
  'accept-encoding' => 'gzip, deflate, br',
  'accept-language' => 'zh-CN,zh;q=0.8',
  'cookie' => 'Hm_lvt_32e3cb4cf7e5c6772c4dc1f5d496b6af=1542902976; PHPSESSID=8pq52qjj7bp8ccl9tevap5qm56; pageReferrInSession=http%3A//localhost/; firstEnterUrlInSession=http%3A//localhost/feichangcelue/',
)
[ info ] [ PARAM ] array (
)
[ info ] [ CACHE ] INIT File
[ info ] [ BEHAVIOR ] Run app\common\behavior\Config @app_begin [ RunTime:0.009017s ]
[ info ] [ BEHAVIOR ] Run app\common\behavior\Hook @app_begin [ RunTime:0.024204s ]
[ info ] [ RUN ] app\index\controller\Index->index_information[ D:\phpStudy\WWW\feichangcelue\application\index\controller\Index.php ]
[ info ] [ DB ] INIT mysql
[ info ] [ VIEW ] D:\phpStudy\WWW\feichangcelue/application/index\view\index\index_information.html [ array (
  0 => 'phone',
  1 => 'QQ',
  2 => 'res_bei',
  3 => 'res_money',
  4 => 'cordon_line',
  5 => 'loss_line',
  6 => 'levers_1',
  7 => 'levers_2',
  8 => 'levers_3',
  9 => 'levers_4',
  10 => 'levers_5',
  11 => 'levers_6',
  12 => 'levers_7',
  13 => 'levers_8',
  14 => 'levers_9',
  15 => 'levers_10',
  16 => 'lossLine',
  17 => 'stopLossRate',
) ]
[ info ] [ LOG ] INIT File
[ sql ] [ DB ] CONNECT:[ UseTime:0.026251s ] mysql:dbname=peizi;host=rm-wz9l3z92630ora5wjwo.mysql.rds.aliyuncs.com;port=3306;charset=utf8
[ sql ] [ SQL ] SHOW COLUMNS FROM `xh_stock_interest_lever` [ RunTime:0.010172s ]
[ sql ] [ SQL ] SELECT `interest` FROM `xh_stock_interest_lever` WHERE  (  `levers`='5' ) LIMIT 1 [ RunTime:0.009844s ]
[ sql ] [ SQL ] SHOW COLUMNS FROM `xh_sys_params` [ RunTime:0.010356s ]
[ sql ] [ SQL ] SELECT `value` FROM `xh_sys_params` WHERE  (  `key` = 'lossLine' ) LIMIT 1 [ RunTime:0.010050s ]
[ sql ] [ SQL ] SELECT `value` FROM `xh_sys_params` WHERE  (  `key` = 'stopLossRate' ) LIMIT 1 [ RunTime:0.009367s ]
[ sql ] [ SQL ] SELECT `interest` FROM `xh_stock_interest_lever` WHERE  (  `levers`='1' ) LIMIT 1 [ RunTime:0.009653s ]
[ sql ] [ SQL ] SELECT `interest` FROM `xh_stock_interest_lever` WHERE  (  `levers`='2' ) LIMIT 1 [ RunTime:0.009552s ]
[ sql ] [ SQL ] SELECT `interest` FROM `xh_stock_interest_lever` WHERE  (  `levers`='3' ) LIMIT 1 [ RunTime:0.009670s ]
[ sql ] [ SQL ] SELECT `interest` FROM `xh_stock_interest_lever` WHERE  (  `levers`='4' ) LIMIT 1 [ RunTime:0.009468s ]
[ sql ] [ SQL ] SELECT `interest` FROM `xh_stock_interest_lever` WHERE  (  `levers`='5' ) LIMIT 1 [ RunTime:0.009650s ]
[ sql ] [ SQL ] SELECT `interest` FROM `xh_stock_interest_lever` WHERE  (  `levers`='6' ) LIMIT 1 [ RunTime:0.009521s ]
[ sql ] [ SQL ] SELECT `interest` FROM `xh_stock_interest_lever` WHERE  (  `levers`='7' ) LIMIT 1 [ RunTime:0.009646s ]
[ sql ] [ SQL ] SELECT `interest` FROM `xh_stock_interest_lever` WHERE  (  `levers`='8' ) LIMIT 1 [ RunTime:0.009398s ]
[ sql ] [ SQL ] SELECT `interest` FROM `xh_stock_interest_lever` WHERE  (  `levers`='9' ) LIMIT 1 [ RunTime:0.009545s ]
[ sql ] [ SQL ] SELECT `interest` FROM `xh_stock_interest_lever` WHERE  (  `levers`='10' ) LIMIT 1 [ RunTime:0.009689s ]
[ sql ] [ SQL ] SELECT `value` FROM `xh_sys_params` WHERE  (  `key` = 'lossLine' ) LIMIT 1 [ RunTime:0.009324s ]
[ sql ] [ SQL ] SELECT `value` FROM `xh_sys_params` WHERE  (  `key` = 'stopLossRate' ) LIMIT 1 [ RunTime:0.009307s ]
---------------------------------------------------------------
[ 2018-11-24T11:59:27+08:00 ] ::1 ::1 GET /feichangcelue/
[ info ] localhost/feichangcelue/ [运行时间：1.888162s][吞吐率：0.53req/s] [内存消耗：3,270.70kb] [文件加载：65]
[ info ] [ LANG ] D:\phpStudy\WWW\feichangcelue\thinkphp\lang\zh-cn.php
[ info ] [ ROUTE ] array (
  'type' => 'module',
  'module' => 
  array (
    0 => '',
    1 => NULL,
    2 => NULL,
  ),
)
[ info ] [ HEADER ] array (
  'host' => 'localhost',
  'connection' => 'keep-alive',
  'pragma' => 'no-cache',
  'cache-control' => 'no-cache',
  'upgrade-insecure-requests' => '1',
  'user-agent' => 'Mozilla/5.0 (iPhone; CPU iPhone OS 9_1 like Mac OS X) AppleWebKit/601.1.46 (KHTML, like Gecko) Version/9.0 Mobile/13B143 Safari/601.1',
  'accept' => 'text/html,application/xhtml+xml,application/xml;q=0.9,image/webp,image/apng,*/*;q=0.8',
  'referer' => 'http://localhost/',
  'accept-encoding' => 'gzip, deflate, br',
  'accept-language' => 'zh-CN,zh;q=0.8',
  'cookie' => 'Hm_lvt_32e3cb4cf7e5c6772c4dc1f5d496b6af=1542902976; PHPSESSID=8pq52qjj7bp8ccl9tevap5qm56; pageReferrInSession=http%3A//localhost/; firstEnterUrlInSession=http%3A//localhost/feichangcelue/; Hm_lvt_f571b55302a951627ab98145b99cdaab=1543031947; Hm_lpvt_f571b55302a951627ab98145b99cdaab=1543031947; VisitorCapacity=1',
)
[ info ] [ PARAM ] array (
)
[ info ] [ CACHE ] INIT File
[ info ] [ BEHAVIOR ] Run app\common\behavior\Config @app_begin [ RunTime:0.006508s ]
[ info ] [ BEHAVIOR ] Run app\common\behavior\Hook @app_begin [ RunTime:0.013817s ]
[ info ] [ RUN ] app\index\controller\Index->index[ D:\phpStudy\WWW\feichangcelue\application\index\controller\Index.php ]
[ info ] [ DB ] INIT mysql
[ info ] [ VIEW ] D:\phpStudy\WWW\feichangcelue/application/index\view\index\mobile\index.html [ array (
  0 => 'phone',
  1 => 'QQ',
  2 => 'balance',
  3 => 'ablePrice',
  4 => 'real_disk_sum',
  5 => 'guaranteeFee',
  6 => 'buyList',
) ]
[ info ] [ LOG ] INIT File
[ sql ] [ DB ] CONNECT:[ UseTime:0.034124s ] mysql:dbname=peizi;host=rm-wz9l3z92630ora5wjwo.mysql.rds.aliyuncs.com;port=3306;charset=utf8
[ sql ] [ SQL ] select a.stockCode, c.`name` as stockName,  a.createTime, b.username,b.mobile
			from xh_stock_order as a, xh_member as b, xh_shares as c
			 WHERE isFreetrial=0 and a.memberId = b.id and a.stockCode=c.`code`
			order by a.id desc limit 7 [ RunTime:0.018072s ]
[ error ] [8]未定义数组索引: member[D:\phpStudy\WWW\feichangcelue\application\index\controller\Index.php:52]
[ error ] [8]Trying to get property of non-object[D:\phpStudy\WWW\feichangcelue\application\index\controller\Index.php:115]
[ error ] [8]未定义变量: balance[D:\phpStudy\WWW\feichangcelue\application\index\controller\Index.php:119]
[ error ] [8]未定义变量: ablePrice[D:\phpStudy\WWW\feichangcelue\application\index\controller\Index.php:120]
[ error ] [8]未定义变量: real_disk_sum[D:\phpStudy\WWW\feichangcelue\application\index\controller\Index.php:122]
[ error ] [8]未定义变量: guaranteeFee[D:\phpStudy\WWW\feichangcelue\application\index\controller\Index.php:123]
---------------------------------------------------------------
[ 2018-11-24T11:59:29+08:00 ] ::1 ::1 POST /feichangcelue/app_broadcast.html
[ info ] localhost/feichangcelue/app_broadcast.html [运行时间：0.236804s][吞吐率：4.22req/s] [内存消耗：3,309.77kb] [文件加载：57]
[ info ] [ LANG ] D:\phpStudy\WWW\feichangcelue\thinkphp\lang\zh-cn.php
[ info ] [ ROUTE ] array (
  'type' => 'module',
  'module' => 
  array (
    0 => 'index',
    1 => 'index',
    2 => 'app_broadcast',
  ),
  'convert' => false,
)
[ info ] [ HEADER ] array (
  'host' => 'localhost',
  'connection' => 'keep-alive',
  'content-length' => '0',
  'pragma' => 'no-cache',
  'cache-control' => 'no-cache',
  'accept' => 'application/json, text/javascript, */*; q=0.01',
  'origin' => 'http://localhost',
  'x-requested-with' => 'XMLHttpRequest',
  'user-agent' => 'Mozilla/5.0 (iPhone; CPU iPhone OS 9_1 like Mac OS X) AppleWebKit/601.1.46 (KHTML, like Gecko) Version/9.0 Mobile/13B143 Safari/601.1',
  'referer' => 'http://localhost/feichangcelue/',
  'accept-encoding' => 'gzip, deflate, br',
  'accept-language' => 'zh-CN,zh;q=0.8',
  'cookie' => 'Hm_lvt_32e3cb4cf7e5c6772c4dc1f5d496b6af=1542902976; PHPSESSID=8pq52qjj7bp8ccl9tevap5qm56; pageReferrInSession=http%3A//localhost/; firstEnterUrlInSession=http%3A//localhost/feichangcelue/; Hm_lvt_f571b55302a951627ab98145b99cdaab=1543031947; Hm_lpvt_f571b55302a951627ab98145b99cdaab=1543031947; VisitorCapacity=1',
)
[ info ] [ PARAM ] array (
)
[ info ] [ CACHE ] INIT File
[ info ] [ BEHAVIOR ] Run app\common\behavior\Config @app_begin [ RunTime:0.007761s ]
[ info ] [ BEHAVIOR ] Run app\common\behavior\Hook @app_begin [ RunTime:0.015960s ]
[ info ] [ RUN ] app\index\controller\Index->app_broadcast[ D:\phpStudy\WWW\feichangcelue\application\index\controller\Index.php ]
[ info ] [ DB ] INIT mysql
[ info ] [ LOG ] INIT File
[ sql ] [ DB ] CONNECT:[ UseTime:0.023829s ] mysql:dbname=peizi;host=rm-wz9l3z92630ora5wjwo.mysql.rds.aliyuncs.com;port=3306;charset=utf8
[ sql ] [ SQL ] SHOW COLUMNS FROM `xh_images` [ RunTime:0.010186s ]
[ sql ] [ SQL ] SELECT `src`,`href` FROM `xh_images` WHERE  `type` = 2 ORDER BY `id`  desc LIMIT 0,3 [ RunTime:0.009912s ]
---------------------------------------------------------------
[ 2018-11-24T11:59:29+08:00 ] ::1 ::1 GET /feichangcelue/public/stock/js/maps/swiper.jquery.min.js.map
[ info ] localhost/feichangcelue/public/stock/js/maps/swiper.jquery.min.js.map [运行时间：0.290070s][吞吐率：3.45req/s] [内存消耗：2,020.44kb] [文件加载：47]
[ info ] [ LANG ] D:\phpStudy\WWW\feichangcelue\thinkphp\lang\zh-cn.php
[ info ] [ ROUTE ] array (
  'type' => 'module',
  'module' => 
  array (
    0 => 'public',
    1 => 'stock',
    2 => 'js',
  ),
)
[ info ] [ HEADER ] array (
  'host' => 'localhost',
  'connection' => 'keep-alive',
  'user-agent' => 'Mozilla/5.0 (iPhone; CPU iPhone OS 9_1 like Mac OS X) AppleWebKit/601.1.46 (KHTML, like Gecko) Version/9.0 Mobile/13B143 Safari/601.1',
  'cache-control' => 'no-cache',
  'accept-encoding' => 'gzip, deflate, br',
  'accept-language' => 'zh-CN,zh;q=0.8',
  'cookie' => 'Hm_lvt_32e3cb4cf7e5c6772c4dc1f5d496b6af=1542902976; PHPSESSID=8pq52qjj7bp8ccl9tevap5qm56; pageReferrInSession=http%3A//localhost/; firstEnterUrlInSession=http%3A//localhost/feichangcelue/; Hm_lvt_f571b55302a951627ab98145b99cdaab=1543031947; Hm_lpvt_f571b55302a951627ab98145b99cdaab=1543031947; VisitorCapacity=1',
)
[ info ] [ PARAM ] array (
  'maps' => 'swiper.jquery.min.js.map',
)
[ info ] [ CACHE ] INIT File
[ info ] [ BEHAVIOR ] Run app\common\behavior\Config @app_begin [ RunTime:0.011418s ]
[ info ] [ BEHAVIOR ] Run app\common\behavior\Hook @app_begin [ RunTime:0.112528s ]
[ info ] [ LOG ] INIT File
---------------------------------------------------------------
[ 2018-11-24T11:59:30+08:00 ] ::1 ::1 POST /feichangcelue/stock_exponential_sz.html
[ info ] localhost/feichangcelue/stock_exponential_sz.html [运行时间：0.444489s][吞吐率：2.25req/s] [内存消耗：2,711.80kb] [文件加载：51]
[ info ] [ LANG ] D:\phpStudy\WWW\feichangcelue\thinkphp\lang\zh-cn.php
[ info ] [ ROUTE ] array (
  'type' => 'module',
  'module' => 
  array (
    0 => 'index',
    1 => 'index',
    2 => 'stock_exponential_sz',
  ),
  'convert' => false,
)
[ info ] [ HEADER ] array (
  'host' => 'localhost',
  'connection' => 'keep-alive',
  'content-length' => '0',
  'pragma' => 'no-cache',
  'cache-control' => 'no-cache',
  'accept' => 'application/json, text/javascript, */*; q=0.01',
  'origin' => 'http://localhost',
  'x-requested-with' => 'XMLHttpRequest',
  'user-agent' => 'Mozilla/5.0 (iPhone; CPU iPhone OS 9_1 like Mac OS X) AppleWebKit/601.1.46 (KHTML, like Gecko) Version/9.0 Mobile/13B143 Safari/601.1',
  'referer' => 'http://localhost/feichangcelue/',
  'accept-encoding' => 'gzip, deflate, br',
  'accept-language' => 'zh-CN,zh;q=0.8',
  'cookie' => 'Hm_lvt_32e3cb4cf7e5c6772c4dc1f5d496b6af=1542902976; PHPSESSID=8pq52qjj7bp8ccl9tevap5qm56; pageReferrInSession=http%3A//localhost/; firstEnterUrlInSession=http%3A//localhost/feichangcelue/; Hm_lvt_f571b55302a951627ab98145b99cdaab=1543031947; Hm_lpvt_f571b55302a951627ab98145b99cdaab=1543031947; VisitorCapacity=1',
)
[ info ] [ PARAM ] array (
)
[ info ] [ CACHE ] INIT File
[ info ] [ BEHAVIOR ] Run app\common\behavior\Config @app_begin [ RunTime:0.012517s ]
[ info ] [ BEHAVIOR ] Run app\common\behavior\Hook @app_begin [ RunTime:0.024044s ]
[ info ] [ RUN ] app\index\controller\Index->stock_exponential_sz[ D:\phpStudy\WWW\feichangcelue\application\index\controller\Index.php ]
[ info ] [ LOG ] INIT File
---------------------------------------------------------------
[ 2018-11-24T11:59:30+08:00 ] ::1 ::1 POST /feichangcelue/stock_exponential_sh.html
[ info ] localhost/feichangcelue/stock_exponential_sh.html [运行时间：0.571688s][吞吐率：1.75req/s] [内存消耗：2,710.59kb] [文件加载：51]
[ info ] [ LANG ] D:\phpStudy\WWW\feichangcelue\thinkphp\lang\zh-cn.php
[ info ] [ ROUTE ] array (
  'type' => 'module',
  'module' => 
  array (
    0 => 'index',
    1 => 'index',
    2 => 'stock_exponential_sh',
  ),
  'convert' => false,
)
[ info ] [ HEADER ] array (
  'host' => 'localhost',
  'connection' => 'keep-alive',
  'content-length' => '0',
  'pragma' => 'no-cache',
  'cache-control' => 'no-cache',
  'accept' => 'application/json, text/javascript, */*; q=0.01',
  'origin' => 'http://localhost',
  'x-requested-with' => 'XMLHttpRequest',
  'user-agent' => 'Mozilla/5.0 (iPhone; CPU iPhone OS 9_1 like Mac OS X) AppleWebKit/601.1.46 (KHTML, like Gecko) Version/9.0 Mobile/13B143 Safari/601.1',
  'referer' => 'http://localhost/feichangcelue/',
  'accept-encoding' => 'gzip, deflate, br',
  'accept-language' => 'zh-CN,zh;q=0.8',
  'cookie' => 'Hm_lvt_32e3cb4cf7e5c6772c4dc1f5d496b6af=1542902976; PHPSESSID=8pq52qjj7bp8ccl9tevap5qm56; pageReferrInSession=http%3A//localhost/; firstEnterUrlInSession=http%3A//localhost/feichangcelue/; Hm_lvt_f571b55302a951627ab98145b99cdaab=1543031947; Hm_lpvt_f571b55302a951627ab98145b99cdaab=1543031947; VisitorCapacity=1',
)
[ info ] [ PARAM ] array (
)
[ info ] [ CACHE ] INIT File
[ info ] [ BEHAVIOR ] Run app\common\behavior\Config @app_begin [ RunTime:0.009305s ]
[ info ] [ BEHAVIOR ] Run app\common\behavior\Hook @app_begin [ RunTime:0.059892s ]
[ info ] [ RUN ] app\index\controller\Index->stock_exponential_sh[ D:\phpStudy\WWW\feichangcelue\application\index\controller\Index.php ]
[ info ] [ LOG ] INIT File
---------------------------------------------------------------
[ 2018-11-24T11:59:35+08:00 ] ::1 ::1 GET /feichangcelue/ucenter/home.html
[ info ] localhost/feichangcelue/ucenter/home.html [运行时间：0.494084s][吞吐率：2.02req/s] [内存消耗：2,685.18kb] [文件加载：55]
[ info ] [ LANG ] D:\phpStudy\WWW\feichangcelue\thinkphp\lang\zh-cn.php
[ info ] [ ROUTE ] array (
  'type' => 'module',
  'module' => 
  array (
    0 => 'index',
    1 => 'ucenter',
    2 => 'home',
  ),
  'convert' => false,
)
[ info ] [ HEADER ] array (
  'host' => 'localhost',
  'connection' => 'keep-alive',
  'pragma' => 'no-cache',
  'cache-control' => 'no-cache',
  'upgrade-insecure-requests' => '1',
  'user-agent' => 'Mozilla/5.0 (iPhone; CPU iPhone OS 9_1 like Mac OS X) AppleWebKit/601.1.46 (KHTML, like Gecko) Version/9.0 Mobile/13B143 Safari/601.1',
  'accept' => 'text/html,application/xhtml+xml,application/xml;q=0.9,image/webp,image/apng,*/*;q=0.8',
  'referer' => 'http://localhost/feichangcelue/',
  'accept-encoding' => 'gzip, deflate, br',
  'accept-language' => 'zh-CN,zh;q=0.8',
  'cookie' => 'Hm_lvt_32e3cb4cf7e5c6772c4dc1f5d496b6af=1542902976; PHPSESSID=8pq52qjj7bp8ccl9tevap5qm56; pageReferrInSession=http%3A//localhost/; firstEnterUrlInSession=http%3A//localhost/feichangcelue/; Hm_lvt_f571b55302a951627ab98145b99cdaab=1543031947; Hm_lpvt_f571b55302a951627ab98145b99cdaab=1543031947; VisitorCapacity=1',
)
[ info ] [ PARAM ] array (
)
[ info ] [ CACHE ] INIT File
[ info ] [ BEHAVIOR ] Run app\common\behavior\Config @app_begin [ RunTime:0.009989s ]
[ info ] [ BEHAVIOR ] Run app\common\behavior\Hook @app_begin [ RunTime:0.015657s ]
[ info ] [ LOG ] INIT File
---------------------------------------------------------------
[ 2018-11-24T11:59:35+08:00 ] ::1 ::1 GET /feichangcelue/login.html
[ info ] localhost/feichangcelue/login.html [运行时间：0.279701s][吞吐率：3.58req/s] [内存消耗：2,899.73kb] [文件加载：58]
[ info ] [ LANG ] D:\phpStudy\WWW\feichangcelue\thinkphp\lang\zh-cn.php
[ info ] [ ROUTE ] array (
  'type' => 'module',
  'module' => 
  array (
    0 => 'index',
    1 => 'index',
    2 => 'login',
  ),
  'convert' => false,
)
[ info ] [ HEADER ] array (
  'host' => 'localhost',
  'connection' => 'keep-alive',
  'pragma' => 'no-cache',
  'cache-control' => 'no-cache',
  'upgrade-insecure-requests' => '1',
  'user-agent' => 'Mozilla/5.0 (iPhone; CPU iPhone OS 9_1 like Mac OS X) AppleWebKit/601.1.46 (KHTML, like Gecko) Version/9.0 Mobile/13B143 Safari/601.1',
  'accept' => 'text/html,application/xhtml+xml,application/xml;q=0.9,image/webp,image/apng,*/*;q=0.8',
  'referer' => 'http://localhost/feichangcelue/',
  'accept-encoding' => 'gzip, deflate, br',
  'accept-language' => 'zh-CN,zh;q=0.8',
  'cookie' => 'Hm_lvt_32e3cb4cf7e5c6772c4dc1f5d496b6af=1542902976; PHPSESSID=8pq52qjj7bp8ccl9tevap5qm56; pageReferrInSession=http%3A//localhost/; firstEnterUrlInSession=http%3A//localhost/feichangcelue/; Hm_lvt_f571b55302a951627ab98145b99cdaab=1543031947; Hm_lpvt_f571b55302a951627ab98145b99cdaab=1543031947; VisitorCapacity=1',
)
[ info ] [ PARAM ] array (
)
[ info ] [ CACHE ] INIT File
[ info ] [ BEHAVIOR ] Run app\common\behavior\Config @app_begin [ RunTime:0.005058s ]
[ info ] [ BEHAVIOR ] Run app\common\behavior\Hook @app_begin [ RunTime:0.014322s ]
[ info ] [ RUN ] app\index\controller\Index->login[ D:\phpStudy\WWW\feichangcelue\application\index\controller\Index.php ]
[ info ] [ VIEW ] D:\phpStudy\WWW\feichangcelue/application/index\view\index\mobile\login.html [ array (
  0 => 'phone',
  1 => 'QQ',
) ]
[ info ] [ LOG ] INIT File
---------------------------------------------------------------
[ 2018-11-24T11:59:50+08:00 ] ::1 ::1 POST /feichangcelue/doLogin.html
[ info ] localhost/feichangcelue/doLogin.html [运行时间：0.350660s][吞吐率：2.85req/s] [内存消耗：3,604.09kb] [文件加载：64]
[ info ] [ LANG ] D:\phpStudy\WWW\feichangcelue\thinkphp\lang\zh-cn.php
[ info ] [ ROUTE ] array (
  'type' => 'module',
  'module' => 
  array (
    0 => 'index',
    1 => 'index',
    2 => 'doLogin',
  ),
  'convert' => false,
)
[ info ] [ HEADER ] array (
  'host' => 'localhost',
  'connection' => 'keep-alive',
  'content-length' => '38',
  'pragma' => 'no-cache',
  'cache-control' => 'no-cache',
  'origin' => 'http://localhost',
  'upgrade-insecure-requests' => '1',
  'user-agent' => 'Mozilla/5.0 (iPhone; CPU iPhone OS 9_1 like Mac OS X) AppleWebKit/601.1.46 (KHTML, like Gecko) Version/9.0 Mobile/13B143 Safari/601.1',
  'content-type' => 'application/x-www-form-urlencoded',
  'accept' => 'text/html,application/xhtml+xml,application/xml;q=0.9,image/webp,image/apng,*/*;q=0.8',
  'referer' => 'http://localhost/feichangcelue/login.html',
  'accept-encoding' => 'gzip, deflate, br',
  'accept-language' => 'zh-CN,zh;q=0.8',
  'cookie' => 'Hm_lvt_32e3cb4cf7e5c6772c4dc1f5d496b6af=1542902976; PHPSESSID=8pq52qjj7bp8ccl9tevap5qm56; pageReferrInSession=http%3A//localhost/; firstEnterUrlInSession=http%3A//localhost/feichangcelue/; Hm_lvt_f571b55302a951627ab98145b99cdaab=1543031947; Hm_lpvt_f571b55302a951627ab98145b99cdaab=1543031947; VisitorCapacity=1',
)
[ info ] [ PARAM ] array (
  'nick_name' => '18998906797',
  'login_pwd' => '123456',
)
[ info ] [ CACHE ] INIT File
[ info ] [ BEHAVIOR ] Run app\common\behavior\Config @app_begin [ RunTime:0.004939s ]
[ info ] [ BEHAVIOR ] Run app\common\behavior\Hook @app_begin [ RunTime:0.018084s ]
[ info ] [ RUN ] app\index\controller\Index->doLogin[ D:\phpStudy\WWW\feichangcelue\application\index\controller\Index.php ]
[ info ] [ DB ] INIT mysql
[ info ] [ VIEW ] D:\phpStudy\WWW\feichangcelue/application/admin/view/dispatch_jump.tpl [ array (
  0 => 'phone',
  1 => 'QQ',
  2 => 'code',
  3 => 'msg',
  4 => 'data',
  5 => 'url',
  6 => 'wait',
) ]
[ info ] [ LOG ] INIT File
[ sql ] [ DB ] CONNECT:[ UseTime:0.032731s ] mysql:dbname=peizi;host=rm-wz9l3z92630ora5wjwo.mysql.rds.aliyuncs.com;port=3306;charset=utf8
[ sql ] [ SQL ] SHOW COLUMNS FROM `xh_member` [ RunTime:0.016375s ]
[ sql ] [ SQL ] SELECT * FROM `xh_member` WHERE  (  username='18998906797' or mobile = '18998906797' ) LIMIT 1 [ RunTime:0.016024s ]
---------------------------------------------------------------
[ 2018-11-24T11:59:54+08:00 ] ::1 ::1 GET /feichangcelue/public/static/img/favicons/favicon.png
[ info ] localhost/feichangcelue/public/static/img/favicons/favicon.png [运行时间：0.194681s][吞吐率：5.14req/s] [内存消耗：2,021.27kb] [文件加载：47]
[ info ] [ LANG ] D:\phpStudy\WWW\feichangcelue\thinkphp\lang\zh-cn.php
[ info ] [ ROUTE ] array (
  'type' => 'module',
  'module' => 
  array (
    0 => 'public',
    1 => 'static',
    2 => 'img',
  ),
)
[ info ] [ HEADER ] array (
  'host' => 'localhost',
  'connection' => 'keep-alive',
  'pragma' => 'no-cache',
  'cache-control' => 'no-cache',
  'user-agent' => 'Mozilla/5.0 (iPhone; CPU iPhone OS 9_1 like Mac OS X) AppleWebKit/601.1.46 (KHTML, like Gecko) Version/9.0 Mobile/13B143 Safari/601.1',
  'accept' => 'image/webp,image/apng,image/*,*/*;q=0.8',
  'referer' => 'http://localhost/feichangcelue/doLogin.html',
  'accept-encoding' => 'gzip, deflate, br',
  'accept-language' => 'zh-CN,zh;q=0.8',
  'cookie' => 'Hm_lvt_32e3cb4cf7e5c6772c4dc1f5d496b6af=1542902976; PHPSESSID=8pq52qjj7bp8ccl9tevap5qm56; pageReferrInSession=http%3A//localhost/; firstEnterUrlInSession=http%3A//localhost/feichangcelue/; Hm_lvt_f571b55302a951627ab98145b99cdaab=1543031947; Hm_lpvt_f571b55302a951627ab98145b99cdaab=1543031947; VisitorCapacity=1',
)
[ info ] [ PARAM ] array (
  'favicons' => 'favicon.png',
)
[ info ] [ CACHE ] INIT File
[ info ] [ BEHAVIOR ] Run app\common\behavior\Config @app_begin [ RunTime:0.015877s ]
[ info ] [ BEHAVIOR ] Run app\common\behavior\Hook @app_begin [ RunTime:0.035741s ]
[ info ] [ LOG ] INIT File
---------------------------------------------------------------
[ 2018-11-24T11:59:56+08:00 ] ::1 ::1 GET /feichangcelue/
[ info ] localhost/feichangcelue/ [运行时间：0.748185s][吞吐率：1.34req/s] [内存消耗：3,681.85kb] [文件加载：66]
[ info ] [ LANG ] D:\phpStudy\WWW\feichangcelue\thinkphp\lang\zh-cn.php
[ info ] [ ROUTE ] array (
  'type' => 'module',
  'module' => 
  array (
    0 => '',
    1 => NULL,
    2 => NULL,
  ),
)
[ info ] [ HEADER ] array (
  'host' => 'localhost',
  'connection' => 'keep-alive',
  'pragma' => 'no-cache',
  'cache-control' => 'no-cache',
  'upgrade-insecure-requests' => '1',
  'user-agent' => 'Mozilla/5.0 (iPhone; CPU iPhone OS 9_1 like Mac OS X) AppleWebKit/601.1.46 (KHTML, like Gecko) Version/9.0 Mobile/13B143 Safari/601.1',
  'accept' => 'text/html,application/xhtml+xml,application/xml;q=0.9,image/webp,image/apng,*/*;q=0.8',
  'referer' => 'http://localhost/feichangcelue/doLogin.html',
  'accept-encoding' => 'gzip, deflate, br',
  'accept-language' => 'zh-CN,zh;q=0.8',
  'cookie' => 'Hm_lvt_32e3cb4cf7e5c6772c4dc1f5d496b6af=1542902976; PHPSESSID=8pq52qjj7bp8ccl9tevap5qm56; pageReferrInSession=http%3A//localhost/; firstEnterUrlInSession=http%3A//localhost/feichangcelue/; Hm_lvt_f571b55302a951627ab98145b99cdaab=1543031947; Hm_lpvt_f571b55302a951627ab98145b99cdaab=1543031947; VisitorCapacity=1',
)
[ info ] [ PARAM ] array (
)
[ info ] [ CACHE ] INIT File
[ info ] [ BEHAVIOR ] Run app\common\behavior\Config @app_begin [ RunTime:0.005962s ]
[ info ] [ BEHAVIOR ] Run app\common\behavior\Hook @app_begin [ RunTime:0.014455s ]
[ info ] [ DB ] INIT mysql
[ info ] [ RUN ] app\index\controller\Index->index[ D:\phpStudy\WWW\feichangcelue\application\index\controller\Index.php ]
[ info ] [ VIEW ] D:\phpStudy\WWW\feichangcelue/application/index\view\index\mobile\index.html [ array (
  0 => 'phone',
  1 => 'QQ',
  2 => 'usableSum',
  3 => 'profitSum',
  4 => 'peizi',
  5 => 'res',
  6 => 'balance',
  7 => 'ablePrice',
  8 => 'real_disk_sum',
  9 => 'guaranteeFee',
  10 => 'buyList',
) ]
[ info ] [ LOG ] INIT File
[ sql ] [ DB ] CONNECT:[ UseTime:0.038992s ] mysql:dbname=peizi;host=rm-wz9l3z92630ora5wjwo.mysql.rds.aliyuncs.com;port=3306;charset=utf8
[ sql ] [ SQL ] SHOW COLUMNS FROM `xh_member` [ RunTime:0.017097s ]
[ sql ] [ SQL ] SELECT `usableSum` FROM `xh_member` WHERE  (  id=1348 ) LIMIT 1 [ RunTime:0.015837s ]
[ sql ] [ SQL ] select a.stockCode, c.`name` as stockName,  a.createTime, b.username,b.mobile
			from xh_stock_order as a, xh_member as b, xh_shares as c
			 WHERE isFreetrial=0 and a.memberId = b.id and a.stockCode=c.`code`
			order by a.id desc limit 7 [ RunTime:0.016376s ]
[ sql ] [ SQL ] SHOW COLUMNS FROM `xh_stock_order` [ RunTime:0.016176s ]
[ sql ] [ SQL ] SELECT COUNT(*) AS tp_count FROM `xh_stock_order` WHERE  (  isFreetrial=0 ) LIMIT 1 [ RunTime:0.016264s ]
[ sql ] [ SQL ] SELECT sum(guaranteeFee) FROM `xh_stock_order` WHERE  `memberId` = 1348  AND `status` = 1  AND `isFreetrial` = 0 [ RunTime:0.016251s ]
[ sql ] [ SQL ] SELECT `stockCode` FROM `xh_stock_order` WHERE  `memberId` = 1348  AND `status` = 1  AND `isFreetrial` = 0 ORDER BY createTime desc [ RunTime:0.015778s ]
[ sql ] [ SQL ] SELECT `xh_stock_order`.*,xh_shares.name as stockName,`xh_shares`.`market` FROM `xh_stock_order`,`xh_shares` WHERE  (   xh_stock_order.stockCode = xh_shares.`code` and xh_stock_order.memberId=1348 and isFreetrial=0 and status = 1 ) ORDER BY createTime desc [ RunTime:0.018388s ]
[ sql ] [ SQL ] SELECT sum(dealAmount) FROM `xh_stock_order` WHERE  `memberId` = 1348  AND `status` = 1  AND `isFreetrial` = 0 [ RunTime:0.015971s ]
[ sql ] [ SQL ] SELECT `usableSum` FROM `xh_member` WHERE  `id` = 1348 LIMIT 1 [ RunTime:0.015646s ]
[ sql ] [ SQL ] SELECT `stockCode` FROM `xh_stock_order` WHERE  `memberId` = 1348  AND `status` = 1 [ RunTime:0.015868s ]
[ sql ] [ SQL ] SHOW COLUMNS FROM `xh_shares` [ RunTime:0.015760s ]
[ sql ] [ SQL ] SELECT `market` FROM `xh_shares` WHERE  `code` = '000001' LIMIT 1 [ RunTime:0.015396s ]
[ sql ] [ SQL ] SELECT `usableSum` FROM `xh_member` WHERE  (  id=1348 ) LIMIT 1 [ RunTime:0.015940s ]
[ error ] [8]未定义数组下标: 1[D:\phpStudy\WWW\feichangcelue\thinkphp\library\think\db\Query.php:1365]
[ error ] [8]未定义数组下标: 1[D:\phpStudy\WWW\feichangcelue\thinkphp\library\think\db\Query.php:1365]
[ error ] [8]未定义数组索引: ajax_html[D:\phpStudy\WWW\feichangcelue\application\index\controller\Index.php:90]
[ error ] [2]trim() expects parameter 1 to be string, array given[D:\phpStudy\WWW\feichangcelue\application\index\controller\Index.php:99]
[ error ] [2]trim() expects parameter 1 to be string, array given[D:\phpStudy\WWW\feichangcelue\application\index\controller\Index.php:104]
[ error ] [8]Trying to get property of non-object[D:\phpStudy\WWW\feichangcelue\application\index\controller\Index.php:115]
[ error ] [8]未定义变量: earnSum[D:\phpStudy\WWW\feichangcelue\runtime\temp\92ab0b2d433299508c9c6b711f69d093.php:140]
---------------------------------------------------------------
[ 2018-11-24T11:59:57+08:00 ] ::1 ::1 POST /feichangcelue/app_broadcast.html
[ info ] localhost/feichangcelue/app_broadcast.html [运行时间：0.374624s][吞吐率：2.67req/s] [内存消耗：3,320.66kb] [文件加载：57]
[ info ] [ LANG ] D:\phpStudy\WWW\feichangcelue\thinkphp\lang\zh-cn.php
[ info ] [ ROUTE ] array (
  'type' => 'module',
  'module' => 
  array (
    0 => 'index',
    1 => 'index',
    2 => 'app_broadcast',
  ),
  'convert' => false,
)
[ info ] [ HEADER ] array (
  'host' => 'localhost',
  'connection' => 'keep-alive',
  'content-length' => '0',
  'pragma' => 'no-cache',
  'cache-control' => 'no-cache',
  'accept' => 'application/json, text/javascript, */*; q=0.01',
  'origin' => 'http://localhost',
  'x-requested-with' => 'XMLHttpRequest',
  'user-agent' => 'Mozilla/5.0 (iPhone; CPU iPhone OS 9_1 like Mac OS X) AppleWebKit/601.1.46 (KHTML, like Gecko) Version/9.0 Mobile/13B143 Safari/601.1',
  'referer' => 'http://localhost/feichangcelue/',
  'accept-encoding' => 'gzip, deflate, br',
  'accept-language' => 'zh-CN,zh;q=0.8',
  'cookie' => 'Hm_lvt_32e3cb4cf7e5c6772c4dc1f5d496b6af=1542902976; PHPSESSID=8pq52qjj7bp8ccl9tevap5qm56; pageReferrInSession=http%3A//localhost/; firstEnterUrlInSession=http%3A//localhost/feichangcelue/; Hm_lvt_f571b55302a951627ab98145b99cdaab=1543031947; Hm_lpvt_f571b55302a951627ab98145b99cdaab=1543031947; VisitorCapacity=1',
)
[ info ] [ PARAM ] array (
)
[ info ] [ CACHE ] INIT File
[ info ] [ BEHAVIOR ] Run app\common\behavior\Config @app_begin [ RunTime:0.011305s ]
[ info ] [ BEHAVIOR ] Run app\common\behavior\Hook @app_begin [ RunTime:0.020837s ]
[ info ] [ DB ] INIT mysql
[ info ] [ RUN ] app\index\controller\Index->app_broadcast[ D:\phpStudy\WWW\feichangcelue\application\index\controller\Index.php ]
[ info ] [ LOG ] INIT File
[ sql ] [ DB ] CONNECT:[ UseTime:0.057232s ] mysql:dbname=peizi;host=rm-wz9l3z92630ora5wjwo.mysql.rds.aliyuncs.com;port=3306;charset=utf8
[ sql ] [ SQL ] SHOW COLUMNS FROM `xh_member` [ RunTime:0.021204s ]
[ sql ] [ SQL ] SELECT `usableSum` FROM `xh_member` WHERE  (  id=1348 ) LIMIT 1 [ RunTime:0.014157s ]
[ sql ] [ SQL ] SHOW COLUMNS FROM `xh_images` [ RunTime:0.013990s ]
[ sql ] [ SQL ] SELECT `src`,`href` FROM `xh_images` WHERE  `type` = 2 ORDER BY `id`  desc LIMIT 0,3 [ RunTime:0.013190s ]
---------------------------------------------------------------
[ 2018-11-24T11:59:57+08:00 ] ::1 ::1 GET /feichangcelue/public/stock/js/maps/swiper.jquery.min.js.map
[ info ] localhost/feichangcelue/public/stock/js/maps/swiper.jquery.min.js.map [运行时间：0.223404s][吞吐率：4.48req/s] [内存消耗：2,020.44kb] [文件加载：47]
[ info ] [ LANG ] D:\phpStudy\WWW\feichangcelue\thinkphp\lang\zh-cn.php
[ info ] [ ROUTE ] array (
  'type' => 'module',
  'module' => 
  array (
    0 => 'public',
    1 => 'stock',
    2 => 'js',
  ),
)
[ info ] [ HEADER ] array (
  'host' => 'localhost',
  'connection' => 'keep-alive',
  'user-agent' => 'Mozilla/5.0 (iPhone; CPU iPhone OS 9_1 like Mac OS X) AppleWebKit/601.1.46 (KHTML, like Gecko) Version/9.0 Mobile/13B143 Safari/601.1',
  'cache-control' => 'no-cache',
  'accept-encoding' => 'gzip, deflate, br',
  'accept-language' => 'zh-CN,zh;q=0.8',
  'cookie' => 'Hm_lvt_32e3cb4cf7e5c6772c4dc1f5d496b6af=1542902976; PHPSESSID=8pq52qjj7bp8ccl9tevap5qm56; pageReferrInSession=http%3A//localhost/; firstEnterUrlInSession=http%3A//localhost/feichangcelue/; Hm_lvt_f571b55302a951627ab98145b99cdaab=1543031947; Hm_lpvt_f571b55302a951627ab98145b99cdaab=1543031947; VisitorCapacity=1',
)
[ info ] [ PARAM ] array (
  'maps' => 'swiper.jquery.min.js.map',
)
[ info ] [ CACHE ] INIT File
[ info ] [ BEHAVIOR ] Run app\common\behavior\Config @app_begin [ RunTime:0.010799s ]
[ info ] [ BEHAVIOR ] Run app\common\behavior\Hook @app_begin [ RunTime:0.042632s ]
[ info ] [ LOG ] INIT File
---------------------------------------------------------------
[ 2018-11-24T11:59:58+08:00 ] ::1 ::1 POST /feichangcelue/stock_exponential_sz.html
[ info ] localhost/feichangcelue/stock_exponential_sz.html [运行时间：0.581207s][吞吐率：1.72req/s] [内存消耗：3,417.90kb] [文件加载：57]
[ info ] [ LANG ] D:\phpStudy\WWW\feichangcelue\thinkphp\lang\zh-cn.php
[ info ] [ ROUTE ] array (
  'type' => 'module',
  'module' => 
  array (
    0 => 'index',
    1 => 'index',
    2 => 'stock_exponential_sz',
  ),
  'convert' => false,
)
[ info ] [ HEADER ] array (
  'host' => 'localhost',
  'connection' => 'keep-alive',
  'content-length' => '0',
  'pragma' => 'no-cache',
  'cache-control' => 'no-cache',
  'accept' => 'application/json, text/javascript, */*; q=0.01',
  'origin' => 'http://localhost',
  'x-requested-with' => 'XMLHttpRequest',
  'user-agent' => 'Mozilla/5.0 (iPhone; CPU iPhone OS 9_1 like Mac OS X) AppleWebKit/601.1.46 (KHTML, like Gecko) Version/9.0 Mobile/13B143 Safari/601.1',
  'referer' => 'http://localhost/feichangcelue/',
  'accept-encoding' => 'gzip, deflate, br',
  'accept-language' => 'zh-CN,zh;q=0.8',
  'cookie' => 'Hm_lvt_32e3cb4cf7e5c6772c4dc1f5d496b6af=1542902976; PHPSESSID=8pq52qjj7bp8ccl9tevap5qm56; pageReferrInSession=http%3A//localhost/; firstEnterUrlInSession=http%3A//localhost/feichangcelue/; Hm_lvt_f571b55302a951627ab98145b99cdaab=1543031947; Hm_lpvt_f571b55302a951627ab98145b99cdaab=1543031947; VisitorCapacity=1',
)
[ info ] [ PARAM ] array (
)
[ info ] [ CACHE ] INIT File
[ info ] [ BEHAVIOR ] Run app\common\behavior\Config @app_begin [ RunTime:0.009034s ]
[ info ] [ BEHAVIOR ] Run app\common\behavior\Hook @app_begin [ RunTime:0.035587s ]
[ info ] [ DB ] INIT mysql
[ info ] [ RUN ] app\index\controller\Index->stock_exponential_sz[ D:\phpStudy\WWW\feichangcelue\application\index\controller\Index.php ]
[ info ] [ LOG ] INIT File
[ sql ] [ DB ] CONNECT:[ UseTime:0.035685s ] mysql:dbname=peizi;host=rm-wz9l3z92630ora5wjwo.mysql.rds.aliyuncs.com;port=3306;charset=utf8
[ sql ] [ SQL ] SHOW COLUMNS FROM `xh_member` [ RunTime:0.018260s ]
[ sql ] [ SQL ] SELECT `usableSum` FROM `xh_member` WHERE  (  id=1348 ) LIMIT 1 [ RunTime:0.018272s ]
---------------------------------------------------------------
[ 2018-11-24T11:59:58+08:00 ] ::1 ::1 POST /feichangcelue/stock_exponential_sh.html
[ info ] localhost/feichangcelue/stock_exponential_sh.html [运行时间：0.820861s][吞吐率：1.22req/s] [内存消耗：3,416.68kb] [文件加载：57]
[ info ] [ LANG ] D:\phpStudy\WWW\feichangcelue\thinkphp\lang\zh-cn.php
[ info ] [ ROUTE ] array (
  'type' => 'module',
  'module' => 
  array (
    0 => 'index',
    1 => 'index',
    2 => 'stock_exponential_sh',
  ),
  'convert' => false,
)
[ info ] [ HEADER ] array (
  'host' => 'localhost',
  'connection' => 'keep-alive',
  'content-length' => '0',
  'pragma' => 'no-cache',
  'cache-control' => 'no-cache',
  'accept' => 'application/json, text/javascript, */*; q=0.01',
  'origin' => 'http://localhost',
  'x-requested-with' => 'XMLHttpRequest',
  'user-agent' => 'Mozilla/5.0 (iPhone; CPU iPhone OS 9_1 like Mac OS X) AppleWebKit/601.1.46 (KHTML, like Gecko) Version/9.0 Mobile/13B143 Safari/601.1',
  'referer' => 'http://localhost/feichangcelue/',
  'accept-encoding' => 'gzip, deflate, br',
  'accept-language' => 'zh-CN,zh;q=0.8',
  'cookie' => 'Hm_lvt_32e3cb4cf7e5c6772c4dc1f5d496b6af=1542902976; PHPSESSID=8pq52qjj7bp8ccl9tevap5qm56; pageReferrInSession=http%3A//localhost/; firstEnterUrlInSession=http%3A//localhost/feichangcelue/; Hm_lvt_f571b55302a951627ab98145b99cdaab=1543031947; Hm_lpvt_f571b55302a951627ab98145b99cdaab=1543031947; VisitorCapacity=1',
)
[ info ] [ PARAM ] array (
)
[ info ] [ CACHE ] INIT File
[ info ] [ BEHAVIOR ] Run app\common\behavior\Config @app_begin [ RunTime:0.008925s ]
[ info ] [ BEHAVIOR ] Run app\common\behavior\Hook @app_begin [ RunTime:0.037894s ]
[ info ] [ DB ] INIT mysql
[ info ] [ RUN ] app\index\controller\Index->stock_exponential_sh[ D:\phpStudy\WWW\feichangcelue\application\index\controller\Index.php ]
[ info ] [ LOG ] INIT File
[ sql ] [ DB ] CONNECT:[ UseTime:0.029072s ] mysql:dbname=peizi;host=rm-wz9l3z92630ora5wjwo.mysql.rds.aliyuncs.com;port=3306;charset=utf8
[ sql ] [ SQL ] SHOW COLUMNS FROM `xh_member` [ RunTime:0.010134s ]
[ sql ] [ SQL ] SELECT `usableSum` FROM `xh_member` WHERE  (  id=1348 ) LIMIT 1 [ RunTime:0.007691s ]
---------------------------------------------------------------
[ 2018-11-24T11:59:59+08:00 ] ::1 ::1 GET /feichangcelue/ucenter/home.html
[ info ] localhost/feichangcelue/ucenter/home.html [运行时间：0.355956s][吞吐率：2.81req/s] [内存消耗：3,597.34kb] [文件加载：64]
[ info ] [ LANG ] D:\phpStudy\WWW\feichangcelue\thinkphp\lang\zh-cn.php
[ info ] [ ROUTE ] array (
  'type' => 'module',
  'module' => 
  array (
    0 => 'index',
    1 => 'ucenter',
    2 => 'home',
  ),
  'convert' => false,
)
[ info ] [ HEADER ] array (
  'host' => 'localhost',
  'connection' => 'keep-alive',
  'pragma' => 'no-cache',
  'cache-control' => 'no-cache',
  'upgrade-insecure-requests' => '1',
  'user-agent' => 'Mozilla/5.0 (iPhone; CPU iPhone OS 9_1 like Mac OS X) AppleWebKit/601.1.46 (KHTML, like Gecko) Version/9.0 Mobile/13B143 Safari/601.1',
  'accept' => 'text/html,application/xhtml+xml,application/xml;q=0.9,image/webp,image/apng,*/*;q=0.8',
  'referer' => 'http://localhost/feichangcelue/',
  'accept-encoding' => 'gzip, deflate, br',
  'accept-language' => 'zh-CN,zh;q=0.8',
  'cookie' => 'Hm_lvt_32e3cb4cf7e5c6772c4dc1f5d496b6af=1542902976; PHPSESSID=8pq52qjj7bp8ccl9tevap5qm56; pageReferrInSession=http%3A//localhost/; firstEnterUrlInSession=http%3A//localhost/feichangcelue/; Hm_lvt_f571b55302a951627ab98145b99cdaab=1543031947; Hm_lpvt_f571b55302a951627ab98145b99cdaab=1543031947; VisitorCapacity=1',
)
[ info ] [ PARAM ] array (
)
[ info ] [ CACHE ] INIT File
[ info ] [ BEHAVIOR ] Run app\common\behavior\Config @app_begin [ RunTime:0.005275s ]
[ info ] [ BEHAVIOR ] Run app\common\behavior\Hook @app_begin [ RunTime:0.014793s ]
[ info ] [ DB ] INIT mysql
[ info ] [ RUN ] app\index\controller\Ucenter->home[ D:\phpStudy\WWW\feichangcelue\application\index\controller\Ucenter.php ]
[ info ] [ VIEW ] D:\phpStudy\WWW\feichangcelue/application/index\view\ucenter\mobile\home.html [ array (
  0 => 'phone',
  1 => 'QQ',
  2 => 'usableSum',
  3 => 'member',
) ]
[ info ] [ LOG ] INIT File
[ sql ] [ DB ] CONNECT:[ UseTime:0.036313s ] mysql:dbname=peizi;host=rm-wz9l3z92630ora5wjwo.mysql.rds.aliyuncs.com;port=3306;charset=utf8
[ sql ] [ SQL ] SHOW COLUMNS FROM `xh_member` [ RunTime:0.016262s ]
[ sql ] [ SQL ] SELECT `usableSum` FROM `xh_member` WHERE  (  id=1348 ) LIMIT 1 [ RunTime:0.015193s ]
[ sql ] [ SQL ] SELECT * FROM `xh_member` WHERE  (  id=1348 ) LIMIT 1 [ RunTime:0.015100s ]
---------------------------------------------------------------
[ 2018-11-24T12:00:01+08:00 ] ::1 ::1 GET /feichangcelue/ucenter/payment.html
[ info ] localhost/feichangcelue/ucenter/payment.html [运行时间：0.599961s][吞吐率：1.67req/s] [内存消耗：3,530.34kb] [文件加载：63]
[ info ] [ LANG ] D:\phpStudy\WWW\feichangcelue\thinkphp\lang\zh-cn.php
[ info ] [ ROUTE ] array (
  'type' => 'module',
  'module' => 
  array (
    0 => 'index',
    1 => 'ucenter',
    2 => 'payment',
  ),
  'convert' => false,
)
[ info ] [ HEADER ] array (
  'host' => 'localhost',
  'connection' => 'keep-alive',
  'pragma' => 'no-cache',
  'cache-control' => 'no-cache',
  'upgrade-insecure-requests' => '1',
  'user-agent' => 'Mozilla/5.0 (iPhone; CPU iPhone OS 9_1 like Mac OS X) AppleWebKit/601.1.46 (KHTML, like Gecko) Version/9.0 Mobile/13B143 Safari/601.1',
  'accept' => 'text/html,application/xhtml+xml,application/xml;q=0.9,image/webp,image/apng,*/*;q=0.8',
  'referer' => 'http://localhost/feichangcelue/ucenter/home.html',
  'accept-encoding' => 'gzip, deflate, br',
  'accept-language' => 'zh-CN,zh;q=0.8',
  'cookie' => 'Hm_lvt_32e3cb4cf7e5c6772c4dc1f5d496b6af=1542902976; PHPSESSID=8pq52qjj7bp8ccl9tevap5qm56; pageReferrInSession=http%3A//localhost/; firstEnterUrlInSession=http%3A//localhost/feichangcelue/; Hm_lvt_f571b55302a951627ab98145b99cdaab=1543031947; Hm_lpvt_f571b55302a951627ab98145b99cdaab=1543031947; VisitorCapacity=1',
)
[ info ] [ PARAM ] array (
)
[ info ] [ CACHE ] INIT File
[ info ] [ BEHAVIOR ] Run app\common\behavior\Config @app_begin [ RunTime:0.005782s ]
[ info ] [ BEHAVIOR ] Run app\common\behavior\Hook @app_begin [ RunTime:0.015039s ]
[ info ] [ DB ] INIT mysql
[ info ] [ RUN ] app\index\controller\Ucenter->payment[ D:\phpStudy\WWW\feichangcelue\application\index\controller\Ucenter.php ]
[ info ] [ VIEW ] D:\phpStudy\WWW\feichangcelue/application/index\view\ucenter\mobile\payment.html [ array (
  0 => 'phone',
  1 => 'QQ',
  2 => 'usableSum',
  3 => 'member',
) ]
[ info ] [ LOG ] INIT File
[ sql ] [ DB ] CONNECT:[ UseTime:0.022192s ] mysql:dbname=peizi;host=rm-wz9l3z92630ora5wjwo.mysql.rds.aliyuncs.com;port=3306;charset=utf8
[ sql ] [ SQL ] SHOW COLUMNS FROM `xh_member` [ RunTime:0.010082s ]
[ sql ] [ SQL ] SELECT `usableSum` FROM `xh_member` WHERE  (  id=1348 ) LIMIT 1 [ RunTime:0.009889s ]
[ sql ] [ SQL ] SELECT * FROM `xh_member` WHERE  (  id=1348 ) LIMIT 1 [ RunTime:0.009034s ]
---------------------------------------------------------------
[ 2018-11-24T12:00:03+08:00 ] ::1 ::1 GET /feichangcelue/ucenter/bank_transfer.html
[ info ] localhost/feichangcelue/ucenter/bank_transfer.html [运行时间：0.301716s][吞吐率：3.31req/s] [内存消耗：3,686.31kb] [文件加载：67]
[ info ] [ LANG ] D:\phpStudy\WWW\feichangcelue\thinkphp\lang\zh-cn.php
[ info ] [ ROUTE ] array (
  'type' => 'module',
  'module' => 
  array (
    0 => 'index',
    1 => 'ucenter',
    2 => 'bank_transfer',
  ),
  'convert' => false,
)
[ info ] [ HEADER ] array (
  'host' => 'localhost',
  'connection' => 'keep-alive',
  'pragma' => 'no-cache',
  'cache-control' => 'no-cache',
  'upgrade-insecure-requests' => '1',
  'user-agent' => 'Mozilla/5.0 (iPhone; CPU iPhone OS 9_1 like Mac OS X) AppleWebKit/601.1.46 (KHTML, like Gecko) Version/9.0 Mobile/13B143 Safari/601.1',
  'accept' => 'text/html,application/xhtml+xml,application/xml;q=0.9,image/webp,image/apng,*/*;q=0.8',
  'referer' => 'http://localhost/feichangcelue/ucenter/payment.html',
  'accept-encoding' => 'gzip, deflate, br',
  'accept-language' => 'zh-CN,zh;q=0.8',
  'cookie' => 'Hm_lvt_32e3cb4cf7e5c6772c4dc1f5d496b6af=1542902976; PHPSESSID=8pq52qjj7bp8ccl9tevap5qm56; pageReferrInSession=http%3A//localhost/; firstEnterUrlInSession=http%3A//localhost/feichangcelue/; Hm_lvt_f571b55302a951627ab98145b99cdaab=1543031947; Hm_lpvt_f571b55302a951627ab98145b99cdaab=1543031947; VisitorCapacity=1',
)
[ info ] [ PARAM ] array (
)
[ info ] [ CACHE ] INIT File
[ info ] [ BEHAVIOR ] Run app\common\behavior\Config @app_begin [ RunTime:0.005220s ]
[ info ] [ BEHAVIOR ] Run app\common\behavior\Hook @app_begin [ RunTime:0.014102s ]
[ info ] [ DB ] INIT mysql
[ info ] [ RUN ] app\index\controller\Ucenter->bank_transfer[ D:\phpStudy\WWW\feichangcelue\application\index\controller\Ucenter.php ]
[ info ] [ VIEW ] D:\phpStudy\WWW\feichangcelue/application/index\view\ucenter\mobile\bank_transfer.html [ array (
  0 => 'phone',
  1 => 'QQ',
  2 => 'usableSum',
  3 => 'member',
) ]
[ info ] [ LOG ] INIT File
[ sql ] [ DB ] CONNECT:[ UseTime:0.034135s ] mysql:dbname=peizi;host=rm-wz9l3z92630ora5wjwo.mysql.rds.aliyuncs.com;port=3306;charset=utf8
[ sql ] [ SQL ] SHOW COLUMNS FROM `xh_member` [ RunTime:0.016275s ]
[ sql ] [ SQL ] SELECT `usableSum` FROM `xh_member` WHERE  (  id=1348 ) LIMIT 1 [ RunTime:0.015522s ]
[ sql ] [ SQL ] SELECT * FROM `xh_member` WHERE  (  id=1348 ) LIMIT 1 [ RunTime:0.015112s ]
[ sql ] [ SQL ] SELECT `username` FROM `xh_member` WHERE  `id` = 1348 LIMIT 1 [ RunTime:0.013997s ]
[ sql ] [ SQL ] SELECT `mobile` FROM `xh_member` WHERE  `id` = 1348 LIMIT 1 [ RunTime:0.013920s ]
[ error ] [8]未定义数组索引: pay_money[D:\phpStudy\WWW\feichangcelue\application\index\controller\Ucenter.php:120]
[ error ] [8]未定义数组索引: beizhu[D:\phpStudy\WWW\feichangcelue\application\index\controller\Ucenter.php:121]
[ error ] [8]未定义数组索引: bank_num[D:\phpStudy\WWW\feichangcelue\application\index\controller\Ucenter.php:122]
