---------------------------------------------------------------
[ 2018-09-10T11:07:19+08:00 ] ::1 ::1 GET /feichangcelue/admin.php
[ info ] localhost/feichangcelue/admin.php [运行时间：0.680887s][吞吐率：1.47req/s] [内存消耗：1,335.71kb] [文件加载：37]
[ info ] [ CACHE ] INIT File
[ info ] [ LANG ] D:\phpStudy\WWW\feichangcelue\thinkphp\lang\zh-cn.php
[ info ] [ ROUTE ] array (
  'type' => 'module',
  'module' => 
  array (
    0 => '',
    1 => NULL,
    2 => NULL,
  ),
)
[ info ] [ HEADER ] array (
  'host' => 'localhost',
  'connection' => 'keep-alive',
  'upgrade-insecure-requests' => '1',
  'user-agent' => 'Mozilla/5.0 (Windows NT 6.3; WOW64) AppleWebKit/537.36 (KHTML, like Gecko) Chrome/59.0.3071.86 Safari/537.36',
  'accept' => 'text/html,application/xhtml+xml,application/xml;q=0.9,image/webp,image/apng,*/*;q=0.8',
  'accept-encoding' => 'gzip, deflate, br',
  'accept-language' => 'zh-CN,zh;q=0.8',
  'cookie' => 'Webstorm-2b4316d0=ed6ed4d1-a69a-4e3f-977f-9193c50edf03; Phpstorm-312c68d3=2dc0a4d6-0d85-4486-9436-ea8fb2e470df; Huiskin=red',
)
[ info ] [ PARAM ] array (
)
[ info ] [ LOG ] INIT File
---------------------------------------------------------------
[ 2018-09-10T11:07:20+08:00 ] ::1 ::1 GET /feichangcelue/admin.php/admin
[ info ] localhost/feichangcelue/admin.php/admin [运行时间：0.838601s][吞吐率：1.19req/s] [内存消耗：3,275.73kb] [文件加载：66]
[ info ] [ CACHE ] INIT File
[ info ] [ LANG ] D:\phpStudy\WWW\feichangcelue\thinkphp\lang\zh-cn.php
[ info ] [ ROUTE ] array (
  'type' => 'module',
  'module' => 
  array (
    0 => 'admin',
    1 => NULL,
    2 => NULL,
  ),
)
[ info ] [ HEADER ] array (
  'host' => 'localhost',
  'connection' => 'keep-alive',
  'upgrade-insecure-requests' => '1',
  'user-agent' => 'Mozilla/5.0 (Windows NT 6.3; WOW64) AppleWebKit/537.36 (KHTML, like Gecko) Chrome/59.0.3071.86 Safari/537.36',
  'accept' => 'text/html,application/xhtml+xml,application/xml;q=0.9,image/webp,image/apng,*/*;q=0.8',
  'accept-encoding' => 'gzip, deflate, br',
  'accept-language' => 'zh-CN,zh;q=0.8',
  'cookie' => 'Webstorm-2b4316d0=ed6ed4d1-a69a-4e3f-977f-9193c50edf03; Phpstorm-312c68d3=2dc0a4d6-0d85-4486-9436-ea8fb2e470df; Huiskin=red',
)
[ info ] [ PARAM ] array (
)
[ info ] [ DB ] INIT mysql
[ info ] [ BEHAVIOR ] Run app\common\behavior\Config @app_begin [ RunTime:0.397119s ]
[ info ] [ BEHAVIOR ] Run app\common\behavior\Hook @app_begin [ RunTime:0.194255s ]
[ info ] [ SESSION ] INIT array (
  'id' => '',
  'var_session_id' => '',
  'prefix' => 'xinhuo_admin_',
  'type' => '',
  'auto_start' => true,
)
[ info ] [ LOG ] INIT File
[ sql ] [ DB ] CONNECT:[ UseTime:0.116427s ] mysql:dbname=peizi;host=rm-wz9l3z92630ora5wjwo.mysql.rds.aliyuncs.com;port=3306;charset=utf8
[ sql ] [ SQL ] SHOW COLUMNS FROM `xh_admin_config` [ RunTime:0.025347s ]
[ sql ] [ SQL ] SELECT `name`,`value`,`type` FROM `xh_admin_config` [ RunTime:0.019962s ]
[ sql ] [ SQL ] SHOW COLUMNS FROM `xh_admin_module` [ RunTime:0.019972s ]
[ sql ] [ SQL ] SELECT `name`,`config` FROM `xh_admin_module` WHERE  `config` <> '' [ RunTime:0.020837s ]
[ sql ] [ SQL ] SHOW COLUMNS FROM `xh_admin_hook` [ RunTime:0.021552s ]
[ sql ] [ SQL ] SELECT `name`,`status` FROM `xh_admin_hook` WHERE  `status` = 1 [ RunTime:0.023171s ]
[ sql ] [ SQL ] SHOW COLUMNS FROM `xh_admin_plugin` [ RunTime:0.019326s ]
[ sql ] [ SQL ] SELECT `name`,`status` FROM `xh_admin_plugin` WHERE  `status` = 1 [ RunTime:0.022426s ]
[ sql ] [ SQL ] SHOW COLUMNS FROM `xh_admin_hook_plugin` [ RunTime:0.021044s ]
[ sql ] [ SQL ] SELECT * FROM `xh_admin_hook_plugin` WHERE  `status` = 1 ORDER BY hook,sort [ RunTime:0.021886s ]
---------------------------------------------------------------
[ 2018-09-10T11:07:20+08:00 ] ::1 ::1 GET /feichangcelue/admin.php/user/publics/signin.html
[ info ] localhost/feichangcelue/admin.php/user/publics/signin.html [运行时间：0.253368s][吞吐率：3.95req/s] [内存消耗：3,032.24kb] [文件加载：62]
[ info ] [ CACHE ] INIT File
[ info ] [ LANG ] D:\phpStudy\WWW\feichangcelue\thinkphp\lang\zh-cn.php
[ info ] [ ROUTE ] array (
  'type' => 'module',
  'module' => 
  array (
    0 => 'user',
    1 => 'publics',
    2 => 'signin',
  ),
)
[ info ] [ HEADER ] array (
  'host' => 'localhost',
  'connection' => 'keep-alive',
  'upgrade-insecure-requests' => '1',
  'user-agent' => 'Mozilla/5.0 (Windows NT 6.3; WOW64) AppleWebKit/537.36 (KHTML, like Gecko) Chrome/59.0.3071.86 Safari/537.36',
  'accept' => 'text/html,application/xhtml+xml,application/xml;q=0.9,image/webp,image/apng,*/*;q=0.8',
  'accept-encoding' => 'gzip, deflate, br',
  'accept-language' => 'zh-CN,zh;q=0.8',
  'cookie' => 'Webstorm-2b4316d0=ed6ed4d1-a69a-4e3f-977f-9193c50edf03; Phpstorm-312c68d3=2dc0a4d6-0d85-4486-9436-ea8fb2e470df; Huiskin=red; PHPSESSID=tvr2i4mn51undgvspamj1996v6',
)
[ info ] [ PARAM ] array (
)
[ info ] [ BEHAVIOR ] Run app\common\behavior\Config @app_begin [ RunTime:0.003270s ]
[ info ] [ BEHAVIOR ] Run app\common\behavior\Hook @app_begin [ RunTime:0.020933s ]
[ info ] [ RUN ] app\user\admin\Publics->signin[ D:\phpStudy\WWW\feichangcelue\application\user\admin\Publics.php ]
[ info ] [ DB ] INIT mysql
[ info ] [ SESSION ] INIT array (
  'id' => '',
  'var_session_id' => '',
  'prefix' => 'xinhuo_admin_',
  'type' => '',
  'auto_start' => true,
)
[ info ] [ VIEW ] D:\phpStudy\WWW\feichangcelue/application/user/view/admin/publics\signin.html [ array (
) ]
[ info ] [ LOG ] INIT File
---------------------------------------------------------------
[ 2018-09-10T11:07:22+08:00 ] ::1 ::1 GET /feichangcelue/public/static/admin/img/favicons/favicon-32x32.png
[ info ] localhost/feichangcelue/public/static/admin/img/favicons/favicon-32x32.png [运行时间：0.307887s][吞吐率：3.25req/s] [内存消耗：1,924.00kb] [文件加载：47]
[ info ] [ CACHE ] INIT File
[ info ] [ LANG ] D:\phpStudy\WWW\feichangcelue\thinkphp\lang\zh-cn.php
[ info ] [ ROUTE ] array (
  'type' => 'module',
  'module' => 
  array (
    0 => 'public',
    1 => 'static',
    2 => 'admin',
  ),
)
[ info ] [ HEADER ] array (
  'host' => 'localhost',
  'connection' => 'keep-alive',
  'user-agent' => 'Mozilla/5.0 (Windows NT 6.3; WOW64) AppleWebKit/537.36 (KHTML, like Gecko) Chrome/59.0.3071.86 Safari/537.36',
  'accept' => 'image/webp,image/apng,image/*,*/*;q=0.8',
  'referer' => 'http://localhost/feichangcelue/admin.php/user/publics/signin.html',
  'accept-encoding' => 'gzip, deflate, br',
  'accept-language' => 'zh-CN,zh;q=0.8',
  'cookie' => 'Webstorm-2b4316d0=ed6ed4d1-a69a-4e3f-977f-9193c50edf03; Phpstorm-312c68d3=2dc0a4d6-0d85-4486-9436-ea8fb2e470df; Huiskin=red; PHPSESSID=tvr2i4mn51undgvspamj1996v6',
)
[ info ] [ PARAM ] array (
  'img' => 'favicons',
)
[ info ] [ BEHAVIOR ] Run app\common\behavior\Config @app_begin [ RunTime:0.001510s ]
[ info ] [ BEHAVIOR ] Run app\common\behavior\Hook @app_begin [ RunTime:0.018638s ]
[ info ] [ LOG ] INIT File
---------------------------------------------------------------
[ 2018-09-10T11:07:22+08:00 ] ::1 ::1 GET /feichangcelue/public/static/admin/img/favicons/favicon-16x16.png
[ info ] localhost/feichangcelue/public/static/admin/img/favicons/favicon-16x16.png [运行时间：0.122295s][吞吐率：8.18req/s] [内存消耗：1,924.03kb] [文件加载：47]
[ info ] [ CACHE ] INIT File
[ info ] [ LANG ] D:\phpStudy\WWW\feichangcelue\thinkphp\lang\zh-cn.php
[ info ] [ ROUTE ] array (
  'type' => 'module',
  'module' => 
  array (
    0 => 'public',
    1 => 'static',
    2 => 'admin',
  ),
)
[ info ] [ HEADER ] array (
  'host' => 'localhost',
  'connection' => 'keep-alive',
  'user-agent' => 'Mozilla/5.0 (Windows NT 6.3; WOW64) AppleWebKit/537.36 (KHTML, like Gecko) Chrome/59.0.3071.86 Safari/537.36',
  'accept' => 'image/webp,image/apng,image/*,*/*;q=0.8',
  'referer' => 'http://localhost/feichangcelue/admin.php/user/publics/signin.html',
  'accept-encoding' => 'gzip, deflate, br',
  'accept-language' => 'zh-CN,zh;q=0.8',
  'cookie' => 'Webstorm-2b4316d0=ed6ed4d1-a69a-4e3f-977f-9193c50edf03; Phpstorm-312c68d3=2dc0a4d6-0d85-4486-9436-ea8fb2e470df; Huiskin=red; PHPSESSID=tvr2i4mn51undgvspamj1996v6',
)
[ info ] [ PARAM ] array (
  'img' => 'favicons',
)
[ info ] [ BEHAVIOR ] Run app\common\behavior\Config @app_begin [ RunTime:0.001192s ]
[ info ] [ BEHAVIOR ] Run app\common\behavior\Hook @app_begin [ RunTime:0.014985s ]
[ info ] [ LOG ] INIT File
---------------------------------------------------------------
[ 2018-09-10T11:07:22+08:00 ] ::1 ::1 GET /feichangcelue/public/static/admin/img/favicons/favicon-96x96.png
[ info ] localhost/feichangcelue/public/static/admin/img/favicons/favicon-96x96.png [运行时间：0.120682s][吞吐率：8.29req/s] [内存消耗：1,924.03kb] [文件加载：47]
[ info ] [ CACHE ] INIT File
[ info ] [ LANG ] D:\phpStudy\WWW\feichangcelue\thinkphp\lang\zh-cn.php
[ info ] [ ROUTE ] array (
  'type' => 'module',
  'module' => 
  array (
    0 => 'public',
    1 => 'static',
    2 => 'admin',
  ),
)
[ info ] [ HEADER ] array (
  'host' => 'localhost',
  'connection' => 'keep-alive',
  'user-agent' => 'Mozilla/5.0 (Windows NT 6.3; WOW64) AppleWebKit/537.36 (KHTML, like Gecko) Chrome/59.0.3071.86 Safari/537.36',
  'accept' => 'image/webp,image/apng,image/*,*/*;q=0.8',
  'referer' => 'http://localhost/feichangcelue/admin.php/user/publics/signin.html',
  'accept-encoding' => 'gzip, deflate, br',
  'accept-language' => 'zh-CN,zh;q=0.8',
  'cookie' => 'Webstorm-2b4316d0=ed6ed4d1-a69a-4e3f-977f-9193c50edf03; Phpstorm-312c68d3=2dc0a4d6-0d85-4486-9436-ea8fb2e470df; Huiskin=red; PHPSESSID=tvr2i4mn51undgvspamj1996v6',
)
[ info ] [ PARAM ] array (
  'img' => 'favicons',
)
[ info ] [ BEHAVIOR ] Run app\common\behavior\Config @app_begin [ RunTime:0.001105s ]
[ info ] [ BEHAVIOR ] Run app\common\behavior\Hook @app_begin [ RunTime:0.017969s ]
[ info ] [ LOG ] INIT File
---------------------------------------------------------------
[ 2018-09-10T11:07:22+08:00 ] ::1 ::1 GET /feichangcelue/public/static/admin/img/favicons/favicon-160x160.png
[ info ] localhost/feichangcelue/public/static/admin/img/favicons/favicon-160x160.png [运行时间：0.127556s][吞吐率：7.84req/s] [内存消耗：1,923.95kb] [文件加载：47]
[ info ] [ CACHE ] INIT File
[ info ] [ LANG ] D:\phpStudy\WWW\feichangcelue\thinkphp\lang\zh-cn.php
[ info ] [ ROUTE ] array (
  'type' => 'module',
  'module' => 
  array (
    0 => 'public',
    1 => 'static',
    2 => 'admin',
  ),
)
[ info ] [ HEADER ] array (
  'host' => 'localhost',
  'connection' => 'keep-alive',
  'user-agent' => 'Mozilla/5.0 (Windows NT 6.3; WOW64) AppleWebKit/537.36 (KHTML, like Gecko) Chrome/59.0.3071.86 Safari/537.36',
  'accept' => 'image/webp,image/apng,image/*,*/*;q=0.8',
  'referer' => 'http://localhost/feichangcelue/admin.php/user/publics/signin.html',
  'accept-encoding' => 'gzip, deflate, br',
  'accept-language' => 'zh-CN,zh;q=0.8',
  'cookie' => 'Webstorm-2b4316d0=ed6ed4d1-a69a-4e3f-977f-9193c50edf03; Phpstorm-312c68d3=2dc0a4d6-0d85-4486-9436-ea8fb2e470df; Huiskin=red; PHPSESSID=tvr2i4mn51undgvspamj1996v6',
)
[ info ] [ PARAM ] array (
  'img' => 'favicons',
)
[ info ] [ BEHAVIOR ] Run app\common\behavior\Config @app_begin [ RunTime:0.001561s ]
[ info ] [ BEHAVIOR ] Run app\common\behavior\Hook @app_begin [ RunTime:0.021189s ]
[ info ] [ LOG ] INIT File
---------------------------------------------------------------
[ 2018-09-10T11:07:22+08:00 ] ::1 ::1 GET /feichangcelue/public/static/admin/img/favicons/favicon-192x192.png
[ info ] localhost/feichangcelue/public/static/admin/img/favicons/favicon-192x192.png [运行时间：0.102429s][吞吐率：9.76req/s] [内存消耗：1,923.95kb] [文件加载：47]
[ info ] [ CACHE ] INIT File
[ info ] [ LANG ] D:\phpStudy\WWW\feichangcelue\thinkphp\lang\zh-cn.php
[ info ] [ ROUTE ] array (
  'type' => 'module',
  'module' => 
  array (
    0 => 'public',
    1 => 'static',
    2 => 'admin',
  ),
)
[ info ] [ HEADER ] array (
  'host' => 'localhost',
  'connection' => 'keep-alive',
  'user-agent' => 'Mozilla/5.0 (Windows NT 6.3; WOW64) AppleWebKit/537.36 (KHTML, like Gecko) Chrome/59.0.3071.86 Safari/537.36',
  'accept' => 'image/webp,image/apng,image/*,*/*;q=0.8',
  'referer' => 'http://localhost/feichangcelue/admin.php/user/publics/signin.html',
  'accept-encoding' => 'gzip, deflate, br',
  'accept-language' => 'zh-CN,zh;q=0.8',
  'cookie' => 'Webstorm-2b4316d0=ed6ed4d1-a69a-4e3f-977f-9193c50edf03; Phpstorm-312c68d3=2dc0a4d6-0d85-4486-9436-ea8fb2e470df; Huiskin=red; PHPSESSID=tvr2i4mn51undgvspamj1996v6',
)
[ info ] [ PARAM ] array (
  'img' => 'favicons',
)
[ info ] [ BEHAVIOR ] Run app\common\behavior\Config @app_begin [ RunTime:0.001036s ]
[ info ] [ BEHAVIOR ] Run app\common\behavior\Hook @app_begin [ RunTime:0.015888s ]
[ info ] [ LOG ] INIT File
---------------------------------------------------------------
[ 2018-09-10T11:07:35+08:00 ] ::1 ::1 GET /feichangcelue/index_information_second
[ info ] localhost/feichangcelue/index_information_second [运行时间：0.236328s][吞吐率：4.23req/s] [内存消耗：2,514.49kb] [文件加载：57]
[ info ] [ CACHE ] INIT File
[ info ] [ LANG ] D:\phpStudy\WWW\feichangcelue\thinkphp\lang\zh-cn.php
[ info ] [ ROUTE ] array (
  'type' => 'module',
  'module' => 
  array (
    0 => 'index',
    1 => 'index',
    2 => 'index_information_second',
  ),
  'convert' => false,
)
[ info ] [ HEADER ] array (
  'host' => 'localhost',
  'connection' => 'keep-alive',
  'upgrade-insecure-requests' => '1',
  'user-agent' => 'Mozilla/5.0 (Windows NT 6.3; WOW64) AppleWebKit/537.36 (KHTML, like Gecko) Chrome/59.0.3071.86 Safari/537.36',
  'accept' => 'text/html,application/xhtml+xml,application/xml;q=0.9,image/webp,image/apng,*/*;q=0.8',
  'accept-encoding' => 'gzip, deflate, br',
  'accept-language' => 'zh-CN,zh;q=0.8',
  'cookie' => 'Webstorm-2b4316d0=ed6ed4d1-a69a-4e3f-977f-9193c50edf03; Phpstorm-312c68d3=2dc0a4d6-0d85-4486-9436-ea8fb2e470df; Huiskin=red; PHPSESSID=tvr2i4mn51undgvspamj1996v6',
)
[ info ] [ PARAM ] array (
)
[ info ] [ BEHAVIOR ] Run app\common\behavior\Config @app_begin [ RunTime:0.001214s ]
[ info ] [ BEHAVIOR ] Run app\common\behavior\Hook @app_begin [ RunTime:0.018025s ]
[ info ] [ RUN ] app\index\controller\Index->index_information_second[ D:\phpStudy\WWW\feichangcelue\application\index\controller\Index.php ]
[ info ] [ VIEW ] D:\phpStudy\WWW\feichangcelue/application/index\view\index\index_information.html [ array (
  0 => 'phone',
  1 => 'QQ',
) ]
[ info ] [ LOG ] INIT File
---------------------------------------------------------------
[ 2018-09-10T11:07:41+08:00 ] ::1 ::1 GET /feichangcelue/index_information
[ info ] localhost/feichangcelue/index_information [运行时间：0.151653s][吞吐率：6.59req/s] [内存消耗：2,376.30kb] [文件加载：55]
[ info ] [ CACHE ] INIT File
[ info ] [ LANG ] D:\phpStudy\WWW\feichangcelue\thinkphp\lang\zh-cn.php
[ info ] [ ROUTE ] array (
  'type' => 'module',
  'module' => 
  array (
    0 => 'index',
    1 => 'index',
    2 => 'index_information',
  ),
  'convert' => false,
)
[ info ] [ HEADER ] array (
  'host' => 'localhost',
  'connection' => 'keep-alive',
  'upgrade-insecure-requests' => '1',
  'user-agent' => 'Mozilla/5.0 (Windows NT 6.3; WOW64) AppleWebKit/537.36 (KHTML, like Gecko) Chrome/59.0.3071.86 Safari/537.36',
  'accept' => 'text/html,application/xhtml+xml,application/xml;q=0.9,image/webp,image/apng,*/*;q=0.8',
  'accept-encoding' => 'gzip, deflate, br',
  'accept-language' => 'zh-CN,zh;q=0.8',
  'cookie' => 'Webstorm-2b4316d0=ed6ed4d1-a69a-4e3f-977f-9193c50edf03; Phpstorm-312c68d3=2dc0a4d6-0d85-4486-9436-ea8fb2e470df; Huiskin=red; PHPSESSID=tvr2i4mn51undgvspamj1996v6',
)
[ info ] [ PARAM ] array (
)
[ info ] [ BEHAVIOR ] Run app\common\behavior\Config @app_begin [ RunTime:0.001828s ]
[ info ] [ BEHAVIOR ] Run app\common\behavior\Hook @app_begin [ RunTime:0.017031s ]
[ info ] [ RUN ] app\index\controller\Index->index_information[ D:\phpStudy\WWW\feichangcelue\application\index\controller\Index.php ]
[ info ] [ VIEW ] D:\phpStudy\WWW\feichangcelue/application/index\view\index\index_information.html [ array (
  0 => 'phone',
  1 => 'QQ',
) ]
[ info ] [ LOG ] INIT File
---------------------------------------------------------------
[ 2018-09-10T11:07:48+08:00 ] ::1 ::1 GET /feichangcelue/index_information_first
[ info ] localhost/feichangcelue/index_information_first [运行时间：0.121299s][吞吐率：8.24req/s] [内存消耗：2,376.32kb] [文件加载：55]
[ info ] [ CACHE ] INIT File
[ info ] [ LANG ] D:\phpStudy\WWW\feichangcelue\thinkphp\lang\zh-cn.php
[ info ] [ ROUTE ] array (
  'type' => 'module',
  'module' => 
  array (
    0 => 'index',
    1 => 'index',
    2 => 'index_information_first',
  ),
  'convert' => false,
)
[ info ] [ HEADER ] array (
  'host' => 'localhost',
  'connection' => 'keep-alive',
  'upgrade-insecure-requests' => '1',
  'user-agent' => 'Mozilla/5.0 (Windows NT 6.3; WOW64) AppleWebKit/537.36 (KHTML, like Gecko) Chrome/59.0.3071.86 Safari/537.36',
  'accept' => 'text/html,application/xhtml+xml,application/xml;q=0.9,image/webp,image/apng,*/*;q=0.8',
  'accept-encoding' => 'gzip, deflate, br',
  'accept-language' => 'zh-CN,zh;q=0.8',
  'cookie' => 'Webstorm-2b4316d0=ed6ed4d1-a69a-4e3f-977f-9193c50edf03; Phpstorm-312c68d3=2dc0a4d6-0d85-4486-9436-ea8fb2e470df; Huiskin=red; PHPSESSID=tvr2i4mn51undgvspamj1996v6',
)
[ info ] [ PARAM ] array (
)
[ info ] [ BEHAVIOR ] Run app\common\behavior\Config @app_begin [ RunTime:0.001462s ]
[ info ] [ BEHAVIOR ] Run app\common\behavior\Hook @app_begin [ RunTime:0.013428s ]
[ info ] [ RUN ] app\index\controller\Index->index_information_first[ D:\phpStudy\WWW\feichangcelue\application\index\controller\Index.php ]
[ info ] [ VIEW ] D:\phpStudy\WWW\feichangcelue/application/index\view\index\index_information.html [ array (
  0 => 'phone',
  1 => 'QQ',
) ]
[ info ] [ LOG ] INIT File
