---------------------------------------------------------------
[ 2018-09-11T18:18:05+08:00 ] ::1 ::1 GET /feichangcelue/ucenter/index.html
[ info ] localhost/feichangcelue/ucenter/index.html [运行时间：0.962009s][吞吐率：1.04req/s] [内存消耗：3,827.04kb] [文件加载：74]
[ info ] [ CACHE ] INIT File
[ info ] [ LANG ] D:\phpStudy\WWW\feichangcelue\thinkphp\lang\zh-cn.php
[ info ] [ ROUTE ] array (
  'type' => 'module',
  'module' => 
  array (
    0 => 'index',
    1 => 'ucenter',
    2 => 'member',
  ),
  'convert' => false,
)
[ info ] [ HEADER ] array (
  'host' => 'localhost',
  'connection' => 'keep-alive',
  'pragma' => 'no-cache',
  'cache-control' => 'no-cache',
  'upgrade-insecure-requests' => '1',
  'user-agent' => 'Mozilla/5.0 (iPhone; CPU iPhone OS 9_1 like Mac OS X) AppleWebKit/601.1.46 (KHTML, like Gecko) Version/9.0 Mobile/13B143 Safari/601.1',
  'accept' => 'text/html,application/xhtml+xml,application/xml;q=0.9,image/webp,image/apng,*/*;q=0.8',
  'referer' => 'http://localhost/feichangcelue/ucenter/home.html',
  'accept-encoding' => 'gzip, deflate, br',
  'accept-language' => 'zh-CN,zh;q=0.8',
  'cookie' => 'Webstorm-2b4316d0=ed6ed4d1-a69a-4e3f-977f-9193c50edf03; Phpstorm-312c68d3=2dc0a4d6-0d85-4486-9436-ea8fb2e470df; Huiskin=red; PHPSESSID=od5ruude69o9gubehvn5klqv82; pageReferrInSession=http%3A//localhost/feichangcelue/doLogin.html; firstEnterUrlInSession=http%3A//localhost/feichangcelue/; VisitorCapacity=1',
)
[ info ] [ PARAM ] array (
)
[ info ] [ DB ] INIT mysql
[ info ] [ BEHAVIOR ] Run app\common\behavior\Config @app_begin [ RunTime:0.234539s ]
[ info ] [ BEHAVIOR ] Run app\common\behavior\Hook @app_begin [ RunTime:0.201290s ]
[ info ] [ RUN ] app\index\controller\Ucenter->member[ D:\phpStudy\WWW\feichangcelue\application\index\controller\Ucenter.php ]
[ info ] [ VIEW ] D:\phpStudy\WWW\feichangcelue/application/index\view\ucenter\mobile\index.html [ array (
  0 => 'phone',
  1 => 'QQ',
  2 => 'usableSum',
  3 => 'member',
  4 => 'fundrecord',
) ]
[ info ] [ LOG ] INIT File
[ sql ] [ DB ] CONNECT:[ UseTime:0.049964s ] mysql:dbname=peizi;host=rm-wz9l3z92630ora5wjwo.mysql.rds.aliyuncs.com;port=3306;charset=utf8
[ sql ] [ SQL ] SHOW COLUMNS FROM `xh_admin_config` [ RunTime:0.024315s ]
[ sql ] [ SQL ] SELECT `name`,`value`,`type` FROM `xh_admin_config` [ RunTime:0.019907s ]
[ sql ] [ SQL ] SHOW COLUMNS FROM `xh_admin_module` [ RunTime:0.023780s ]
[ sql ] [ SQL ] SELECT `name`,`config` FROM `xh_admin_module` WHERE  `config` <> '' [ RunTime:0.023611s ]
[ sql ] [ SQL ] SHOW COLUMNS FROM `xh_admin_hook` [ RunTime:0.019932s ]
[ sql ] [ SQL ] SELECT `name`,`status` FROM `xh_admin_hook` WHERE  `status` = 1 [ RunTime:0.024055s ]
[ sql ] [ SQL ] SHOW COLUMNS FROM `xh_admin_plugin` [ RunTime:0.032813s ]
[ sql ] [ SQL ] SELECT `name`,`status` FROM `xh_admin_plugin` WHERE  `status` = 1 [ RunTime:0.027628s ]
[ sql ] [ SQL ] SHOW COLUMNS FROM `xh_admin_hook_plugin` [ RunTime:0.021587s ]
[ sql ] [ SQL ] SELECT * FROM `xh_admin_hook_plugin` WHERE  `status` = 1 ORDER BY hook,sort [ RunTime:0.023569s ]
[ sql ] [ SQL ] SHOW COLUMNS FROM `xh_member` [ RunTime:0.024002s ]
[ sql ] [ SQL ] SELECT `usableSum` FROM `xh_member` WHERE  (  id=1316 ) LIMIT 1 [ RunTime:0.028670s ]
[ sql ] [ SQL ] SELECT * FROM `xh_member` WHERE  (  id=1316 ) LIMIT 1 [ RunTime:0.021561s ]
[ sql ] [ SQL ] SHOW COLUMNS FROM `xh_member_fundrecord` [ RunTime:0.020350s ]
[ sql ] [ SQL ] SELECT COUNT(*) AS tp_count FROM `xh_member_fundrecord` WHERE  (  memberId = 1316 and  1=1   ) LIMIT 1 [ RunTime:0.024725s ]
[ sql ] [ SQL ] SELECT * FROM `xh_member_fundrecord` WHERE  (  memberId = 1316 and  1=1   ) ORDER BY id desc LIMIT 0,10 [ RunTime:0.024331s ]
[ error ] [8]未定义数组索引: flow[D:\phpStudy\WWW\feichangcelue\runtime\temp\daaa74f65244cb0011dc43c9f1ddd1ef.php:47]
[ error ] [8]未定义数组索引: recent[D:\phpStudy\WWW\feichangcelue\runtime\temp\daaa74f65244cb0011dc43c9f1ddd1ef.php:47]
[ error ] [8]未定义数组索引: flow[D:\phpStudy\WWW\feichangcelue\runtime\temp\daaa74f65244cb0011dc43c9f1ddd1ef.php:48]
[ error ] [8]未定义数组索引: recent[D:\phpStudy\WWW\feichangcelue\runtime\temp\daaa74f65244cb0011dc43c9f1ddd1ef.php:48]
[ error ] [8]未定义数组索引: flow[D:\phpStudy\WWW\feichangcelue\runtime\temp\daaa74f65244cb0011dc43c9f1ddd1ef.php:49]
[ error ] [8]未定义数组索引: recent[D:\phpStudy\WWW\feichangcelue\runtime\temp\daaa74f65244cb0011dc43c9f1ddd1ef.php:49]
[ error ] [8]Use of undefined constant count - assumed 'count'[D:\phpStudy\WWW\feichangcelue\runtime\temp\daaa74f65244cb0011dc43c9f1ddd1ef.php:55]
[ error ] [8]Object of class think\paginator\driver\Bootstrap could not be converted to int[D:\phpStudy\WWW\feichangcelue\runtime\temp\daaa74f65244cb0011dc43c9f1ddd1ef.php:55]
---------------------------------------------------------------
[ 2018-09-11T18:18:11+08:00 ] ::1 ::1 GET /feichangcelue/ucenter/index.html?flow=1&recent=
[ info ] localhost/feichangcelue/ucenter/index.html?flow=1&recent= [运行时间：0.481919s][吞吐率：2.08req/s] [内存消耗：3,416.74kb] [文件加载：68]
[ info ] [ CACHE ] INIT File
[ info ] [ LANG ] D:\phpStudy\WWW\feichangcelue\thinkphp\lang\zh-cn.php
[ info ] [ ROUTE ] array (
  'type' => 'module',
  'module' => 
  array (
    0 => 'index',
    1 => 'ucenter',
    2 => 'member',
  ),
  'convert' => false,
)
[ info ] [ HEADER ] array (
  'host' => 'localhost',
  'connection' => 'keep-alive',
  'pragma' => 'no-cache',
  'cache-control' => 'no-cache',
  'upgrade-insecure-requests' => '1',
  'user-agent' => 'Mozilla/5.0 (iPhone; CPU iPhone OS 9_1 like Mac OS X) AppleWebKit/601.1.46 (KHTML, like Gecko) Version/9.0 Mobile/13B143 Safari/601.1',
  'accept' => 'text/html,application/xhtml+xml,application/xml;q=0.9,image/webp,image/apng,*/*;q=0.8',
  'referer' => 'http://localhost/feichangcelue/ucenter/index.html',
  'accept-encoding' => 'gzip, deflate, br',
  'accept-language' => 'zh-CN,zh;q=0.8',
  'cookie' => 'Webstorm-2b4316d0=ed6ed4d1-a69a-4e3f-977f-9193c50edf03; Phpstorm-312c68d3=2dc0a4d6-0d85-4486-9436-ea8fb2e470df; Huiskin=red; PHPSESSID=od5ruude69o9gubehvn5klqv82; pageReferrInSession=http%3A//localhost/feichangcelue/doLogin.html; firstEnterUrlInSession=http%3A//localhost/feichangcelue/; VisitorCapacity=1',
)
[ info ] [ PARAM ] array (
  'flow' => '1',
  'recent' => '',
)
[ info ] [ BEHAVIOR ] Run app\common\behavior\Config @app_begin [ RunTime:0.007512s ]
[ info ] [ BEHAVIOR ] Run app\common\behavior\Hook @app_begin [ RunTime:0.032040s ]
[ info ] [ DB ] INIT mysql
[ info ] [ RUN ] app\index\controller\Ucenter->member[ D:\phpStudy\WWW\feichangcelue\application\index\controller\Ucenter.php ]
[ info ] [ VIEW ] D:\phpStudy\WWW\feichangcelue/application/index\view\ucenter\mobile\index.html [ array (
  0 => 'phone',
  1 => 'QQ',
  2 => 'usableSum',
  3 => 'member',
  4 => 'fundrecord',
) ]
[ info ] [ LOG ] INIT File
[ sql ] [ DB ] CONNECT:[ UseTime:0.036075s ] mysql:dbname=peizi;host=rm-wz9l3z92630ora5wjwo.mysql.rds.aliyuncs.com;port=3306;charset=utf8
[ sql ] [ SQL ] SHOW COLUMNS FROM `xh_member` [ RunTime:0.025463s ]
[ sql ] [ SQL ] SELECT `usableSum` FROM `xh_member` WHERE  (  id=1316 ) LIMIT 1 [ RunTime:0.032338s ]
[ sql ] [ SQL ] SELECT * FROM `xh_member` WHERE  (  id=1316 ) LIMIT 1 [ RunTime:0.017383s ]
[ sql ] [ SQL ] SHOW COLUMNS FROM `xh_member_fundrecord` [ RunTime:0.019919s ]
[ sql ] [ SQL ] SELECT COUNT(*) AS tp_count FROM `xh_member_fundrecord` WHERE  (  memberId = 1316 and  1=1  and flow=1   ) LIMIT 1 [ RunTime:0.014270s ]
[ sql ] [ SQL ] SELECT * FROM `xh_member_fundrecord` WHERE  (  memberId = 1316 and  1=1  and flow=1   ) ORDER BY id desc LIMIT 0,10 [ RunTime:0.017449s ]
[ error ] [8]Use of undefined constant count - assumed 'count'[D:\phpStudy\WWW\feichangcelue\runtime\temp\daaa74f65244cb0011dc43c9f1ddd1ef.php:55]
[ error ] [8]Object of class think\paginator\driver\Bootstrap could not be converted to int[D:\phpStudy\WWW\feichangcelue\runtime\temp\daaa74f65244cb0011dc43c9f1ddd1ef.php:55]
---------------------------------------------------------------
[ 2018-09-11T18:18:14+08:00 ] ::1 ::1 GET /feichangcelue/ucenter/index.html?flow=2&recent=
[ info ] localhost/feichangcelue/ucenter/index.html?flow=2&recent= [运行时间：0.431443s][吞吐率：2.32req/s] [内存消耗：3,407.46kb] [文件加载：68]
[ info ] [ CACHE ] INIT File
[ info ] [ LANG ] D:\phpStudy\WWW\feichangcelue\thinkphp\lang\zh-cn.php
[ info ] [ ROUTE ] array (
  'type' => 'module',
  'module' => 
  array (
    0 => 'index',
    1 => 'ucenter',
    2 => 'member',
  ),
  'convert' => false,
)
[ info ] [ HEADER ] array (
  'host' => 'localhost',
  'connection' => 'keep-alive',
  'pragma' => 'no-cache',
  'cache-control' => 'no-cache',
  'upgrade-insecure-requests' => '1',
  'user-agent' => 'Mozilla/5.0 (iPhone; CPU iPhone OS 9_1 like Mac OS X) AppleWebKit/601.1.46 (KHTML, like Gecko) Version/9.0 Mobile/13B143 Safari/601.1',
  'accept' => 'text/html,application/xhtml+xml,application/xml;q=0.9,image/webp,image/apng,*/*;q=0.8',
  'referer' => 'http://localhost/feichangcelue/ucenter/index.html?flow=1&recent=',
  'accept-encoding' => 'gzip, deflate, br',
  'accept-language' => 'zh-CN,zh;q=0.8',
  'cookie' => 'Webstorm-2b4316d0=ed6ed4d1-a69a-4e3f-977f-9193c50edf03; Phpstorm-312c68d3=2dc0a4d6-0d85-4486-9436-ea8fb2e470df; Huiskin=red; PHPSESSID=od5ruude69o9gubehvn5klqv82; pageReferrInSession=http%3A//localhost/feichangcelue/doLogin.html; firstEnterUrlInSession=http%3A//localhost/feichangcelue/; VisitorCapacity=1',
)
[ info ] [ PARAM ] array (
  'flow' => '2',
  'recent' => '',
)
[ info ] [ BEHAVIOR ] Run app\common\behavior\Config @app_begin [ RunTime:0.002618s ]
[ info ] [ BEHAVIOR ] Run app\common\behavior\Hook @app_begin [ RunTime:0.026396s ]
[ info ] [ DB ] INIT mysql
[ info ] [ RUN ] app\index\controller\Ucenter->member[ D:\phpStudy\WWW\feichangcelue\application\index\controller\Ucenter.php ]
[ info ] [ VIEW ] D:\phpStudy\WWW\feichangcelue/application/index\view\ucenter\mobile\index.html [ array (
  0 => 'phone',
  1 => 'QQ',
  2 => 'usableSum',
  3 => 'member',
  4 => 'fundrecord',
) ]
[ info ] [ LOG ] INIT File
[ sql ] [ DB ] CONNECT:[ UseTime:0.040887s ] mysql:dbname=peizi;host=rm-wz9l3z92630ora5wjwo.mysql.rds.aliyuncs.com;port=3306;charset=utf8
[ sql ] [ SQL ] SHOW COLUMNS FROM `xh_member` [ RunTime:0.026018s ]
[ sql ] [ SQL ] SELECT `usableSum` FROM `xh_member` WHERE  (  id=1316 ) LIMIT 1 [ RunTime:0.022360s ]
[ sql ] [ SQL ] SELECT * FROM `xh_member` WHERE  (  id=1316 ) LIMIT 1 [ RunTime:0.019698s ]
[ sql ] [ SQL ] SHOW COLUMNS FROM `xh_member_fundrecord` [ RunTime:0.020780s ]
[ sql ] [ SQL ] SELECT COUNT(*) AS tp_count FROM `xh_member_fundrecord` WHERE  (  memberId = 1316 and  1=1  and flow=2   ) LIMIT 1 [ RunTime:0.022981s ]
[ sql ] [ SQL ] SELECT * FROM `xh_member_fundrecord` WHERE  (  memberId = 1316 and  1=1  and flow=2   ) ORDER BY id desc LIMIT 0,10 [ RunTime:0.028254s ]
[ error ] [8]Use of undefined constant count - assumed 'count'[D:\phpStudy\WWW\feichangcelue\runtime\temp\daaa74f65244cb0011dc43c9f1ddd1ef.php:55]
[ error ] [8]Object of class think\paginator\driver\Bootstrap could not be converted to int[D:\phpStudy\WWW\feichangcelue\runtime\temp\daaa74f65244cb0011dc43c9f1ddd1ef.php:55]
---------------------------------------------------------------
[ 2018-09-11T18:18:16+08:00 ] ::1 ::1 GET /feichangcelue/ucenter/index.html
[ info ] localhost/feichangcelue/ucenter/index.html [运行时间：0.547340s][吞吐率：1.83req/s] [内存消耗：3,418.61kb] [文件加载：68]
[ info ] [ CACHE ] INIT File
[ info ] [ LANG ] D:\phpStudy\WWW\feichangcelue\thinkphp\lang\zh-cn.php
[ info ] [ ROUTE ] array (
  'type' => 'module',
  'module' => 
  array (
    0 => 'index',
    1 => 'ucenter',
    2 => 'member',
  ),
  'convert' => false,
)
[ info ] [ HEADER ] array (
  'host' => 'localhost',
  'connection' => 'keep-alive',
  'pragma' => 'no-cache',
  'cache-control' => 'no-cache',
  'upgrade-insecure-requests' => '1',
  'user-agent' => 'Mozilla/5.0 (iPhone; CPU iPhone OS 9_1 like Mac OS X) AppleWebKit/601.1.46 (KHTML, like Gecko) Version/9.0 Mobile/13B143 Safari/601.1',
  'accept' => 'text/html,application/xhtml+xml,application/xml;q=0.9,image/webp,image/apng,*/*;q=0.8',
  'referer' => 'http://localhost/feichangcelue/ucenter/home.html',
  'accept-encoding' => 'gzip, deflate, br',
  'accept-language' => 'zh-CN,zh;q=0.8',
  'cookie' => 'Webstorm-2b4316d0=ed6ed4d1-a69a-4e3f-977f-9193c50edf03; Phpstorm-312c68d3=2dc0a4d6-0d85-4486-9436-ea8fb2e470df; Huiskin=red; PHPSESSID=od5ruude69o9gubehvn5klqv82; pageReferrInSession=http%3A//localhost/feichangcelue/doLogin.html; firstEnterUrlInSession=http%3A//localhost/feichangcelue/; VisitorCapacity=1',
)
[ info ] [ PARAM ] array (
)
[ info ] [ BEHAVIOR ] Run app\common\behavior\Config @app_begin [ RunTime:0.005308s ]
[ info ] [ BEHAVIOR ] Run app\common\behavior\Hook @app_begin [ RunTime:0.038571s ]
[ info ] [ DB ] INIT mysql
[ info ] [ RUN ] app\index\controller\Ucenter->member[ D:\phpStudy\WWW\feichangcelue\application\index\controller\Ucenter.php ]
[ info ] [ VIEW ] D:\phpStudy\WWW\feichangcelue/application/index\view\ucenter\mobile\index.html [ array (
  0 => 'phone',
  1 => 'QQ',
  2 => 'usableSum',
  3 => 'member',
  4 => 'fundrecord',
) ]
[ info ] [ LOG ] INIT File
[ sql ] [ DB ] CONNECT:[ UseTime:0.044322s ] mysql:dbname=peizi;host=rm-wz9l3z92630ora5wjwo.mysql.rds.aliyuncs.com;port=3306;charset=utf8
[ sql ] [ SQL ] SHOW COLUMNS FROM `xh_member` [ RunTime:0.019576s ]
[ sql ] [ SQL ] SELECT `usableSum` FROM `xh_member` WHERE  (  id=1316 ) LIMIT 1 [ RunTime:0.019950s ]
[ sql ] [ SQL ] SELECT * FROM `xh_member` WHERE  (  id=1316 ) LIMIT 1 [ RunTime:0.025414s ]
[ sql ] [ SQL ] SHOW COLUMNS FROM `xh_member_fundrecord` [ RunTime:0.024894s ]
[ sql ] [ SQL ] SELECT COUNT(*) AS tp_count FROM `xh_member_fundrecord` WHERE  (  memberId = 1316 and  1=1   ) LIMIT 1 [ RunTime:0.027357s ]
[ sql ] [ SQL ] SELECT * FROM `xh_member_fundrecord` WHERE  (  memberId = 1316 and  1=1   ) ORDER BY id desc LIMIT 0,10 [ RunTime:0.028581s ]
[ error ] [8]未定义数组索引: flow[D:\phpStudy\WWW\feichangcelue\runtime\temp\daaa74f65244cb0011dc43c9f1ddd1ef.php:47]
[ error ] [8]未定义数组索引: recent[D:\phpStudy\WWW\feichangcelue\runtime\temp\daaa74f65244cb0011dc43c9f1ddd1ef.php:47]
[ error ] [8]未定义数组索引: flow[D:\phpStudy\WWW\feichangcelue\runtime\temp\daaa74f65244cb0011dc43c9f1ddd1ef.php:48]
[ error ] [8]未定义数组索引: recent[D:\phpStudy\WWW\feichangcelue\runtime\temp\daaa74f65244cb0011dc43c9f1ddd1ef.php:48]
[ error ] [8]未定义数组索引: flow[D:\phpStudy\WWW\feichangcelue\runtime\temp\daaa74f65244cb0011dc43c9f1ddd1ef.php:49]
[ error ] [8]未定义数组索引: recent[D:\phpStudy\WWW\feichangcelue\runtime\temp\daaa74f65244cb0011dc43c9f1ddd1ef.php:49]
[ error ] [8]Use of undefined constant count - assumed 'count'[D:\phpStudy\WWW\feichangcelue\runtime\temp\daaa74f65244cb0011dc43c9f1ddd1ef.php:55]
[ error ] [8]Object of class think\paginator\driver\Bootstrap could not be converted to int[D:\phpStudy\WWW\feichangcelue\runtime\temp\daaa74f65244cb0011dc43c9f1ddd1ef.php:55]
---------------------------------------------------------------
[ 2018-09-11T18:18:17+08:00 ] ::1 ::1 GET /feichangcelue/invite.html
[ info ] localhost/feichangcelue/invite.html [运行时间：0.449114s][吞吐率：2.23req/s] [内存消耗：3,265.96kb] [文件加载：63]
[ info ] [ CACHE ] INIT File
[ info ] [ LANG ] D:\phpStudy\WWW\feichangcelue\thinkphp\lang\zh-cn.php
[ info ] [ ROUTE ] array (
  'type' => 'module',
  'module' => 
  array (
    0 => 'index',
    1 => 'index',
    2 => 'invite',
  ),
  'convert' => false,
)
[ info ] [ HEADER ] array (
  'host' => 'localhost',
  'connection' => 'keep-alive',
  'pragma' => 'no-cache',
  'cache-control' => 'no-cache',
  'upgrade-insecure-requests' => '1',
  'user-agent' => 'Mozilla/5.0 (iPhone; CPU iPhone OS 9_1 like Mac OS X) AppleWebKit/601.1.46 (KHTML, like Gecko) Version/9.0 Mobile/13B143 Safari/601.1',
  'accept' => 'text/html,application/xhtml+xml,application/xml;q=0.9,image/webp,image/apng,*/*;q=0.8',
  'referer' => 'http://localhost/feichangcelue/ucenter/index.html',
  'accept-encoding' => 'gzip, deflate, br',
  'accept-language' => 'zh-CN,zh;q=0.8',
  'cookie' => 'Webstorm-2b4316d0=ed6ed4d1-a69a-4e3f-977f-9193c50edf03; Phpstorm-312c68d3=2dc0a4d6-0d85-4486-9436-ea8fb2e470df; Huiskin=red; PHPSESSID=od5ruude69o9gubehvn5klqv82; pageReferrInSession=http%3A//localhost/feichangcelue/doLogin.html; firstEnterUrlInSession=http%3A//localhost/feichangcelue/; VisitorCapacity=1',
)
[ info ] [ PARAM ] array (
)
[ info ] [ BEHAVIOR ] Run app\common\behavior\Config @app_begin [ RunTime:0.002025s ]
[ info ] [ BEHAVIOR ] Run app\common\behavior\Hook @app_begin [ RunTime:0.024016s ]
[ info ] [ DB ] INIT mysql
[ info ] [ RUN ] app\index\controller\Index->invite[ D:\phpStudy\WWW\feichangcelue\application\index\controller\Index.php ]
[ info ] [ VIEW ] D:\phpStudy\WWW\feichangcelue/application/index\view\index\mobile\invite.html [ array (
  0 => 'phone',
  1 => 'QQ',
  2 => 'usableSum',
  3 => 'data_statistics',
  4 => 'select_all_data',
  5 => 'share_code',
  6 => 'share_url',
) ]
[ info ] [ LOG ] INIT File
[ sql ] [ DB ] CONNECT:[ UseTime:0.058135s ] mysql:dbname=peizi;host=rm-wz9l3z92630ora5wjwo.mysql.rds.aliyuncs.com;port=3306;charset=utf8
[ sql ] [ SQL ] SHOW COLUMNS FROM `xh_member` [ RunTime:0.023934s ]
[ sql ] [ SQL ] SELECT `usableSum` FROM `xh_member` WHERE  (  id=1316 ) LIMIT 1 [ RunTime:0.021992s ]
[ sql ] [ SQL ] SELECT COUNT(*) AS tp_count FROM `xh_member` WHERE  `inviterId` = 1316 LIMIT 1 [ RunTime:0.023936s ]
[ sql ] [ SQL ] SELECT `username`,`mobile`,`createTime` FROM `xh_member` WHERE  `inviterId` = 1316 [ RunTime:0.030232s ]
---------------------------------------------------------------
[ 2018-09-11T18:22:57+08:00 ] ::1 ::1 GET /feichangcelue/invite.html
[ info ] localhost/feichangcelue/invite.html [运行时间：0.636276s][吞吐率：1.57req/s] [内存消耗：3,111.34kb] [文件加载：61]
[ info ] [ CACHE ] INIT File
[ info ] [ LANG ] D:\phpStudy\WWW\feichangcelue\thinkphp\lang\zh-cn.php
[ info ] [ ROUTE ] array (
  'type' => 'module',
  'module' => 
  array (
    0 => 'index',
    1 => 'index',
    2 => 'invite',
  ),
  'convert' => false,
)
[ info ] [ HEADER ] array (
  'host' => 'localhost',
  'connection' => 'keep-alive',
  'pragma' => 'no-cache',
  'cache-control' => 'no-cache',
  'upgrade-insecure-requests' => '1',
  'user-agent' => 'Mozilla/5.0 (iPhone; CPU iPhone OS 9_1 like Mac OS X) AppleWebKit/601.1.46 (KHTML, like Gecko) Version/9.0 Mobile/13B143 Safari/601.1',
  'accept' => 'text/html,application/xhtml+xml,application/xml;q=0.9,image/webp,image/apng,*/*;q=0.8',
  'referer' => 'http://localhost/feichangcelue/ucenter/index.html',
  'accept-encoding' => 'gzip, deflate, br',
  'accept-language' => 'zh-CN,zh;q=0.8',
  'cookie' => 'Webstorm-2b4316d0=ed6ed4d1-a69a-4e3f-977f-9193c50edf03; Phpstorm-312c68d3=2dc0a4d6-0d85-4486-9436-ea8fb2e470df; Huiskin=red; PHPSESSID=od5ruude69o9gubehvn5klqv82; pageReferrInSession=http%3A//localhost/feichangcelue/doLogin.html; firstEnterUrlInSession=http%3A//localhost/feichangcelue/; VisitorCapacity=1',
)
[ info ] [ PARAM ] array (
)
[ info ] [ BEHAVIOR ] Run app\common\behavior\Config @app_begin [ RunTime:0.011320s ]
[ info ] [ BEHAVIOR ] Run app\common\behavior\Hook @app_begin [ RunTime:0.045627s ]
[ info ] [ DB ] INIT mysql
[ info ] [ RUN ] app\index\controller\Index->invite[ D:\phpStudy\WWW\feichangcelue\application\index\controller\Index.php ]
[ info ] [ VIEW ] D:\phpStudy\WWW\feichangcelue/application/index\view\index\mobile\invite.html [ array (
  0 => 'phone',
  1 => 'QQ',
  2 => 'usableSum',
  3 => 'data_statistics',
  4 => 'select_all_data',
  5 => 'share_code',
  6 => 'share_url',
) ]
[ info ] [ LOG ] INIT File
[ sql ] [ DB ] CONNECT:[ UseTime:0.064785s ] mysql:dbname=peizi;host=rm-wz9l3z92630ora5wjwo.mysql.rds.aliyuncs.com;port=3306;charset=utf8
[ sql ] [ SQL ] SHOW COLUMNS FROM `xh_member` [ RunTime:0.021110s ]
[ sql ] [ SQL ] SELECT `usableSum` FROM `xh_member` WHERE  (  id=1316 ) LIMIT 1 [ RunTime:0.034457s ]
[ sql ] [ SQL ] SELECT COUNT(*) AS tp_count FROM `xh_member` WHERE  `inviterId` = 1316 LIMIT 1 [ RunTime:0.032351s ]
[ sql ] [ SQL ] SELECT `username`,`mobile`,`createTime` FROM `xh_member` WHERE  `inviterId` = 1316 [ RunTime:0.035624s ]
---------------------------------------------------------------
[ 2018-09-11T18:23:00+08:00 ] ::1 ::1 GET /feichangcelue/ucenter/index.html
[ info ] localhost/feichangcelue/ucenter/index.html [运行时间：0.508666s][吞吐率：1.97req/s] [内存消耗：3,418.61kb] [文件加载：68]
[ info ] [ CACHE ] INIT File
[ info ] [ LANG ] D:\phpStudy\WWW\feichangcelue\thinkphp\lang\zh-cn.php
[ info ] [ ROUTE ] array (
  'type' => 'module',
  'module' => 
  array (
    0 => 'index',
    1 => 'ucenter',
    2 => 'member',
  ),
  'convert' => false,
)
[ info ] [ HEADER ] array (
  'host' => 'localhost',
  'connection' => 'keep-alive',
  'pragma' => 'no-cache',
  'cache-control' => 'no-cache',
  'upgrade-insecure-requests' => '1',
  'user-agent' => 'Mozilla/5.0 (iPhone; CPU iPhone OS 9_1 like Mac OS X) AppleWebKit/601.1.46 (KHTML, like Gecko) Version/9.0 Mobile/13B143 Safari/601.1',
  'accept' => 'text/html,application/xhtml+xml,application/xml;q=0.9,image/webp,image/apng,*/*;q=0.8',
  'referer' => 'http://localhost/feichangcelue/ucenter/home.html',
  'accept-encoding' => 'gzip, deflate, br',
  'accept-language' => 'zh-CN,zh;q=0.8',
  'cookie' => 'Webstorm-2b4316d0=ed6ed4d1-a69a-4e3f-977f-9193c50edf03; Phpstorm-312c68d3=2dc0a4d6-0d85-4486-9436-ea8fb2e470df; Huiskin=red; PHPSESSID=od5ruude69o9gubehvn5klqv82; pageReferrInSession=http%3A//localhost/feichangcelue/doLogin.html; firstEnterUrlInSession=http%3A//localhost/feichangcelue/; VisitorCapacity=1',
)
[ info ] [ PARAM ] array (
)
[ info ] [ BEHAVIOR ] Run app\common\behavior\Config @app_begin [ RunTime:0.002893s ]
[ info ] [ BEHAVIOR ] Run app\common\behavior\Hook @app_begin [ RunTime:0.028984s ]
[ info ] [ DB ] INIT mysql
[ info ] [ RUN ] app\index\controller\Ucenter->member[ D:\phpStudy\WWW\feichangcelue\application\index\controller\Ucenter.php ]
[ info ] [ VIEW ] D:\phpStudy\WWW\feichangcelue/application/index\view\ucenter\mobile\index.html [ array (
  0 => 'phone',
  1 => 'QQ',
  2 => 'usableSum',
  3 => 'member',
  4 => 'fundrecord',
) ]
[ info ] [ LOG ] INIT File
[ sql ] [ DB ] CONNECT:[ UseTime:0.038057s ] mysql:dbname=peizi;host=rm-wz9l3z92630ora5wjwo.mysql.rds.aliyuncs.com;port=3306;charset=utf8
[ sql ] [ SQL ] SHOW COLUMNS FROM `xh_member` [ RunTime:0.018951s ]
[ sql ] [ SQL ] SELECT `usableSum` FROM `xh_member` WHERE  (  id=1316 ) LIMIT 1 [ RunTime:0.016583s ]
[ sql ] [ SQL ] SELECT * FROM `xh_member` WHERE  (  id=1316 ) LIMIT 1 [ RunTime:0.018410s ]
[ sql ] [ SQL ] SHOW COLUMNS FROM `xh_member_fundrecord` [ RunTime:0.016348s ]
[ sql ] [ SQL ] SELECT COUNT(*) AS tp_count FROM `xh_member_fundrecord` WHERE  (  memberId = 1316 and  1=1   ) LIMIT 1 [ RunTime:0.016212s ]
[ sql ] [ SQL ] SELECT * FROM `xh_member_fundrecord` WHERE  (  memberId = 1316 and  1=1   ) ORDER BY id desc LIMIT 0,10 [ RunTime:0.026982s ]
[ error ] [8]未定义数组索引: flow[D:\phpStudy\WWW\feichangcelue\runtime\temp\daaa74f65244cb0011dc43c9f1ddd1ef.php:47]
[ error ] [8]未定义数组索引: recent[D:\phpStudy\WWW\feichangcelue\runtime\temp\daaa74f65244cb0011dc43c9f1ddd1ef.php:47]
[ error ] [8]未定义数组索引: flow[D:\phpStudy\WWW\feichangcelue\runtime\temp\daaa74f65244cb0011dc43c9f1ddd1ef.php:48]
[ error ] [8]未定义数组索引: recent[D:\phpStudy\WWW\feichangcelue\runtime\temp\daaa74f65244cb0011dc43c9f1ddd1ef.php:48]
[ error ] [8]未定义数组索引: flow[D:\phpStudy\WWW\feichangcelue\runtime\temp\daaa74f65244cb0011dc43c9f1ddd1ef.php:49]
[ error ] [8]未定义数组索引: recent[D:\phpStudy\WWW\feichangcelue\runtime\temp\daaa74f65244cb0011dc43c9f1ddd1ef.php:49]
[ error ] [8]Use of undefined constant count - assumed 'count'[D:\phpStudy\WWW\feichangcelue\runtime\temp\daaa74f65244cb0011dc43c9f1ddd1ef.php:55]
[ error ] [8]Object of class think\paginator\driver\Bootstrap could not be converted to int[D:\phpStudy\WWW\feichangcelue\runtime\temp\daaa74f65244cb0011dc43c9f1ddd1ef.php:55]
