---------------------------------------------------------------
[ 2018-09-12T09:07:20+08:00 ] ::1 ::1 GET /feichangcelue/
[ info ] localhost/feichangcelue/ [运行时间：0.182618s][吞吐率：5.48req/s] [内存消耗：2,712.91kb] [文件加载：62]
[ info ] [ CACHE ] INIT File
[ info ] [ LANG ] D:\phpStudy\PHPTutorial\WWW\feichangcelue\thinkphp\lang\zh-cn.php
[ info ] [ ROUTE ] array (
  'type' => 'module',
  'module' => 
  array (
    0 => '',
    1 => NULL,
    2 => NULL,
  ),
)
[ info ] [ HEADER ] array (
  'host' => 'localhost',
  'connection' => 'keep-alive',
  'upgrade-insecure-requests' => '1',
  'user-agent' => 'Mozilla/5.0 (Windows NT 6.1; WOW64) AppleWebKit/537.36 (KHTML, like Gecko) Chrome/69.0.3497.81 Safari/537.36',
  'accept' => 'text/html,application/xhtml+xml,application/xml;q=0.9,image/webp,image/apng,*/*;q=0.8',
  'accept-encoding' => 'gzip, deflate, br',
  'accept-language' => 'zh-CN,zh;q=0.9',
  'cookie' => 'Hm_lvt_080836300300be57b7f34f4b3e97d911=1536638164',
)
[ info ] [ PARAM ] array (
)
[ info ] [ BEHAVIOR ] Run app\common\behavior\Config @app_begin [ RunTime:0.000976s ]
[ info ] [ BEHAVIOR ] Run app\common\behavior\Hook @app_begin [ RunTime:0.008789s ]
[ info ] [ RUN ] app\index\controller\Index->index[ D:\phpStudy\PHPTutorial\WWW\feichangcelue\application\index\controller\Index.php ]
[ info ] [ DB ] INIT mysql
[ info ] [ VIEW ] D:\phpStudy\PHPTutorial\WWW\feichangcelue/application/index\view\index\index.html [ array (
  0 => 'phone',
  1 => 'QQ',
) ]
[ info ] [ LOG ] INIT File
[ sql ] [ DB ] CONNECT:[ UseTime:0.063477s ] mysql:dbname=peizi;host=rm-wz9l3z92630ora5wjwo.mysql.rds.aliyuncs.com;port=3306;charset=utf8
[ sql ] [ SQL ] select a.stockCode, c.`name` as stockName,  a.createTime, b.username,b.mobile
			from xh_stock_order as a, xh_member as b, xh_shares as c
			 WHERE isFreetrial=0 and a.memberId = b.id and a.stockCode=c.`code`
			order by a.id desc limit 7 [ RunTime:0.016602s ]
[ error ] [8]未定义数组索引: member[D:\phpStudy\PHPTutorial\WWW\feichangcelue\application\index\controller\Index.php:50]
[ error ] [8]未定义数组索引: member[D:\phpStudy\PHPTutorial\WWW\feichangcelue\runtime\temp\76fdcc8d18ffb1f5a59f76a0a98f1388.php:22]
[ error ] [8]未定义数组索引: member[D:\phpStudy\PHPTutorial\WWW\feichangcelue\runtime\temp\76fdcc8d18ffb1f5a59f76a0a98f1388.php:27]
[ error ] [8]未定义数组索引: member[D:\phpStudy\PHPTutorial\WWW\feichangcelue\runtime\temp\76fdcc8d18ffb1f5a59f76a0a98f1388.php:34]
[ error ] [8]未定义变量: usableSum[D:\phpStudy\PHPTutorial\WWW\feichangcelue\runtime\temp\76fdcc8d18ffb1f5a59f76a0a98f1388.php:39]
[ error ] [8]未定义数组索引: member[D:\phpStudy\PHPTutorial\WWW\feichangcelue\runtime\temp\76fdcc8d18ffb1f5a59f76a0a98f1388.php:119]
[ error ] [8]未定义变量: count[D:\phpStudy\PHPTutorial\WWW\feichangcelue\runtime\temp\76fdcc8d18ffb1f5a59f76a0a98f1388.php:179]
[ error ] [8]未定义变量: earnSum[D:\phpStudy\PHPTutorial\WWW\feichangcelue\runtime\temp\76fdcc8d18ffb1f5a59f76a0a98f1388.php:180]
[ error ] [8]未定义变量: buyList[D:\phpStudy\PHPTutorial\WWW\feichangcelue\runtime\temp\76fdcc8d18ffb1f5a59f76a0a98f1388.php:231]
[ error ] [8]未定义变量: buyList[D:\phpStudy\PHPTutorial\WWW\feichangcelue\runtime\temp\76fdcc8d18ffb1f5a59f76a0a98f1388.php:231]
[ error ] [8]未定义变量: buyList[D:\phpStudy\PHPTutorial\WWW\feichangcelue\runtime\temp\76fdcc8d18ffb1f5a59f76a0a98f1388.php:231]
---------------------------------------------------------------
[ 2018-09-12T09:07:20+08:00 ] ::1 ::1 POST /feichangcelue/pc_broadcast.html
[ info ] localhost/feichangcelue/pc_broadcast.html [运行时间：0.099610s][吞吐率：10.04req/s] [内存消耗：3,006.59kb] [文件加载：57]
[ info ] [ CACHE ] INIT File
[ info ] [ LANG ] D:\phpStudy\PHPTutorial\WWW\feichangcelue\thinkphp\lang\zh-cn.php
[ info ] [ ROUTE ] array (
  'type' => 'module',
  'module' => 
  array (
    0 => 'index',
    1 => 'index',
    2 => 'pc_broadcast',
  ),
  'convert' => false,
)
[ info ] [ HEADER ] array (
  'host' => 'localhost',
  'connection' => 'keep-alive',
  'content-length' => '0',
  'accept' => 'application/json, text/javascript, */*; q=0.01',
  'origin' => 'http://localhost',
  'x-requested-with' => 'XMLHttpRequest',
  'user-agent' => 'Mozilla/5.0 (Windows NT 6.1; WOW64) AppleWebKit/537.36 (KHTML, like Gecko) Chrome/69.0.3497.81 Safari/537.36',
  'referer' => 'http://localhost/feichangcelue/',
  'accept-encoding' => 'gzip, deflate, br',
  'accept-language' => 'zh-CN,zh;q=0.9',
  'cookie' => 'Hm_lvt_080836300300be57b7f34f4b3e97d911=1536638164; PHPSESSID=8sbfcib05a9inshorjh8e7qnn0; firstEnterUrlInSession=http%3A//localhost/feichangcelue/',
)
[ info ] [ PARAM ] array (
)
[ info ] [ BEHAVIOR ] Run app\common\behavior\Config @app_begin [ RunTime:0.000977s ]
[ info ] [ BEHAVIOR ] Run app\common\behavior\Hook @app_begin [ RunTime:0.005859s ]
[ info ] [ RUN ] app\index\controller\Index->pc_broadcast[ D:\phpStudy\PHPTutorial\WWW\feichangcelue\application\index\controller\Index.php ]
[ info ] [ DB ] INIT mysql
[ info ] [ LOG ] INIT File
[ sql ] [ DB ] CONNECT:[ UseTime:0.016601s ] mysql:dbname=peizi;host=rm-wz9l3z92630ora5wjwo.mysql.rds.aliyuncs.com;port=3306;charset=utf8
[ sql ] [ SQL ] SHOW COLUMNS FROM `xh_images` [ RunTime:0.010742s ]
[ sql ] [ SQL ] SELECT `src` FROM `xh_images` WHERE  `type` = 1 ORDER BY `id`  desc LIMIT 0,3 [ RunTime:0.009766s ]
---------------------------------------------------------------
[ 2018-09-12T09:07:20+08:00 ] ::1 ::1 GET /feichangcelue/index_information.html
[ info ] localhost/feichangcelue/index_information.html [运行时间：0.108399s][吞吐率：9.23req/s] [内存消耗：2,391.26kb] [文件加载：55]
[ info ] [ CACHE ] INIT File
[ info ] [ LANG ] D:\phpStudy\PHPTutorial\WWW\feichangcelue\thinkphp\lang\zh-cn.php
[ info ] [ ROUTE ] array (
  'type' => 'module',
  'module' => 
  array (
    0 => 'index',
    1 => 'index',
    2 => 'index_information',
  ),
  'convert' => false,
)
[ info ] [ HEADER ] array (
  'host' => 'localhost',
  'connection' => 'keep-alive',
  'accept' => 'text/html, */*; q=0.01',
  'x-requested-with' => 'XMLHttpRequest',
  'user-agent' => 'Mozilla/5.0 (Windows NT 6.1; WOW64) AppleWebKit/537.36 (KHTML, like Gecko) Chrome/69.0.3497.81 Safari/537.36',
  'referer' => 'http://localhost/feichangcelue/',
  'accept-encoding' => 'gzip, deflate, br',
  'accept-language' => 'zh-CN,zh;q=0.9',
  'cookie' => 'Hm_lvt_080836300300be57b7f34f4b3e97d911=1536638164; PHPSESSID=8sbfcib05a9inshorjh8e7qnn0; firstEnterUrlInSession=http%3A//localhost/feichangcelue/',
)
[ info ] [ PARAM ] array (
)
[ info ] [ BEHAVIOR ] Run app\common\behavior\Config @app_begin [ RunTime:0.000976s ]
[ info ] [ BEHAVIOR ] Run app\common\behavior\Hook @app_begin [ RunTime:0.006836s ]
[ info ] [ RUN ] app\index\controller\Index->index_information[ D:\phpStudy\PHPTutorial\WWW\feichangcelue\application\index\controller\Index.php ]
[ info ] [ VIEW ] D:\phpStudy\PHPTutorial\WWW\feichangcelue/application/index\view\index\index_information.html [ array (
  0 => 'phone',
  1 => 'QQ',
) ]
[ info ] [ LOG ] INIT File
