---------------------------------------------------------------
[ 2018-09-13T09:29:04+08:00 ] ::1 ::1 GET /feichangcelue/
[ info ] localhost/feichangcelue/ [运行时间：0.237304s][吞吐率：4.21req/s] [内存消耗：2,713.22kb] [文件加载：62]
[ info ] [ CACHE ] INIT File
[ info ] [ LANG ] D:\phpStudy\PHPTutorial\WWW\feichangcelue\thinkphp\lang\zh-cn.php
[ info ] [ ROUTE ] array (
  'type' => 'module',
  'module' => 
  array (
    0 => '',
    1 => NULL,
    2 => NULL,
  ),
)
[ info ] [ HEADER ] array (
  'host' => 'localhost',
  'connection' => 'keep-alive',
  'upgrade-insecure-requests' => '1',
  'user-agent' => 'Mozilla/5.0 (Windows NT 6.1; WOW64) AppleWebKit/537.36 (KHTML, like Gecko) Chrome/69.0.3497.81 Safari/537.36',
  'accept' => 'text/html,application/xhtml+xml,application/xml;q=0.9,image/webp,image/apng,*/*;q=0.8',
  'referer' => 'http://localhost/',
  'accept-encoding' => 'gzip, deflate, br',
  'accept-language' => 'zh-CN,zh;q=0.9',
)
[ info ] [ PARAM ] array (
)
[ info ] [ BEHAVIOR ] Run app\common\behavior\Config @app_begin [ RunTime:0.000977s ]
[ info ] [ BEHAVIOR ] Run app\common\behavior\Hook @app_begin [ RunTime:0.008789s ]
[ info ] [ RUN ] app\index\controller\Index->index[ D:\phpStudy\PHPTutorial\WWW\feichangcelue\application\index\controller\Index.php ]
[ info ] [ DB ] INIT mysql
[ info ] [ VIEW ] D:\phpStudy\PHPTutorial\WWW\feichangcelue/application/index\view\index\index.html [ array (
  0 => 'phone',
  1 => 'QQ',
) ]
[ info ] [ LOG ] INIT File
[ sql ] [ DB ] CONNECT:[ UseTime:0.051758s ] mysql:dbname=peizi;host=rm-wz9l3z92630ora5wjwo.mysql.rds.aliyuncs.com;port=3306;charset=utf8
[ sql ] [ SQL ] select a.stockCode, c.`name` as stockName,  a.createTime, b.username,b.mobile
			from xh_stock_order as a, xh_member as b, xh_shares as c
			 WHERE isFreetrial=0 and a.memberId = b.id and a.stockCode=c.`code`
			order by a.id desc limit 7 [ RunTime:0.013672s ]
[ error ] [8]未定义数组索引: member[D:\phpStudy\PHPTutorial\WWW\feichangcelue\application\index\controller\Index.php:50]
[ error ] [8]未定义数组索引: member[D:\phpStudy\PHPTutorial\WWW\feichangcelue\runtime\temp\76fdcc8d18ffb1f5a59f76a0a98f1388.php:22]
[ error ] [8]未定义数组索引: member[D:\phpStudy\PHPTutorial\WWW\feichangcelue\runtime\temp\76fdcc8d18ffb1f5a59f76a0a98f1388.php:27]
[ error ] [8]未定义数组索引: member[D:\phpStudy\PHPTutorial\WWW\feichangcelue\runtime\temp\76fdcc8d18ffb1f5a59f76a0a98f1388.php:34]
[ error ] [8]未定义变量: usableSum[D:\phpStudy\PHPTutorial\WWW\feichangcelue\runtime\temp\76fdcc8d18ffb1f5a59f76a0a98f1388.php:39]
[ error ] [8]未定义数组索引: member[D:\phpStudy\PHPTutorial\WWW\feichangcelue\runtime\temp\76fdcc8d18ffb1f5a59f76a0a98f1388.php:119]
[ error ] [8]未定义变量: count[D:\phpStudy\PHPTutorial\WWW\feichangcelue\runtime\temp\76fdcc8d18ffb1f5a59f76a0a98f1388.php:179]
[ error ] [8]未定义变量: earnSum[D:\phpStudy\PHPTutorial\WWW\feichangcelue\runtime\temp\76fdcc8d18ffb1f5a59f76a0a98f1388.php:180]
[ error ] [8]未定义变量: buyList[D:\phpStudy\PHPTutorial\WWW\feichangcelue\runtime\temp\76fdcc8d18ffb1f5a59f76a0a98f1388.php:231]
[ error ] [8]未定义变量: buyList[D:\phpStudy\PHPTutorial\WWW\feichangcelue\runtime\temp\76fdcc8d18ffb1f5a59f76a0a98f1388.php:231]
[ error ] [8]未定义变量: buyList[D:\phpStudy\PHPTutorial\WWW\feichangcelue\runtime\temp\76fdcc8d18ffb1f5a59f76a0a98f1388.php:231]
---------------------------------------------------------------
[ 2018-09-13T09:29:04+08:00 ] ::1 ::1 GET /feichangcelue/index_information.html
[ info ] localhost/feichangcelue/index_information.html [运行时间：0.045899s][吞吐率：21.79req/s] [内存消耗：2,391.13kb] [文件加载：55]
[ info ] [ CACHE ] INIT File
[ info ] [ LANG ] D:\phpStudy\PHPTutorial\WWW\feichangcelue\thinkphp\lang\zh-cn.php
[ info ] [ ROUTE ] array (
  'type' => 'module',
  'module' => 
  array (
    0 => 'index',
    1 => 'index',
    2 => 'index_information',
  ),
  'convert' => false,
)
[ info ] [ HEADER ] array (
  'host' => 'localhost',
  'connection' => 'keep-alive',
  'accept' => 'text/html, */*; q=0.01',
  'x-requested-with' => 'XMLHttpRequest',
  'user-agent' => 'Mozilla/5.0 (Windows NT 6.1; WOW64) AppleWebKit/537.36 (KHTML, like Gecko) Chrome/69.0.3497.81 Safari/537.36',
  'referer' => 'http://localhost/feichangcelue/',
  'accept-encoding' => 'gzip, deflate, br',
  'accept-language' => 'zh-CN,zh;q=0.9',
  'cookie' => 'PHPSESSID=4cff72e5q75mmp10jjekprn900; pageReferrInSession=http%3A//localhost/; firstEnterUrlInSession=http%3A//localhost/feichangcelue/',
)
[ info ] [ PARAM ] array (
)
[ info ] [ BEHAVIOR ] Run app\common\behavior\Config @app_begin [ RunTime:0.000976s ]
[ info ] [ BEHAVIOR ] Run app\common\behavior\Hook @app_begin [ RunTime:0.004883s ]
[ info ] [ RUN ] app\index\controller\Index->index_information[ D:\phpStudy\PHPTutorial\WWW\feichangcelue\application\index\controller\Index.php ]
[ info ] [ VIEW ] D:\phpStudy\PHPTutorial\WWW\feichangcelue/application/index\view\index\index_information.html [ array (
  0 => 'phone',
  1 => 'QQ',
) ]
[ info ] [ LOG ] INIT File
---------------------------------------------------------------
[ 2018-09-13T09:29:04+08:00 ] ::1 ::1 POST /feichangcelue/pc_broadcast.html
[ info ] localhost/feichangcelue/pc_broadcast.html [运行时间：0.126953s][吞吐率：7.88req/s] [内存消耗：3,006.70kb] [文件加载：57]
[ info ] [ CACHE ] INIT File
[ info ] [ LANG ] D:\phpStudy\PHPTutorial\WWW\feichangcelue\thinkphp\lang\zh-cn.php
[ info ] [ ROUTE ] array (
  'type' => 'module',
  'module' => 
  array (
    0 => 'index',
    1 => 'index',
    2 => 'pc_broadcast',
  ),
  'convert' => false,
)
[ info ] [ HEADER ] array (
  'host' => 'localhost',
  'connection' => 'keep-alive',
  'content-length' => '0',
  'accept' => 'application/json, text/javascript, */*; q=0.01',
  'origin' => 'http://localhost',
  'x-requested-with' => 'XMLHttpRequest',
  'user-agent' => 'Mozilla/5.0 (Windows NT 6.1; WOW64) AppleWebKit/537.36 (KHTML, like Gecko) Chrome/69.0.3497.81 Safari/537.36',
  'referer' => 'http://localhost/feichangcelue/',
  'accept-encoding' => 'gzip, deflate, br',
  'accept-language' => 'zh-CN,zh;q=0.9',
  'cookie' => 'PHPSESSID=4cff72e5q75mmp10jjekprn900; pageReferrInSession=http%3A//localhost/; firstEnterUrlInSession=http%3A//localhost/feichangcelue/',
)
[ info ] [ PARAM ] array (
)
[ info ] [ BEHAVIOR ] Run app\common\behavior\Config @app_begin [ RunTime:0.000977s ]
[ info ] [ BEHAVIOR ] Run app\common\behavior\Hook @app_begin [ RunTime:0.006836s ]
[ info ] [ RUN ] app\index\controller\Index->pc_broadcast[ D:\phpStudy\PHPTutorial\WWW\feichangcelue\application\index\controller\Index.php ]
[ info ] [ DB ] INIT mysql
[ info ] [ LOG ] INIT File
[ sql ] [ DB ] CONNECT:[ UseTime:0.024414s ] mysql:dbname=peizi;host=rm-wz9l3z92630ora5wjwo.mysql.rds.aliyuncs.com;port=3306;charset=utf8
[ sql ] [ SQL ] SHOW COLUMNS FROM `xh_images` [ RunTime:0.015625s ]
[ sql ] [ SQL ] SELECT `src` FROM `xh_images` WHERE  `type` = 1 ORDER BY `id`  desc LIMIT 0,3 [ RunTime:0.015625s ]
---------------------------------------------------------------
[ 2018-09-13T09:29:08+08:00 ] ::1 ::1 GET /feichangcelue/admin
[ info ] localhost/feichangcelue/admin [运行时间：0.028320s][吞吐率：35.31req/s] [内存消耗：1,489.45kb] [文件加载：39]
[ info ] [ CACHE ] INIT File
[ info ] [ LANG ] D:\phpStudy\PHPTutorial\WWW\feichangcelue\thinkphp\lang\zh-cn.php
[ info ] [ ROUTE ] array (
  'type' => 'module',
  'module' => 
  array (
    0 => 'admin',
    1 => NULL,
    2 => NULL,
  ),
)
[ info ] [ HEADER ] array (
  'host' => 'localhost',
  'connection' => 'keep-alive',
  'upgrade-insecure-requests' => '1',
  'user-agent' => 'Mozilla/5.0 (Windows NT 6.1; WOW64) AppleWebKit/537.36 (KHTML, like Gecko) Chrome/69.0.3497.81 Safari/537.36',
  'accept' => 'text/html,application/xhtml+xml,application/xml;q=0.9,image/webp,image/apng,*/*;q=0.8',
  'accept-encoding' => 'gzip, deflate, br',
  'accept-language' => 'zh-CN,zh;q=0.9',
  'cookie' => 'PHPSESSID=4cff72e5q75mmp10jjekprn900; pageReferrInSession=http%3A//localhost/; firstEnterUrlInSession=http%3A//localhost/feichangcelue/',
)
[ info ] [ PARAM ] array (
)
[ info ] [ LOG ] INIT File
---------------------------------------------------------------
[ 2018-09-13T09:29:08+08:00 ] ::1 ::1 GET /feichangcelue/admin.php/admin
[ info ] localhost/feichangcelue/admin.php/admin [运行时间：0.062500s][吞吐率：16.00req/s] [内存消耗：3,000.01kb] [文件加载：62]
[ info ] [ CACHE ] INIT File
[ info ] [ LANG ] D:\phpStudy\PHPTutorial\WWW\feichangcelue\thinkphp\lang\zh-cn.php
[ info ] [ ROUTE ] array (
  'type' => 'module',
  'module' => 
  array (
    0 => 'admin',
    1 => NULL,
    2 => NULL,
  ),
)
[ info ] [ HEADER ] array (
  'host' => 'localhost',
  'connection' => 'keep-alive',
  'upgrade-insecure-requests' => '1',
  'user-agent' => 'Mozilla/5.0 (Windows NT 6.1; WOW64) AppleWebKit/537.36 (KHTML, like Gecko) Chrome/69.0.3497.81 Safari/537.36',
  'accept' => 'text/html,application/xhtml+xml,application/xml;q=0.9,image/webp,image/apng,*/*;q=0.8',
  'accept-encoding' => 'gzip, deflate, br',
  'accept-language' => 'zh-CN,zh;q=0.9',
  'cookie' => 'PHPSESSID=4cff72e5q75mmp10jjekprn900; pageReferrInSession=http%3A//localhost/; firstEnterUrlInSession=http%3A//localhost/feichangcelue/',
)
[ info ] [ PARAM ] array (
)
[ info ] [ BEHAVIOR ] Run app\common\behavior\Config @app_begin [ RunTime:0.000000s ]
[ info ] [ BEHAVIOR ] Run app\common\behavior\Hook @app_begin [ RunTime:0.006836s ]
[ info ] [ DB ] INIT mysql
[ info ] [ SESSION ] INIT array (
  'id' => '',
  'var_session_id' => '',
  'prefix' => 'xinhuo_admin_',
  'type' => '',
  'auto_start' => true,
)
[ info ] [ LOG ] INIT File
---------------------------------------------------------------
[ 2018-09-13T09:29:08+08:00 ] ::1 ::1 GET /feichangcelue/admin.php/user/publics/signin.html
[ info ] localhost/feichangcelue/admin.php/user/publics/signin.html [运行时间：0.062500s][吞吐率：16.00req/s] [内存消耗：3,035.14kb] [文件加载：62]
[ info ] [ CACHE ] INIT File
[ info ] [ LANG ] D:\phpStudy\PHPTutorial\WWW\feichangcelue\thinkphp\lang\zh-cn.php
[ info ] [ ROUTE ] array (
  'type' => 'module',
  'module' => 
  array (
    0 => 'user',
    1 => 'publics',
    2 => 'signin',
  ),
)
[ info ] [ HEADER ] array (
  'host' => 'localhost',
  'connection' => 'keep-alive',
  'upgrade-insecure-requests' => '1',
  'user-agent' => 'Mozilla/5.0 (Windows NT 6.1; WOW64) AppleWebKit/537.36 (KHTML, like Gecko) Chrome/69.0.3497.81 Safari/537.36',
  'accept' => 'text/html,application/xhtml+xml,application/xml;q=0.9,image/webp,image/apng,*/*;q=0.8',
  'accept-encoding' => 'gzip, deflate, br',
  'accept-language' => 'zh-CN,zh;q=0.9',
  'cookie' => 'PHPSESSID=4cff72e5q75mmp10jjekprn900; pageReferrInSession=http%3A//localhost/; firstEnterUrlInSession=http%3A//localhost/feichangcelue/',
)
[ info ] [ PARAM ] array (
)
[ info ] [ BEHAVIOR ] Run app\common\behavior\Config @app_begin [ RunTime:0.000976s ]
[ info ] [ BEHAVIOR ] Run app\common\behavior\Hook @app_begin [ RunTime:0.005860s ]
[ info ] [ RUN ] app\user\admin\Publics->signin[ D:\phpStudy\PHPTutorial\WWW\feichangcelue\application\user\admin\Publics.php ]
[ info ] [ DB ] INIT mysql
[ info ] [ SESSION ] INIT array (
  'id' => '',
  'var_session_id' => '',
  'prefix' => 'xinhuo_admin_',
  'type' => '',
  'auto_start' => true,
)
[ info ] [ VIEW ] D:\phpStudy\PHPTutorial\WWW\feichangcelue/application/user/view/admin/publics\signin.html [ array (
) ]
[ info ] [ LOG ] INIT File
---------------------------------------------------------------
[ 2018-09-13T09:29:08+08:00 ] ::1 ::1 GET /feichangcelue/public/static/admin/img/favicons/favicon-32x32.png
[ info ] localhost/feichangcelue/public/static/admin/img/favicons/favicon-32x32.png [运行时间：0.037109s][吞吐率：26.95req/s] [内存消耗：1,926.16kb] [文件加载：47]
[ info ] [ CACHE ] INIT File
[ info ] [ LANG ] D:\phpStudy\PHPTutorial\WWW\feichangcelue\thinkphp\lang\zh-cn.php
[ info ] [ ROUTE ] array (
  'type' => 'module',
  'module' => 
  array (
    0 => 'public',
    1 => 'static',
    2 => 'admin',
  ),
)
[ info ] [ HEADER ] array (
  'host' => 'localhost',
  'connection' => 'keep-alive',
  'user-agent' => 'Mozilla/5.0 (Windows NT 6.1; WOW64) AppleWebKit/537.36 (KHTML, like Gecko) Chrome/69.0.3497.81 Safari/537.36',
  'accept' => 'image/webp,image/apng,image/*,*/*;q=0.8',
  'referer' => 'http://localhost/feichangcelue/admin.php/user/publics/signin.html',
  'accept-encoding' => 'gzip, deflate, br',
  'accept-language' => 'zh-CN,zh;q=0.9',
  'cookie' => 'PHPSESSID=4cff72e5q75mmp10jjekprn900; pageReferrInSession=http%3A//localhost/; firstEnterUrlInSession=http%3A//localhost/feichangcelue/',
)
[ info ] [ PARAM ] array (
  'img' => 'favicons',
)
[ info ] [ BEHAVIOR ] Run app\common\behavior\Config @app_begin [ RunTime:0.000976s ]
[ info ] [ BEHAVIOR ] Run app\common\behavior\Hook @app_begin [ RunTime:0.004883s ]
[ info ] [ LOG ] INIT File
---------------------------------------------------------------
[ 2018-09-13T09:29:08+08:00 ] ::1 ::1 GET /feichangcelue/public/static/admin/img/favicons/favicon-16x16.png
[ info ] localhost/feichangcelue/public/static/admin/img/favicons/favicon-16x16.png [运行时间：0.036133s][吞吐率：27.68req/s] [内存消耗：1,926.16kb] [文件加载：47]
[ info ] [ CACHE ] INIT File
[ info ] [ LANG ] D:\phpStudy\PHPTutorial\WWW\feichangcelue\thinkphp\lang\zh-cn.php
[ info ] [ ROUTE ] array (
  'type' => 'module',
  'module' => 
  array (
    0 => 'public',
    1 => 'static',
    2 => 'admin',
  ),
)
[ info ] [ HEADER ] array (
  'host' => 'localhost',
  'connection' => 'keep-alive',
  'user-agent' => 'Mozilla/5.0 (Windows NT 6.1; WOW64) AppleWebKit/537.36 (KHTML, like Gecko) Chrome/69.0.3497.81 Safari/537.36',
  'accept' => 'image/webp,image/apng,image/*,*/*;q=0.8',
  'referer' => 'http://localhost/feichangcelue/admin.php/user/publics/signin.html',
  'accept-encoding' => 'gzip, deflate, br',
  'accept-language' => 'zh-CN,zh;q=0.9',
  'cookie' => 'PHPSESSID=4cff72e5q75mmp10jjekprn900; pageReferrInSession=http%3A//localhost/; firstEnterUrlInSession=http%3A//localhost/feichangcelue/',
)
[ info ] [ PARAM ] array (
  'img' => 'favicons',
)
[ info ] [ BEHAVIOR ] Run app\common\behavior\Config @app_begin [ RunTime:0.000977s ]
[ info ] [ BEHAVIOR ] Run app\common\behavior\Hook @app_begin [ RunTime:0.003906s ]
[ info ] [ LOG ] INIT File
---------------------------------------------------------------
[ 2018-09-13T09:29:08+08:00 ] ::1 ::1 GET /feichangcelue/public/static/admin/img/favicons/favicon-96x96.png
[ info ] localhost/feichangcelue/public/static/admin/img/favicons/favicon-96x96.png [运行时间：0.036133s][吞吐率：27.68req/s] [内存消耗：1,926.16kb] [文件加载：47]
[ info ] [ CACHE ] INIT File
[ info ] [ LANG ] D:\phpStudy\PHPTutorial\WWW\feichangcelue\thinkphp\lang\zh-cn.php
[ info ] [ ROUTE ] array (
  'type' => 'module',
  'module' => 
  array (
    0 => 'public',
    1 => 'static',
    2 => 'admin',
  ),
)
[ info ] [ HEADER ] array (
  'host' => 'localhost',
  'connection' => 'keep-alive',
  'user-agent' => 'Mozilla/5.0 (Windows NT 6.1; WOW64) AppleWebKit/537.36 (KHTML, like Gecko) Chrome/69.0.3497.81 Safari/537.36',
  'accept' => 'image/webp,image/apng,image/*,*/*;q=0.8',
  'referer' => 'http://localhost/feichangcelue/admin.php/user/publics/signin.html',
  'accept-encoding' => 'gzip, deflate, br',
  'accept-language' => 'zh-CN,zh;q=0.9',
  'cookie' => 'PHPSESSID=4cff72e5q75mmp10jjekprn900; pageReferrInSession=http%3A//localhost/; firstEnterUrlInSession=http%3A//localhost/feichangcelue/',
)
[ info ] [ PARAM ] array (
  'img' => 'favicons',
)
[ info ] [ BEHAVIOR ] Run app\common\behavior\Config @app_begin [ RunTime:0.000000s ]
[ info ] [ BEHAVIOR ] Run app\common\behavior\Hook @app_begin [ RunTime:0.004882s ]
[ info ] [ LOG ] INIT File
---------------------------------------------------------------
[ 2018-09-13T09:29:08+08:00 ] ::1 ::1 GET /feichangcelue/public/static/admin/img/favicons/favicon-160x160.png
[ info ] localhost/feichangcelue/public/static/admin/img/favicons/favicon-160x160.png [运行时间：0.036133s][吞吐率：27.68req/s] [内存消耗：1,926.16kb] [文件加载：47]
[ info ] [ CACHE ] INIT File
[ info ] [ LANG ] D:\phpStudy\PHPTutorial\WWW\feichangcelue\thinkphp\lang\zh-cn.php
[ info ] [ ROUTE ] array (
  'type' => 'module',
  'module' => 
  array (
    0 => 'public',
    1 => 'static',
    2 => 'admin',
  ),
)
[ info ] [ HEADER ] array (
  'host' => 'localhost',
  'connection' => 'keep-alive',
  'user-agent' => 'Mozilla/5.0 (Windows NT 6.1; WOW64) AppleWebKit/537.36 (KHTML, like Gecko) Chrome/69.0.3497.81 Safari/537.36',
  'accept' => 'image/webp,image/apng,image/*,*/*;q=0.8',
  'referer' => 'http://localhost/feichangcelue/admin.php/user/publics/signin.html',
  'accept-encoding' => 'gzip, deflate, br',
  'accept-language' => 'zh-CN,zh;q=0.9',
  'cookie' => 'PHPSESSID=4cff72e5q75mmp10jjekprn900; pageReferrInSession=http%3A//localhost/; firstEnterUrlInSession=http%3A//localhost/feichangcelue/',
)
[ info ] [ PARAM ] array (
  'img' => 'favicons',
)
[ info ] [ BEHAVIOR ] Run app\common\behavior\Config @app_begin [ RunTime:0.000000s ]
[ info ] [ BEHAVIOR ] Run app\common\behavior\Hook @app_begin [ RunTime:0.004883s ]
[ info ] [ LOG ] INIT File
---------------------------------------------------------------
[ 2018-09-13T09:29:08+08:00 ] ::1 ::1 GET /feichangcelue/public/static/admin/img/favicons/favicon-192x192.png
[ info ] localhost/feichangcelue/public/static/admin/img/favicons/favicon-192x192.png [运行时间：0.036133s][吞吐率：27.68req/s] [内存消耗：1,926.16kb] [文件加载：47]
[ info ] [ CACHE ] INIT File
[ info ] [ LANG ] D:\phpStudy\PHPTutorial\WWW\feichangcelue\thinkphp\lang\zh-cn.php
[ info ] [ ROUTE ] array (
  'type' => 'module',
  'module' => 
  array (
    0 => 'public',
    1 => 'static',
    2 => 'admin',
  ),
)
[ info ] [ HEADER ] array (
  'host' => 'localhost',
  'connection' => 'keep-alive',
  'user-agent' => 'Mozilla/5.0 (Windows NT 6.1; WOW64) AppleWebKit/537.36 (KHTML, like Gecko) Chrome/69.0.3497.81 Safari/537.36',
  'accept' => 'image/webp,image/apng,image/*,*/*;q=0.8',
  'referer' => 'http://localhost/feichangcelue/admin.php/user/publics/signin.html',
  'accept-encoding' => 'gzip, deflate, br',
  'accept-language' => 'zh-CN,zh;q=0.9',
  'cookie' => 'PHPSESSID=4cff72e5q75mmp10jjekprn900; pageReferrInSession=http%3A//localhost/; firstEnterUrlInSession=http%3A//localhost/feichangcelue/',
)
[ info ] [ PARAM ] array (
  'img' => 'favicons',
)
[ info ] [ BEHAVIOR ] Run app\common\behavior\Config @app_begin [ RunTime:0.000000s ]
[ info ] [ BEHAVIOR ] Run app\common\behavior\Hook @app_begin [ RunTime:0.004882s ]
[ info ] [ LOG ] INIT File
---------------------------------------------------------------
[ 2018-09-13T09:29:10+08:00 ] ::1 ::1 POST /feichangcelue/admin.php/user/publics/signin.html
[ info ] localhost/feichangcelue/admin.php/user/publics/signin.html [运行时间：0.281250s][吞吐率：3.56req/s] [内存消耗：2,913.84kb] [文件加载：63]
[ info ] [ CACHE ] INIT File
[ info ] [ LANG ] D:\phpStudy\PHPTutorial\WWW\feichangcelue\thinkphp\lang\zh-cn.php
[ info ] [ ROUTE ] array (
  'type' => 'module',
  'module' => 
  array (
    0 => 'user',
    1 => 'publics',
    2 => 'signin',
  ),
)
[ info ] [ HEADER ] array (
  'host' => 'localhost',
  'connection' => 'keep-alive',
  'content-length' => '29',
  'accept' => '*/*',
  'origin' => 'http://localhost',
  'x-requested-with' => 'XMLHttpRequest',
  'user-agent' => 'Mozilla/5.0 (Windows NT 6.1; WOW64) AppleWebKit/537.36 (KHTML, like Gecko) Chrome/69.0.3497.81 Safari/537.36',
  'content-type' => 'application/x-www-form-urlencoded; charset=UTF-8',
  'referer' => 'http://localhost/feichangcelue/admin.php/user/publics/signin.html',
  'accept-encoding' => 'gzip, deflate, br',
  'accept-language' => 'zh-CN,zh;q=0.9',
  'cookie' => 'PHPSESSID=4cff72e5q75mmp10jjekprn900; pageReferrInSession=http%3A//localhost/; firstEnterUrlInSession=http%3A//localhost/feichangcelue/',
)
[ info ] [ PARAM ] array (
  'username' => 'admin',
  'password' => 'admin',
)
[ info ] [ BEHAVIOR ] Run app\common\behavior\Config @app_begin [ RunTime:0.000976s ]
[ info ] [ BEHAVIOR ] Run app\common\behavior\Hook @app_begin [ RunTime:0.005860s ]
[ info ] [ RUN ] app\user\admin\Publics->signin[ D:\phpStudy\PHPTutorial\WWW\feichangcelue\application\user\admin\Publics.php ]
[ info ] [ DB ] INIT mysql
[ info ] [ LOG ] INIT File
[ sql ] [ DB ] CONNECT:[ UseTime:0.025391s ] mysql:dbname=peizi;host=rm-wz9l3z92630ora5wjwo.mysql.rds.aliyuncs.com;port=3306;charset=utf8
[ sql ] [ SQL ] SHOW COLUMNS FROM `xh_admin_user` [ RunTime:0.017578s ]
[ sql ] [ SQL ] SELECT * FROM `xh_admin_user` WHERE  `username` = 'admin'  AND `status` = 1 LIMIT 1 [ RunTime:0.016601s ]
[ sql ] [ SQL ] SHOW COLUMNS FROM `xh_admin_role` [ RunTime:0.016602s ]
[ sql ] [ SQL ] SELECT `access` FROM `xh_admin_role` WHERE  `id` = 1 LIMIT 1 [ RunTime:0.015625s ]
---------------------------------------------------------------
[ 2018-09-13T09:29:13+08:00 ] ::1 ::1 POST /feichangcelue/admin.php/user/publics/signin.html
[ info ] localhost/feichangcelue/admin.php/user/publics/signin.html [运行时间：0.115234s][吞吐率：8.68req/s] [内存消耗：2,857.77kb] [文件加载：60]
[ info ] [ CACHE ] INIT File
[ info ] [ LANG ] D:\phpStudy\PHPTutorial\WWW\feichangcelue\thinkphp\lang\zh-cn.php
[ info ] [ ROUTE ] array (
  'type' => 'module',
  'module' => 
  array (
    0 => 'user',
    1 => 'publics',
    2 => 'signin',
  ),
)
[ info ] [ HEADER ] array (
  'host' => 'localhost',
  'connection' => 'keep-alive',
  'content-length' => '36',
  'accept' => '*/*',
  'origin' => 'http://localhost',
  'x-requested-with' => 'XMLHttpRequest',
  'user-agent' => 'Mozilla/5.0 (Windows NT 6.1; WOW64) AppleWebKit/537.36 (KHTML, like Gecko) Chrome/69.0.3497.81 Safari/537.36',
  'content-type' => 'application/x-www-form-urlencoded; charset=UTF-8',
  'referer' => 'http://localhost/feichangcelue/admin.php/user/publics/signin.html',
  'accept-encoding' => 'gzip, deflate, br',
  'accept-language' => 'zh-CN,zh;q=0.9',
  'cookie' => 'PHPSESSID=4cff72e5q75mmp10jjekprn900; pageReferrInSession=http%3A//localhost/; firstEnterUrlInSession=http%3A//localhost/feichangcelue/',
)
[ info ] [ PARAM ] array (
  'username' => '18998906797',
  'password' => '123456',
)
[ info ] [ BEHAVIOR ] Run app\common\behavior\Config @app_begin [ RunTime:0.000000s ]
[ info ] [ BEHAVIOR ] Run app\common\behavior\Hook @app_begin [ RunTime:0.004883s ]
[ info ] [ RUN ] app\user\admin\Publics->signin[ D:\phpStudy\PHPTutorial\WWW\feichangcelue\application\user\admin\Publics.php ]
[ info ] [ DB ] INIT mysql
[ info ] [ LOG ] INIT File
[ sql ] [ DB ] CONNECT:[ UseTime:0.029297s ] mysql:dbname=peizi;host=rm-wz9l3z92630ora5wjwo.mysql.rds.aliyuncs.com;port=3306;charset=utf8
[ sql ] [ SQL ] SHOW COLUMNS FROM `xh_admin_user` [ RunTime:0.016601s ]
[ sql ] [ SQL ] SELECT * FROM `xh_admin_user` WHERE  `mobile` = '18998906797'  AND `status` = 1 LIMIT 1 [ RunTime:0.017578s ]
---------------------------------------------------------------
[ 2018-09-13T09:29:25+08:00 ] ::1 ::1 POST /feichangcelue/admin.php/user/publics/signin.html
[ info ] localhost/feichangcelue/admin.php/user/publics/signin.html [运行时间：0.249023s][吞吐率：4.02req/s] [内存消耗：2,913.85kb] [文件加载：63]
[ info ] [ CACHE ] INIT File
[ info ] [ LANG ] D:\phpStudy\PHPTutorial\WWW\feichangcelue\thinkphp\lang\zh-cn.php
[ info ] [ ROUTE ] array (
  'type' => 'module',
  'module' => 
  array (
    0 => 'user',
    1 => 'publics',
    2 => 'signin',
  ),
)
[ info ] [ HEADER ] array (
  'host' => 'localhost',
  'connection' => 'keep-alive',
  'content-length' => '30',
  'accept' => '*/*',
  'origin' => 'http://localhost',
  'x-requested-with' => 'XMLHttpRequest',
  'user-agent' => 'Mozilla/5.0 (Windows NT 6.1; WOW64) AppleWebKit/537.36 (KHTML, like Gecko) Chrome/69.0.3497.81 Safari/537.36',
  'content-type' => 'application/x-www-form-urlencoded; charset=UTF-8',
  'referer' => 'http://localhost/feichangcelue/admin.php/user/publics/signin.html',
  'accept-encoding' => 'gzip, deflate, br',
  'accept-language' => 'zh-CN,zh;q=0.9',
  'cookie' => 'PHPSESSID=4cff72e5q75mmp10jjekprn900; pageReferrInSession=http%3A//localhost/; firstEnterUrlInSession=http%3A//localhost/feichangcelue/',
)
[ info ] [ PARAM ] array (
  'username' => 'admin',
  'password' => '123456',
)
[ info ] [ BEHAVIOR ] Run app\common\behavior\Config @app_begin [ RunTime:0.000000s ]
[ info ] [ BEHAVIOR ] Run app\common\behavior\Hook @app_begin [ RunTime:0.005860s ]
[ info ] [ RUN ] app\user\admin\Publics->signin[ D:\phpStudy\PHPTutorial\WWW\feichangcelue\application\user\admin\Publics.php ]
[ info ] [ DB ] INIT mysql
[ info ] [ LOG ] INIT File
[ sql ] [ DB ] CONNECT:[ UseTime:0.017578s ] mysql:dbname=peizi;host=rm-wz9l3z92630ora5wjwo.mysql.rds.aliyuncs.com;port=3306;charset=utf8
[ sql ] [ SQL ] SHOW COLUMNS FROM `xh_admin_user` [ RunTime:0.011719s ]
[ sql ] [ SQL ] SELECT * FROM `xh_admin_user` WHERE  `username` = 'admin'  AND `status` = 1 LIMIT 1 [ RunTime:0.013672s ]
[ sql ] [ SQL ] SHOW COLUMNS FROM `xh_admin_role` [ RunTime:0.010742s ]
[ sql ] [ SQL ] SELECT `access` FROM `xh_admin_role` WHERE  `id` = 1 LIMIT 1 [ RunTime:0.012696s ]
---------------------------------------------------------------
[ 2018-09-13T09:29:28+08:00 ] ::1 ::1 POST /feichangcelue/admin.php/user/publics/signin.html
[ info ] localhost/feichangcelue/admin.php/user/publics/signin.html [运行时间：0.293945s][吞吐率：3.40req/s] [内存消耗：2,913.85kb] [文件加载：63]
[ info ] [ CACHE ] INIT File
[ info ] [ LANG ] D:\phpStudy\PHPTutorial\WWW\feichangcelue\thinkphp\lang\zh-cn.php
[ info ] [ ROUTE ] array (
  'type' => 'module',
  'module' => 
  array (
    0 => 'user',
    1 => 'publics',
    2 => 'signin',
  ),
)
[ info ] [ HEADER ] array (
  'host' => 'localhost',
  'connection' => 'keep-alive',
  'content-length' => '30',
  'accept' => '*/*',
  'origin' => 'http://localhost',
  'x-requested-with' => 'XMLHttpRequest',
  'user-agent' => 'Mozilla/5.0 (Windows NT 6.1; WOW64) AppleWebKit/537.36 (KHTML, like Gecko) Chrome/69.0.3497.81 Safari/537.36',
  'content-type' => 'application/x-www-form-urlencoded; charset=UTF-8',
  'referer' => 'http://localhost/feichangcelue/admin.php/user/publics/signin.html',
  'accept-encoding' => 'gzip, deflate, br',
  'accept-language' => 'zh-CN,zh;q=0.9',
  'cookie' => 'PHPSESSID=4cff72e5q75mmp10jjekprn900; pageReferrInSession=http%3A//localhost/; firstEnterUrlInSession=http%3A//localhost/feichangcelue/',
)
[ info ] [ PARAM ] array (
  'username' => 'admin',
  'password' => '123456',
)
[ info ] [ BEHAVIOR ] Run app\common\behavior\Config @app_begin [ RunTime:0.000000s ]
[ info ] [ BEHAVIOR ] Run app\common\behavior\Hook @app_begin [ RunTime:0.006836s ]
[ info ] [ RUN ] app\user\admin\Publics->signin[ D:\phpStudy\PHPTutorial\WWW\feichangcelue\application\user\admin\Publics.php ]
[ info ] [ DB ] INIT mysql
[ info ] [ LOG ] INIT File
[ sql ] [ DB ] CONNECT:[ UseTime:0.031250s ] mysql:dbname=peizi;host=rm-wz9l3z92630ora5wjwo.mysql.rds.aliyuncs.com;port=3306;charset=utf8
[ sql ] [ SQL ] SHOW COLUMNS FROM `xh_admin_user` [ RunTime:0.020508s ]
[ sql ] [ SQL ] SELECT * FROM `xh_admin_user` WHERE  `username` = 'admin'  AND `status` = 1 LIMIT 1 [ RunTime:0.020508s ]
[ sql ] [ SQL ] SHOW COLUMNS FROM `xh_admin_role` [ RunTime:0.017578s ]
[ sql ] [ SQL ] SELECT `access` FROM `xh_admin_role` WHERE  `id` = 1 LIMIT 1 [ RunTime:0.018555s ]
---------------------------------------------------------------
[ 2018-09-13T09:29:33+08:00 ] ::1 ::1 POST /feichangcelue/admin.php/user/publics/signin.html
[ info ] localhost/feichangcelue/admin.php/user/publics/signin.html [运行时间：0.293945s][吞吐率：3.40req/s] [内存消耗：2,913.84kb] [文件加载：63]
[ info ] [ CACHE ] INIT File
[ info ] [ LANG ] D:\phpStudy\PHPTutorial\WWW\feichangcelue\thinkphp\lang\zh-cn.php
[ info ] [ ROUTE ] array (
  'type' => 'module',
  'module' => 
  array (
    0 => 'user',
    1 => 'publics',
    2 => 'signin',
  ),
)
[ info ] [ HEADER ] array (
  'host' => 'localhost',
  'connection' => 'keep-alive',
  'content-length' => '29',
  'accept' => '*/*',
  'origin' => 'http://localhost',
  'x-requested-with' => 'XMLHttpRequest',
  'user-agent' => 'Mozilla/5.0 (Windows NT 6.1; WOW64) AppleWebKit/537.36 (KHTML, like Gecko) Chrome/69.0.3497.81 Safari/537.36',
  'content-type' => 'application/x-www-form-urlencoded; charset=UTF-8',
  'referer' => 'http://localhost/feichangcelue/admin.php/user/publics/signin.html',
  'accept-encoding' => 'gzip, deflate, br',
  'accept-language' => 'zh-CN,zh;q=0.9',
  'cookie' => 'PHPSESSID=4cff72e5q75mmp10jjekprn900; pageReferrInSession=http%3A//localhost/; firstEnterUrlInSession=http%3A//localhost/feichangcelue/',
)
[ info ] [ PARAM ] array (
  'username' => 'admin',
  'password' => 'admin',
)
[ info ] [ BEHAVIOR ] Run app\common\behavior\Config @app_begin [ RunTime:0.000000s ]
[ info ] [ BEHAVIOR ] Run app\common\behavior\Hook @app_begin [ RunTime:0.003907s ]
[ info ] [ RUN ] app\user\admin\Publics->signin[ D:\phpStudy\PHPTutorial\WWW\feichangcelue\application\user\admin\Publics.php ]
[ info ] [ DB ] INIT mysql
[ info ] [ LOG ] INIT File
[ sql ] [ DB ] CONNECT:[ UseTime:0.028320s ] mysql:dbname=peizi;host=rm-wz9l3z92630ora5wjwo.mysql.rds.aliyuncs.com;port=3306;charset=utf8
[ sql ] [ SQL ] SHOW COLUMNS FROM `xh_admin_user` [ RunTime:0.018555s ]
[ sql ] [ SQL ] SELECT * FROM `xh_admin_user` WHERE  `username` = 'admin'  AND `status` = 1 LIMIT 1 [ RunTime:0.019532s ]
[ sql ] [ SQL ] SHOW COLUMNS FROM `xh_admin_role` [ RunTime:0.017578s ]
[ sql ] [ SQL ] SELECT `access` FROM `xh_admin_role` WHERE  `id` = 1 LIMIT 1 [ RunTime:0.016601s ]
---------------------------------------------------------------
[ 2018-09-13T09:29:56+08:00 ] ::1 ::1 POST /feichangcelue/admin.php/user/publics/signin.html
[ info ] localhost/feichangcelue/admin.php/user/publics/signin.html [运行时间：0.308594s][吞吐率：3.24req/s] [内存消耗：3,026.41kb] [文件加载：65]
[ info ] [ CACHE ] INIT File
[ info ] [ LANG ] D:\phpStudy\PHPTutorial\WWW\feichangcelue\thinkphp\lang\zh-cn.php
[ info ] [ ROUTE ] array (
  'type' => 'module',
  'module' => 
  array (
    0 => 'user',
    1 => 'publics',
    2 => 'signin',
  ),
)
[ info ] [ HEADER ] array (
  'host' => 'localhost',
  'connection' => 'keep-alive',
  'content-length' => '32',
  'accept' => '*/*',
  'origin' => 'http://localhost',
  'x-requested-with' => 'XMLHttpRequest',
  'user-agent' => 'Mozilla/5.0 (Windows NT 6.1; WOW64) AppleWebKit/537.36 (KHTML, like Gecko) Chrome/69.0.3497.81 Safari/537.36',
  'content-type' => 'application/x-www-form-urlencoded; charset=UTF-8',
  'referer' => 'http://localhost/feichangcelue/admin.php/user/publics/signin.html',
  'accept-encoding' => 'gzip, deflate, br',
  'accept-language' => 'zh-CN,zh;q=0.9',
  'cookie' => 'PHPSESSID=4cff72e5q75mmp10jjekprn900; pageReferrInSession=http%3A//localhost/; firstEnterUrlInSession=http%3A//localhost/feichangcelue/',
)
[ info ] [ PARAM ] array (
  'username' => 'admin',
  'password' => 'admin123',
)
[ info ] [ BEHAVIOR ] Run app\common\behavior\Config @app_begin [ RunTime:0.000976s ]
[ info ] [ BEHAVIOR ] Run app\common\behavior\Hook @app_begin [ RunTime:0.004883s ]
[ info ] [ RUN ] app\user\admin\Publics->signin[ D:\phpStudy\PHPTutorial\WWW\feichangcelue\application\user\admin\Publics.php ]
[ info ] [ DB ] INIT mysql
[ info ] [ SESSION ] INIT array (
  'id' => '',
  'var_session_id' => '',
  'prefix' => 'xinhuo_admin_',
  'type' => '',
  'auto_start' => true,
)
[ info ] [ LOG ] INIT File
[ sql ] [ DB ] CONNECT:[ UseTime:0.017578s ] mysql:dbname=peizi;host=rm-wz9l3z92630ora5wjwo.mysql.rds.aliyuncs.com;port=3306;charset=utf8
[ sql ] [ SQL ] SHOW COLUMNS FROM `xh_admin_user` [ RunTime:0.011719s ]
[ sql ] [ SQL ] SELECT * FROM `xh_admin_user` WHERE  `username` = 'admin'  AND `status` = 1 LIMIT 1 [ RunTime:0.012695s ]
[ sql ] [ SQL ] SHOW COLUMNS FROM `xh_admin_role` [ RunTime:0.009765s ]
[ sql ] [ SQL ] SELECT `access` FROM `xh_admin_role` WHERE  `id` = 1 LIMIT 1 [ RunTime:0.010742s ]
[ sql ] [ SQL ] UPDATE `xh_admin_user`  SET `last_login_time`=1536802195,`update_time`=1536802196  WHERE  `id` = 1 [ RunTime:0.015625s ]
[ sql ] [ SQL ] SELECT * FROM `xh_admin_user` WHERE  `id` = 1 LIMIT 1 [ RunTime:0.012695s ]
[ sql ] [ SQL ] SELECT `name` FROM `xh_admin_role` WHERE  `id` = 1 LIMIT 1 [ RunTime:0.009765s ]
[ sql ] [ SQL ] SHOW COLUMNS FROM `xh_admin_action` [ RunTime:0.012695s ]
[ sql ] [ SQL ] SELECT * FROM `xh_admin_action` WHERE  `module` = 'user'  AND `name` = 'user_signin' LIMIT 1 [ RunTime:0.010743s ]
---------------------------------------------------------------
[ 2018-09-13T09:29:58+08:00 ] ::1 ::1 GET /feichangcelue/admin.php/admin/index/index.html
[ info ] localhost/feichangcelue/admin.php/admin/index/index.html [运行时间：0.407227s][吞吐率：2.46req/s] [内存消耗：3,508.70kb] [文件加载：70]
[ info ] [ CACHE ] INIT File
[ info ] [ LANG ] D:\phpStudy\PHPTutorial\WWW\feichangcelue\thinkphp\lang\zh-cn.php
[ info ] [ ROUTE ] array (
  'type' => 'module',
  'module' => 
  array (
    0 => 'admin',
    1 => 'index',
    2 => 'index',
  ),
)
[ info ] [ HEADER ] array (
  'host' => 'localhost',
  'connection' => 'keep-alive',
  'upgrade-insecure-requests' => '1',
  'user-agent' => 'Mozilla/5.0 (Windows NT 6.1; WOW64) AppleWebKit/537.36 (KHTML, like Gecko) Chrome/69.0.3497.81 Safari/537.36',
  'accept' => 'text/html,application/xhtml+xml,application/xml;q=0.9,image/webp,image/apng,*/*;q=0.8',
  'referer' => 'http://localhost/feichangcelue/admin.php/user/publics/signin.html',
  'accept-encoding' => 'gzip, deflate, br',
  'accept-language' => 'zh-CN,zh;q=0.9',
  'cookie' => 'PHPSESSID=4cff72e5q75mmp10jjekprn900; pageReferrInSession=http%3A//localhost/; firstEnterUrlInSession=http%3A//localhost/feichangcelue/',
)
[ info ] [ PARAM ] array (
)
[ info ] [ BEHAVIOR ] Run app\common\behavior\Config @app_begin [ RunTime:0.000000s ]
[ info ] [ BEHAVIOR ] Run app\common\behavior\Hook @app_begin [ RunTime:0.004883s ]
[ info ] [ DB ] INIT mysql
[ info ] [ SESSION ] INIT array (
  'id' => '',
  'var_session_id' => '',
  'prefix' => 'xinhuo_admin_',
  'type' => '',
  'auto_start' => true,
)
[ info ] [ RUN ] app\admin\controller\Index->index[ D:\phpStudy\PHPTutorial\WWW\feichangcelue\application\admin\controller\Index.php ]
[ info ] [ VIEW ] D:\phpStudy\PHPTutorial\WWW\feichangcelue/application/admin\view\index\index.html [ array (
  0 => '_admin_base_layout',
  1 => 'system_color',
  2 => '_top_menus',
  3 => '_top_menus_all',
  4 => '_sidebar_menus',
  5 => '_location',
  6 => 'aside',
  7 => '_pop',
) ]
[ info ] [ LOG ] INIT File
[ sql ] [ DB ] CONNECT:[ UseTime:0.018555s ] mysql:dbname=peizi;host=rm-wz9l3z92630ora5wjwo.mysql.rds.aliyuncs.com;port=3306;charset=utf8
[ sql ] [ SQL ] SHOW COLUMNS FROM `xh_admin_menu` [ RunTime:0.011719s ]
[ sql ] [ SQL ] SELECT `id`,`pid`,`module`,`title`,`url_value`,`url_type`,`url_target`,`icon` FROM `xh_admin_menu` WHERE  `online_hide` = 0  AND `status` = 1  AND `pid` = 0 ORDER BY sort,id LIMIT 10 [ RunTime:0.010743s ]
[ sql ] [ SQL ] SELECT `id`,`pid`,`module`,`title`,`url_value`,`url_type`,`url_target`,`icon` FROM `xh_admin_menu` WHERE  `online_hide` = 0  AND `status` = 1  AND `pid` = 0 ORDER BY sort,id [ RunTime:0.011719s ]
[ sql ] [ SQL ] SELECT `id` FROM `xh_admin_menu` WHERE  `pid` <> 0  AND `url_value` = 'admin/index/index' LIMIT 1 [ RunTime:0.011719s ]
[ sql ] [ SQL ] SELECT `id`,`pid`,`title`,`url_value` FROM `xh_admin_menu` [ RunTime:0.012695s ]
[ sql ] [ SQL ] SELECT `id`,`pid`,`module`,`title`,`url_value`,`url_type`,`url_target`,`icon` FROM `xh_admin_menu` WHERE  `status` = 1  AND `module` = 'admin'  AND `online_hide` = 0 ORDER BY sort,id [ RunTime:0.008789s ]
[ sql ] [ SQL ] SHOW COLUMNS FROM `xh_admin_config` [ RunTime:0.014648s ]
[ sql ] [ SQL ] SELECT `value` FROM `xh_admin_config` WHERE  `id` = 1 LIMIT 1 [ RunTime:0.010742s ]
[ sql ] [ SQL ] SHOW COLUMNS FROM `xh_admin_user` [ RunTime:0.011719s ]
[ sql ] [ SQL ] SELECT `password` FROM `xh_admin_user` WHERE  `id` = 1 LIMIT 1 [ RunTime:0.010742s ]
[ sql ] [ SQL ] SHOW COLUMNS FROM `xh_admin_attachment` [ RunTime:0.011719s ]
[ sql ] [ SQL ] SELECT `path` FROM `xh_admin_attachment` WHERE  `id` = 14 LIMIT 1 [ RunTime:0.010742s ]
[ sql ] [ SQL ] SELECT `avatar` FROM `xh_admin_user` WHERE  `id` = 1 LIMIT 1 [ RunTime:0.011719s ]
[ sql ] [ SQL ] SELECT `path` FROM `xh_admin_attachment` WHERE  `id` = 0 LIMIT 1 [ RunTime:0.011718s ]
---------------------------------------------------------------
[ 2018-09-13T09:30:05+08:00 ] ::1 ::1 GET /feichangcelue/admin.php/admin/index/rechargelist.html
[ info ] localhost/feichangcelue/admin.php/admin/index/rechargelist.html [运行时间：0.400391s][吞吐率：2.50req/s] [内存消耗：3,912.17kb] [文件加载：72]
[ info ] [ CACHE ] INIT File
[ info ] [ LANG ] D:\phpStudy\PHPTutorial\WWW\feichangcelue\thinkphp\lang\zh-cn.php
[ info ] [ ROUTE ] array (
  'type' => 'module',
  'module' => 
  array (
    0 => 'admin',
    1 => 'index',
    2 => 'rechargelist',
  ),
)
[ info ] [ HEADER ] array (
  'host' => 'localhost',
  'connection' => 'keep-alive',
  'upgrade-insecure-requests' => '1',
  'user-agent' => 'Mozilla/5.0 (Windows NT 6.1; WOW64) AppleWebKit/537.36 (KHTML, like Gecko) Chrome/69.0.3497.81 Safari/537.36',
  'accept' => 'text/html,application/xhtml+xml,application/xml;q=0.9,image/webp,image/apng,*/*;q=0.8',
  'referer' => 'http://localhost/feichangcelue/admin.php/admin/index/index.html',
  'accept-encoding' => 'gzip, deflate, br',
  'accept-language' => 'zh-CN,zh;q=0.9',
  'cookie' => 'PHPSESSID=4cff72e5q75mmp10jjekprn900; pageReferrInSession=http%3A//localhost/; firstEnterUrlInSession=http%3A//localhost/feichangcelue/',
)
[ info ] [ PARAM ] array (
)
[ info ] [ BEHAVIOR ] Run app\common\behavior\Config @app_begin [ RunTime:0.000977s ]
[ info ] [ BEHAVIOR ] Run app\common\behavior\Hook @app_begin [ RunTime:0.005859s ]
[ info ] [ DB ] INIT mysql
[ info ] [ SESSION ] INIT array (
  'id' => '',
  'var_session_id' => '',
  'prefix' => 'xinhuo_admin_',
  'type' => '',
  'auto_start' => true,
)
[ info ] [ RUN ] app\admin\controller\Index->rechargelist[ D:\phpStudy\PHPTutorial\WWW\feichangcelue\application\admin\controller\Index.php ]
[ info ] [ VIEW ] D:\phpStudy\PHPTutorial\WWW\feichangcelue/application/common/builder/table/layout.html [ array (
  0 => '_admin_base_layout',
  1 => 'system_color',
  2 => '_top_menus',
  3 => '_top_menus_all',
  4 => '_sidebar_menus',
  5 => '_location',
  6 => 'aside',
  7 => '_pop',
  8 => 'page_title',
  9 => 'page_tips',
  10 => 'tips_type',
  11 => 'tab_nav',
  12 => 'hide_checkbox',
  13 => 'extra_html',
  14 => 'extra_js',
  15 => 'extra_css',
  16 => 'order_columns',
  17 => 'filter_columns',
  18 => 'filter_map',
  19 => '_field_display',
  20 => '_filter_content',
  21 => '_filter',
  22 => 'top_buttons',
  23 => 'right_buttons',
  24 => 'search',
  25 => 'columns',
  26 => 'pages',
  27 => 'row_list',
  28 => '_page_info',
  29 => 'primary_key',
  30 => '_table',
  31 => 'js_list',
  32 => 'css_list',
  33 => 'validate',
  34 => '_js_files',
  35 => '_css_files',
  36 => '_js_init',
  37 => '_filter_time',
) ]
[ info ] [ LOG ] INIT File
[ sql ] [ DB ] CONNECT:[ UseTime:0.026367s ] mysql:dbname=peizi;host=rm-wz9l3z92630ora5wjwo.mysql.rds.aliyuncs.com;port=3306;charset=utf8
[ sql ] [ SQL ] SHOW COLUMNS FROM `xh_admin_menu` [ RunTime:0.018555s ]
[ sql ] [ SQL ] SELECT `id` FROM `xh_admin_menu` WHERE  `pid` <> 0  AND `url_value` = 'admin/index/rechargelist' LIMIT 1 [ RunTime:0.017578s ]
[ sql ] [ SQL ] SELECT `id`,`pid`,`title`,`url_value` FROM `xh_admin_menu` [ RunTime:0.020508s ]
[ sql ] [ SQL ] SHOW COLUMNS FROM `xh_admin_config` [ RunTime:0.017578s ]
[ sql ] [ SQL ] SELECT `value` FROM `xh_admin_config` WHERE  `id` = 1 LIMIT 1 [ RunTime:0.018554s ]
[ sql ] [ SQL ] SHOW COLUMNS FROM `xh_member_recharge` [ RunTime:0.019531s ]
[ sql ] [ SQL ] SELECT COUNT(*) AS tp_count FROM `xh_member_recharge` `a`,`xh_member` `b` WHERE  (  a.memberId = b.id and (a.status=1 || a.status=3)  ) LIMIT 1 [ RunTime:0.018555s ]
[ sql ] [ SQL ] SELECT `a`.*,`b`.`username`,`b`.`mobile` FROM `xh_member_recharge` `a`,`xh_member` `b` WHERE  (  a.memberId = b.id and (a.status=1 || a.status=3)  ) ORDER BY id desc LIMIT 0,20 [ RunTime:0.017578s ]
[ sql ] [ SQL ] SHOW COLUMNS FROM `xh_admin_attachment` [ RunTime:0.018555s ]
[ sql ] [ SQL ] SELECT `path` FROM `xh_admin_attachment` WHERE  `id` = 14 LIMIT 1 [ RunTime:0.017578s ]
[ sql ] [ SQL ] SHOW COLUMNS FROM `xh_admin_user` [ RunTime:0.017578s ]
[ sql ] [ SQL ] SELECT `avatar` FROM `xh_admin_user` WHERE  `id` = 1 LIMIT 1 [ RunTime:0.016602s ]
[ sql ] [ SQL ] SELECT `path` FROM `xh_admin_attachment` WHERE  `id` = 0 LIMIT 1 [ RunTime:0.017578s ]
---------------------------------------------------------------
[ 2018-09-13T09:30:12+08:00 ] ::1 ::1 GET /feichangcelue/admin.php/admin/index/index.html
[ info ] localhost/feichangcelue/admin.php/admin/index/index.html [运行时间：0.427735s][吞吐率：2.34req/s] [内存消耗：3,241.66kb] [文件加载：67]
[ info ] [ CACHE ] INIT File
[ info ] [ LANG ] D:\phpStudy\PHPTutorial\WWW\feichangcelue\thinkphp\lang\zh-cn.php
[ info ] [ ROUTE ] array (
  'type' => 'module',
  'module' => 
  array (
    0 => 'admin',
    1 => 'index',
    2 => 'index',
  ),
)
[ info ] [ HEADER ] array (
  'host' => 'localhost',
  'connection' => 'keep-alive',
  'upgrade-insecure-requests' => '1',
  'user-agent' => 'Mozilla/5.0 (Windows NT 6.1; WOW64) AppleWebKit/537.36 (KHTML, like Gecko) Chrome/69.0.3497.81 Safari/537.36',
  'accept' => 'text/html,application/xhtml+xml,application/xml;q=0.9,image/webp,image/apng,*/*;q=0.8',
  'referer' => 'http://localhost/feichangcelue/admin.php/admin/index/rechargelist.html',
  'accept-encoding' => 'gzip, deflate, br',
  'accept-language' => 'zh-CN,zh;q=0.9',
  'cookie' => 'PHPSESSID=4cff72e5q75mmp10jjekprn900; pageReferrInSession=http%3A//localhost/; firstEnterUrlInSession=http%3A//localhost/feichangcelue/',
)
[ info ] [ PARAM ] array (
)
[ info ] [ BEHAVIOR ] Run app\common\behavior\Config @app_begin [ RunTime:0.000977s ]
[ info ] [ BEHAVIOR ] Run app\common\behavior\Hook @app_begin [ RunTime:0.009765s ]
[ info ] [ DB ] INIT mysql
[ info ] [ SESSION ] INIT array (
  'id' => '',
  'var_session_id' => '',
  'prefix' => 'xinhuo_admin_',
  'type' => '',
  'auto_start' => true,
)
[ info ] [ RUN ] app\admin\controller\Index->index[ D:\phpStudy\PHPTutorial\WWW\feichangcelue\application\admin\controller\Index.php ]
[ info ] [ VIEW ] D:\phpStudy\PHPTutorial\WWW\feichangcelue/application/admin\view\index\index.html [ array (
  0 => '_admin_base_layout',
  1 => 'system_color',
  2 => '_top_menus',
  3 => '_top_menus_all',
  4 => '_sidebar_menus',
  5 => '_location',
  6 => 'aside',
  7 => '_pop',
) ]
[ info ] [ LOG ] INIT File
[ sql ] [ DB ] CONNECT:[ UseTime:0.028320s ] mysql:dbname=peizi;host=rm-wz9l3z92630ora5wjwo.mysql.rds.aliyuncs.com;port=3306;charset=utf8
[ sql ] [ SQL ] SHOW COLUMNS FROM `xh_admin_config` [ RunTime:0.020508s ]
[ sql ] [ SQL ] SELECT `value` FROM `xh_admin_config` WHERE  `id` = 1 LIMIT 1 [ RunTime:0.017578s ]
[ sql ] [ SQL ] SHOW COLUMNS FROM `xh_admin_user` [ RunTime:0.019531s ]
[ sql ] [ SQL ] SELECT `password` FROM `xh_admin_user` WHERE  `id` = 1 LIMIT 1 [ RunTime:0.018555s ]
[ sql ] [ SQL ] SHOW COLUMNS FROM `xh_admin_attachment` [ RunTime:0.019531s ]
[ sql ] [ SQL ] SELECT `path` FROM `xh_admin_attachment` WHERE  `id` = 14 LIMIT 1 [ RunTime:0.019532s ]
[ sql ] [ SQL ] SELECT `avatar` FROM `xh_admin_user` WHERE  `id` = 1 LIMIT 1 [ RunTime:0.019531s ]
[ sql ] [ SQL ] SELECT `path` FROM `xh_admin_attachment` WHERE  `id` = 0 LIMIT 1 [ RunTime:0.018555s ]
---------------------------------------------------------------
[ 2018-09-13T10:08:46+08:00 ] ::1 ::1 GET /feichangcelue/admin.php/admin/member/withdraw_finished.html
[ info ] localhost/feichangcelue/admin.php/admin/member/withdraw_finished.html [运行时间：0.065429s][吞吐率：15.28req/s] [内存消耗：3,054.64kb] [文件加载：62]
[ info ] [ CACHE ] INIT File
[ info ] [ LANG ] D:\phpStudy\PHPTutorial\WWW\feichangcelue\thinkphp\lang\zh-cn.php
[ info ] [ ROUTE ] array (
  'type' => 'module',
  'module' => 
  array (
    0 => 'admin',
    1 => 'member',
    2 => 'withdraw_finished',
  ),
)
[ info ] [ HEADER ] array (
  'host' => 'localhost',
  'connection' => 'keep-alive',
  'upgrade-insecure-requests' => '1',
  'user-agent' => 'Mozilla/5.0 (Windows NT 6.1; WOW64) AppleWebKit/537.36 (KHTML, like Gecko) Chrome/69.0.3497.81 Safari/537.36',
  'accept' => 'text/html,application/xhtml+xml,application/xml;q=0.9,image/webp,image/apng,*/*;q=0.8',
  'referer' => 'http://localhost/feichangcelue/admin.php/admin/index/index.html',
  'accept-encoding' => 'gzip, deflate, br',
  'accept-language' => 'zh-CN,zh;q=0.9',
)
[ info ] [ PARAM ] array (
)
[ info ] [ BEHAVIOR ] Run app\common\behavior\Config @app_begin [ RunTime:0.000977s ]
[ info ] [ BEHAVIOR ] Run app\common\behavior\Hook @app_begin [ RunTime:0.005859s ]
[ info ] [ DB ] INIT mysql
[ info ] [ SESSION ] INIT array (
  'id' => '',
  'var_session_id' => '',
  'prefix' => 'xinhuo_admin_',
  'type' => '',
  'auto_start' => true,
)
[ info ] [ LOG ] INIT File
---------------------------------------------------------------
[ 2018-09-13T10:08:46+08:00 ] ::1 ::1 GET /feichangcelue/admin.php/user/publics/signin.html
[ info ] localhost/feichangcelue/admin.php/user/publics/signin.html [运行时间：0.055664s][吞吐率：17.96req/s] [内存消耗：2,880.27kb] [文件加载：60]
[ info ] [ CACHE ] INIT File
[ info ] [ LANG ] D:\phpStudy\PHPTutorial\WWW\feichangcelue\thinkphp\lang\zh-cn.php
[ info ] [ ROUTE ] array (
  'type' => 'module',
  'module' => 
  array (
    0 => 'user',
    1 => 'publics',
    2 => 'signin',
  ),
)
[ info ] [ HEADER ] array (
  'host' => 'localhost',
  'connection' => 'keep-alive',
  'upgrade-insecure-requests' => '1',
  'user-agent' => 'Mozilla/5.0 (Windows NT 6.1; WOW64) AppleWebKit/537.36 (KHTML, like Gecko) Chrome/69.0.3497.81 Safari/537.36',
  'accept' => 'text/html,application/xhtml+xml,application/xml;q=0.9,image/webp,image/apng,*/*;q=0.8',
  'referer' => 'http://localhost/feichangcelue/admin.php/admin/index/index.html',
  'accept-encoding' => 'gzip, deflate, br',
  'accept-language' => 'zh-CN,zh;q=0.9',
  'cookie' => 'PHPSESSID=l0bnb83rlprc73q9ih8c11c6i4',
)
[ info ] [ PARAM ] array (
)
[ info ] [ BEHAVIOR ] Run app\common\behavior\Config @app_begin [ RunTime:0.000000s ]
[ info ] [ BEHAVIOR ] Run app\common\behavior\Hook @app_begin [ RunTime:0.006836s ]
[ info ] [ RUN ] app\user\admin\Publics->signin[ D:\phpStudy\PHPTutorial\WWW\feichangcelue\application\user\admin\Publics.php ]
[ info ] [ DB ] INIT mysql
[ info ] [ SESSION ] INIT array (
  'id' => '',
  'var_session_id' => '',
  'prefix' => 'xinhuo_admin_',
  'type' => '',
  'auto_start' => true,
)
[ info ] [ VIEW ] D:\phpStudy\PHPTutorial\WWW\feichangcelue/application/user/view/admin/publics\signin.html [ array (
) ]
[ info ] [ LOG ] INIT File
---------------------------------------------------------------
[ 2018-09-13T10:08:51+08:00 ] ::1 ::1 POST /feichangcelue/admin.php/user/publics/signin.html
[ info ] localhost/feichangcelue/admin.php/user/publics/signin.html [运行时间：0.333985s][吞吐率：2.99req/s] [内存消耗：3,026.00kb] [文件加载：65]
[ info ] [ CACHE ] INIT File
[ info ] [ LANG ] D:\phpStudy\PHPTutorial\WWW\feichangcelue\thinkphp\lang\zh-cn.php
[ info ] [ ROUTE ] array (
  'type' => 'module',
  'module' => 
  array (
    0 => 'user',
    1 => 'publics',
    2 => 'signin',
  ),
)
[ info ] [ HEADER ] array (
  'host' => 'localhost',
  'connection' => 'keep-alive',
  'content-length' => '32',
  'accept' => '*/*',
  'origin' => 'http://localhost',
  'x-requested-with' => 'XMLHttpRequest',
  'user-agent' => 'Mozilla/5.0 (Windows NT 6.1; WOW64) AppleWebKit/537.36 (KHTML, like Gecko) Chrome/69.0.3497.81 Safari/537.36',
  'content-type' => 'application/x-www-form-urlencoded; charset=UTF-8',
  'referer' => 'http://localhost/feichangcelue/admin.php/user/publics/signin.html',
  'accept-encoding' => 'gzip, deflate, br',
  'accept-language' => 'zh-CN,zh;q=0.9',
  'cookie' => 'PHPSESSID=l0bnb83rlprc73q9ih8c11c6i4',
)
[ info ] [ PARAM ] array (
  'username' => 'admin',
  'password' => 'admin123',
)
[ info ] [ BEHAVIOR ] Run app\common\behavior\Config @app_begin [ RunTime:0.000977s ]
[ info ] [ BEHAVIOR ] Run app\common\behavior\Hook @app_begin [ RunTime:0.006836s ]
[ info ] [ RUN ] app\user\admin\Publics->signin[ D:\phpStudy\PHPTutorial\WWW\feichangcelue\application\user\admin\Publics.php ]
[ info ] [ DB ] INIT mysql
[ info ] [ SESSION ] INIT array (
  'id' => '',
  'var_session_id' => '',
  'prefix' => 'xinhuo_admin_',
  'type' => '',
  'auto_start' => true,
)
[ info ] [ LOG ] INIT File
[ sql ] [ DB ] CONNECT:[ UseTime:0.022461s ] mysql:dbname=peizi;host=rm-wz9l3z92630ora5wjwo.mysql.rds.aliyuncs.com;port=3306;charset=utf8
[ sql ] [ SQL ] SHOW COLUMNS FROM `xh_admin_user` [ RunTime:0.013672s ]
[ sql ] [ SQL ] SELECT * FROM `xh_admin_user` WHERE  `username` = 'admin'  AND `status` = 1 LIMIT 1 [ RunTime:0.011718s ]
[ sql ] [ SQL ] SHOW COLUMNS FROM `xh_admin_role` [ RunTime:0.009765s ]
[ sql ] [ SQL ] SELECT `access` FROM `xh_admin_role` WHERE  `id` = 1 LIMIT 1 [ RunTime:0.011719s ]
[ sql ] [ SQL ] UPDATE `xh_admin_user`  SET `last_login_time`=1536804531,`update_time`=1536804531  WHERE  `id` = 1 [ RunTime:0.015625s ]
[ sql ] [ SQL ] SELECT * FROM `xh_admin_user` WHERE  `id` = 1 LIMIT 1 [ RunTime:0.012695s ]
[ sql ] [ SQL ] SELECT `name` FROM `xh_admin_role` WHERE  `id` = 1 LIMIT 1 [ RunTime:0.010742s ]
[ sql ] [ SQL ] SHOW COLUMNS FROM `xh_admin_action` [ RunTime:0.011718s ]
[ sql ] [ SQL ] SELECT * FROM `xh_admin_action` WHERE  `module` = 'user'  AND `name` = 'user_signin' LIMIT 1 [ RunTime:0.010743s ]
---------------------------------------------------------------
[ 2018-09-13T10:08:53+08:00 ] ::1 ::1 GET /feichangcelue/admin.php/admin/index/index.html
[ info ] localhost/feichangcelue/admin.php/admin/index/index.html [运行时间：0.385742s][吞吐率：2.59req/s] [内存消耗：3,241.13kb] [文件加载：67]
[ info ] [ CACHE ] INIT File
[ info ] [ LANG ] D:\phpStudy\PHPTutorial\WWW\feichangcelue\thinkphp\lang\zh-cn.php
[ info ] [ ROUTE ] array (
  'type' => 'module',
  'module' => 
  array (
    0 => 'admin',
    1 => 'index',
    2 => 'index',
  ),
)
[ info ] [ HEADER ] array (
  'host' => 'localhost',
  'connection' => 'keep-alive',
  'upgrade-insecure-requests' => '1',
  'user-agent' => 'Mozilla/5.0 (Windows NT 6.1; WOW64) AppleWebKit/537.36 (KHTML, like Gecko) Chrome/69.0.3497.81 Safari/537.36',
  'accept' => 'text/html,application/xhtml+xml,application/xml;q=0.9,image/webp,image/apng,*/*;q=0.8',
  'referer' => 'http://localhost/feichangcelue/admin.php/user/publics/signin.html',
  'accept-encoding' => 'gzip, deflate, br',
  'accept-language' => 'zh-CN,zh;q=0.9',
  'cookie' => 'PHPSESSID=l0bnb83rlprc73q9ih8c11c6i4',
)
[ info ] [ PARAM ] array (
)
[ info ] [ BEHAVIOR ] Run app\common\behavior\Config @app_begin [ RunTime:0.000977s ]
[ info ] [ BEHAVIOR ] Run app\common\behavior\Hook @app_begin [ RunTime:0.007812s ]
[ info ] [ DB ] INIT mysql
[ info ] [ SESSION ] INIT array (
  'id' => '',
  'var_session_id' => '',
  'prefix' => 'xinhuo_admin_',
  'type' => '',
  'auto_start' => true,
)
[ info ] [ RUN ] app\admin\controller\Index->index[ D:\phpStudy\PHPTutorial\WWW\feichangcelue\application\admin\controller\Index.php ]
[ info ] [ VIEW ] D:\phpStudy\PHPTutorial\WWW\feichangcelue/application/admin\view\index\index.html [ array (
  0 => '_admin_base_layout',
  1 => 'system_color',
  2 => '_top_menus',
  3 => '_top_menus_all',
  4 => '_sidebar_menus',
  5 => '_location',
  6 => 'aside',
  7 => '_pop',
) ]
[ info ] [ LOG ] INIT File
[ sql ] [ DB ] CONNECT:[ UseTime:0.026367s ] mysql:dbname=peizi;host=rm-wz9l3z92630ora5wjwo.mysql.rds.aliyuncs.com;port=3306;charset=utf8
[ sql ] [ SQL ] SHOW COLUMNS FROM `xh_admin_config` [ RunTime:0.017578s ]
[ sql ] [ SQL ] SELECT `value` FROM `xh_admin_config` WHERE  `id` = 1 LIMIT 1 [ RunTime:0.016602s ]
[ sql ] [ SQL ] SHOW COLUMNS FROM `xh_admin_user` [ RunTime:0.019531s ]
[ sql ] [ SQL ] SELECT `password` FROM `xh_admin_user` WHERE  `id` = 1 LIMIT 1 [ RunTime:0.016601s ]
[ sql ] [ SQL ] SHOW COLUMNS FROM `xh_admin_attachment` [ RunTime:0.016601s ]
[ sql ] [ SQL ] SELECT `path` FROM `xh_admin_attachment` WHERE  `id` = 14 LIMIT 1 [ RunTime:0.015625s ]
[ sql ] [ SQL ] SELECT `avatar` FROM `xh_admin_user` WHERE  `id` = 1 LIMIT 1 [ RunTime:0.016602s ]
[ sql ] [ SQL ] SELECT `path` FROM `xh_admin_attachment` WHERE  `id` = 0 LIMIT 1 [ RunTime:0.016602s ]
---------------------------------------------------------------
[ 2018-09-13T10:09:01+08:00 ] ::1 ::1 GET /feichangcelue/admin.php/admin/member/withdraw_finished.html
[ info ] localhost/feichangcelue/admin.php/admin/member/withdraw_finished.html [运行时间：0.296875s][吞吐率：3.37req/s] [内存消耗：3,692.99kb] [文件加载：70]
[ info ] [ CACHE ] INIT File
[ info ] [ LANG ] D:\phpStudy\PHPTutorial\WWW\feichangcelue\thinkphp\lang\zh-cn.php
[ info ] [ ROUTE ] array (
  'type' => 'module',
  'module' => 
  array (
    0 => 'admin',
    1 => 'member',
    2 => 'withdraw_finished',
  ),
)
[ info ] [ HEADER ] array (
  'host' => 'localhost',
  'connection' => 'keep-alive',
  'upgrade-insecure-requests' => '1',
  'user-agent' => 'Mozilla/5.0 (Windows NT 6.1; WOW64) AppleWebKit/537.36 (KHTML, like Gecko) Chrome/69.0.3497.81 Safari/537.36',
  'accept' => 'text/html,application/xhtml+xml,application/xml;q=0.9,image/webp,image/apng,*/*;q=0.8',
  'referer' => 'http://localhost/feichangcelue/admin.php/admin/index/index.html',
  'accept-encoding' => 'gzip, deflate, br',
  'accept-language' => 'zh-CN,zh;q=0.9',
  'cookie' => 'PHPSESSID=l0bnb83rlprc73q9ih8c11c6i4',
)
[ info ] [ PARAM ] array (
)
[ info ] [ BEHAVIOR ] Run app\common\behavior\Config @app_begin [ RunTime:0.000976s ]
[ info ] [ BEHAVIOR ] Run app\common\behavior\Hook @app_begin [ RunTime:0.006836s ]
[ info ] [ DB ] INIT mysql
[ info ] [ SESSION ] INIT array (
  'id' => '',
  'var_session_id' => '',
  'prefix' => 'xinhuo_admin_',
  'type' => '',
  'auto_start' => true,
)
[ info ] [ RUN ] app\admin\controller\Member->withdraw_finished[ D:\phpStudy\PHPTutorial\WWW\feichangcelue\application\admin\controller\Member.php ]
[ info ] [ VIEW ] D:\phpStudy\PHPTutorial\WWW\feichangcelue/application/common/builder/table/layout.html [ array (
  0 => '_admin_base_layout',
  1 => 'system_color',
  2 => '_top_menus',
  3 => '_top_menus_all',
  4 => '_sidebar_menus',
  5 => '_location',
  6 => 'aside',
  7 => '_pop',
  8 => 'page_title',
  9 => 'page_tips',
  10 => 'tips_type',
  11 => 'tab_nav',
  12 => 'hide_checkbox',
  13 => 'extra_html',
  14 => 'extra_js',
  15 => 'extra_css',
  16 => 'order_columns',
  17 => 'filter_columns',
  18 => 'filter_map',
  19 => '_field_display',
  20 => '_filter_content',
  21 => '_filter',
  22 => 'top_buttons',
  23 => 'right_buttons',
  24 => 'search',
  25 => 'columns',
  26 => 'pages',
  27 => 'row_list',
  28 => '_page_info',
  29 => 'primary_key',
  30 => '_table',
  31 => 'js_list',
  32 => 'css_list',
  33 => 'validate',
  34 => '_js_files',
  35 => '_css_files',
  36 => '_js_init',
  37 => '_filter_time',
) ]
[ info ] [ LOG ] INIT File
[ sql ] [ DB ] CONNECT:[ UseTime:0.025391s ] mysql:dbname=peizi;host=rm-wz9l3z92630ora5wjwo.mysql.rds.aliyuncs.com;port=3306;charset=utf8
[ sql ] [ SQL ] SHOW COLUMNS FROM `xh_admin_menu` [ RunTime:0.010743s ]
[ sql ] [ SQL ] SELECT `id` FROM `xh_admin_menu` WHERE  `pid` <> 0  AND `url_value` = 'admin/member/withdraw_finished' LIMIT 1 [ RunTime:0.013672s ]
[ sql ] [ SQL ] SELECT `id`,`pid`,`title`,`url_value` FROM `xh_admin_menu` [ RunTime:0.012695s ]
[ sql ] [ SQL ] SELECT `id`,`pid`,`module`,`title`,`url_value`,`url_type`,`url_target`,`icon` FROM `xh_admin_menu` WHERE  `status` = 1  AND `module` = 'admin'  AND `online_hide` = 0 ORDER BY sort,id [ RunTime:0.012695s ]
[ sql ] [ SQL ] SHOW COLUMNS FROM `xh_admin_config` [ RunTime:0.012696s ]
[ sql ] [ SQL ] SELECT `value` FROM `xh_admin_config` WHERE  `id` = 1 LIMIT 1 [ RunTime:0.011719s ]
[ sql ] [ SQL ] SHOW COLUMNS FROM `xh_member_withdraw` [ RunTime:0.011719s ]
[ sql ] [ SQL ] SELECT COUNT(*) AS tp_count FROM `xh_member_withdraw` `a`,`xh_member` `b` WHERE  (  a.memberId = b.id and a.status>0 ) LIMIT 1 [ RunTime:0.010742s ]
[ sql ] [ SQL ] SELECT `a`.*,`b`.`username`,`b`.`mobile` FROM `xh_member_withdraw` `a`,`xh_member` `b` WHERE  (  a.memberId = b.id and a.status>0 ) ORDER BY id desc LIMIT 0,20 [ RunTime:0.012695s ]
[ sql ] [ SQL ] SHOW COLUMNS FROM `xh_admin_attachment` [ RunTime:0.012696s ]
[ sql ] [ SQL ] SELECT `path` FROM `xh_admin_attachment` WHERE  `id` = 14 LIMIT 1 [ RunTime:0.010742s ]
[ sql ] [ SQL ] SHOW COLUMNS FROM `xh_admin_user` [ RunTime:0.009766s ]
[ sql ] [ SQL ] SELECT `avatar` FROM `xh_admin_user` WHERE  `id` = 1 LIMIT 1 [ RunTime:0.009765s ]
[ sql ] [ SQL ] SELECT `path` FROM `xh_admin_attachment` WHERE  `id` = 0 LIMIT 1 [ RunTime:0.010742s ]
---------------------------------------------------------------
[ 2018-09-13T10:09:57+08:00 ] ::1 ::1 GET /feichangcelue/admin.php/admin/index/index.html
[ info ] localhost/feichangcelue/admin.php/admin/index/index.html [运行时间：0.311523s][吞吐率：3.21req/s] [内存消耗：3,241.26kb] [文件加载：67]
[ info ] [ CACHE ] INIT File
[ info ] [ LANG ] D:\phpStudy\PHPTutorial\WWW\feichangcelue\thinkphp\lang\zh-cn.php
[ info ] [ ROUTE ] array (
  'type' => 'module',
  'module' => 
  array (
    0 => 'admin',
    1 => 'index',
    2 => 'index',
  ),
)
[ info ] [ HEADER ] array (
  'host' => 'localhost',
  'connection' => 'keep-alive',
  'upgrade-insecure-requests' => '1',
  'user-agent' => 'Mozilla/5.0 (Windows NT 6.1; WOW64) AppleWebKit/537.36 (KHTML, like Gecko) Chrome/69.0.3497.81 Safari/537.36',
  'accept' => 'text/html,application/xhtml+xml,application/xml;q=0.9,image/webp,image/apng,*/*;q=0.8',
  'referer' => 'http://localhost/feichangcelue/admin.php/admin/member/withdraw_finished.html',
  'accept-encoding' => 'gzip, deflate, br',
  'accept-language' => 'zh-CN,zh;q=0.9',
  'cookie' => 'PHPSESSID=l0bnb83rlprc73q9ih8c11c6i4',
)
[ info ] [ PARAM ] array (
)
[ info ] [ BEHAVIOR ] Run app\common\behavior\Config @app_begin [ RunTime:0.000976s ]
[ info ] [ BEHAVIOR ] Run app\common\behavior\Hook @app_begin [ RunTime:0.005860s ]
[ info ] [ DB ] INIT mysql
[ info ] [ SESSION ] INIT array (
  'id' => '',
  'var_session_id' => '',
  'prefix' => 'xinhuo_admin_',
  'type' => '',
  'auto_start' => true,
)
[ info ] [ RUN ] app\admin\controller\Index->index[ D:\phpStudy\PHPTutorial\WWW\feichangcelue\application\admin\controller\Index.php ]
[ info ] [ VIEW ] D:\phpStudy\PHPTutorial\WWW\feichangcelue/application/admin\view\index\index.html [ array (
  0 => '_admin_base_layout',
  1 => 'system_color',
  2 => '_top_menus',
  3 => '_top_menus_all',
  4 => '_sidebar_menus',
  5 => '_location',
  6 => 'aside',
  7 => '_pop',
) ]
[ info ] [ LOG ] INIT File
[ sql ] [ DB ] CONNECT:[ UseTime:0.023438s ] mysql:dbname=peizi;host=rm-wz9l3z92630ora5wjwo.mysql.rds.aliyuncs.com;port=3306;charset=utf8
[ sql ] [ SQL ] SHOW COLUMNS FROM `xh_admin_config` [ RunTime:0.011718s ]
[ sql ] [ SQL ] SELECT `value` FROM `xh_admin_config` WHERE  `id` = 1 LIMIT 1 [ RunTime:0.008789s ]
[ sql ] [ SQL ] SHOW COLUMNS FROM `xh_admin_user` [ RunTime:0.011718s ]
[ sql ] [ SQL ] SELECT `password` FROM `xh_admin_user` WHERE  `id` = 1 LIMIT 1 [ RunTime:0.010742s ]
[ sql ] [ SQL ] SHOW COLUMNS FROM `xh_admin_attachment` [ RunTime:0.011719s ]
[ sql ] [ SQL ] SELECT `path` FROM `xh_admin_attachment` WHERE  `id` = 14 LIMIT 1 [ RunTime:0.008789s ]
[ sql ] [ SQL ] SELECT `avatar` FROM `xh_admin_user` WHERE  `id` = 1 LIMIT 1 [ RunTime:0.010742s ]
[ sql ] [ SQL ] SELECT `path` FROM `xh_admin_attachment` WHERE  `id` = 0 LIMIT 1 [ RunTime:0.011719s ]
