---------------------------------------------------------------
[ 2018-09-18T16:14:17+08:00 ] ::1 ::1 GET /feichangcelue/
[ info ] localhost/feichangcelue/ [运行时间：0.490235s][吞吐率：2.04req/s] [内存消耗：3,765.89kb] [文件加载：72]
[ info ] [ CACHE ] INIT File
[ info ] [ LANG ] D:\phpStudy\PHPTutorial\WWW\feichangcelue\thinkphp\lang\zh-cn.php
[ info ] [ ROUTE ] array (
  'type' => 'module',
  'module' => 
  array (
    0 => '',
    1 => NULL,
    2 => NULL,
  ),
)
[ info ] [ HEADER ] array (
  'host' => 'localhost',
  'connection' => 'keep-alive',
  'cache-control' => 'max-age=0',
  'upgrade-insecure-requests' => '1',
  'user-agent' => 'Mozilla/5.0 (Linux; Android 6.0; Nexus 5 Build/MRA58N) AppleWebKit/537.36 (KHTML, like Gecko) Chrome/69.0.3497.81 Mobile Safari/537.36',
  'accept' => 'text/html,application/xhtml+xml,application/xml;q=0.9,image/webp,image/apng,*/*;q=0.8',
  'accept-encoding' => 'gzip, deflate, br',
  'accept-language' => 'zh-CN,zh;q=0.9',
)
[ info ] [ PARAM ] array (
)
[ info ] [ DB ] INIT mysql
[ info ] [ BEHAVIOR ] Run app\common\behavior\Config @app_begin [ RunTime:0.084961s ]
[ info ] [ BEHAVIOR ] Run app\common\behavior\Hook @app_begin [ RunTime:0.075196s ]
[ info ] [ RUN ] app\index\controller\Index->index[ D:\phpStudy\PHPTutorial\WWW\feichangcelue\application\index\controller\Index.php ]
[ info ] [ VIEW ] D:\phpStudy\PHPTutorial\WWW\feichangcelue/application/index\view\index\mobile\index.html [ array (
  0 => 'phone',
  1 => 'QQ',
  2 => 'balance',
  3 => 'ablePrice',
  4 => 'real_disk_sum',
  5 => 'guaranteeFee',
  6 => 'buyList',
) ]
[ info ] [ LOG ] INIT File
[ sql ] [ DB ] CONNECT:[ UseTime:0.018555s ] mysql:dbname=peizi;host=rm-wz9l3z92630ora5wjwo.mysql.rds.aliyuncs.com;port=3306;charset=utf8
[ sql ] [ SQL ] SHOW COLUMNS FROM `xh_admin_config` [ RunTime:0.011718s ]
[ sql ] [ SQL ] SELECT `name`,`value`,`type` FROM `xh_admin_config` [ RunTime:0.012695s ]
[ sql ] [ SQL ] SHOW COLUMNS FROM `xh_admin_module` [ RunTime:0.009766s ]
[ sql ] [ SQL ] SELECT `name`,`config` FROM `xh_admin_module` WHERE  `config` <> '' [ RunTime:0.011719s ]
[ sql ] [ SQL ] SHOW COLUMNS FROM `xh_admin_hook` [ RunTime:0.011718s ]
[ sql ] [ SQL ] SELECT `name`,`status` FROM `xh_admin_hook` WHERE  `status` = 1 [ RunTime:0.011719s ]
[ sql ] [ SQL ] SHOW COLUMNS FROM `xh_admin_plugin` [ RunTime:0.011718s ]
[ sql ] [ SQL ] SELECT `name`,`status` FROM `xh_admin_plugin` WHERE  `status` = 1 [ RunTime:0.010743s ]
[ sql ] [ SQL ] SHOW COLUMNS FROM `xh_admin_hook_plugin` [ RunTime:0.011718s ]
[ sql ] [ SQL ] SELECT * FROM `xh_admin_hook_plugin` WHERE  `status` = 1 ORDER BY hook,sort [ RunTime:0.010743s ]
[ sql ] [ SQL ] select a.stockCode, c.`name` as stockName,  a.createTime, b.username,b.mobile
			from xh_stock_order as a, xh_member as b, xh_shares as c
			 WHERE isFreetrial=0 and a.memberId = b.id and a.stockCode=c.`code`
			order by a.id desc limit 7 [ RunTime:0.011719s ]
[ error ] [8]未定义数组索引: member[D:\phpStudy\PHPTutorial\WWW\feichangcelue\application\index\controller\Index.php:50]
[ error ] [8]Trying to get property of non-object[D:\phpStudy\PHPTutorial\WWW\feichangcelue\application\index\controller\Index.php:114]
[ error ] [8]未定义变量: balance[D:\phpStudy\PHPTutorial\WWW\feichangcelue\application\index\controller\Index.php:118]
[ error ] [8]未定义变量: ablePrice[D:\phpStudy\PHPTutorial\WWW\feichangcelue\application\index\controller\Index.php:119]
[ error ] [8]未定义变量: real_disk_sum[D:\phpStudy\PHPTutorial\WWW\feichangcelue\application\index\controller\Index.php:121]
[ error ] [8]未定义变量: guaranteeFee[D:\phpStudy\PHPTutorial\WWW\feichangcelue\application\index\controller\Index.php:122]
---------------------------------------------------------------
[ 2018-09-18T16:14:18+08:00 ] ::1 ::1 GET /feichangcelue/public/stock/js/maps/swiper.jquery.min.js.map
[ info ] localhost/feichangcelue/public/stock/js/maps/swiper.jquery.min.js.map [运行时间：0.050782s][吞吐率：19.69req/s] [内存消耗：1,935.30kb] [文件加载：47]
[ info ] [ CACHE ] INIT File
[ info ] [ LANG ] D:\phpStudy\PHPTutorial\WWW\feichangcelue\thinkphp\lang\zh-cn.php
[ info ] [ ROUTE ] array (
  'type' => 'module',
  'module' => 
  array (
    0 => 'public',
    1 => 'stock',
    2 => 'js',
  ),
)
[ info ] [ HEADER ] array (
  'host' => 'localhost',
  'connection' => 'keep-alive',
  'user-agent' => 'Mozilla/5.0 (Linux; Android 6.0; Nexus 5 Build/MRA58N) AppleWebKit/537.36 (KHTML, like Gecko) Chrome/69.0.3497.81 Mobile Safari/537.36',
  'accept-encoding' => 'gzip, deflate, br',
  'accept-language' => 'zh-CN,zh;q=0.9',
  'cookie' => 'PHPSESSID=jq8a0padctioesjgvhug32r5f2',
)
[ info ] [ PARAM ] array (
  'maps' => 'swiper.jquery.min.js.map',
)
[ info ] [ BEHAVIOR ] Run app\common\behavior\Config @app_begin [ RunTime:0.000000s ]
[ info ] [ BEHAVIOR ] Run app\common\behavior\Hook @app_begin [ RunTime:0.006836s ]
[ info ] [ LOG ] INIT File
---------------------------------------------------------------
[ 2018-09-18T16:14:18+08:00 ] ::1 ::1 POST /feichangcelue/app_broadcast.html
[ info ] localhost/feichangcelue/app_broadcast.html [运行时间：0.123047s][吞吐率：8.13req/s] [内存消耗：3,037.97kb] [文件加载：57]
[ info ] [ CACHE ] INIT File
[ info ] [ LANG ] D:\phpStudy\PHPTutorial\WWW\feichangcelue\thinkphp\lang\zh-cn.php
[ info ] [ ROUTE ] array (
  'type' => 'module',
  'module' => 
  array (
    0 => 'index',
    1 => 'index',
    2 => 'app_broadcast',
  ),
  'convert' => false,
)
[ info ] [ HEADER ] array (
  'host' => 'localhost',
  'connection' => 'keep-alive',
  'content-length' => '0',
  'accept' => 'application/json, text/javascript, */*; q=0.01',
  'origin' => 'http://localhost',
  'x-requested-with' => 'XMLHttpRequest',
  'user-agent' => 'Mozilla/5.0 (Linux; Android 6.0; Nexus 5 Build/MRA58N) AppleWebKit/537.36 (KHTML, like Gecko) Chrome/69.0.3497.81 Mobile Safari/537.36',
  'referer' => 'http://localhost/feichangcelue/',
  'accept-encoding' => 'gzip, deflate, br',
  'accept-language' => 'zh-CN,zh;q=0.9',
  'cookie' => 'PHPSESSID=jq8a0padctioesjgvhug32r5f2',
)
[ info ] [ PARAM ] array (
)
[ info ] [ BEHAVIOR ] Run app\common\behavior\Config @app_begin [ RunTime:0.000000s ]
[ info ] [ BEHAVIOR ] Run app\common\behavior\Hook @app_begin [ RunTime:0.006836s ]
[ info ] [ RUN ] app\index\controller\Index->app_broadcast[ D:\phpStudy\PHPTutorial\WWW\feichangcelue\application\index\controller\Index.php ]
[ info ] [ DB ] INIT mysql
[ info ] [ LOG ] INIT File
[ sql ] [ DB ] CONNECT:[ UseTime:0.019531s ] mysql:dbname=peizi;host=rm-wz9l3z92630ora5wjwo.mysql.rds.aliyuncs.com;port=3306;charset=utf8
[ sql ] [ SQL ] SHOW COLUMNS FROM `xh_images` [ RunTime:0.012695s ]
[ sql ] [ SQL ] SELECT `src` FROM `xh_images` WHERE  `type` = 2 ORDER BY `id`  desc LIMIT 0,3 [ RunTime:0.011719s ]
