---------------------------------------------------------------
[ 2018-09-25T15:54:29+08:00 ] ::1 ::1 GET /feichangcelue/stock.html
[ info ] [ CACHE ] INIT File
[ sql ] [ DB ] CONNECT:[ UseTime:0.032448s ] mysql:dbname=peizi;host=rm-wz9l3z92630ora5wjwo.mysql.rds.aliyuncs.com;port=3306;charset=utf8
[ sql ] [ SQL ] SHOW COLUMNS FROM `xh_admin_config` [ RunTime:0.018459s ]
[ sql ] [ SQL ] SELECT `name`,`value`,`type` FROM `xh_admin_config` [ RunTime:0.013280s ]
[ sql ] [ SQL ] SHOW COLUMNS FROM `xh_admin_module` [ RunTime:0.016322s ]
[ sql ] [ SQL ] SELECT `name`,`config` FROM `xh_admin_module` WHERE  `config` <> '' [ RunTime:0.013136s ]
[ sql ] [ SQL ] SHOW COLUMNS FROM `xh_admin_hook` [ RunTime:0.018336s ]
[ sql ] [ SQL ] SELECT `name`,`status` FROM `xh_admin_hook` WHERE  `status` = 1 [ RunTime:0.014496s ]
[ sql ] [ SQL ] SHOW COLUMNS FROM `xh_admin_plugin` [ RunTime:0.014319s ]
[ sql ] [ SQL ] SELECT `name`,`status` FROM `xh_admin_plugin` WHERE  `status` = 1 [ RunTime:0.013418s ]
[ sql ] [ SQL ] SHOW COLUMNS FROM `xh_admin_hook_plugin` [ RunTime:0.018073s ]
[ sql ] [ SQL ] SELECT * FROM `xh_admin_hook_plugin` WHERE  `status` = 1 ORDER BY hook,sort [ RunTime:0.012024s ]
[ sql ] [ SQL ] SHOW COLUMNS FROM `xh_member` [ RunTime:0.021500s ]
[ sql ] [ SQL ] SELECT `usableSum` FROM `xh_member` WHERE  (  id=1316 ) LIMIT 1 [ RunTime:0.014707s ]
[ sql ] [ SQL ] SHOW COLUMNS FROM `xh_sys_params` [ RunTime:0.014085s ]
[ sql ] [ SQL ] SELECT `value` FROM `xh_sys_params` WHERE  (  `key` = 'dealPoundage' ) LIMIT 1 [ RunTime:0.016203s ]
[ sql ] [ SQL ] SELECT `value` FROM `xh_sys_params` WHERE  (  `key` = 'delayFee' ) LIMIT 1 [ RunTime:0.021944s ]
[ sql ] [ SQL ] SELECT `value` FROM `xh_sys_params` WHERE  (  `key` = 'dealFee' ) LIMIT 1 [ RunTime:0.014787s ]
[ sql ] [ SQL ] SELECT `value` FROM `xh_sys_params` WHERE  (  `key` = 'lossLine' ) LIMIT 1 [ RunTime:0.039910s ]
[ sql ] [ SQL ] SELECT `value` FROM `xh_sys_params` WHERE  (  `key` = 'delayLineRate' ) LIMIT 1 [ RunTime:0.014397s ]
[ sql ] [ SQL ] SELECT `value` FROM `xh_sys_params` WHERE  (  `key` = 'stopLossRate' ) LIMIT 1 [ RunTime:0.016458s ]
[ sql ] [ SQL ] SHOW COLUMNS FROM `xh_stock_interest_lever` [ RunTime:0.016203s ]
[ sql ] [ SQL ] SELECT `interest` FROM `xh_stock_interest_lever` WHERE  (  `levers`='1' ) LIMIT 1 [ RunTime:0.015613s ]
[ sql ] [ SQL ] SELECT `interest` FROM `xh_stock_interest_lever` WHERE  (  `levers`='2' ) LIMIT 1 [ RunTime:0.013676s ]
[ sql ] [ SQL ] SELECT `interest` FROM `xh_stock_interest_lever` WHERE  (  `levers`='3' ) LIMIT 1 [ RunTime:0.024731s ]
[ sql ] [ SQL ] SELECT `interest` FROM `xh_stock_interest_lever` WHERE  (  `levers`='4' ) LIMIT 1 [ RunTime:0.046007s ]
[ sql ] [ SQL ] SELECT `interest` FROM `xh_stock_interest_lever` WHERE  (  `levers`='5' ) LIMIT 1 [ RunTime:0.020750s ]
[ sql ] [ SQL ] SELECT `interest` FROM `xh_stock_interest_lever` WHERE  (  `levers`='6' ) LIMIT 1 [ RunTime:0.018654s ]
[ sql ] [ SQL ] SELECT `interest` FROM `xh_stock_interest_lever` WHERE  (  `levers`='7' ) LIMIT 1 [ RunTime:0.013711s ]
[ sql ] [ SQL ] SELECT `interest` FROM `xh_stock_interest_lever` WHERE  (  `levers`='8' ) LIMIT 1 [ RunTime:0.013689s ]
[ sql ] [ SQL ] SELECT `interest` FROM `xh_stock_interest_lever` WHERE  (  `levers`='9' ) LIMIT 1 [ RunTime:0.018175s ]
[ sql ] [ SQL ] SELECT `interest` FROM `xh_stock_interest_lever` WHERE  (  `levers`='10' ) LIMIT 1 [ RunTime:0.018985s ]
[ sql ] [ SQL ] SHOW COLUMNS FROM `xh_stock_interest_lever_month` [ RunTime:0.024653s ]
[ sql ] [ SQL ] SELECT `interest` FROM `xh_stock_interest_lever_month` WHERE  (  `levers`='1' ) LIMIT 1 [ RunTime:0.013890s ]
[ sql ] [ SQL ] SELECT `interest` FROM `xh_stock_interest_lever_month` WHERE  (  `levers`='2' ) LIMIT 1 [ RunTime:0.018361s ]
[ sql ] [ SQL ] SELECT `interest` FROM `xh_stock_interest_lever_month` WHERE  (  `levers`='3' ) LIMIT 1 [ RunTime:0.015210s ]
[ sql ] [ SQL ] SELECT `interest` FROM `xh_stock_interest_lever_month` WHERE  (  `levers`='4' ) LIMIT 1 [ RunTime:0.017146s ]
[ sql ] [ SQL ] SELECT `interest` FROM `xh_stock_interest_lever_month` WHERE  (  `levers`='5' ) LIMIT 1 [ RunTime:0.018679s ]
[ sql ] [ SQL ] SELECT `interest` FROM `xh_stock_interest_lever_month` WHERE  (  `levers`='6' ) LIMIT 1 [ RunTime:0.028666s ]
[ sql ] [ SQL ] SELECT `interest` FROM `xh_stock_interest_lever_month` WHERE  (  `levers`='7' ) LIMIT 1 [ RunTime:0.018999s ]
[ sql ] [ SQL ] SELECT `interest` FROM `xh_stock_interest_lever_month` WHERE  (  `levers`='8' ) LIMIT 1 [ RunTime:0.014946s ]
[ sql ] [ SQL ] SELECT `interest` FROM `xh_stock_interest_lever_month` WHERE  (  `levers`='9' ) LIMIT 1 [ RunTime:0.014725s ]
[ sql ] [ SQL ] SELECT `interest` FROM `xh_stock_interest_lever_month` WHERE  (  `levers`='10' ) LIMIT 1 [ RunTime:0.017161s ]
---------------------------------------------------------------
[ 2018-09-25T15:54:30+08:00 ] ::1 ::1 GET /feichangcelue/public/stock/js/maps/swiper.jquery.min.js.map
[ info ] [ CACHE ] INIT File
---------------------------------------------------------------
[ 2018-09-25T16:09:56+08:00 ] ::1 ::1 GET /feichangcelue/stock.html
[ info ] [ CACHE ] INIT File
[ sql ] [ DB ] CONNECT:[ UseTime:0.083970s ] mysql:dbname=peizi;host=rm-wz9l3z92630ora5wjwo.mysql.rds.aliyuncs.com;port=3306;charset=utf8
[ sql ] [ SQL ] SHOW COLUMNS FROM `xh_member` [ RunTime:0.057462s ]
[ sql ] [ SQL ] SELECT `usableSum` FROM `xh_member` WHERE  (  id=1316 ) LIMIT 1 [ RunTime:0.026877s ]
[ sql ] [ SQL ] SHOW COLUMNS FROM `xh_sys_params` [ RunTime:0.024233s ]
[ sql ] [ SQL ] SELECT `value` FROM `xh_sys_params` WHERE  (  `key` = 'dealPoundage' ) LIMIT 1 [ RunTime:0.027452s ]
[ sql ] [ SQL ] SELECT `value` FROM `xh_sys_params` WHERE  (  `key` = 'delayFee' ) LIMIT 1 [ RunTime:0.035525s ]
[ sql ] [ SQL ] SELECT `value` FROM `xh_sys_params` WHERE  (  `key` = 'dealFee' ) LIMIT 1 [ RunTime:0.026110s ]
[ sql ] [ SQL ] SELECT `value` FROM `xh_sys_params` WHERE  (  `key` = 'lossLine' ) LIMIT 1 [ RunTime:0.033764s ]
[ sql ] [ SQL ] SELECT `value` FROM `xh_sys_params` WHERE  (  `key` = 'delayLineRate' ) LIMIT 1 [ RunTime:0.025846s ]
[ sql ] [ SQL ] SELECT `value` FROM `xh_sys_params` WHERE  (  `key` = 'stopLossRate' ) LIMIT 1 [ RunTime:0.027025s ]
[ sql ] [ SQL ] SHOW COLUMNS FROM `xh_stock_interest_lever` [ RunTime:0.024667s ]
[ sql ] [ SQL ] SELECT `interest` FROM `xh_stock_interest_lever` WHERE  (  `levers`='1' ) LIMIT 1 [ RunTime:0.051450s ]
[ sql ] [ SQL ] SELECT `interest` FROM `xh_stock_interest_lever` WHERE  (  `levers`='2' ) LIMIT 1 [ RunTime:0.096321s ]
[ sql ] [ SQL ] SELECT `interest` FROM `xh_stock_interest_lever` WHERE  (  `levers`='3' ) LIMIT 1 [ RunTime:0.063035s ]
[ sql ] [ SQL ] SELECT `interest` FROM `xh_stock_interest_lever` WHERE  (  `levers`='4' ) LIMIT 1 [ RunTime:0.024584s ]
[ sql ] [ SQL ] SELECT `interest` FROM `xh_stock_interest_lever` WHERE  (  `levers`='5' ) LIMIT 1 [ RunTime:0.032654s ]
[ sql ] [ SQL ] SELECT `interest` FROM `xh_stock_interest_lever` WHERE  (  `levers`='6' ) LIMIT 1 [ RunTime:0.025683s ]
[ sql ] [ SQL ] SELECT `interest` FROM `xh_stock_interest_lever` WHERE  (  `levers`='7' ) LIMIT 1 [ RunTime:0.043752s ]
[ sql ] [ SQL ] SELECT `interest` FROM `xh_stock_interest_lever` WHERE  (  `levers`='8' ) LIMIT 1 [ RunTime:0.027692s ]
[ sql ] [ SQL ] SELECT `interest` FROM `xh_stock_interest_lever` WHERE  (  `levers`='9' ) LIMIT 1 [ RunTime:0.026194s ]
[ sql ] [ SQL ] SELECT `interest` FROM `xh_stock_interest_lever` WHERE  (  `levers`='10' ) LIMIT 1 [ RunTime:0.027024s ]
[ sql ] [ SQL ] SHOW COLUMNS FROM `xh_stock_interest_lever_month` [ RunTime:0.022757s ]
[ sql ] [ SQL ] SELECT `interest` FROM `xh_stock_interest_lever_month` WHERE  (  `levers`='1' ) LIMIT 1 [ RunTime:0.032298s ]
[ sql ] [ SQL ] SELECT `interest` FROM `xh_stock_interest_lever_month` WHERE  (  `levers`='2' ) LIMIT 1 [ RunTime:0.031593s ]
[ sql ] [ SQL ] SELECT `interest` FROM `xh_stock_interest_lever_month` WHERE  (  `levers`='3' ) LIMIT 1 [ RunTime:0.022961s ]
[ sql ] [ SQL ] SELECT `interest` FROM `xh_stock_interest_lever_month` WHERE  (  `levers`='4' ) LIMIT 1 [ RunTime:0.033748s ]
[ sql ] [ SQL ] SELECT `interest` FROM `xh_stock_interest_lever_month` WHERE  (  `levers`='5' ) LIMIT 1 [ RunTime:0.025703s ]
[ sql ] [ SQL ] SELECT `interest` FROM `xh_stock_interest_lever_month` WHERE  (  `levers`='6' ) LIMIT 1 [ RunTime:0.060239s ]
[ sql ] [ SQL ] SELECT `interest` FROM `xh_stock_interest_lever_month` WHERE  (  `levers`='7' ) LIMIT 1 [ RunTime:0.026604s ]
[ sql ] [ SQL ] SELECT `interest` FROM `xh_stock_interest_lever_month` WHERE  (  `levers`='8' ) LIMIT 1 [ RunTime:0.027173s ]
[ sql ] [ SQL ] SELECT `interest` FROM `xh_stock_interest_lever_month` WHERE  (  `levers`='9' ) LIMIT 1 [ RunTime:0.022644s ]
[ sql ] [ SQL ] SELECT `interest` FROM `xh_stock_interest_lever_month` WHERE  (  `levers`='10' ) LIMIT 1 [ RunTime:0.026293s ]
---------------------------------------------------------------
[ 2018-09-25T16:09:57+08:00 ] ::1 ::1 GET /feichangcelue/public/stock/js/maps/swiper.jquery.min.js.map
[ info ] [ CACHE ] INIT File
