---------------------------------------------------------------
[ 2018-09-28T18:05:04+08:00 ] ::1 ::1 GET /feichangcelue/admin.php/admin/order/buylist.html
[ info ] [ CACHE ] INIT File
[ sql ] [ DB ] CONNECT:[ UseTime:0.051063s ] mysql:dbname=peizi;host=rm-wz9l3z92630ora5wjwo.mysql.rds.aliyuncs.com;port=3306;charset=utf8
[ sql ] [ SQL ] SHOW COLUMNS FROM `xh_admin_config` [ RunTime:0.024566s ]
[ sql ] [ SQL ] SELECT `name`,`value`,`type` FROM `xh_admin_config` [ RunTime:0.015141s ]
[ sql ] [ SQL ] SHOW COLUMNS FROM `xh_admin_module` [ RunTime:0.025831s ]
[ sql ] [ SQL ] SELECT `name`,`config` FROM `xh_admin_module` WHERE  `config` <> '' [ RunTime:0.014789s ]
[ sql ] [ SQL ] SHOW COLUMNS FROM `xh_admin_hook` [ RunTime:0.017067s ]
[ sql ] [ SQL ] SELECT `name`,`status` FROM `xh_admin_hook` WHERE  `status` = 1 [ RunTime:0.018646s ]
[ sql ] [ SQL ] SHOW COLUMNS FROM `xh_admin_plugin` [ RunTime:0.027174s ]
[ sql ] [ SQL ] SELECT `name`,`status` FROM `xh_admin_plugin` WHERE  `status` = 1 [ RunTime:0.015980s ]
[ sql ] [ SQL ] SHOW COLUMNS FROM `xh_admin_hook_plugin` [ RunTime:0.026139s ]
[ sql ] [ SQL ] SELECT * FROM `xh_admin_hook_plugin` WHERE  `status` = 1 ORDER BY hook,sort [ RunTime:0.016246s ]
[ sql ] [ SQL ] SHOW COLUMNS FROM `xh_admin_menu` [ RunTime:0.018933s ]
[ sql ] [ SQL ] SELECT `id`,`pid`,`module`,`title`,`url_value`,`url_type`,`url_target`,`icon` FROM `xh_admin_menu` WHERE  `online_hide` = 0  AND `status` = 1  AND `pid` = 0 ORDER BY sort,id LIMIT 10 [ RunTime:0.025646s ]
[ sql ] [ SQL ] SELECT `id`,`pid`,`module`,`title`,`url_value`,`url_type`,`url_target`,`icon` FROM `xh_admin_menu` WHERE  `online_hide` = 0  AND `status` = 1  AND `pid` = 0 ORDER BY sort,id [ RunTime:0.014462s ]
[ sql ] [ SQL ] SELECT `id` FROM `xh_admin_menu` WHERE  `pid` <> 0  AND `url_value` = 'admin/order/buylist' LIMIT 1 [ RunTime:0.024288s ]
[ sql ] [ SQL ] SELECT `id`,`pid`,`title`,`url_value` FROM `xh_admin_menu` [ RunTime:0.025450s ]
[ sql ] [ SQL ] SELECT `id`,`pid`,`module`,`title`,`url_value`,`url_type`,`url_target`,`icon` FROM `xh_admin_menu` WHERE  `status` = 1  AND `module` = 'admin'  AND `online_hide` = 0 ORDER BY sort,id [ RunTime:0.020589s ]
[ sql ] [ SQL ] SELECT `value` FROM `xh_admin_config` WHERE  `id` = 1 LIMIT 1 [ RunTime:0.018254s ]
[ sql ] [ SQL ] SHOW COLUMNS FROM `xh_stock_order` [ RunTime:0.023466s ]
[ sql ] [ SQL ] SELECT COUNT(*) AS tp_count FROM `xh_stock_order` `a`,`xh_member` `b` WHERE  (  a.memberId = b.id and a.isFreetrial = 0 and status = 1  ) LIMIT 1 [ RunTime:0.014210s ]
[ sql ] [ SQL ] SELECT `a`.*,`b`.`username`,`b`.`mobile` FROM `xh_stock_order` `a`,`xh_member` `b` WHERE  (  a.memberId = b.id and a.isFreetrial = 0 and status = 1  ) ORDER BY a.id desc LIMIT 0,10 [ RunTime:0.018287s ]
[ sql ] [ SQL ] SHOW COLUMNS FROM `xh_admin_attachment` [ RunTime:0.020712s ]
[ sql ] [ SQL ] SELECT `path` FROM `xh_admin_attachment` WHERE  `id` = 14 LIMIT 1 [ RunTime:0.021102s ]
[ sql ] [ SQL ] SHOW COLUMNS FROM `xh_admin_user` [ RunTime:0.026426s ]
[ sql ] [ SQL ] SELECT `avatar` FROM `xh_admin_user` WHERE  `id` = 1 LIMIT 1 [ RunTime:0.022806s ]
[ sql ] [ SQL ] SELECT `path` FROM `xh_admin_attachment` WHERE  `id` = 0 LIMIT 1 [ RunTime:0.031823s ]
[ error ] [8]未定义变量: condition
---------------------------------------------------------------
[ 2018-09-28T18:05:06+08:00 ] ::1 ::1 GET /feichangcelue/admin.php/admin/order/buylist.html
[ info ] [ CACHE ] INIT File
[ sql ] [ DB ] CONNECT:[ UseTime:0.045175s ] mysql:dbname=peizi;host=rm-wz9l3z92630ora5wjwo.mysql.rds.aliyuncs.com;port=3306;charset=utf8
[ sql ] [ SQL ] SHOW COLUMNS FROM `xh_admin_config` [ RunTime:0.025316s ]
[ sql ] [ SQL ] SELECT `value` FROM `xh_admin_config` WHERE  `id` = 1 LIMIT 1 [ RunTime:0.025528s ]
[ sql ] [ SQL ] SHOW COLUMNS FROM `xh_stock_order` [ RunTime:0.022402s ]
[ sql ] [ SQL ] SELECT COUNT(*) AS tp_count FROM `xh_stock_order` `a`,`xh_member` `b` WHERE  (  a.memberId = b.id and a.isFreetrial = 0 and status = 1  ) LIMIT 1 [ RunTime:0.022285s ]
[ sql ] [ SQL ] SELECT `a`.*,`b`.`username`,`b`.`mobile` FROM `xh_stock_order` `a`,`xh_member` `b` WHERE  (  a.memberId = b.id and a.isFreetrial = 0 and status = 1  ) ORDER BY a.id desc LIMIT 0,10 [ RunTime:0.024502s ]
[ sql ] [ SQL ] SHOW COLUMNS FROM `xh_admin_attachment` [ RunTime:0.022407s ]
[ sql ] [ SQL ] SELECT `path` FROM `xh_admin_attachment` WHERE  `id` = 14 LIMIT 1 [ RunTime:0.027043s ]
[ sql ] [ SQL ] SHOW COLUMNS FROM `xh_admin_user` [ RunTime:0.030393s ]
[ sql ] [ SQL ] SELECT `avatar` FROM `xh_admin_user` WHERE  `id` = 1 LIMIT 1 [ RunTime:0.021007s ]
[ sql ] [ SQL ] SELECT `path` FROM `xh_admin_attachment` WHERE  `id` = 0 LIMIT 1 [ RunTime:0.022061s ]
[ error ] [8]未定义变量: condition
---------------------------------------------------------------
[ 2018-09-28T18:05:10+08:00 ] ::1 ::1 GET /feichangcelue/admin.php/admin/order/buylist.html
[ info ] [ CACHE ] INIT File
[ sql ] [ DB ] CONNECT:[ UseTime:0.038492s ] mysql:dbname=peizi;host=rm-wz9l3z92630ora5wjwo.mysql.rds.aliyuncs.com;port=3306;charset=utf8
[ sql ] [ SQL ] SHOW COLUMNS FROM `xh_admin_config` [ RunTime:0.018433s ]
[ sql ] [ SQL ] SELECT `value` FROM `xh_admin_config` WHERE  `id` = 1 LIMIT 1 [ RunTime:0.018304s ]
[ sql ] [ SQL ] SHOW COLUMNS FROM `xh_stock_order` [ RunTime:0.022665s ]
[ sql ] [ SQL ] SELECT COUNT(*) AS tp_count FROM `xh_stock_order` `a`,`xh_member` `b` WHERE  (  a.memberId = b.id and a.isFreetrial = 0 and status = 1  ) LIMIT 1 [ RunTime:0.022049s ]
[ sql ] [ SQL ] SELECT `a`.*,`b`.`username`,`b`.`mobile` FROM `xh_stock_order` `a`,`xh_member` `b` WHERE  (  a.memberId = b.id and a.isFreetrial = 0 and status = 1  ) ORDER BY a.id desc LIMIT 0,10 [ RunTime:0.021917s ]
[ sql ] [ SQL ] SHOW COLUMNS FROM `xh_admin_attachment` [ RunTime:0.025246s ]
[ sql ] [ SQL ] SELECT `path` FROM `xh_admin_attachment` WHERE  `id` = 14 LIMIT 1 [ RunTime:0.023202s ]
[ sql ] [ SQL ] SHOW COLUMNS FROM `xh_admin_user` [ RunTime:0.017300s ]
[ sql ] [ SQL ] SELECT `avatar` FROM `xh_admin_user` WHERE  `id` = 1 LIMIT 1 [ RunTime:0.015099s ]
[ sql ] [ SQL ] SELECT `path` FROM `xh_admin_attachment` WHERE  `id` = 0 LIMIT 1 [ RunTime:0.017434s ]
[ error ] [8]未定义变量: condition
